2021-03-22 17:07:47.561 [restartedMain] INFO  o.s.c.a.AnnotationConfigApplicationContext - Refreshing org.springframework.context.annotation.AnnotationConfigApplicationContext@2cd87870: startup date [Mon Mar 22 17:07:47 CST 2021]; root of context hierarchy
2021-03-22 17:07:47.924 [restartedMain] INFO  o.s.b.f.a.AutowiredAnnotationBeanPostProcessor - JSR-330 'javax.inject.Inject' annotation found and supported for autowiring
2021-03-22 17:07:48.009 [restartedMain] INFO  o.s.c.s.PostProcessorRegistrationDelegate$BeanPostProcessorChecker - Bean 'configurationPropertiesRebinderAutoConfiguration' of type [org.springframework.cloud.autoconfigure.ConfigurationPropertiesRebinderAutoConfiguration$$EnhancerBySpringCGLIB$$2b09752f] is not eligible for getting processed by all BeanPostProcessors (for example: not eligible for auto-proxying)
2021-03-22 17:07:49.147 [restartedMain] INFO  com.hc.SpringServiceAApplication - No active profile set, falling back to default profiles: default
2021-03-22 17:07:49.195 [restartedMain] INFO  o.s.b.c.e.AnnotationConfigEmbeddedWebApplicationContext - Refreshing org.springframework.boot.context.embedded.AnnotationConfigEmbeddedWebApplicationContext@4c0fea25: startup date [Mon Mar 22 17:07:49 CST 2021]; parent: org.springframework.context.annotation.AnnotationConfigApplicationContext@2cd87870
2021-03-22 17:07:52.085 [restartedMain] INFO  o.s.d.r.config.RepositoryConfigurationDelegate - Multiple Spring Data modules found, entering strict repository configuration mode!
2021-03-22 17:07:52.191 [restartedMain] WARN  org.mybatis.spring.mapper.ClassPathMapperScanner - No MyBatis mapper was found in '[com.hc.mapper.laboratoryMain]' package. Please check your configuration.
2021-03-22 17:07:52.517 [restartedMain] INFO  o.s.d.r.config.RepositoryConfigurationDelegate - Multiple Spring Data modules found, entering strict repository configuration mode!
2021-03-22 17:07:52.667 [restartedMain] INFO  o.s.d.r.c.RepositoryConfigurationExtensionSupport - Spring Data Redis - Could not safely identify store assignment for repository candidate interface com.hc.dao.InstrumentParamConfigDao.
2021-03-22 17:07:52.671 [restartedMain] INFO  o.s.d.r.c.RepositoryConfigurationExtensionSupport - Spring Data Redis - Could not safely identify store assignment for repository candidate interface com.hc.dao.RepairinfoDao.
2021-03-22 17:07:52.672 [restartedMain] INFO  o.s.d.r.c.RepositoryConfigurationExtensionSupport - Spring Data Redis - Could not safely identify store assignment for repository candidate interface com.hc.dao.OperationlogDao.
2021-03-22 17:07:52.672 [restartedMain] INFO  o.s.d.r.c.RepositoryConfigurationExtensionSupport - Spring Data Redis - Could not safely identify store assignment for repository candidate interface com.hc.dao.UserRightDao.
2021-03-22 17:07:52.672 [restartedMain] INFO  o.s.d.r.c.RepositoryConfigurationExtensionSupport - Spring Data Redis - Could not safely identify store assignment for repository candidate interface com.hc.dao.MonitorEquipmentDao.
2021-03-22 17:07:52.673 [restartedMain] INFO  o.s.d.r.c.RepositoryConfigurationExtensionSupport - Spring Data Redis - Could not safely identify store assignment for repository candidate interface com.hc.dao.MonitorInstrumentDao.
2021-03-22 17:07:52.673 [restartedMain] INFO  o.s.d.r.c.RepositoryConfigurationExtensionSupport - Spring Data Redis - Could not safely identify store assignment for repository candidate interface com.hc.dao.OperationlogdetailDao.
2021-03-22 17:07:52.674 [restartedMain] INFO  o.s.d.r.c.RepositoryConfigurationExtensionSupport - Spring Data Redis - Could not safely identify store assignment for repository candidate interface com.hc.dao.HospitalofreginfoDao.
2021-03-22 17:07:52.675 [restartedMain] INFO  o.s.d.r.c.RepositoryConfigurationExtensionSupport - Spring Data Redis - Could not safely identify store assignment for repository candidate interface com.hc.dao.UserEquipmentRightDao.
2021-03-22 17:07:52.675 [restartedMain] INFO  o.s.d.r.c.RepositoryConfigurationExtensionSupport - Spring Data Redis - Could not safely identify store assignment for repository candidate interface com.hc.dao.MonitorInstrumentTypeDao.
2021-03-22 17:07:52.675 [restartedMain] INFO  o.s.d.r.c.RepositoryConfigurationExtensionSupport - Spring Data Redis - Could not safely identify store assignment for repository candidate interface com.hc.dao.HospitalEquipmentDao.
2021-03-22 17:07:52.676 [restartedMain] INFO  o.s.d.r.c.RepositoryConfigurationExtensionSupport - Spring Data Redis - Could not safely identify store assignment for repository candidate interface com.hc.dao.UserScheduLingDao.
2021-03-22 17:07:52.998 [restartedMain] INFO  o.springframework.cloud.context.scope.GenericScope - BeanFactory id=26c93bdc-8602-30ee-b0ae-565aef7eb991
2021-03-22 17:07:53.035 [restartedMain] INFO  o.s.b.f.a.AutowiredAnnotationBeanPostProcessor - JSR-330 'javax.inject.Inject' annotation found and supported for autowiring
2021-03-22 17:07:53.193 [restartedMain] INFO  o.s.c.s.PostProcessorRegistrationDelegate$BeanPostProcessorChecker - Bean 'org.springframework.transaction.annotation.ProxyTransactionManagementConfiguration' of type [org.springframework.transaction.annotation.ProxyTransactionManagementConfiguration$$EnhancerBySpringCGLIB$$eef7232] is not eligible for getting processed by all BeanPostProcessors (for example: not eligible for auto-proxying)
2021-03-22 17:07:53.256 [restartedMain] INFO  o.s.c.s.PostProcessorRegistrationDelegate$BeanPostProcessorChecker - Bean 'org.springframework.cloud.autoconfigure.ConfigurationPropertiesRebinderAutoConfiguration' of type [org.springframework.cloud.autoconfigure.ConfigurationPropertiesRebinderAutoConfiguration$$EnhancerBySpringCGLIB$$2b09752f] is not eligible for getting processed by all BeanPostProcessors (for example: not eligible for auto-proxying)
2021-03-22 17:07:53.911 [restartedMain] INFO  o.s.b.c.e.tomcat.TomcatEmbeddedServletContainer - Tomcat initialized with port(s): 8097 (http)
2021-03-22 17:07:53.925 [restartedMain] INFO  org.apache.catalina.core.StandardService - Starting service [Tomcat]
2021-03-22 17:07:53.926 [restartedMain] INFO  org.apache.catalina.core.StandardEngine - Starting Servlet Engine: Apache Tomcat/8.5.23
2021-03-22 17:07:54.101 [localhost-startStop-1] INFO  o.a.c.core.ContainerBase.[Tomcat].[localhost].[/] - Initializing Spring embedded WebApplicationContext
2021-03-22 17:07:54.101 [localhost-startStop-1] INFO  org.springframework.web.context.ContextLoader - Root WebApplicationContext: initialization completed in 4906 ms
2021-03-22 17:07:54.406 [localhost-startStop-1] INFO  o.s.boot.web.servlet.ServletRegistrationBean - Mapping servlet: 'dispatcherServlet' to [/]
2021-03-22 17:07:54.411 [localhost-startStop-1] INFO  o.s.boot.web.servlet.FilterRegistrationBean - Mapping filter: 'characterEncodingFilter' to: [/*]
2021-03-22 17:07:54.411 [localhost-startStop-1] INFO  o.s.boot.web.servlet.FilterRegistrationBean - Mapping filter: 'hiddenHttpMethodFilter' to: [/*]
2021-03-22 17:07:54.411 [localhost-startStop-1] INFO  o.s.boot.web.servlet.FilterRegistrationBean - Mapping filter: 'httpPutFormContentFilter' to: [/*]
2021-03-22 17:07:54.411 [localhost-startStop-1] INFO  o.s.boot.web.servlet.FilterRegistrationBean - Mapping filter: 'requestContextFilter' to: [/*]
2021-03-22 17:07:55.544 [restartedMain] INFO  o.s.orm.jpa.LocalContainerEntityManagerFactoryBean - Building JPA container EntityManagerFactory for persistence unit 'entityManagerFactoryPrimary'
2021-03-22 17:07:55.560 [restartedMain] INFO  org.hibernate.jpa.internal.util.LogHelper - HHH000204: Processing PersistenceUnitInfo [
	name: entityManagerFactoryPrimary
	...]
2021-03-22 17:07:55.647 [restartedMain] INFO  org.hibernate.Version - HHH000412: Hibernate Core {5.0.12.Final}
2021-03-22 17:07:55.650 [restartedMain] INFO  org.hibernate.cfg.Environment - HHH000206: hibernate.properties not found
2021-03-22 17:07:55.651 [restartedMain] INFO  org.hibernate.cfg.Environment - HHH000021: Bytecode provider name : javassist
2021-03-22 17:07:55.724 [restartedMain] INFO  org.hibernate.annotations.common.Version - HCANN000001: Hibernate Commons Annotations {5.0.1.Final}
2021-03-22 17:07:55.947 [restartedMain] INFO  org.hibernate.dialect.Dialect - HHH000400: Using dialect: org.hibernate.dialect.MySQL5Dialect
2021-03-22 17:07:56.235 [restartedMain] WARN  org.hibernate.mapping.RootClass - HHH000038: Composite-id class does not override equals(): com.hc.entity.HospitalequimentKey
2021-03-22 17:07:56.236 [restartedMain] WARN  org.hibernate.mapping.RootClass - HHH000039: Composite-id class does not override hashCode(): com.hc.entity.HospitalequimentKey
2021-03-22 17:07:56.923 [restartedMain] INFO  o.s.orm.jpa.LocalContainerEntityManagerFactoryBean - Initialized JPA EntityManagerFactory for persistence unit 'entityManagerFactoryPrimary'
2021-03-22 17:07:58.061 [restartedMain] INFO  o.h.hql.internal.QueryTranslatorFactoryInitiator - HHH000397: Using ASTQueryTranslatorFactory
2021-03-22 17:07:59.449 [restartedMain] INFO  o.s.w.s.m.m.a.RequestMappingHandlerMapping - Mapped "{[/api/alarmStatistics/getHospitalAlarmInfo],methods=[GET],produces=[application/json]}" onto public com.hc.units.ApiResponse<java.util.List<com.hc.model.ResponseModel.AlarmData>> com.hc.controller.AlarmStatisticsController.getHospitalAralmInfo(java.lang.String,java.lang.String,java.lang.String)
2021-03-22 17:07:59.450 [restartedMain] INFO  o.s.w.s.m.m.a.RequestMappingHandlerMapping - Mapped "{[/api/alarmStatistics/alarmStatisticsShow],methods=[GET],produces=[application/json]}" onto public com.hc.units.ApiResponse<java.util.List<com.hc.model.ResponseModel.AlarmHospitalInfo>> com.hc.controller.AlarmStatisticsController.alarm()
2021-03-22 17:07:59.451 [restartedMain] INFO  o.s.w.s.m.m.a.RequestMappingHandlerMapping - Mapped "{[/api/alarmStatistics/exporeExcle],methods=[GET],produces=[application/json]}" onto public com.hc.units.ApiResponse<java.lang.String> com.hc.controller.AlarmStatisticsController.exporeExcle(javax.servlet.http.HttpServletResponse)
2021-03-22 17:07:59.452 [restartedMain] INFO  o.s.w.s.m.m.a.RequestMappingHandlerMapping - Mapped "{[/api/alarmStatistics/exporeExcles],methods=[GET],produces=[application/json]}" onto public com.hc.units.ApiResponse<java.lang.String> com.hc.controller.AlarmStatisticsController.exporeExcles(javax.servlet.http.HttpServletResponse)
2021-03-22 17:07:59.452 [restartedMain] INFO  o.s.w.s.m.m.a.RequestMappingHandlerMapping - Mapped "{[/api/alarmStatistics/showAllData],methods=[GET],produces=[application/json]}" onto public com.hc.units.ApiResponse<java.util.List<com.hc.model.ResponseModel.ShowData>> com.hc.controller.AlarmStatisticsController.showAllData()
2021-03-22 17:07:59.454 [restartedMain] INFO  o.s.w.s.m.m.a.RequestMappingHandlerMapping - Mapped "{[/api/clientInfo/selectUserInfoPage],methods=[GET],produces=[application/json]}" onto public com.hc.units.ApiResponse<com.github.pagehelper.Page<com.hc.model.ResponseModel.ClientInfoModel>> com.hc.controller.ClientInfoController.selectUserInfoPage(java.lang.String,java.lang.Integer,java.lang.Integer,java.lang.String)
2021-03-22 17:07:59.454 [restartedMain] INFO  o.s.w.s.m.m.a.RequestMappingHandlerMapping - Mapped "{[/api/clientInfo/addUser],methods=[POST],produces=[application/json]}" onto public com.hc.units.ApiResponse<com.hc.entity.Userright> com.hc.controller.ClientInfoController.addUser(com.hc.entity.Userright)
2021-03-22 17:07:59.455 [restartedMain] INFO  o.s.w.s.m.m.a.RequestMappingHandlerMapping - Mapped "{[/api/clientInfo/deleteUser],methods=[POST],produces=[application/json]}" onto public com.hc.units.ApiResponse<java.lang.String> com.hc.controller.ClientInfoController.deleteUser(com.hc.entity.Userright)
2021-03-22 17:07:59.455 [restartedMain] INFO  o.s.w.s.m.m.a.RequestMappingHandlerMapping - Mapped "{[/api/clientInfo/updateUser],methods=[POST],produces=[application/json]}" onto public com.hc.units.ApiResponse<com.hc.entity.Userright> com.hc.controller.ClientInfoController.updateUser(com.hc.entity.Userright)
2021-03-22 17:07:59.457 [restartedMain] INFO  o.s.w.s.m.m.a.RequestMappingHandlerMapping - Mapped "{[/api/equipmentTypeInfo/selectEquipmentTypePage],methods=[GET],produces=[application/json]}" onto public com.hc.units.ApiResponse<com.github.pagehelper.Page<com.hc.model.ResponseModel.HospitalEquipmentTypeInfoModel>> com.hc.controller.HospitalEquipmentTypeController.selectEquipmentPage(java.lang.String,java.lang.Integer,java.lang.Integer,java.lang.String)
2021-03-22 17:07:59.457 [restartedMain] INFO  o.s.w.s.m.m.a.RequestMappingHandlerMapping - Mapped "{[/api/equipmentTypeInfo/updateEquipmentType],methods=[POST],produces=[application/json]}" onto public com.hc.units.ApiResponse<java.lang.String> com.hc.controller.HospitalEquipmentTypeController.updateEquipmentType(com.hc.model.RequestModel.EquipmentTypeInfoModel)
2021-03-22 17:07:59.457 [restartedMain] INFO  o.s.w.s.m.m.a.RequestMappingHandlerMapping - Mapped "{[/api/equipmentTypeInfo/deleteEquipmentType],methods=[POST],produces=[application/json]}" onto public com.hc.units.ApiResponse<java.lang.String> com.hc.controller.HospitalEquipmentTypeController.deleteEquipmentType(com.hc.model.RequestModel.EquipmentTypeInfoModel)
2021-03-22 17:07:59.458 [restartedMain] INFO  o.s.w.s.m.m.a.RequestMappingHandlerMapping - Mapped "{[/api/equipmentTypeInfo/selectAllEquipmentType],methods=[GET],produces=[application/json]}" onto public com.hc.units.ApiResponse<java.util.List<com.hc.entity.Monitorequipmenttype>> com.hc.controller.HospitalEquipmentTypeController.selectAllEquipmentType()
2021-03-22 17:07:59.458 [restartedMain] INFO  o.s.w.s.m.m.a.RequestMappingHandlerMapping - Mapped "{[/api/equipmentTypeInfo/selectAllEquipmentTypeByCode],methods=[GET],produces=[application/json]}" onto public com.hc.units.ApiResponse<java.util.List<com.hc.entity.Monitorequipmenttype>> com.hc.controller.HospitalEquipmentTypeController.selectAllEquipmentTypeByCode(java.lang.String)
2021-03-22 17:07:59.458 [restartedMain] INFO  o.s.w.s.m.m.a.RequestMappingHandlerMapping - Mapped "{[/api/equipmentTypeInfo/addEquipmentType],methods=[POST],produces=[application/json]}" onto public com.hc.units.ApiResponse<java.lang.String> com.hc.controller.HospitalEquipmentTypeController.addEquipmentType(com.hc.model.RequestModel.EquipmentTypeInfoModel)
2021-03-22 17:07:59.460 [restartedMain] INFO  o.s.w.s.m.m.a.RequestMappingHandlerMapping - Mapped "{[/api/hospitalInfo/updateHospitalInfo],methods=[POST],produces=[application/json]}" onto public com.hc.units.ApiResponse<com.hc.entity.Hospitalofreginfo> com.hc.controller.HospitalInfoController.updateHospitalInfo(com.hc.entity.Hospitalofreginfo)
2021-03-22 17:07:59.460 [restartedMain] INFO  o.s.w.s.m.m.a.RequestMappingHandlerMapping - Mapped "{[/api/hospitalInfo/getHospitalInfo],methods=[GET],produces=[application/json]}" onto public com.hc.units.ApiResponse<java.util.List<com.hc.entity.Hospitalofreginfo>> com.hc.controller.HospitalInfoController.selectHospitalInfo()
2021-03-22 17:07:59.461 [restartedMain] INFO  o.s.w.s.m.m.a.RequestMappingHandlerMapping - Mapped "{[/api/hospitalInfo/deleteHospitalInfo],methods=[POST],produces=[application/json]}" onto public com.hc.units.ApiResponse<java.lang.String> com.hc.controller.HospitalInfoController.deleteHospitalInfo(com.hc.entity.Hospitalofreginfo)
2021-03-22 17:07:59.461 [restartedMain] INFO  o.s.w.s.m.m.a.RequestMappingHandlerMapping - Mapped "{[/api/hospitalInfo/getHospitalInfoPage],methods=[GET],produces=[application/json]}" onto public com.hc.units.ApiResponse<com.github.pagehelper.Page<com.hc.entity.Hospitalofreginfo>> com.hc.controller.HospitalInfoController.selectHospitalInfoPage(java.lang.String,java.lang.Integer,java.lang.Integer)
2021-03-22 17:07:59.462 [restartedMain] INFO  o.s.w.s.m.m.a.RequestMappingHandlerMapping - Mapped "{[/api/hospitalInfo/addHospitalInfo],methods=[POST],produces=[application/json]}" onto public com.hc.units.ApiResponse<com.hc.entity.Hospitalofreginfo> com.hc.controller.HospitalInfoController.addHospitalInfo(com.hc.entity.Hospitalofreginfo)
2021-03-22 17:07:59.463 [restartedMain] INFO  o.s.w.s.m.m.a.RequestMappingHandlerMapping - Mapped "{[/api/instrumentInfo/addInstrumentParam],methods=[POST],produces=[application/json]}" onto public com.hc.units.ApiResponse<java.lang.String> com.hc.controller.InstrumentInfoController.addInstrumentParam(com.hc.model.RequestModel.InstrumentInfoModel)
2021-03-22 17:07:59.464 [restartedMain] INFO  o.s.w.s.m.m.a.RequestMappingHandlerMapping - Mapped "{[/api/instrumentInfo/selectInstrumentPage],methods=[POST],produces=[application/json]}" onto public com.hc.units.ApiResponse<com.github.pagehelper.Page<com.hc.model.ResponseModel.AllInstrumentInfoModel>> com.hc.controller.InstrumentInfoController.selectInstrumentPage(com.hc.model.RequestModel.InstrumentPageModel)
2021-03-22 17:07:59.464 [restartedMain] INFO  o.s.w.s.m.m.a.RequestMappingHandlerMapping - Mapped "{[/api/instrumentInfo/showInsType],methods=[GET],produces=[application/json]}" onto public com.hc.units.ApiResponse<java.util.List<com.hc.entity.Monitorinstrumenttype>> com.hc.controller.InstrumentInfoController.showInstrumentType()
2021-03-22 17:07:59.464 [restartedMain] INFO  o.s.w.s.m.m.a.RequestMappingHandlerMapping - Mapped "{[/api/instrumentInfo/addInstrument],methods=[POST],produces=[application/json]}" onto public com.hc.units.ApiResponse<java.lang.String> com.hc.controller.InstrumentInfoController.addInstrument(com.hc.model.RequestModel.InstrumentInfoModel)
2021-03-22 17:07:59.464 [restartedMain] INFO  o.s.w.s.m.m.a.RequestMappingHandlerMapping - Mapped "{[/api/instrumentInfo/deleteInstrument],methods=[POST],produces=[application/json]}" onto public com.hc.units.ApiResponse<java.lang.String> com.hc.controller.InstrumentInfoController.deleteInstrument(com.hc.model.RequestModel.InstrumentInfoModel)
2021-03-22 17:07:59.464 [restartedMain] INFO  o.s.w.s.m.m.a.RequestMappingHandlerMapping - Mapped "{[/api/instrumentInfo/updateInstrument],methods=[POST],produces=[application/json]}" onto public com.hc.units.ApiResponse<java.lang.String> com.hc.controller.InstrumentInfoController.updateInstrument(com.hc.model.RequestModel.InstrumentInfoModel)
2021-03-22 17:07:59.473 [restartedMain] INFO  o.s.w.s.m.m.a.RequestMappingHandlerMapping - Mapped "{[/api/equipmentInfo/selectEquipmentPage],methods=[GET],produces=[application/json]}" onto public com.hc.units.ApiResponse<com.github.pagehelper.Page<com.hc.model.ResponseModel.MonitorEquipmentInfoModel>> com.hc.controller.MonitorEquipmentController.selectEquipmentPage(java.lang.String,java.lang.Integer,java.lang.Integer,java.lang.String,java.lang.String)
2021-03-22 17:07:59.473 [restartedMain] INFO  o.s.w.s.m.m.a.RequestMappingHandlerMapping - Mapped "{[/api/equipmentInfo/updateEquipment],methods=[POST],produces=[application/json]}" onto public com.hc.units.ApiResponse<java.lang.String> com.hc.controller.MonitorEquipmentController.updateEquipmentType(com.hc.model.RequestModel.EquipmentInfoModel)
2021-03-22 17:07:59.474 [restartedMain] INFO  o.s.w.s.m.m.a.RequestMappingHandlerMapping - Mapped "{[/api/equipmentInfo/deleteEquipment],methods=[POST],produces=[application/json]}" onto public com.hc.units.ApiResponse<java.lang.String> com.hc.controller.MonitorEquipmentController.deleteEquipmentType(com.hc.model.RequestModel.EquipmentInfoModel)
2021-03-22 17:07:59.474 [restartedMain] INFO  o.s.w.s.m.m.a.RequestMappingHandlerMapping - Mapped "{[/api/equipmentInfo/searchEqByTwoYear],methods=[GET],produces=[application/json]}" onto public void com.hc.controller.MonitorEquipmentController.searchEqByTwoYear(javax.servlet.http.HttpServletResponse)
2021-03-22 17:07:59.474 [restartedMain] INFO  o.s.w.s.m.m.a.RequestMappingHandlerMapping - Mapped "{[/api/equipmentInfo/showInstrumentType],methods=[GET],produces=[application/json]}" onto public com.hc.units.ApiResponse<java.util.List<com.hc.entity.Monitorinstrumenttype>> com.hc.controller.MonitorEquipmentController.showInstrumentType(java.lang.String)
2021-03-22 17:07:59.475 [restartedMain] INFO  o.s.w.s.m.m.a.RequestMappingHandlerMapping - Mapped "{[/api/equipmentInfo/addWireEquipment],methods=[POST],produces=[application/json]}" onto public com.hc.units.ApiResponse<java.lang.String> com.hc.controller.MonitorEquipmentController.addWireEquipmentType(com.hc.model.RequestModel.EquipmentInfoModel)
2021-03-22 17:07:59.476 [restartedMain] INFO  o.s.w.s.m.m.a.RequestMappingHandlerMapping - Mapped "{[/api/equipmentInfo/selectAllEquipmentByCode],methods=[GET],produces=[application/json]}" onto public com.hc.units.ApiResponse<java.util.List<com.hc.entity.Monitorequipment>> com.hc.controller.MonitorEquipmentController.selectAllEquipmentTypeByCode(java.lang.String,java.lang.String)
2021-03-22 17:07:59.476 [restartedMain] INFO  o.s.w.s.m.m.a.RequestMappingHandlerMapping - Mapped "{[/api/equipmentInfo/showInstrumentInfo],methods=[GET],produces=[application/json]}" onto public com.hc.units.ApiResponse<java.util.List<com.hc.entity.Monitorinstrument>> com.hc.controller.MonitorEquipmentController.showInstrumentInfo(java.lang.String,java.lang.Integer,java.lang.String)
2021-03-22 17:07:59.477 [restartedMain] INFO  o.s.w.s.m.m.a.RequestMappingHandlerMapping - Mapped "{[/api/equipmentInfo/addEquipment],methods=[POST],produces=[application/json]}" onto public com.hc.units.ApiResponse<java.lang.String> com.hc.controller.MonitorEquipmentController.addEquipmentType(com.hc.model.RequestModel.EquipmentInfoModel)
2021-03-22 17:07:59.477 [restartedMain] INFO  o.s.w.s.m.m.a.RequestMappingHandlerMapping - Mapped "{[/info]}" onto public java.lang.String com.hc.controller.MyController.testA()
2021-03-22 17:07:59.479 [restartedMain] INFO  o.s.w.s.m.m.a.RequestMappingHandlerMapping - Mapped "{[/api/log/getlogDeatil],methods=[GET],produces=[application/json]}" onto public com.hc.units.ApiResponse<java.util.List<com.hc.entity.Operationlogdetail>> com.hc.controller.OperationlogdetailMapper.getlogDeatil(java.lang.String)
2021-03-22 17:07:59.480 [restartedMain] INFO  o.s.w.s.m.m.a.RequestMappingHandlerMapping - Mapped "{[/api/log/getAllLog],methods=[GET],produces=[application/json]}" onto public com.hc.units.ApiResponse<com.github.pagehelper.Page<com.hc.entity.Operationlog>> com.hc.controller.OperationlogdetailMapper.getAllLog(java.lang.String,java.lang.Integer,java.lang.Integer,java.lang.String,java.lang.String,java.lang.String,java.lang.String,java.lang.String)
2021-03-22 17:07:59.481 [restartedMain] INFO  o.s.w.s.m.m.a.RequestMappingHandlerMapping - Mapped "{[/api/repairinfo/getsn],methods=[GET],produces=[application/json]}" onto public com.hc.units.ApiResponse<java.util.List<com.hc.entity.Monitorinstrument>> com.hc.controller.RepairinfoController.getSn(java.lang.String)
2021-03-22 17:07:59.481 [restartedMain] INFO  o.s.w.s.m.m.a.RequestMappingHandlerMapping - Mapped "{[/api/repairinfo/deleteRepairinfo],methods=[POST],produces=[application/json]}" onto public com.hc.units.ApiResponse<java.lang.String> com.hc.controller.RepairinfoController.deleteRepairinfo(com.hc.entity.Repairinfo)
2021-03-22 17:07:59.482 [restartedMain] INFO  o.s.w.s.m.m.a.RequestMappingHandlerMapping - Mapped "{[/api/repairinfo/updateRepairinfo],methods=[POST],produces=[application/json]}" onto public com.hc.units.ApiResponse<java.lang.String> com.hc.controller.RepairinfoController.updateRepairinfo(com.hc.entity.Repairinfo)
2021-03-22 17:07:59.482 [restartedMain] INFO  o.s.w.s.m.m.a.RequestMappingHandlerMapping - Mapped "{[/api/repairinfo/selectPageInfo],methods=[GET],produces=[application/json]}" onto public com.hc.units.ApiResponse<com.github.pagehelper.Page<com.hc.entity.Repairinfo>> com.hc.controller.RepairinfoController.selectPageInfo(java.lang.String,java.lang.Integer,java.lang.Integer,java.lang.String,java.lang.String,java.lang.String,java.lang.String,java.lang.String)
2021-03-22 17:07:59.482 [restartedMain] INFO  o.s.w.s.m.m.a.RequestMappingHandlerMapping - Mapped "{[/api/repairinfo/addRepairinfo],methods=[POST],produces=[application/json]}" onto public com.hc.units.ApiResponse<com.hc.entity.Repairinfo> com.hc.controller.RepairinfoController.addRepairinfo(com.hc.entity.Repairinfo)
2021-03-22 17:07:59.483 [restartedMain] INFO  o.s.w.s.m.m.a.RequestMappingHandlerMapping - Mapped "{[/test/],methods=[GET]}" onto public void com.hc.controller.testController.test()
2021-03-22 17:07:59.484 [restartedMain] INFO  o.s.w.s.m.m.a.RequestMappingHandlerMapping - Mapped "{[/api/userAuthorInfo/updateUserAuthor],methods=[POST],produces=[application/json]}" onto public com.hc.units.ApiResponse<java.lang.String> com.hc.controller.UserAuthorController.updateUserAuthor(com.hc.model.RequestModel.UserauthorInfoModel)
2021-03-22 17:07:59.485 [restartedMain] INFO  o.s.w.s.m.m.a.RequestMappingHandlerMapping - Mapped "{[/api/userAuthorInfo/selectUserAuthorInfoPage],methods=[GET],produces=[application/json]}" onto public com.hc.units.ApiResponse<com.github.pagehelper.Page<com.hc.model.ResponseModel.UserAuthInfoModel>> com.hc.controller.UserAuthorController.selectUserAuthorInfoPage(java.lang.Integer,java.lang.Integer)
2021-03-22 17:07:59.487 [restartedMain] INFO  o.s.w.s.m.m.a.RequestMappingHandlerMapping - Mapped "{[/api/userBackInfo/addusersc],methods=[POST],produces=[application/json]}" onto public com.hc.units.ApiResponse<java.lang.String> com.hc.controller.UserInfoController.addusersc(com.hc.model.RequestModel.UserScheduLingPostModel)
2021-03-22 17:07:59.487 [restartedMain] INFO  o.s.w.s.m.m.a.RequestMappingHandlerMapping - Mapped "{[/api/userBackInfo/searchScByHosMon],methods=[GET],produces=[application/json]}" onto public com.hc.units.ApiResponse<java.util.List<com.hc.entity.UserScheduLing>> com.hc.controller.UserInfoController.searchScByHosMon(java.lang.String,java.lang.String)
2021-03-22 17:07:59.487 [restartedMain] INFO  o.s.w.s.m.m.a.RequestMappingHandlerMapping - Mapped "{[/api/userBackInfo/userLogin],methods=[POST],produces=[application/json]}" onto public com.hc.units.ApiResponse<java.lang.String> com.hc.controller.UserInfoController.userLogin(com.hc.entity.Userback)
2021-03-22 17:07:59.487 [restartedMain] INFO  o.s.w.s.m.m.a.RequestMappingHandlerMapping - Mapped "{[/api/userBackInfo/updatePwd],methods=[POST],produces=[application/json]}" onto public com.hc.units.ApiResponse<java.lang.String> com.hc.controller.UserInfoController.updatePwd(com.hc.entity.Userback)
2021-03-22 17:07:59.488 [restartedMain] INFO  o.s.w.s.m.m.a.RequestMappingHandlerMapping - Mapped "{[/v2/api-docs],methods=[GET],produces=[application/json || application/hal+json]}" onto public org.springframework.http.ResponseEntity<springfox.documentation.spring.web.json.Json> springfox.documentation.swagger2.web.Swagger2Controller.getDocumentation(java.lang.String,javax.servlet.http.HttpServletRequest)
2021-03-22 17:07:59.490 [restartedMain] INFO  o.s.w.s.m.m.a.RequestMappingHandlerMapping - Mapped "{[/swagger-resources]}" onto org.springframework.http.ResponseEntity<java.util.List<springfox.documentation.swagger.web.SwaggerResource>> springfox.documentation.swagger.web.ApiResourceController.swaggerResources()
2021-03-22 17:07:59.491 [restartedMain] INFO  o.s.w.s.m.m.a.RequestMappingHandlerMapping - Mapped "{[/swagger-resources/configuration/ui]}" onto org.springframework.http.ResponseEntity<springfox.documentation.swagger.web.UiConfiguration> springfox.documentation.swagger.web.ApiResourceController.uiConfiguration()
2021-03-22 17:07:59.491 [restartedMain] INFO  o.s.w.s.m.m.a.RequestMappingHandlerMapping - Mapped "{[/swagger-resources/configuration/security]}" onto org.springframework.http.ResponseEntity<springfox.documentation.swagger.web.SecurityConfiguration> springfox.documentation.swagger.web.ApiResourceController.securityConfiguration()
2021-03-22 17:07:59.494 [restartedMain] INFO  o.s.w.s.m.m.a.RequestMappingHandlerMapping - Mapped "{[/error]}" onto public org.springframework.http.ResponseEntity<java.util.Map<java.lang.String, java.lang.Object>> org.springframework.boot.autoconfigure.web.BasicErrorController.error(javax.servlet.http.HttpServletRequest)
2021-03-22 17:07:59.495 [restartedMain] INFO  o.s.w.s.m.m.a.RequestMappingHandlerMapping - Mapped "{[/error],produces=[text/html]}" onto public org.springframework.web.servlet.ModelAndView org.springframework.boot.autoconfigure.web.BasicErrorController.errorHtml(javax.servlet.http.HttpServletRequest,javax.servlet.http.HttpServletResponse)
2021-03-22 17:08:00.437 [restartedMain] INFO  o.s.w.s.m.m.a.RequestMappingHandlerAdapter - Looking for @ControllerAdvice: org.springframework.boot.context.embedded.AnnotationConfigEmbeddedWebApplicationContext@4c0fea25: startup date [Mon Mar 22 17:07:49 CST 2021]; parent: org.springframework.context.annotation.AnnotationConfigApplicationContext@2cd87870
2021-03-22 17:08:00.545 [restartedMain] INFO  o.s.web.servlet.handler.SimpleUrlHandlerMapping - Mapped URL path [/swagger-ui.html] onto handler of type [class org.springframework.web.servlet.resource.ResourceHttpRequestHandler]
2021-03-22 17:08:00.546 [restartedMain] INFO  o.s.web.servlet.handler.SimpleUrlHandlerMapping - Mapped URL path [/static*] onto handler of type [class org.springframework.web.servlet.resource.ResourceHttpRequestHandler]
2021-03-22 17:08:00.546 [restartedMain] INFO  o.s.web.servlet.handler.SimpleUrlHandlerMapping - Mapped URL path [/webjars/**] onto handler of type [class org.springframework.web.servlet.resource.ResourceHttpRequestHandler]
2021-03-22 17:08:00.546 [restartedMain] INFO  o.s.web.servlet.handler.SimpleUrlHandlerMapping - Mapped URL path [/**] onto handler of type [class org.springframework.web.servlet.resource.ResourceHttpRequestHandler]
2021-03-22 17:08:00.610 [restartedMain] INFO  o.s.web.servlet.handler.SimpleUrlHandlerMapping - Mapped URL path [/**/favicon.ico] onto handler of type [class org.springframework.web.servlet.resource.ResourceHttpRequestHandler]
2021-03-22 17:08:01.356 [restartedMain] INFO  o.s.b.d.autoconfigure.OptionalLiveReloadServer - LiveReload server is running on port 35729
2021-03-22 17:08:01.513 [restartedMain] WARN  com.netflix.config.sources.URLConfigurationSource - No URLs will be polled as dynamic configuration sources.
2021-03-22 17:08:01.513 [restartedMain] INFO  com.netflix.config.sources.URLConfigurationSource - To enable URLs as dynamic configuration sources, define System property archaius.configurationSource.additionalUrls or make config.properties available on classpath.
2021-03-22 17:08:01.518 [restartedMain] WARN  com.netflix.config.sources.URLConfigurationSource - No URLs will be polled as dynamic configuration sources.
2021-03-22 17:08:01.518 [restartedMain] INFO  com.netflix.config.sources.URLConfigurationSource - To enable URLs as dynamic configuration sources, define System property archaius.configurationSource.additionalUrls or make config.properties available on classpath.
2021-03-22 17:08:01.599 [restartedMain] INFO  o.s.jmx.export.annotation.AnnotationMBeanExporter - Registering beans for JMX exposure on startup
2021-03-22 17:08:01.613 [restartedMain] INFO  o.s.jmx.export.annotation.AnnotationMBeanExporter - Bean with name 'environmentManager' has been autodetected for JMX exposure
2021-03-22 17:08:01.616 [restartedMain] INFO  o.s.jmx.export.annotation.AnnotationMBeanExporter - Bean with name 'configurationPropertiesRebinder' has been autodetected for JMX exposure
2021-03-22 17:08:01.618 [restartedMain] INFO  o.s.jmx.export.annotation.AnnotationMBeanExporter - Bean with name 'refreshScope' has been autodetected for JMX exposure
2021-03-22 17:08:01.625 [restartedMain] INFO  o.s.jmx.export.annotation.AnnotationMBeanExporter - Located managed bean 'environmentManager': registering with JMX server as MBean [org.springframework.cloud.context.environment:name=environmentManager,type=EnvironmentManager]
2021-03-22 17:08:01.657 [restartedMain] INFO  o.s.jmx.export.annotation.AnnotationMBeanExporter - Located managed bean 'refreshScope': registering with JMX server as MBean [org.springframework.cloud.context.scope.refresh:name=refreshScope,type=RefreshScope]
2021-03-22 17:08:01.686 [restartedMain] INFO  o.s.jmx.export.annotation.AnnotationMBeanExporter - Located managed bean 'configurationPropertiesRebinder': registering with JMX server as MBean [org.springframework.cloud.context.properties:name=configurationPropertiesRebinder,context=4c0fea25,type=ConfigurationPropertiesRebinder]
2021-03-22 17:08:02.937 [restartedMain] INFO  o.s.context.support.DefaultLifecycleProcessor - Starting beans in phase 0
2021-03-22 17:08:02.946 [restartedMain] INFO  o.s.cloud.netflix.eureka.InstanceInfoFactory - Setting initial instance status as: STARTING
2021-03-22 17:08:02.994 [restartedMain] INFO  com.netflix.discovery.DiscoveryClient - Initializing Eureka in region us-east-1
2021-03-22 17:08:03.366 [restartedMain] INFO  c.n.discovery.provider.DiscoveryJerseyProvider - Using JSON encoding codec LegacyJacksonJson
2021-03-22 17:08:03.367 [restartedMain] INFO  c.n.discovery.provider.DiscoveryJerseyProvider - Using JSON decoding codec LegacyJacksonJson
2021-03-22 17:08:03.536 [restartedMain] INFO  c.n.discovery.provider.DiscoveryJerseyProvider - Using XML encoding codec XStreamXml
2021-03-22 17:08:03.536 [restartedMain] INFO  c.n.discovery.provider.DiscoveryJerseyProvider - Using XML decoding codec XStreamXml
2021-03-22 17:08:04.242 [restartedMain] INFO  c.n.d.shared.resolver.aws.ConfigClusterResolver - Resolving eureka endpoints via configuration
2021-03-22 17:08:04.431 [restartedMain] INFO  com.netflix.discovery.DiscoveryClient - Disable delta property : false
2021-03-22 17:08:04.431 [restartedMain] INFO  com.netflix.discovery.DiscoveryClient - Single vip registry refresh property : null
2021-03-22 17:08:04.431 [restartedMain] INFO  com.netflix.discovery.DiscoveryClient - Force full registry fetch : false
2021-03-22 17:08:04.431 [restartedMain] INFO  com.netflix.discovery.DiscoveryClient - Application is null : false
2021-03-22 17:08:04.431 [restartedMain] INFO  com.netflix.discovery.DiscoveryClient - Registered Applications size is zero : true
2021-03-22 17:08:04.431 [restartedMain] INFO  com.netflix.discovery.DiscoveryClient - Application version is -1: true
2021-03-22 17:08:04.431 [restartedMain] INFO  com.netflix.discovery.DiscoveryClient - Getting all instance registry info from the eureka server
2021-03-22 17:08:04.653 [restartedMain] INFO  com.netflix.discovery.DiscoveryClient - The response status is 200
2021-03-22 17:08:04.654 [restartedMain] INFO  com.netflix.discovery.DiscoveryClient - Starting heartbeat executor: renew interval is: 30
2021-03-22 17:08:04.656 [restartedMain] INFO  com.netflix.discovery.InstanceInfoReplicator - InstanceInfoReplicator onDemand update allowed rate per min is 4
2021-03-22 17:08:04.659 [restartedMain] INFO  com.netflix.discovery.DiscoveryClient - Discovery Client initialized at timestamp 1616404084659 with initial instances count: 5
2021-03-22 17:08:04.685 [restartedMain] INFO  o.s.c.n.e.serviceregistry.EurekaServiceRegistry - Registering application HC-HTGL-ms with eureka with status UP
2021-03-22 17:08:04.686 [restartedMain] INFO  com.netflix.discovery.DiscoveryClient - Saw local status change event StatusChangeEvent [timestamp=1616404084686, current=UP, previous=STARTING]
2021-03-22 17:08:04.688 [DiscoveryClient-InstanceInfoReplicator-0] INFO  com.netflix.discovery.DiscoveryClient - DiscoveryClient_HC-HTGL-MS/PC-20190801IFVM:HC-HTGL-ms:8097: registering service...
2021-03-22 17:08:04.688 [restartedMain] INFO  o.s.context.support.DefaultLifecycleProcessor - Starting beans in phase 2147483647
2021-03-22 17:08:04.688 [restartedMain] INFO  s.d.s.web.plugins.DocumentationPluginsBootstrapper - Context refreshed
2021-03-22 17:08:04.710 [restartedMain] INFO  s.d.s.web.plugins.DocumentationPluginsBootstrapper - Found 1 custom documentation plugin(s)
2021-03-22 17:08:04.724 [restartedMain] INFO  s.d.spring.web.scanners.ApiListingReferenceScanner - Scanning for api listing references
2021-03-22 17:08:04.734 [DiscoveryClient-InstanceInfoReplicator-0] INFO  com.netflix.discovery.DiscoveryClient - DiscoveryClient_HC-HTGL-MS/PC-20190801IFVM:HC-HTGL-ms:8097 - registration status: 204
2021-03-22 17:08:05.114 [restartedMain] INFO  s.d.s.w.r.operation.CachingOperationNameGenerator - Generating unique operation named: addEquipmentTypeUsingPOST_1
2021-03-22 17:08:05.129 [restartedMain] INFO  s.d.s.w.r.operation.CachingOperationNameGenerator - Generating unique operation named: deleteEquipmentTypeUsingPOST_1
2021-03-22 17:08:05.148 [restartedMain] INFO  s.d.s.w.r.operation.CachingOperationNameGenerator - Generating unique operation named: selectAllEquipmentTypeByCodeUsingGET_1
2021-03-22 17:08:05.163 [restartedMain] INFO  s.d.s.w.r.operation.CachingOperationNameGenerator - Generating unique operation named: selectEquipmentPageUsingGET_1
2021-03-22 17:08:05.181 [restartedMain] INFO  s.d.s.w.r.operation.CachingOperationNameGenerator - Generating unique operation named: showInstrumentTypeUsingGET_1
2021-03-22 17:08:05.187 [restartedMain] INFO  s.d.s.w.r.operation.CachingOperationNameGenerator - Generating unique operation named: updateEquipmentTypeUsingPOST_1
2021-03-22 17:08:05.386 [restartedMain] INFO  o.s.b.c.e.tomcat.TomcatEmbeddedServletContainer - Tomcat started on port(s): 8097 (http)
2021-03-22 17:08:05.386 [restartedMain] INFO  o.s.c.n.e.s.EurekaAutoServiceRegistration - Updating port to 8097
2021-03-22 17:08:05.780 [restartedMain] INFO  com.hc.config.PoliceStationInfoCache - 执行探头信息同步
2021-03-22 17:08:05.782 [restartedMain] INFO  com.hc.SpringServiceAApplication - Started SpringServiceAApplication in 19.485 seconds (JVM running for 21.299)
2021-03-22 17:08:36.302 [http-nio-8097-exec-1] INFO  o.a.c.core.ContainerBase.[Tomcat].[localhost].[/] - Initializing Spring FrameworkServlet 'dispatcherServlet'
2021-03-22 17:08:36.303 [http-nio-8097-exec-1] INFO  org.springframework.web.servlet.DispatcherServlet - FrameworkServlet 'dispatcherServlet': initialization started
2021-03-22 17:08:36.335 [http-nio-8097-exec-1] INFO  org.springframework.web.servlet.DispatcherServlet - FrameworkServlet 'dispatcherServlet': initialization completed in 32 ms
2021-03-22 17:08:36.764 [http-nio-8097-exec-1] INFO  com.hc.interpector.LoginInterceptor - LoginInterceptor 调用接口！================== Url:/swagger-resources/configuration/ui;Token:null;SessionID:BC7A3343DD37C85B95CB97CBDF5F53F4
2021-03-22 17:08:36.765 [http-nio-8097-exec-1] INFO  com.hc.interpector.LoginInterceptor - 匹配上了，直接放行：/swagger-resources/configuration/ui
2021-03-22 17:08:36.834 [http-nio-8097-exec-2] INFO  com.hc.interpector.LoginInterceptor - LoginInterceptor 调用接口！================== Url:/swagger-resources;Token:null;SessionID:BC7A3343DD37C85B95CB97CBDF5F53F4
2021-03-22 17:08:36.834 [http-nio-8097-exec-2] INFO  com.hc.interpector.LoginInterceptor - 匹配上了，直接放行：/swagger-resources
2021-03-22 17:08:36.852 [http-nio-8097-exec-8] INFO  com.hc.interpector.LoginInterceptor - LoginInterceptor 调用接口！================== Url:/v2/api-docs;Token:null;SessionID:BC7A3343DD37C85B95CB97CBDF5F53F4
2021-03-22 17:08:36.853 [http-nio-8097-exec-8] INFO  com.hc.interpector.LoginInterceptor - 匹配上了，直接放行：/v2/api-docs
2021-03-22 17:08:37.562 [http-nio-8097-exec-7] INFO  com.hc.interpector.LoginInterceptor - LoginInterceptor 调用接口！================== Url:/swagger-resources/configuration/security;Token:null;SessionID:BC7A3343DD37C85B95CB97CBDF5F53F4
2021-03-22 17:08:37.563 [http-nio-8097-exec-7] INFO  com.hc.interpector.LoginInterceptor - 未匹配 NO_INTERCEPTOR_PATH path : /swagger-resources/configuration/security
2021-03-22 17:10:06.542 [http-nio-8097-exec-2] INFO  com.hc.interpector.LoginInterceptor - LoginInterceptor 调用接口！================== Url:/api/userBackInfo/userLogin;Token:null;SessionID:157B251407D52B5B4160B66E7BA21711
2021-03-22 17:10:06.542 [http-nio-8097-exec-2] INFO  com.hc.interpector.LoginInterceptor - 匹配上了，直接放行：/api/userBackInfo/userLogin
2021-03-22 17:10:20.469 [http-nio-8097-exec-8] INFO  com.hc.interpector.LoginInterceptor - LoginInterceptor 调用接口！================== Url:/api/userBackInfo/userLogin;Token:null;SessionID:1C4D363A58455E662C0BC6CE43251879
2021-03-22 17:10:20.470 [http-nio-8097-exec-8] INFO  com.hc.interpector.LoginInterceptor - 匹配上了，直接放行：/api/userBackInfo/userLogin
2021-03-22 17:17:25.908 [restartedMain] INFO  o.s.c.a.AnnotationConfigApplicationContext - Refreshing org.springframework.context.annotation.AnnotationConfigApplicationContext@3de18db: startup date [Mon Mar 22 17:17:25 CST 2021]; root of context hierarchy
2021-03-22 17:17:26.149 [restartedMain] INFO  o.s.b.f.a.AutowiredAnnotationBeanPostProcessor - JSR-330 'javax.inject.Inject' annotation found and supported for autowiring
2021-03-22 17:17:26.217 [restartedMain] INFO  o.s.c.s.PostProcessorRegistrationDelegate$BeanPostProcessorChecker - Bean 'configurationPropertiesRebinderAutoConfiguration' of type [org.springframework.cloud.autoconfigure.ConfigurationPropertiesRebinderAutoConfiguration$$EnhancerBySpringCGLIB$$d7c14a5b] is not eligible for getting processed by all BeanPostProcessors (for example: not eligible for auto-proxying)
2021-03-22 17:17:26.780 [restartedMain] INFO  com.hc.SpringServiceAApplication - No active profile set, falling back to default profiles: default
2021-03-22 17:17:26.797 [restartedMain] INFO  o.s.b.c.e.AnnotationConfigEmbeddedWebApplicationContext - Refreshing org.springframework.boot.context.embedded.AnnotationConfigEmbeddedWebApplicationContext@d58ec73: startup date [Mon Mar 22 17:17:26 CST 2021]; parent: org.springframework.context.annotation.AnnotationConfigApplicationContext@3de18db
2021-03-22 17:17:28.801 [restartedMain] INFO  o.s.d.r.config.RepositoryConfigurationDelegate - Multiple Spring Data modules found, entering strict repository configuration mode!
2021-03-22 17:17:28.879 [restartedMain] WARN  org.mybatis.spring.mapper.ClassPathMapperScanner - No MyBatis mapper was found in '[com.hc.mapper.laboratoryMain]' package. Please check your configuration.
2021-03-22 17:17:29.131 [restartedMain] INFO  o.s.d.r.config.RepositoryConfigurationDelegate - Multiple Spring Data modules found, entering strict repository configuration mode!
2021-03-22 17:17:29.287 [restartedMain] INFO  o.s.d.r.c.RepositoryConfigurationExtensionSupport - Spring Data Redis - Could not safely identify store assignment for repository candidate interface com.hc.dao.InstrumentParamConfigDao.
2021-03-22 17:17:29.289 [restartedMain] INFO  o.s.d.r.c.RepositoryConfigurationExtensionSupport - Spring Data Redis - Could not safely identify store assignment for repository candidate interface com.hc.dao.RepairinfoDao.
2021-03-22 17:17:29.290 [restartedMain] INFO  o.s.d.r.c.RepositoryConfigurationExtensionSupport - Spring Data Redis - Could not safely identify store assignment for repository candidate interface com.hc.dao.OperationlogDao.
2021-03-22 17:17:29.291 [restartedMain] INFO  o.s.d.r.c.RepositoryConfigurationExtensionSupport - Spring Data Redis - Could not safely identify store assignment for repository candidate interface com.hc.dao.UserRightDao.
2021-03-22 17:17:29.291 [restartedMain] INFO  o.s.d.r.c.RepositoryConfigurationExtensionSupport - Spring Data Redis - Could not safely identify store assignment for repository candidate interface com.hc.dao.MonitorEquipmentDao.
2021-03-22 17:17:29.292 [restartedMain] INFO  o.s.d.r.c.RepositoryConfigurationExtensionSupport - Spring Data Redis - Could not safely identify store assignment for repository candidate interface com.hc.dao.MonitorInstrumentDao.
2021-03-22 17:17:29.292 [restartedMain] INFO  o.s.d.r.c.RepositoryConfigurationExtensionSupport - Spring Data Redis - Could not safely identify store assignment for repository candidate interface com.hc.dao.OperationlogdetailDao.
2021-03-22 17:17:29.292 [restartedMain] INFO  o.s.d.r.c.RepositoryConfigurationExtensionSupport - Spring Data Redis - Could not safely identify store assignment for repository candidate interface com.hc.dao.HospitalofreginfoDao.
2021-03-22 17:17:29.293 [restartedMain] INFO  o.s.d.r.c.RepositoryConfigurationExtensionSupport - Spring Data Redis - Could not safely identify store assignment for repository candidate interface com.hc.dao.UserEquipmentRightDao.
2021-03-22 17:17:29.293 [restartedMain] INFO  o.s.d.r.c.RepositoryConfigurationExtensionSupport - Spring Data Redis - Could not safely identify store assignment for repository candidate interface com.hc.dao.MonitorInstrumentTypeDao.
2021-03-22 17:17:29.293 [restartedMain] INFO  o.s.d.r.c.RepositoryConfigurationExtensionSupport - Spring Data Redis - Could not safely identify store assignment for repository candidate interface com.hc.dao.HospitalEquipmentDao.
2021-03-22 17:17:29.294 [restartedMain] INFO  o.s.d.r.c.RepositoryConfigurationExtensionSupport - Spring Data Redis - Could not safely identify store assignment for repository candidate interface com.hc.dao.UserScheduLingDao.
2021-03-22 17:17:29.616 [restartedMain] INFO  o.springframework.cloud.context.scope.GenericScope - BeanFactory id=26c93bdc-8602-30ee-b0ae-565aef7eb991
2021-03-22 17:17:29.644 [restartedMain] INFO  o.s.b.f.a.AutowiredAnnotationBeanPostProcessor - JSR-330 'javax.inject.Inject' annotation found and supported for autowiring
2021-03-22 17:17:29.773 [restartedMain] INFO  o.s.c.s.PostProcessorRegistrationDelegate$BeanPostProcessorChecker - Bean 'org.springframework.transaction.annotation.ProxyTransactionManagementConfiguration' of type [org.springframework.transaction.annotation.ProxyTransactionManagementConfiguration$$EnhancerBySpringCGLIB$$bba7475e] is not eligible for getting processed by all BeanPostProcessors (for example: not eligible for auto-proxying)
2021-03-22 17:17:29.822 [restartedMain] INFO  o.s.c.s.PostProcessorRegistrationDelegate$BeanPostProcessorChecker - Bean 'org.springframework.cloud.autoconfigure.ConfigurationPropertiesRebinderAutoConfiguration' of type [org.springframework.cloud.autoconfigure.ConfigurationPropertiesRebinderAutoConfiguration$$EnhancerBySpringCGLIB$$d7c14a5b] is not eligible for getting processed by all BeanPostProcessors (for example: not eligible for auto-proxying)
2021-03-22 17:17:30.360 [restartedMain] INFO  o.s.b.c.e.tomcat.TomcatEmbeddedServletContainer - Tomcat initialized with port(s): 8097 (http)
2021-03-22 17:17:30.373 [restartedMain] INFO  org.apache.catalina.core.StandardService - Starting service [Tomcat]
2021-03-22 17:17:30.375 [restartedMain] INFO  org.apache.catalina.core.StandardEngine - Starting Servlet Engine: Apache Tomcat/8.5.23
2021-03-22 17:17:30.549 [localhost-startStop-1] INFO  o.a.c.core.ContainerBase.[Tomcat].[localhost].[/] - Initializing Spring embedded WebApplicationContext
2021-03-22 17:17:30.549 [localhost-startStop-1] INFO  org.springframework.web.context.ContextLoader - Root WebApplicationContext: initialization completed in 3752 ms
2021-03-22 17:17:30.807 [localhost-startStop-1] INFO  o.s.boot.web.servlet.ServletRegistrationBean - Mapping servlet: 'dispatcherServlet' to [/]
2021-03-22 17:17:30.815 [localhost-startStop-1] INFO  o.s.boot.web.servlet.FilterRegistrationBean - Mapping filter: 'characterEncodingFilter' to: [/*]
2021-03-22 17:17:30.816 [localhost-startStop-1] INFO  o.s.boot.web.servlet.FilterRegistrationBean - Mapping filter: 'hiddenHttpMethodFilter' to: [/*]
2021-03-22 17:17:30.816 [localhost-startStop-1] INFO  o.s.boot.web.servlet.FilterRegistrationBean - Mapping filter: 'httpPutFormContentFilter' to: [/*]
2021-03-22 17:17:30.816 [localhost-startStop-1] INFO  o.s.boot.web.servlet.FilterRegistrationBean - Mapping filter: 'requestContextFilter' to: [/*]
2021-03-22 17:17:31.649 [restartedMain] INFO  o.s.orm.jpa.LocalContainerEntityManagerFactoryBean - Building JPA container EntityManagerFactory for persistence unit 'entityManagerFactoryPrimary'
2021-03-22 17:17:31.663 [restartedMain] INFO  org.hibernate.jpa.internal.util.LogHelper - HHH000204: Processing PersistenceUnitInfo [
	name: entityManagerFactoryPrimary
	...]
2021-03-22 17:17:31.749 [restartedMain] INFO  org.hibernate.Version - HHH000412: Hibernate Core {5.0.12.Final}
2021-03-22 17:17:31.751 [restartedMain] INFO  org.hibernate.cfg.Environment - HHH000206: hibernate.properties not found
2021-03-22 17:17:31.752 [restartedMain] INFO  org.hibernate.cfg.Environment - HHH000021: Bytecode provider name : javassist
2021-03-22 17:17:31.815 [restartedMain] INFO  org.hibernate.annotations.common.Version - HCANN000001: Hibernate Commons Annotations {5.0.1.Final}
2021-03-22 17:17:32.021 [restartedMain] INFO  org.hibernate.dialect.Dialect - HHH000400: Using dialect: org.hibernate.dialect.MySQL5Dialect
2021-03-22 17:17:32.297 [restartedMain] WARN  org.hibernate.mapping.RootClass - HHH000038: Composite-id class does not override equals(): com.hc.entity.HospitalequimentKey
2021-03-22 17:17:32.297 [restartedMain] WARN  org.hibernate.mapping.RootClass - HHH000039: Composite-id class does not override hashCode(): com.hc.entity.HospitalequimentKey
2021-03-22 17:17:32.680 [restartedMain] INFO  o.s.orm.jpa.LocalContainerEntityManagerFactoryBean - Initialized JPA EntityManagerFactory for persistence unit 'entityManagerFactoryPrimary'
2021-03-22 17:17:33.568 [restartedMain] INFO  o.h.hql.internal.QueryTranslatorFactoryInitiator - HHH000397: Using ASTQueryTranslatorFactory
2021-03-22 17:17:34.556 [restartedMain] INFO  o.s.w.s.m.m.a.RequestMappingHandlerMapping - Mapped "{[/api/alarmStatistics/showAllData],methods=[GET],produces=[application/json]}" onto public com.hc.units.ApiResponse<java.util.List<com.hc.model.ResponseModel.ShowData>> com.hc.controller.AlarmStatisticsController.showAllData()
2021-03-22 17:17:34.561 [restartedMain] INFO  o.s.w.s.m.m.a.RequestMappingHandlerMapping - Mapped "{[/api/alarmStatistics/exporeExcle],methods=[GET],produces=[application/json]}" onto public com.hc.units.ApiResponse<java.lang.String> com.hc.controller.AlarmStatisticsController.exporeExcle(javax.servlet.http.HttpServletResponse)
2021-03-22 17:17:34.563 [restartedMain] INFO  o.s.w.s.m.m.a.RequestMappingHandlerMapping - Mapped "{[/api/alarmStatistics/exporeExcles],methods=[GET],produces=[application/json]}" onto public com.hc.units.ApiResponse<java.lang.String> com.hc.controller.AlarmStatisticsController.exporeExcles(javax.servlet.http.HttpServletResponse)
2021-03-22 17:17:34.563 [restartedMain] INFO  o.s.w.s.m.m.a.RequestMappingHandlerMapping - Mapped "{[/api/alarmStatistics/alarmStatisticsShow],methods=[GET],produces=[application/json]}" onto public com.hc.units.ApiResponse<java.util.List<com.hc.model.ResponseModel.AlarmHospitalInfo>> com.hc.controller.AlarmStatisticsController.alarm()
2021-03-22 17:17:34.564 [restartedMain] INFO  o.s.w.s.m.m.a.RequestMappingHandlerMapping - Mapped "{[/api/alarmStatistics/getHospitalAlarmInfo],methods=[GET],produces=[application/json]}" onto public com.hc.units.ApiResponse<java.util.List<com.hc.model.ResponseModel.AlarmData>> com.hc.controller.AlarmStatisticsController.getHospitalAralmInfo(java.lang.String,java.lang.String,java.lang.String)
2021-03-22 17:17:34.567 [restartedMain] INFO  o.s.w.s.m.m.a.RequestMappingHandlerMapping - Mapped "{[/api/clientInfo/addUser],methods=[POST],produces=[application/json]}" onto public com.hc.units.ApiResponse<com.hc.entity.Userright> com.hc.controller.ClientInfoController.addUser(com.hc.entity.Userright)
2021-03-22 17:17:34.568 [restartedMain] INFO  o.s.w.s.m.m.a.RequestMappingHandlerMapping - Mapped "{[/api/clientInfo/updateUser],methods=[POST],produces=[application/json]}" onto public com.hc.units.ApiResponse<com.hc.entity.Userright> com.hc.controller.ClientInfoController.updateUser(com.hc.entity.Userright)
2021-03-22 17:17:34.568 [restartedMain] INFO  o.s.w.s.m.m.a.RequestMappingHandlerMapping - Mapped "{[/api/clientInfo/deleteUser],methods=[POST],produces=[application/json]}" onto public com.hc.units.ApiResponse<java.lang.String> com.hc.controller.ClientInfoController.deleteUser(com.hc.entity.Userright)
2021-03-22 17:17:34.568 [restartedMain] INFO  o.s.w.s.m.m.a.RequestMappingHandlerMapping - Mapped "{[/api/clientInfo/selectUserInfoPage],methods=[GET],produces=[application/json]}" onto public com.hc.units.ApiResponse<com.github.pagehelper.Page<com.hc.model.ResponseModel.ClientInfoModel>> com.hc.controller.ClientInfoController.selectUserInfoPage(java.lang.String,java.lang.Integer,java.lang.Integer,java.lang.String)
2021-03-22 17:17:34.571 [restartedMain] INFO  o.s.w.s.m.m.a.RequestMappingHandlerMapping - Mapped "{[/api/equipmentTypeInfo/addEquipmentType],methods=[POST],produces=[application/json]}" onto public com.hc.units.ApiResponse<java.lang.String> com.hc.controller.HospitalEquipmentTypeController.addEquipmentType(com.hc.model.RequestModel.EquipmentTypeInfoModel)
2021-03-22 17:17:34.571 [restartedMain] INFO  o.s.w.s.m.m.a.RequestMappingHandlerMapping - Mapped "{[/api/equipmentTypeInfo/updateEquipmentType],methods=[POST],produces=[application/json]}" onto public com.hc.units.ApiResponse<java.lang.String> com.hc.controller.HospitalEquipmentTypeController.updateEquipmentType(com.hc.model.RequestModel.EquipmentTypeInfoModel)
2021-03-22 17:17:34.571 [restartedMain] INFO  o.s.w.s.m.m.a.RequestMappingHandlerMapping - Mapped "{[/api/equipmentTypeInfo/selectAllEquipmentType],methods=[GET],produces=[application/json]}" onto public com.hc.units.ApiResponse<java.util.List<com.hc.entity.Monitorequipmenttype>> com.hc.controller.HospitalEquipmentTypeController.selectAllEquipmentType()
2021-03-22 17:17:34.571 [restartedMain] INFO  o.s.w.s.m.m.a.RequestMappingHandlerMapping - Mapped "{[/api/equipmentTypeInfo/deleteEquipmentType],methods=[POST],produces=[application/json]}" onto public com.hc.units.ApiResponse<java.lang.String> com.hc.controller.HospitalEquipmentTypeController.deleteEquipmentType(com.hc.model.RequestModel.EquipmentTypeInfoModel)
2021-03-22 17:17:34.572 [restartedMain] INFO  o.s.w.s.m.m.a.RequestMappingHandlerMapping - Mapped "{[/api/equipmentTypeInfo/selectEquipmentTypePage],methods=[GET],produces=[application/json]}" onto public com.hc.units.ApiResponse<com.github.pagehelper.Page<com.hc.model.ResponseModel.HospitalEquipmentTypeInfoModel>> com.hc.controller.HospitalEquipmentTypeController.selectEquipmentPage(java.lang.String,java.lang.Integer,java.lang.Integer,java.lang.String)
2021-03-22 17:17:34.572 [restartedMain] INFO  o.s.w.s.m.m.a.RequestMappingHandlerMapping - Mapped "{[/api/equipmentTypeInfo/selectAllEquipmentTypeByCode],methods=[GET],produces=[application/json]}" onto public com.hc.units.ApiResponse<java.util.List<com.hc.entity.Monitorequipmenttype>> com.hc.controller.HospitalEquipmentTypeController.selectAllEquipmentTypeByCode(java.lang.String)
2021-03-22 17:17:34.573 [restartedMain] INFO  o.s.w.s.m.m.a.RequestMappingHandlerMapping - Mapped "{[/api/hospitalInfo/addHospitalInfo],methods=[POST],produces=[application/json]}" onto public com.hc.units.ApiResponse<com.hc.entity.Hospitalofreginfo> com.hc.controller.HospitalInfoController.addHospitalInfo(com.hc.entity.Hospitalofreginfo)
2021-03-22 17:17:34.573 [restartedMain] INFO  o.s.w.s.m.m.a.RequestMappingHandlerMapping - Mapped "{[/api/hospitalInfo/getHospitalInfo],methods=[GET],produces=[application/json]}" onto public com.hc.units.ApiResponse<java.util.List<com.hc.entity.Hospitalofreginfo>> com.hc.controller.HospitalInfoController.selectHospitalInfo()
2021-03-22 17:17:34.574 [restartedMain] INFO  o.s.w.s.m.m.a.RequestMappingHandlerMapping - Mapped "{[/api/hospitalInfo/getHospitalInfoPage],methods=[GET],produces=[application/json]}" onto public com.hc.units.ApiResponse<com.github.pagehelper.Page<com.hc.entity.Hospitalofreginfo>> com.hc.controller.HospitalInfoController.selectHospitalInfoPage(java.lang.String,java.lang.Integer,java.lang.Integer)
2021-03-22 17:17:34.574 [restartedMain] INFO  o.s.w.s.m.m.a.RequestMappingHandlerMapping - Mapped "{[/api/hospitalInfo/deleteHospitalInfo],methods=[POST],produces=[application/json]}" onto public com.hc.units.ApiResponse<java.lang.String> com.hc.controller.HospitalInfoController.deleteHospitalInfo(com.hc.entity.Hospitalofreginfo)
2021-03-22 17:17:34.574 [restartedMain] INFO  o.s.w.s.m.m.a.RequestMappingHandlerMapping - Mapped "{[/api/hospitalInfo/updateHospitalInfo],methods=[POST],produces=[application/json]}" onto public com.hc.units.ApiResponse<com.hc.entity.Hospitalofreginfo> com.hc.controller.HospitalInfoController.updateHospitalInfo(com.hc.entity.Hospitalofreginfo)
2021-03-22 17:17:34.576 [restartedMain] INFO  o.s.w.s.m.m.a.RequestMappingHandlerMapping - Mapped "{[/api/instrumentInfo/deleteInstrument],methods=[POST],produces=[application/json]}" onto public com.hc.units.ApiResponse<java.lang.String> com.hc.controller.InstrumentInfoController.deleteInstrument(com.hc.model.RequestModel.InstrumentInfoModel)
2021-03-22 17:17:34.576 [restartedMain] INFO  o.s.w.s.m.m.a.RequestMappingHandlerMapping - Mapped "{[/api/instrumentInfo/addInstrument],methods=[POST],produces=[application/json]}" onto public com.hc.units.ApiResponse<java.lang.String> com.hc.controller.InstrumentInfoController.addInstrument(com.hc.model.RequestModel.InstrumentInfoModel)
2021-03-22 17:17:34.576 [restartedMain] INFO  o.s.w.s.m.m.a.RequestMappingHandlerMapping - Mapped "{[/api/instrumentInfo/updateInstrument],methods=[POST],produces=[application/json]}" onto public com.hc.units.ApiResponse<java.lang.String> com.hc.controller.InstrumentInfoController.updateInstrument(com.hc.model.RequestModel.InstrumentInfoModel)
2021-03-22 17:17:34.576 [restartedMain] INFO  o.s.w.s.m.m.a.RequestMappingHandlerMapping - Mapped "{[/api/instrumentInfo/selectInstrumentPage],methods=[POST],produces=[application/json]}" onto public com.hc.units.ApiResponse<com.github.pagehelper.Page<com.hc.model.ResponseModel.AllInstrumentInfoModel>> com.hc.controller.InstrumentInfoController.selectInstrumentPage(com.hc.model.RequestModel.InstrumentPageModel)
2021-03-22 17:17:34.577 [restartedMain] INFO  o.s.w.s.m.m.a.RequestMappingHandlerMapping - Mapped "{[/api/instrumentInfo/showInsType],methods=[GET],produces=[application/json]}" onto public com.hc.units.ApiResponse<java.util.List<com.hc.entity.Monitorinstrumenttype>> com.hc.controller.InstrumentInfoController.showInstrumentType()
2021-03-22 17:17:34.578 [restartedMain] INFO  o.s.w.s.m.m.a.RequestMappingHandlerMapping - Mapped "{[/api/instrumentInfo/addInstrumentParam],methods=[POST],produces=[application/json]}" onto public com.hc.units.ApiResponse<java.lang.String> com.hc.controller.InstrumentInfoController.addInstrumentParam(com.hc.model.RequestModel.InstrumentInfoModel)
2021-03-22 17:17:34.582 [restartedMain] INFO  o.s.w.s.m.m.a.RequestMappingHandlerMapping - Mapped "{[/api/equipmentInfo/addEquipment],methods=[POST],produces=[application/json]}" onto public com.hc.units.ApiResponse<java.lang.String> com.hc.controller.MonitorEquipmentController.addEquipmentType(com.hc.model.RequestModel.EquipmentInfoModel)
2021-03-22 17:17:34.583 [restartedMain] INFO  o.s.w.s.m.m.a.RequestMappingHandlerMapping - Mapped "{[/api/equipmentInfo/addWireEquipment],methods=[POST],produces=[application/json]}" onto public com.hc.units.ApiResponse<java.lang.String> com.hc.controller.MonitorEquipmentController.addWireEquipmentType(com.hc.model.RequestModel.EquipmentInfoModel)
2021-03-22 17:17:34.583 [restartedMain] INFO  o.s.w.s.m.m.a.RequestMappingHandlerMapping - Mapped "{[/api/equipmentInfo/updateEquipment],methods=[POST],produces=[application/json]}" onto public com.hc.units.ApiResponse<java.lang.String> com.hc.controller.MonitorEquipmentController.updateEquipmentType(com.hc.model.RequestModel.EquipmentInfoModel)
2021-03-22 17:17:34.583 [restartedMain] INFO  o.s.w.s.m.m.a.RequestMappingHandlerMapping - Mapped "{[/api/equipmentInfo/deleteEquipment],methods=[POST],produces=[application/json]}" onto public com.hc.units.ApiResponse<java.lang.String> com.hc.controller.MonitorEquipmentController.deleteEquipmentType(com.hc.model.RequestModel.EquipmentInfoModel)
2021-03-22 17:17:34.583 [restartedMain] INFO  o.s.w.s.m.m.a.RequestMappingHandlerMapping - Mapped "{[/api/equipmentInfo/selectEquipmentPage],methods=[GET],produces=[application/json]}" onto public com.hc.units.ApiResponse<com.github.pagehelper.Page<com.hc.model.ResponseModel.MonitorEquipmentInfoModel>> com.hc.controller.MonitorEquipmentController.selectEquipmentPage(java.lang.String,java.lang.Integer,java.lang.Integer,java.lang.String,java.lang.String)
2021-03-22 17:17:34.583 [restartedMain] INFO  o.s.w.s.m.m.a.RequestMappingHandlerMapping - Mapped "{[/api/equipmentInfo/selectAllEquipmentByCode],methods=[GET],produces=[application/json]}" onto public com.hc.units.ApiResponse<java.util.List<com.hc.entity.Monitorequipment>> com.hc.controller.MonitorEquipmentController.selectAllEquipmentTypeByCode(java.lang.String,java.lang.String)
2021-03-22 17:17:34.584 [restartedMain] INFO  o.s.w.s.m.m.a.RequestMappingHandlerMapping - Mapped "{[/api/equipmentInfo/showInstrumentType],methods=[GET],produces=[application/json]}" onto public com.hc.units.ApiResponse<java.util.List<com.hc.entity.Monitorinstrumenttype>> com.hc.controller.MonitorEquipmentController.showInstrumentType(java.lang.String)
2021-03-22 17:17:34.584 [restartedMain] INFO  o.s.w.s.m.m.a.RequestMappingHandlerMapping - Mapped "{[/api/equipmentInfo/showInstrumentInfo],methods=[GET],produces=[application/json]}" onto public com.hc.units.ApiResponse<java.util.List<com.hc.entity.Monitorinstrument>> com.hc.controller.MonitorEquipmentController.showInstrumentInfo(java.lang.String,java.lang.Integer,java.lang.String)
2021-03-22 17:17:34.584 [restartedMain] INFO  o.s.w.s.m.m.a.RequestMappingHandlerMapping - Mapped "{[/api/equipmentInfo/searchEqByTwoYear],methods=[GET],produces=[application/json]}" onto public void com.hc.controller.MonitorEquipmentController.searchEqByTwoYear(javax.servlet.http.HttpServletResponse)
2021-03-22 17:17:34.584 [restartedMain] INFO  o.s.w.s.m.m.a.RequestMappingHandlerMapping - Mapped "{[/info]}" onto public java.lang.String com.hc.controller.MyController.testA()
2021-03-22 17:17:34.585 [restartedMain] INFO  o.s.w.s.m.m.a.RequestMappingHandlerMapping - Mapped "{[/api/log/getAllLog],methods=[GET],produces=[application/json]}" onto public com.hc.units.ApiResponse<com.github.pagehelper.Page<com.hc.entity.Operationlog>> com.hc.controller.OperationlogdetailMapper.getAllLog(java.lang.String,java.lang.Integer,java.lang.Integer,java.lang.String,java.lang.String,java.lang.String,java.lang.String,java.lang.String)
2021-03-22 17:17:34.585 [restartedMain] INFO  o.s.w.s.m.m.a.RequestMappingHandlerMapping - Mapped "{[/api/log/getlogDeatil],methods=[GET],produces=[application/json]}" onto public com.hc.units.ApiResponse<java.util.List<com.hc.entity.Operationlogdetail>> com.hc.controller.OperationlogdetailMapper.getlogDeatil(java.lang.String)
2021-03-22 17:17:34.586 [restartedMain] INFO  o.s.w.s.m.m.a.RequestMappingHandlerMapping - Mapped "{[/api/repairinfo/getsn],methods=[GET],produces=[application/json]}" onto public com.hc.units.ApiResponse<java.util.List<com.hc.entity.Monitorinstrument>> com.hc.controller.RepairinfoController.getSn(java.lang.String)
2021-03-22 17:17:34.586 [restartedMain] INFO  o.s.w.s.m.m.a.RequestMappingHandlerMapping - Mapped "{[/api/repairinfo/updateRepairinfo],methods=[POST],produces=[application/json]}" onto public com.hc.units.ApiResponse<java.lang.String> com.hc.controller.RepairinfoController.updateRepairinfo(com.hc.entity.Repairinfo)
2021-03-22 17:17:34.586 [restartedMain] INFO  o.s.w.s.m.m.a.RequestMappingHandlerMapping - Mapped "{[/api/repairinfo/deleteRepairinfo],methods=[POST],produces=[application/json]}" onto public com.hc.units.ApiResponse<java.lang.String> com.hc.controller.RepairinfoController.deleteRepairinfo(com.hc.entity.Repairinfo)
2021-03-22 17:17:34.587 [restartedMain] INFO  o.s.w.s.m.m.a.RequestMappingHandlerMapping - Mapped "{[/api/repairinfo/addRepairinfo],methods=[POST],produces=[application/json]}" onto public com.hc.units.ApiResponse<com.hc.entity.Repairinfo> com.hc.controller.RepairinfoController.addRepairinfo(com.hc.entity.Repairinfo)
2021-03-22 17:17:34.587 [restartedMain] INFO  o.s.w.s.m.m.a.RequestMappingHandlerMapping - Mapped "{[/api/repairinfo/selectPageInfo],methods=[GET],produces=[application/json]}" onto public com.hc.units.ApiResponse<com.github.pagehelper.Page<com.hc.entity.Repairinfo>> com.hc.controller.RepairinfoController.selectPageInfo(java.lang.String,java.lang.Integer,java.lang.Integer,java.lang.String,java.lang.String,java.lang.String,java.lang.String,java.lang.String)
2021-03-22 17:17:34.587 [restartedMain] INFO  o.s.w.s.m.m.a.RequestMappingHandlerMapping - Mapped "{[/test/],methods=[GET]}" onto public void com.hc.controller.testController.test()
2021-03-22 17:17:34.588 [restartedMain] INFO  o.s.w.s.m.m.a.RequestMappingHandlerMapping - Mapped "{[/api/userAuthorInfo/updateUserAuthor],methods=[POST],produces=[application/json]}" onto public com.hc.units.ApiResponse<java.lang.String> com.hc.controller.UserAuthorController.updateUserAuthor(com.hc.model.RequestModel.UserauthorInfoModel)
2021-03-22 17:17:34.588 [restartedMain] INFO  o.s.w.s.m.m.a.RequestMappingHandlerMapping - Mapped "{[/api/userAuthorInfo/selectUserAuthorInfoPage],methods=[GET],produces=[application/json]}" onto public com.hc.units.ApiResponse<com.github.pagehelper.Page<com.hc.model.ResponseModel.UserAuthInfoModel>> com.hc.controller.UserAuthorController.selectUserAuthorInfoPage(java.lang.Integer,java.lang.Integer)
2021-03-22 17:17:34.589 [restartedMain] INFO  o.s.w.s.m.m.a.RequestMappingHandlerMapping - Mapped "{[/api/userBackInfo/updatePwd],methods=[POST],produces=[application/json]}" onto public com.hc.units.ApiResponse<java.lang.String> com.hc.controller.UserInfoController.updatePwd(com.hc.entity.Userback)
2021-03-22 17:17:34.590 [restartedMain] INFO  o.s.w.s.m.m.a.RequestMappingHandlerMapping - Mapped "{[/api/userBackInfo/userLogin],methods=[POST],produces=[application/json]}" onto public com.hc.units.ApiResponse<java.lang.String> com.hc.controller.UserInfoController.userLogin(com.hc.entity.Userback)
2021-03-22 17:17:34.590 [restartedMain] INFO  o.s.w.s.m.m.a.RequestMappingHandlerMapping - Mapped "{[/api/userBackInfo/addusersc],methods=[POST],produces=[application/json]}" onto public com.hc.units.ApiResponse<java.lang.String> com.hc.controller.UserInfoController.addusersc(com.hc.model.RequestModel.UserScheduLingPostModel)
2021-03-22 17:17:34.590 [restartedMain] INFO  o.s.w.s.m.m.a.RequestMappingHandlerMapping - Mapped "{[/api/userBackInfo/searchScByHosMon],methods=[GET],produces=[application/json]}" onto public com.hc.units.ApiResponse<java.util.List<com.hc.entity.UserScheduLing>> com.hc.controller.UserInfoController.searchScByHosMon(java.lang.String,java.lang.String)
2021-03-22 17:17:34.592 [restartedMain] INFO  o.s.w.s.m.m.a.RequestMappingHandlerMapping - Mapped "{[/v2/api-docs],methods=[GET],produces=[application/json || application/hal+json]}" onto public org.springframework.http.ResponseEntity<springfox.documentation.spring.web.json.Json> springfox.documentation.swagger2.web.Swagger2Controller.getDocumentation(java.lang.String,javax.servlet.http.HttpServletRequest)
2021-03-22 17:17:34.595 [restartedMain] INFO  o.s.w.s.m.m.a.RequestMappingHandlerMapping - Mapped "{[/swagger-resources/configuration/ui]}" onto org.springframework.http.ResponseEntity<springfox.documentation.swagger.web.UiConfiguration> springfox.documentation.swagger.web.ApiResourceController.uiConfiguration()
2021-03-22 17:17:34.596 [restartedMain] INFO  o.s.w.s.m.m.a.RequestMappingHandlerMapping - Mapped "{[/swagger-resources]}" onto org.springframework.http.ResponseEntity<java.util.List<springfox.documentation.swagger.web.SwaggerResource>> springfox.documentation.swagger.web.ApiResourceController.swaggerResources()
2021-03-22 17:17:34.597 [restartedMain] INFO  o.s.w.s.m.m.a.RequestMappingHandlerMapping - Mapped "{[/swagger-resources/configuration/security]}" onto org.springframework.http.ResponseEntity<springfox.documentation.swagger.web.SecurityConfiguration> springfox.documentation.swagger.web.ApiResourceController.securityConfiguration()
2021-03-22 17:17:34.600 [restartedMain] INFO  o.s.w.s.m.m.a.RequestMappingHandlerMapping - Mapped "{[/error]}" onto public org.springframework.http.ResponseEntity<java.util.Map<java.lang.String, java.lang.Object>> org.springframework.boot.autoconfigure.web.BasicErrorController.error(javax.servlet.http.HttpServletRequest)
2021-03-22 17:17:34.600 [restartedMain] INFO  o.s.w.s.m.m.a.RequestMappingHandlerMapping - Mapped "{[/error],produces=[text/html]}" onto public org.springframework.web.servlet.ModelAndView org.springframework.boot.autoconfigure.web.BasicErrorController.errorHtml(javax.servlet.http.HttpServletRequest,javax.servlet.http.HttpServletResponse)
2021-03-22 17:17:35.540 [restartedMain] INFO  o.s.w.s.m.m.a.RequestMappingHandlerAdapter - Looking for @ControllerAdvice: org.springframework.boot.context.embedded.AnnotationConfigEmbeddedWebApplicationContext@d58ec73: startup date [Mon Mar 22 17:17:26 CST 2021]; parent: org.springframework.context.annotation.AnnotationConfigApplicationContext@3de18db
2021-03-22 17:17:35.632 [restartedMain] INFO  o.s.web.servlet.handler.SimpleUrlHandlerMapping - Mapped URL path [/swagger-ui.html] onto handler of type [class org.springframework.web.servlet.resource.ResourceHttpRequestHandler]
2021-03-22 17:17:35.632 [restartedMain] INFO  o.s.web.servlet.handler.SimpleUrlHandlerMapping - Mapped URL path [/static*] onto handler of type [class org.springframework.web.servlet.resource.ResourceHttpRequestHandler]
2021-03-22 17:17:35.632 [restartedMain] INFO  o.s.web.servlet.handler.SimpleUrlHandlerMapping - Mapped URL path [/webjars/**] onto handler of type [class org.springframework.web.servlet.resource.ResourceHttpRequestHandler]
2021-03-22 17:17:35.633 [restartedMain] INFO  o.s.web.servlet.handler.SimpleUrlHandlerMapping - Mapped URL path [/**] onto handler of type [class org.springframework.web.servlet.resource.ResourceHttpRequestHandler]
2021-03-22 17:17:35.725 [restartedMain] INFO  o.s.web.servlet.handler.SimpleUrlHandlerMapping - Mapped URL path [/**/favicon.ico] onto handler of type [class org.springframework.web.servlet.resource.ResourceHttpRequestHandler]
2021-03-22 17:17:36.420 [restartedMain] INFO  o.s.b.d.autoconfigure.OptionalLiveReloadServer - LiveReload server is running on port 35729
2021-03-22 17:17:36.563 [restartedMain] WARN  com.netflix.config.sources.URLConfigurationSource - No URLs will be polled as dynamic configuration sources.
2021-03-22 17:17:36.564 [restartedMain] INFO  com.netflix.config.sources.URLConfigurationSource - To enable URLs as dynamic configuration sources, define System property archaius.configurationSource.additionalUrls or make config.properties available on classpath.
2021-03-22 17:17:36.573 [restartedMain] WARN  com.netflix.config.sources.URLConfigurationSource - No URLs will be polled as dynamic configuration sources.
2021-03-22 17:17:36.573 [restartedMain] INFO  com.netflix.config.sources.URLConfigurationSource - To enable URLs as dynamic configuration sources, define System property archaius.configurationSource.additionalUrls or make config.properties available on classpath.
2021-03-22 17:17:36.650 [restartedMain] INFO  o.s.jmx.export.annotation.AnnotationMBeanExporter - Registering beans for JMX exposure on startup
2021-03-22 17:17:36.661 [restartedMain] INFO  o.s.jmx.export.annotation.AnnotationMBeanExporter - Bean with name 'environmentManager' has been autodetected for JMX exposure
2021-03-22 17:17:36.663 [restartedMain] INFO  o.s.jmx.export.annotation.AnnotationMBeanExporter - Bean with name 'configurationPropertiesRebinder' has been autodetected for JMX exposure
2021-03-22 17:17:36.664 [restartedMain] INFO  o.s.jmx.export.annotation.AnnotationMBeanExporter - Bean with name 'refreshScope' has been autodetected for JMX exposure
2021-03-22 17:17:36.668 [restartedMain] INFO  o.s.jmx.export.annotation.AnnotationMBeanExporter - Located managed bean 'environmentManager': registering with JMX server as MBean [org.springframework.cloud.context.environment:name=environmentManager,type=EnvironmentManager]
2021-03-22 17:17:36.686 [restartedMain] INFO  o.s.jmx.export.annotation.AnnotationMBeanExporter - Located managed bean 'refreshScope': registering with JMX server as MBean [org.springframework.cloud.context.scope.refresh:name=refreshScope,type=RefreshScope]
2021-03-22 17:17:36.706 [restartedMain] INFO  o.s.jmx.export.annotation.AnnotationMBeanExporter - Located managed bean 'configurationPropertiesRebinder': registering with JMX server as MBean [org.springframework.cloud.context.properties:name=configurationPropertiesRebinder,context=d58ec73,type=ConfigurationPropertiesRebinder]
2021-03-22 17:17:37.471 [restartedMain] INFO  o.s.context.support.DefaultLifecycleProcessor - Starting beans in phase 0
2021-03-22 17:17:37.480 [restartedMain] INFO  o.s.cloud.netflix.eureka.InstanceInfoFactory - Setting initial instance status as: STARTING
2021-03-22 17:17:37.527 [restartedMain] INFO  com.netflix.discovery.DiscoveryClient - Initializing Eureka in region us-east-1
2021-03-22 17:17:37.772 [restartedMain] INFO  c.n.discovery.provider.DiscoveryJerseyProvider - Using JSON encoding codec LegacyJacksonJson
2021-03-22 17:17:37.772 [restartedMain] INFO  c.n.discovery.provider.DiscoveryJerseyProvider - Using JSON decoding codec LegacyJacksonJson
2021-03-22 17:17:37.883 [restartedMain] INFO  c.n.discovery.provider.DiscoveryJerseyProvider - Using XML encoding codec XStreamXml
2021-03-22 17:17:37.883 [restartedMain] INFO  c.n.discovery.provider.DiscoveryJerseyProvider - Using XML decoding codec XStreamXml
2021-03-22 17:17:38.390 [restartedMain] INFO  c.n.d.shared.resolver.aws.ConfigClusterResolver - Resolving eureka endpoints via configuration
2021-03-22 17:17:38.501 [restartedMain] INFO  com.netflix.discovery.DiscoveryClient - Disable delta property : false
2021-03-22 17:17:38.501 [restartedMain] INFO  com.netflix.discovery.DiscoveryClient - Single vip registry refresh property : null
2021-03-22 17:17:38.501 [restartedMain] INFO  com.netflix.discovery.DiscoveryClient - Force full registry fetch : false
2021-03-22 17:17:38.501 [restartedMain] INFO  com.netflix.discovery.DiscoveryClient - Application is null : false
2021-03-22 17:17:38.501 [restartedMain] INFO  com.netflix.discovery.DiscoveryClient - Registered Applications size is zero : true
2021-03-22 17:17:38.501 [restartedMain] INFO  com.netflix.discovery.DiscoveryClient - Application version is -1: true
2021-03-22 17:17:38.501 [restartedMain] INFO  com.netflix.discovery.DiscoveryClient - Getting all instance registry info from the eureka server
2021-03-22 17:17:38.723 [restartedMain] INFO  com.netflix.discovery.DiscoveryClient - The response status is 200
2021-03-22 17:17:38.725 [restartedMain] INFO  com.netflix.discovery.DiscoveryClient - Starting heartbeat executor: renew interval is: 30
2021-03-22 17:17:38.729 [restartedMain] INFO  com.netflix.discovery.InstanceInfoReplicator - InstanceInfoReplicator onDemand update allowed rate per min is 4
2021-03-22 17:17:38.735 [restartedMain] INFO  com.netflix.discovery.DiscoveryClient - Discovery Client initialized at timestamp 1616404658734 with initial instances count: 5
2021-03-22 17:17:38.757 [restartedMain] INFO  o.s.c.n.e.serviceregistry.EurekaServiceRegistry - Registering application HC-HTGL-ms with eureka with status UP
2021-03-22 17:17:38.758 [restartedMain] INFO  com.netflix.discovery.DiscoveryClient - Saw local status change event StatusChangeEvent [timestamp=1616404658758, current=UP, previous=STARTING]
2021-03-22 17:17:38.761 [DiscoveryClient-InstanceInfoReplicator-0] INFO  com.netflix.discovery.DiscoveryClient - DiscoveryClient_HC-HTGL-MS/PC-20190801IFVM:HC-HTGL-ms:8097: registering service...
2021-03-22 17:17:38.761 [restartedMain] INFO  o.s.context.support.DefaultLifecycleProcessor - Starting beans in phase 2147483647
2021-03-22 17:17:38.761 [restartedMain] INFO  s.d.s.web.plugins.DocumentationPluginsBootstrapper - Context refreshed
2021-03-22 17:17:38.782 [restartedMain] INFO  s.d.s.web.plugins.DocumentationPluginsBootstrapper - Found 1 custom documentation plugin(s)
2021-03-22 17:17:38.800 [restartedMain] INFO  s.d.spring.web.scanners.ApiListingReferenceScanner - Scanning for api listing references
2021-03-22 17:17:38.806 [DiscoveryClient-InstanceInfoReplicator-0] INFO  com.netflix.discovery.DiscoveryClient - DiscoveryClient_HC-HTGL-MS/PC-20190801IFVM:HC-HTGL-ms:8097 - registration status: 204
2021-03-22 17:17:39.202 [restartedMain] INFO  s.d.s.w.r.operation.CachingOperationNameGenerator - Generating unique operation named: addEquipmentTypeUsingPOST_1
2021-03-22 17:17:39.217 [restartedMain] INFO  s.d.s.w.r.operation.CachingOperationNameGenerator - Generating unique operation named: deleteEquipmentTypeUsingPOST_1
2021-03-22 17:17:39.234 [restartedMain] INFO  s.d.s.w.r.operation.CachingOperationNameGenerator - Generating unique operation named: selectAllEquipmentTypeByCodeUsingGET_1
2021-03-22 17:17:39.252 [restartedMain] INFO  s.d.s.w.r.operation.CachingOperationNameGenerator - Generating unique operation named: selectEquipmentPageUsingGET_1
2021-03-22 17:17:39.268 [restartedMain] INFO  s.d.s.w.r.operation.CachingOperationNameGenerator - Generating unique operation named: showInstrumentTypeUsingGET_1
2021-03-22 17:17:39.281 [restartedMain] INFO  s.d.s.w.r.operation.CachingOperationNameGenerator - Generating unique operation named: updateEquipmentTypeUsingPOST_1
2021-03-22 17:17:39.497 [restartedMain] INFO  o.s.b.c.e.tomcat.TomcatEmbeddedServletContainer - Tomcat started on port(s): 8097 (http)
2021-03-22 17:17:39.498 [restartedMain] INFO  o.s.c.n.e.s.EurekaAutoServiceRegistration - Updating port to 8097
2021-03-22 17:17:39.883 [restartedMain] INFO  com.hc.config.PoliceStationInfoCache - 执行探头信息同步
2021-03-22 17:17:39.885 [restartedMain] INFO  com.hc.SpringServiceAApplication - Started SpringServiceAApplication in 14.696 seconds (JVM running for 15.873)
2021-03-22 17:20:05.718 [http-nio-8097-exec-1] INFO  o.a.c.core.ContainerBase.[Tomcat].[localhost].[/] - Initializing Spring FrameworkServlet 'dispatcherServlet'
2021-03-22 17:20:05.718 [http-nio-8097-exec-1] INFO  org.springframework.web.servlet.DispatcherServlet - FrameworkServlet 'dispatcherServlet': initialization started
2021-03-22 17:20:05.759 [http-nio-8097-exec-1] INFO  org.springframework.web.servlet.DispatcherServlet - FrameworkServlet 'dispatcherServlet': initialization completed in 41 ms
2021-03-22 17:20:05.792 [http-nio-8097-exec-1] INFO  com.hc.interpector.LoginInterceptor - LoginInterceptor 调用接口！================== Url:/api/equipmentInfo/selectEquipmentPage;Token:0278b1c1b26b3186c273fe9cc6d0a00779339d54eeeeeda9fd9ca5fbb3aa696c;SessionID:771D0DFC9D7BD10C852B67E41C5D1EDC
2021-03-22 17:20:05.792 [http-nio-8097-exec-1] INFO  com.hc.interpector.LoginInterceptor - 未匹配 NO_INTERCEPTOR_PATH path : /api/equipmentInfo/selectEquipmentPage
2021-03-22 17:20:12.382 [http-nio-8097-exec-3] INFO  com.hc.interpector.LoginInterceptor - LoginInterceptor 调用接口！================== Url:/api/hospitalInfo/getHospitalInfoPage;Token:0278b1c1b26b3186c273fe9cc6d0a00779339d54eeeeeda99086e39dced185a0;SessionID:38FEFAE9F8EA72C8DBD3749746109092
2021-03-22 17:20:12.383 [http-nio-8097-exec-3] INFO  com.hc.interpector.LoginInterceptor - 未匹配 NO_INTERCEPTOR_PATH path : /api/hospitalInfo/getHospitalInfoPage
2021-03-22 17:20:41.287 [http-nio-8097-exec-2] INFO  com.hc.interpector.LoginInterceptor - LoginInterceptor 调用接口！================== Url:/api/equipmentInfo/updateEquipment;Token:null;SessionID:390A1FE300CC2E8348AA6AFD43DDB2F5
2021-03-22 17:20:41.288 [http-nio-8097-exec-2] INFO  com.hc.interpector.LoginInterceptor - 未匹配 NO_INTERCEPTOR_PATH path : /api/equipmentInfo/updateEquipment
2021-03-22 17:21:32.797 [http-nio-8097-exec-5] INFO  com.hc.interpector.LoginInterceptor - LoginInterceptor 调用接口！================== Url:/api/userBackInfo/userLogin;Token:null;SessionID:ACDB6D17E6B91E6A6C96CF8A422288D6
2021-03-22 17:21:32.798 [http-nio-8097-exec-5] INFO  com.hc.interpector.LoginInterceptor - 匹配上了，直接放行：/api/userBackInfo/userLogin
2021-03-22 17:21:40.061 [http-nio-8097-exec-6] INFO  com.hc.interpector.LoginInterceptor - LoginInterceptor 调用接口！================== Url:/api/equipmentInfo/selectEquipmentPage;Token:0278b1c1b26b3186884051f3b2b1165902469244f78f7b2972293c62af2c9cea4b9e107eabc1beb7;SessionID:500517233AF5A43ADE51159A67B0E79A
2021-03-22 17:21:40.061 [http-nio-8097-exec-6] INFO  com.hc.interpector.LoginInterceptor - 未匹配 NO_INTERCEPTOR_PATH path : /api/equipmentInfo/selectEquipmentPage
2021-03-22 17:21:40.061 [http-nio-8097-exec-7] INFO  com.hc.interpector.LoginInterceptor - LoginInterceptor 调用接口！================== Url:/api/equipmentTypeInfo/selectAllEquipmentType;Token:0278b1c1b26b3186884051f3b2b1165902469244f78f7b2972293c62af2c9cea4b9e107eabc1beb7;SessionID:51610C4E719E19304B5DBE649BBCFBBC
2021-03-22 17:21:40.061 [http-nio-8097-exec-7] INFO  com.hc.interpector.LoginInterceptor - 未匹配 NO_INTERCEPTOR_PATH path : /api/equipmentTypeInfo/selectAllEquipmentType
2021-03-22 17:21:49.653 [http-nio-8097-exec-9] INFO  com.hc.interpector.LoginInterceptor - LoginInterceptor 调用接口！================== Url:/api/equipmentTypeInfo/selectAllEquipmentType;Token:0278b1c1b26b3186884051f3b2b1165902469244f78f7b2972293c62af2c9cea4b9e107eabc1beb7;SessionID:8D1780CC4D7B4655F20C9C29B201BE36
2021-03-22 17:21:49.654 [http-nio-8097-exec-10] INFO  com.hc.interpector.LoginInterceptor - LoginInterceptor 调用接口！================== Url:/api/equipmentInfo/selectEquipmentPage;Token:0278b1c1b26b3186884051f3b2b1165902469244f78f7b2972293c62af2c9cea4b9e107eabc1beb7;SessionID:EB0409131B076E870A82E346F51A07D1
2021-03-22 17:21:49.654 [http-nio-8097-exec-10] INFO  com.hc.interpector.LoginInterceptor - 未匹配 NO_INTERCEPTOR_PATH path : /api/equipmentInfo/selectEquipmentPage
2021-03-22 17:21:49.654 [http-nio-8097-exec-9] INFO  com.hc.interpector.LoginInterceptor - 未匹配 NO_INTERCEPTOR_PATH path : /api/equipmentTypeInfo/selectAllEquipmentType
2021-03-22 17:21:49.654 [http-nio-8097-exec-1] INFO  com.hc.interpector.LoginInterceptor - LoginInterceptor 调用接口！================== Url:/api/hospitalInfo/getHospitalInfo;Token:0278b1c1b26b3186884051f3b2b1165902469244f78f7b2972293c62af2c9cea4b9e107eabc1beb7;SessionID:E8CEA71175ABDB49EF3195700CFDA393
2021-03-22 17:21:49.654 [http-nio-8097-exec-1] INFO  com.hc.interpector.LoginInterceptor - 未匹配 NO_INTERCEPTOR_PATH path : /api/hospitalInfo/getHospitalInfo
2021-03-22 17:21:52.085 [http-nio-8097-exec-2] INFO  com.hc.interpector.LoginInterceptor - LoginInterceptor 调用接口！================== Url:/api/equipmentInfo/selectEquipmentPage;Token:0278b1c1b26b3186884051f3b2b1165902469244f78f7b2972293c62af2c9cea4b9e107eabc1beb7;SessionID:886E035C0DFD77A7FAA82175E2393C0D
2021-03-22 17:21:52.085 [http-nio-8097-exec-3] INFO  com.hc.interpector.LoginInterceptor - LoginInterceptor 调用接口！================== Url:/api/equipmentTypeInfo/selectAllEquipmentTypeByCode;Token:0278b1c1b26b3186884051f3b2b1165902469244f78f7b2972293c62af2c9cea4b9e107eabc1beb7;SessionID:E6C4238185EA0438ECE1907053C66966
2021-03-22 17:21:52.086 [http-nio-8097-exec-2] INFO  com.hc.interpector.LoginInterceptor - 未匹配 NO_INTERCEPTOR_PATH path : /api/equipmentInfo/selectEquipmentPage
2021-03-22 17:21:52.086 [http-nio-8097-exec-3] INFO  com.hc.interpector.LoginInterceptor - 未匹配 NO_INTERCEPTOR_PATH path : /api/equipmentTypeInfo/selectAllEquipmentTypeByCode
2021-03-22 17:21:53.608 [http-nio-8097-exec-4] INFO  com.hc.interpector.LoginInterceptor - LoginInterceptor 调用接口！================== Url:/api/equipmentInfo/selectEquipmentPage;Token:0278b1c1b26b3186884051f3b2b1165902469244f78f7b2972293c62af2c9cea4b9e107eabc1beb7;SessionID:AEF515E2275119CEE0BFED3224790E07
2021-03-22 17:21:53.608 [http-nio-8097-exec-4] INFO  com.hc.interpector.LoginInterceptor - 未匹配 NO_INTERCEPTOR_PATH path : /api/equipmentInfo/selectEquipmentPage
2021-03-22 17:21:58.220 [http-nio-8097-exec-5] INFO  com.hc.interpector.LoginInterceptor - LoginInterceptor 调用接口！================== Url:/api/equipmentTypeInfo/selectAllEquipmentTypeByCode;Token:0278b1c1b26b3186884051f3b2b1165902469244f78f7b2972293c62af2c9cea4b9e107eabc1beb7;SessionID:85B969E538CA39E347AC0615ED961402
2021-03-22 17:21:58.220 [http-nio-8097-exec-5] INFO  com.hc.interpector.LoginInterceptor - 未匹配 NO_INTERCEPTOR_PATH path : /api/equipmentTypeInfo/selectAllEquipmentTypeByCode
2021-03-22 17:22:10.569 [http-nio-8097-exec-7] INFO  com.hc.interpector.LoginInterceptor - LoginInterceptor 调用接口！================== Url:/api/equipmentTypeInfo/selectAllEquipmentTypeByCode;Token:0278b1c1b26b3186884051f3b2b1165902469244f78f7b2972293c62af2c9cea4b9e107eabc1beb7;SessionID:DC0F14E4EBB6D1F89BB3814EA180DF83
2021-03-22 17:22:10.570 [http-nio-8097-exec-7] INFO  com.hc.interpector.LoginInterceptor - 未匹配 NO_INTERCEPTOR_PATH path : /api/equipmentTypeInfo/selectAllEquipmentTypeByCode
2021-03-22 17:22:12.532 [http-nio-8097-exec-6] INFO  com.hc.interpector.LoginInterceptor - LoginInterceptor 调用接口！================== Url:/api/equipmentInfo/updateEquipment;Token:0278b1c1b26b3186884051f3b2b1165902469244f78f7b2972293c62af2c9cea4b9e107eabc1beb7;SessionID:39D1B15F2E4A565220091532E3B4BC4D
2021-03-22 17:22:12.532 [http-nio-8097-exec-6] INFO  com.hc.interpector.LoginInterceptor - 未匹配 NO_INTERCEPTOR_PATH path : /api/equipmentInfo/updateEquipment
2021-03-22 17:22:12.723 [http-nio-8097-exec-8] INFO  com.hc.interpector.LoginInterceptor - LoginInterceptor 调用接口！================== Url:/api/equipmentInfo/selectEquipmentPage;Token:0278b1c1b26b3186884051f3b2b1165902469244f78f7b2972293c62af2c9cea4b9e107eabc1beb7;SessionID:DBED791D151B95BEB2D07A3CA43D7876
2021-03-22 17:22:12.723 [http-nio-8097-exec-8] INFO  com.hc.interpector.LoginInterceptor - 未匹配 NO_INTERCEPTOR_PATH path : /api/equipmentInfo/selectEquipmentPage
2021-03-22 17:22:38.505 [AsyncResolver-bootstrap-executor-0] INFO  c.n.d.shared.resolver.aws.ConfigClusterResolver - Resolving eureka endpoints via configuration
