2020-07-22 09:19:16.853 [restartedMain] INFO  o.s.c.a.AnnotationConfigApplicationContext - Refreshing org.springframework.context.annotation.AnnotationConfigApplicationContext@2d006922: startup date [Wed Jul 22 09:19:16 CST 2020]; root of context hierarchy
2020-07-22 09:19:17.148 [restartedMain] INFO  o.s.b.f.a.AutowiredAnnotationBeanPostProcessor - JSR-330 'javax.inject.Inject' annotation found and supported for autowiring
2020-07-22 09:19:17.195 [restartedMain] INFO  o.s.c.s.PostProcessorRegistrationDelegate$BeanPostProcessorChecker - Bean 'configurationPropertiesRebinderAutoConfiguration' of type [org.springframework.cloud.autoconfigure.ConfigurationPropertiesRebinderAutoConfiguration$$EnhancerBySpringCGLIB$$6708c483] is not eligible for getting processed by all BeanPostProcessors (for example: not eligible for auto-proxying)
2020-07-22 09:19:17.814 [restartedMain] INFO  com.hc.SpringServiceAApplication - No active profile set, falling back to default profiles: default
2020-07-22 09:19:17.830 [restartedMain] INFO  o.s.b.c.e.AnnotationConfigEmbeddedWebApplicationContext - Refreshing org.springframework.boot.context.embedded.AnnotationConfigEmbeddedWebApplicationContext@28636d92: startup date [Wed Jul 22 09:19:17 CST 2020]; parent: org.springframework.context.annotation.AnnotationConfigApplicationContext@2d006922
2020-07-22 09:19:34.900 [restartedMain] INFO  o.s.c.a.AnnotationConfigApplicationContext - Refreshing org.springframework.context.annotation.AnnotationConfigApplicationContext@7b3a75f3: startup date [Wed Jul 22 09:19:34 CST 2020]; root of context hierarchy
2020-07-22 09:19:35.098 [restartedMain] INFO  o.s.b.f.a.AutowiredAnnotationBeanPostProcessor - JSR-330 'javax.inject.Inject' annotation found and supported for autowiring
2020-07-22 09:19:35.149 [restartedMain] INFO  o.s.c.s.PostProcessorRegistrationDelegate$BeanPostProcessorChecker - Bean 'configurationPropertiesRebinderAutoConfiguration' of type [org.springframework.cloud.autoconfigure.ConfigurationPropertiesRebinderAutoConfiguration$$EnhancerBySpringCGLIB$$e41d34fe] is not eligible for getting processed by all BeanPostProcessors (for example: not eligible for auto-proxying)
2020-07-22 09:19:35.610 [restartedMain] INFO  com.hc.SpringServiceAApplication - No active profile set, falling back to default profiles: default
2020-07-22 09:19:35.625 [restartedMain] INFO  o.s.b.c.e.AnnotationConfigEmbeddedWebApplicationContext - Refreshing org.springframework.boot.context.embedded.AnnotationConfigEmbeddedWebApplicationContext@58a6d66a: startup date [Wed Jul 22 09:19:35 CST 2020]; parent: org.springframework.context.annotation.AnnotationConfigApplicationContext@7b3a75f3
2020-07-22 09:19:37.866 [restartedMain] INFO  o.s.d.r.config.RepositoryConfigurationDelegate - Multiple Spring Data modules found, entering strict repository configuration mode!
2020-07-22 09:19:37.923 [restartedMain] WARN  org.mybatis.spring.mapper.ClassPathMapperScanner - No MyBatis mapper was found in '[com.hc.mapper.laboratoryMain]' package. Please check your configuration.
2020-07-22 09:19:38.156 [restartedMain] INFO  o.s.d.r.config.RepositoryConfigurationDelegate - Multiple Spring Data modules found, entering strict repository configuration mode!
2020-07-22 09:19:38.261 [restartedMain] INFO  o.s.d.r.c.RepositoryConfigurationExtensionSupport - Spring Data Redis - Could not safely identify store assignment for repository candidate interface com.hc.dao.InstrumentParamConfigDao.
2020-07-22 09:19:38.263 [restartedMain] INFO  o.s.d.r.c.RepositoryConfigurationExtensionSupport - Spring Data Redis - Could not safely identify store assignment for repository candidate interface com.hc.dao.RepairinfoDao.
2020-07-22 09:19:38.263 [restartedMain] INFO  o.s.d.r.c.RepositoryConfigurationExtensionSupport - Spring Data Redis - Could not safely identify store assignment for repository candidate interface com.hc.dao.OperationlogDao.
2020-07-22 09:19:38.263 [restartedMain] INFO  o.s.d.r.c.RepositoryConfigurationExtensionSupport - Spring Data Redis - Could not safely identify store assignment for repository candidate interface com.hc.dao.UserRightDao.
2020-07-22 09:19:38.263 [restartedMain] INFO  o.s.d.r.c.RepositoryConfigurationExtensionSupport - Spring Data Redis - Could not safely identify store assignment for repository candidate interface com.hc.dao.MonitorEquipmentDao.
2020-07-22 09:19:38.264 [restartedMain] INFO  o.s.d.r.c.RepositoryConfigurationExtensionSupport - Spring Data Redis - Could not safely identify store assignment for repository candidate interface com.hc.dao.MonitorInstrumentDao.
2020-07-22 09:19:38.264 [restartedMain] INFO  o.s.d.r.c.RepositoryConfigurationExtensionSupport - Spring Data Redis - Could not safely identify store assignment for repository candidate interface com.hc.dao.OperationlogdetailDao.
2020-07-22 09:19:38.264 [restartedMain] INFO  o.s.d.r.c.RepositoryConfigurationExtensionSupport - Spring Data Redis - Could not safely identify store assignment for repository candidate interface com.hc.dao.HospitalofreginfoDao.
2020-07-22 09:19:38.264 [restartedMain] INFO  o.s.d.r.c.RepositoryConfigurationExtensionSupport - Spring Data Redis - Could not safely identify store assignment for repository candidate interface com.hc.dao.UserEquipmentRightDao.
2020-07-22 09:19:38.264 [restartedMain] INFO  o.s.d.r.c.RepositoryConfigurationExtensionSupport - Spring Data Redis - Could not safely identify store assignment for repository candidate interface com.hc.dao.MonitorInstrumentTypeDao.
2020-07-22 09:19:38.265 [restartedMain] INFO  o.s.d.r.c.RepositoryConfigurationExtensionSupport - Spring Data Redis - Could not safely identify store assignment for repository candidate interface com.hc.dao.HospitalEquipmentDao.
2020-07-22 09:19:38.516 [restartedMain] INFO  o.springframework.cloud.context.scope.GenericScope - BeanFactory id=fcfcc742-b198-3280-b44a-0b483848a4cd
2020-07-22 09:19:38.555 [restartedMain] INFO  o.s.b.f.a.AutowiredAnnotationBeanPostProcessor - JSR-330 'javax.inject.Inject' annotation found and supported for autowiring
2020-07-22 09:19:38.666 [restartedMain] INFO  o.s.c.s.PostProcessorRegistrationDelegate$BeanPostProcessorChecker - Bean 'org.springframework.transaction.annotation.ProxyTransactionManagementConfiguration' of type [org.springframework.transaction.annotation.ProxyTransactionManagementConfiguration$$EnhancerBySpringCGLIB$$c8033201] is not eligible for getting processed by all BeanPostProcessors (for example: not eligible for auto-proxying)
2020-07-22 09:19:38.700 [restartedMain] INFO  o.s.c.s.PostProcessorRegistrationDelegate$BeanPostProcessorChecker - Bean 'org.springframework.cloud.autoconfigure.ConfigurationPropertiesRebinderAutoConfiguration' of type [org.springframework.cloud.autoconfigure.ConfigurationPropertiesRebinderAutoConfiguration$$EnhancerBySpringCGLIB$$e41d34fe] is not eligible for getting processed by all BeanPostProcessors (for example: not eligible for auto-proxying)
2020-07-22 09:19:39.215 [restartedMain] INFO  o.s.b.c.e.tomcat.TomcatEmbeddedServletContainer - Tomcat initialized with port(s): 8097 (http)
2020-07-22 09:19:39.223 [restartedMain] INFO  org.apache.catalina.core.StandardService - Starting service [Tomcat]
2020-07-22 09:19:39.224 [restartedMain] INFO  org.apache.catalina.core.StandardEngine - Starting Servlet Engine: Apache Tomcat/8.5.23
2020-07-22 09:19:39.350 [localhost-startStop-1] INFO  o.a.c.core.ContainerBase.[Tomcat].[localhost].[/] - Initializing Spring embedded WebApplicationContext
2020-07-22 09:19:39.350 [localhost-startStop-1] INFO  org.springframework.web.context.ContextLoader - Root WebApplicationContext: initialization completed in 3726 ms
2020-07-22 09:19:39.524 [localhost-startStop-1] INFO  o.s.boot.web.servlet.ServletRegistrationBean - Mapping servlet: 'dispatcherServlet' to [/]
2020-07-22 09:19:39.529 [localhost-startStop-1] INFO  o.s.boot.web.servlet.FilterRegistrationBean - Mapping filter: 'characterEncodingFilter' to: [/*]
2020-07-22 09:19:39.530 [localhost-startStop-1] INFO  o.s.boot.web.servlet.FilterRegistrationBean - Mapping filter: 'hiddenHttpMethodFilter' to: [/*]
2020-07-22 09:19:39.530 [localhost-startStop-1] INFO  o.s.boot.web.servlet.FilterRegistrationBean - Mapping filter: 'httpPutFormContentFilter' to: [/*]
2020-07-22 09:19:39.530 [localhost-startStop-1] INFO  o.s.boot.web.servlet.FilterRegistrationBean - Mapping filter: 'requestContextFilter' to: [/*]
2020-07-22 09:19:40.359 [restartedMain] INFO  o.s.orm.jpa.LocalContainerEntityManagerFactoryBean - Building JPA container EntityManagerFactory for persistence unit 'entityManagerFactoryPrimary'
2020-07-22 09:19:40.376 [restartedMain] INFO  org.hibernate.jpa.internal.util.LogHelper - HHH000204: Processing PersistenceUnitInfo [
	name: entityManagerFactoryPrimary
	...]
2020-07-22 09:19:40.532 [restartedMain] INFO  org.hibernate.Version - HHH000412: Hibernate Core {5.0.12.Final}
2020-07-22 09:19:40.534 [restartedMain] INFO  org.hibernate.cfg.Environment - HHH000206: hibernate.properties not found
2020-07-22 09:19:40.534 [restartedMain] INFO  org.hibernate.cfg.Environment - HHH000021: Bytecode provider name : javassist
2020-07-22 09:19:40.612 [restartedMain] INFO  org.hibernate.annotations.common.Version - HCANN000001: Hibernate Commons Annotations {5.0.1.Final}
2020-07-22 09:19:40.804 [restartedMain] INFO  org.hibernate.dialect.Dialect - HHH000400: Using dialect: org.hibernate.dialect.MySQL5Dialect
2020-07-22 09:19:41.046 [restartedMain] WARN  org.hibernate.mapping.RootClass - HHH000038: Composite-id class does not override equals(): com.hc.entity.HospitalequimentKey
2020-07-22 09:19:41.046 [restartedMain] WARN  org.hibernate.mapping.RootClass - HHH000039: Composite-id class does not override hashCode(): com.hc.entity.HospitalequimentKey
2020-07-22 09:19:41.321 [restartedMain] INFO  o.s.orm.jpa.LocalContainerEntityManagerFactoryBean - Initialized JPA EntityManagerFactory for persistence unit 'entityManagerFactoryPrimary'
2020-07-22 09:19:42.164 [restartedMain] INFO  o.h.hql.internal.QueryTranslatorFactoryInitiator - HHH000397: Using ASTQueryTranslatorFactory
2020-07-22 09:19:42.868 [restartedMain] INFO  o.s.w.s.m.m.a.RequestMappingHandlerMapping - Mapped "{[/api/alarmStatistics/getHospitalAlarmInfo],methods=[GET],produces=[application/json]}" onto public com.hc.units.ApiResponse<java.util.List<com.hc.model.ResponseModel.AlarmData>> com.hc.controller.AlarmStatisticsController.getHospitalAralmInfo(java.lang.String,java.lang.String,java.lang.String)
2020-07-22 09:19:42.869 [restartedMain] INFO  o.s.w.s.m.m.a.RequestMappingHandlerMapping - Mapped "{[/api/alarmStatistics/showAllData],methods=[GET],produces=[application/json]}" onto public com.hc.units.ApiResponse<java.util.List<com.hc.model.ResponseModel.ShowData>> com.hc.controller.AlarmStatisticsController.showAllData()
2020-07-22 09:19:42.869 [restartedMain] INFO  o.s.w.s.m.m.a.RequestMappingHandlerMapping - Mapped "{[/api/alarmStatistics/exporeExcle],methods=[GET],produces=[application/json]}" onto public com.hc.units.ApiResponse<java.lang.String> com.hc.controller.AlarmStatisticsController.exporeExcle(javax.servlet.http.HttpServletResponse)
2020-07-22 09:19:42.869 [restartedMain] INFO  o.s.w.s.m.m.a.RequestMappingHandlerMapping - Mapped "{[/api/alarmStatistics/exporeExcles],methods=[GET],produces=[application/json]}" onto public com.hc.units.ApiResponse<java.lang.String> com.hc.controller.AlarmStatisticsController.exporeExcles(javax.servlet.http.HttpServletResponse)
2020-07-22 09:19:42.869 [restartedMain] INFO  o.s.w.s.m.m.a.RequestMappingHandlerMapping - Mapped "{[/api/alarmStatistics/alarmStatisticsShow],methods=[GET],produces=[application/json]}" onto public com.hc.units.ApiResponse<java.util.List<com.hc.model.ResponseModel.AlarmHospitalInfo>> com.hc.controller.AlarmStatisticsController.alarm()
2020-07-22 09:19:42.871 [restartedMain] INFO  o.s.w.s.m.m.a.RequestMappingHandlerMapping - Mapped "{[/api/clientInfo/selectUserInfoPage],methods=[GET],produces=[application/json]}" onto public com.hc.units.ApiResponse<com.github.pagehelper.Page<com.hc.model.ResponseModel.ClientInfoModel>> com.hc.controller.ClientInfoController.selectUserInfoPage(java.lang.String,java.lang.Integer,java.lang.Integer,java.lang.String)
2020-07-22 09:19:42.871 [restartedMain] INFO  o.s.w.s.m.m.a.RequestMappingHandlerMapping - Mapped "{[/api/clientInfo/addUser],methods=[POST],produces=[application/json]}" onto public com.hc.units.ApiResponse<com.hc.entity.Userright> com.hc.controller.ClientInfoController.addUser(com.hc.entity.Userright)
2020-07-22 09:19:42.871 [restartedMain] INFO  o.s.w.s.m.m.a.RequestMappingHandlerMapping - Mapped "{[/api/clientInfo/updateUser],methods=[POST],produces=[application/json]}" onto public com.hc.units.ApiResponse<com.hc.entity.Userright> com.hc.controller.ClientInfoController.updateUser(com.hc.entity.Userright)
2020-07-22 09:19:42.871 [restartedMain] INFO  o.s.w.s.m.m.a.RequestMappingHandlerMapping - Mapped "{[/api/clientInfo/deleteUser],methods=[POST],produces=[application/json]}" onto public com.hc.units.ApiResponse<java.lang.String> com.hc.controller.ClientInfoController.deleteUser(com.hc.entity.Userright)
2020-07-22 09:19:42.873 [restartedMain] INFO  o.s.w.s.m.m.a.RequestMappingHandlerMapping - Mapped "{[/api/equipmentTypeInfo/updateEquipmentType],methods=[POST],produces=[application/json]}" onto public com.hc.units.ApiResponse<java.lang.String> com.hc.controller.HospitalEquipmentTypeController.updateEquipmentType(com.hc.model.RequestModel.EquipmentTypeInfoModel)
2020-07-22 09:19:42.873 [restartedMain] INFO  o.s.w.s.m.m.a.RequestMappingHandlerMapping - Mapped "{[/api/equipmentTypeInfo/deleteEquipmentType],methods=[POST],produces=[application/json]}" onto public com.hc.units.ApiResponse<java.lang.String> com.hc.controller.HospitalEquipmentTypeController.deleteEquipmentType(com.hc.model.RequestModel.EquipmentTypeInfoModel)
2020-07-22 09:19:42.873 [restartedMain] INFO  o.s.w.s.m.m.a.RequestMappingHandlerMapping - Mapped "{[/api/equipmentTypeInfo/selectEquipmentTypePage],methods=[GET],produces=[application/json]}" onto public com.hc.units.ApiResponse<com.github.pagehelper.Page<com.hc.model.ResponseModel.HospitalEquipmentTypeInfoModel>> com.hc.controller.HospitalEquipmentTypeController.selectEquipmentPage(java.lang.String,java.lang.Integer,java.lang.Integer,java.lang.String)
2020-07-22 09:19:42.874 [restartedMain] INFO  o.s.w.s.m.m.a.RequestMappingHandlerMapping - Mapped "{[/api/equipmentTypeInfo/selectAllEquipmentTypeByCode],methods=[GET],produces=[application/json]}" onto public com.hc.units.ApiResponse<java.util.List<com.hc.entity.Monitorequipmenttype>> com.hc.controller.HospitalEquipmentTypeController.selectAllEquipmentTypeByCode(java.lang.String)
2020-07-22 09:19:42.874 [restartedMain] INFO  o.s.w.s.m.m.a.RequestMappingHandlerMapping - Mapped "{[/api/equipmentTypeInfo/selectAllEquipmentType],methods=[GET],produces=[application/json]}" onto public com.hc.units.ApiResponse<java.util.List<com.hc.entity.Monitorequipmenttype>> com.hc.controller.HospitalEquipmentTypeController.selectAllEquipmentType()
2020-07-22 09:19:42.874 [restartedMain] INFO  o.s.w.s.m.m.a.RequestMappingHandlerMapping - Mapped "{[/api/equipmentTypeInfo/addEquipmentType],methods=[POST],produces=[application/json]}" onto public com.hc.units.ApiResponse<java.lang.String> com.hc.controller.HospitalEquipmentTypeController.addEquipmentType(com.hc.model.RequestModel.EquipmentTypeInfoModel)
2020-07-22 09:19:42.875 [restartedMain] INFO  o.s.w.s.m.m.a.RequestMappingHandlerMapping - Mapped "{[/api/hospitalInfo/getHospitalInfoPage],methods=[GET],produces=[application/json]}" onto public com.hc.units.ApiResponse<com.github.pagehelper.Page<com.hc.entity.Hospitalofreginfo>> com.hc.controller.HospitalInfoController.selectHospitalInfoPage(java.lang.String,java.lang.Integer,java.lang.Integer)
2020-07-22 09:19:42.876 [restartedMain] INFO  o.s.w.s.m.m.a.RequestMappingHandlerMapping - Mapped "{[/api/hospitalInfo/updateHospitalInfo],methods=[POST],produces=[application/json]}" onto public com.hc.units.ApiResponse<com.hc.entity.Hospitalofreginfo> com.hc.controller.HospitalInfoController.updateHospitalInfo(com.hc.entity.Hospitalofreginfo)
2020-07-22 09:19:42.876 [restartedMain] INFO  o.s.w.s.m.m.a.RequestMappingHandlerMapping - Mapped "{[/api/hospitalInfo/deleteHospitalInfo],methods=[POST],produces=[application/json]}" onto public com.hc.units.ApiResponse<java.lang.String> com.hc.controller.HospitalInfoController.deleteHospitalInfo(com.hc.entity.Hospitalofreginfo)
2020-07-22 09:19:42.876 [restartedMain] INFO  o.s.w.s.m.m.a.RequestMappingHandlerMapping - Mapped "{[/api/hospitalInfo/getHospitalInfo],methods=[GET],produces=[application/json]}" onto public com.hc.units.ApiResponse<java.util.List<com.hc.entity.Hospitalofreginfo>> com.hc.controller.HospitalInfoController.selectHospitalInfo()
2020-07-22 09:19:42.876 [restartedMain] INFO  o.s.w.s.m.m.a.RequestMappingHandlerMapping - Mapped "{[/api/hospitalInfo/addHospitalInfo],methods=[POST],produces=[application/json]}" onto public com.hc.units.ApiResponse<com.hc.entity.Hospitalofreginfo> com.hc.controller.HospitalInfoController.addHospitalInfo(com.hc.entity.Hospitalofreginfo)
2020-07-22 09:19:42.878 [restartedMain] INFO  o.s.w.s.m.m.a.RequestMappingHandlerMapping - Mapped "{[/api/instrumentInfo/addInstrumentParam],methods=[POST],produces=[application/json]}" onto public com.hc.units.ApiResponse<java.lang.String> com.hc.controller.InstrumentInfoController.addInstrumentParam(com.hc.model.RequestModel.InstrumentInfoModel)
2020-07-22 09:19:42.879 [restartedMain] INFO  o.s.w.s.m.m.a.RequestMappingHandlerMapping - Mapped "{[/api/instrumentInfo/showInsType],methods=[GET],produces=[application/json]}" onto public com.hc.units.ApiResponse<java.util.List<com.hc.entity.Monitorinstrumenttype>> com.hc.controller.InstrumentInfoController.showInstrumentType()
2020-07-22 09:19:42.879 [restartedMain] INFO  o.s.w.s.m.m.a.RequestMappingHandlerMapping - Mapped "{[/api/instrumentInfo/selectInstrumentPage],methods=[POST],produces=[application/json]}" onto public com.hc.units.ApiResponse<com.github.pagehelper.Page<com.hc.model.ResponseModel.AllInstrumentInfoModel>> com.hc.controller.InstrumentInfoController.selectInstrumentPage(com.hc.model.RequestModel.InstrumentPageModel)
2020-07-22 09:19:42.879 [restartedMain] INFO  o.s.w.s.m.m.a.RequestMappingHandlerMapping - Mapped "{[/api/instrumentInfo/addInstrument],methods=[POST],produces=[application/json]}" onto public com.hc.units.ApiResponse<java.lang.String> com.hc.controller.InstrumentInfoController.addInstrument(com.hc.model.RequestModel.InstrumentInfoModel)
2020-07-22 09:19:42.879 [restartedMain] INFO  o.s.w.s.m.m.a.RequestMappingHandlerMapping - Mapped "{[/api/instrumentInfo/deleteInstrument],methods=[POST],produces=[application/json]}" onto public com.hc.units.ApiResponse<java.lang.String> com.hc.controller.InstrumentInfoController.deleteInstrument(com.hc.model.RequestModel.InstrumentInfoModel)
2020-07-22 09:19:42.880 [restartedMain] INFO  o.s.w.s.m.m.a.RequestMappingHandlerMapping - Mapped "{[/api/instrumentInfo/updateInstrument],methods=[POST],produces=[application/json]}" onto public com.hc.units.ApiResponse<java.lang.String> com.hc.controller.InstrumentInfoController.updateInstrument(com.hc.model.RequestModel.InstrumentInfoModel)
2020-07-22 09:19:42.884 [restartedMain] INFO  o.s.w.s.m.m.a.RequestMappingHandlerMapping - Mapped "{[/api/equipmentInfo/updateEquipment],methods=[POST],produces=[application/json]}" onto public com.hc.units.ApiResponse<java.lang.String> com.hc.controller.MonitorEquipmentController.updateEquipmentType(com.hc.model.RequestModel.EquipmentInfoModel)
2020-07-22 09:19:42.885 [restartedMain] INFO  o.s.w.s.m.m.a.RequestMappingHandlerMapping - Mapped "{[/api/equipmentInfo/deleteEquipment],methods=[POST],produces=[application/json]}" onto public com.hc.units.ApiResponse<java.lang.String> com.hc.controller.MonitorEquipmentController.deleteEquipmentType(com.hc.model.RequestModel.EquipmentInfoModel)
2020-07-22 09:19:42.885 [restartedMain] INFO  o.s.w.s.m.m.a.RequestMappingHandlerMapping - Mapped "{[/api/equipmentInfo/selectEquipmentPage],methods=[GET],produces=[application/json]}" onto public com.hc.units.ApiResponse<com.github.pagehelper.Page<com.hc.model.ResponseModel.MonitorEquipmentInfoModel>> com.hc.controller.MonitorEquipmentController.selectEquipmentPage(java.lang.String,java.lang.Integer,java.lang.Integer,java.lang.String,java.lang.String)
2020-07-22 09:19:42.885 [restartedMain] INFO  o.s.w.s.m.m.a.RequestMappingHandlerMapping - Mapped "{[/api/equipmentInfo/selectAllEquipmentByCode],methods=[GET],produces=[application/json]}" onto public com.hc.units.ApiResponse<java.util.List<com.hc.entity.Monitorequipment>> com.hc.controller.MonitorEquipmentController.selectAllEquipmentTypeByCode(java.lang.String,java.lang.String)
2020-07-22 09:19:42.885 [restartedMain] INFO  o.s.w.s.m.m.a.RequestMappingHandlerMapping - Mapped "{[/api/equipmentInfo/showInstrumentInfo],methods=[GET],produces=[application/json]}" onto public com.hc.units.ApiResponse<java.util.List<com.hc.entity.Monitorinstrument>> com.hc.controller.MonitorEquipmentController.showInstrumentInfo(java.lang.String,java.lang.Integer,java.lang.String)
2020-07-22 09:19:42.886 [restartedMain] INFO  o.s.w.s.m.m.a.RequestMappingHandlerMapping - Mapped "{[/api/equipmentInfo/showInstrumentType],methods=[GET],produces=[application/json]}" onto public com.hc.units.ApiResponse<java.util.List<com.hc.entity.Monitorinstrumenttype>> com.hc.controller.MonitorEquipmentController.showInstrumentType(java.lang.String)
2020-07-22 09:19:42.886 [restartedMain] INFO  o.s.w.s.m.m.a.RequestMappingHandlerMapping - Mapped "{[/api/equipmentInfo/addWireEquipment],methods=[POST],produces=[application/json]}" onto public com.hc.units.ApiResponse<java.lang.String> com.hc.controller.MonitorEquipmentController.addWireEquipmentType(com.hc.model.RequestModel.EquipmentInfoModel)
2020-07-22 09:19:42.886 [restartedMain] INFO  o.s.w.s.m.m.a.RequestMappingHandlerMapping - Mapped "{[/api/equipmentInfo/addEquipment],methods=[POST],produces=[application/json]}" onto public com.hc.units.ApiResponse<java.lang.String> com.hc.controller.MonitorEquipmentController.addEquipmentType(com.hc.model.RequestModel.EquipmentInfoModel)
2020-07-22 09:19:42.886 [restartedMain] INFO  o.s.w.s.m.m.a.RequestMappingHandlerMapping - Mapped "{[/info]}" onto public java.lang.String com.hc.controller.MyController.testA()
2020-07-22 09:19:42.887 [restartedMain] INFO  o.s.w.s.m.m.a.RequestMappingHandlerMapping - Mapped "{[/api/log/getAllLog],methods=[GET],produces=[application/json]}" onto public com.hc.units.ApiResponse<com.github.pagehelper.Page<com.hc.entity.Operationlog>> com.hc.controller.OperationlogdetailMapper.getAllLog(java.lang.String,java.lang.Integer,java.lang.Integer,java.lang.String,java.lang.String,java.lang.String,java.lang.String,java.lang.String)
2020-07-22 09:19:42.887 [restartedMain] INFO  o.s.w.s.m.m.a.RequestMappingHandlerMapping - Mapped "{[/api/log/getlogDeatil],methods=[GET],produces=[application/json]}" onto public com.hc.units.ApiResponse<java.util.List<com.hc.entity.Operationlogdetail>> com.hc.controller.OperationlogdetailMapper.getlogDeatil(java.lang.String)
2020-07-22 09:19:42.888 [restartedMain] INFO  o.s.w.s.m.m.a.RequestMappingHandlerMapping - Mapped "{[/api/repairinfo/getsn],methods=[GET],produces=[application/json]}" onto public com.hc.units.ApiResponse<java.util.List<com.hc.entity.Monitorinstrument>> com.hc.controller.RepairinfoController.getSn(java.lang.String)
2020-07-22 09:19:42.890 [restartedMain] INFO  o.s.w.s.m.m.a.RequestMappingHandlerMapping - Mapped "{[/api/repairinfo/addRepairinfo],methods=[POST],produces=[application/json]}" onto public com.hc.units.ApiResponse<com.hc.entity.Repairinfo> com.hc.controller.RepairinfoController.addRepairinfo(com.hc.entity.Repairinfo)
2020-07-22 09:19:42.890 [restartedMain] INFO  o.s.w.s.m.m.a.RequestMappingHandlerMapping - Mapped "{[/api/repairinfo/updateRepairinfo],methods=[POST],produces=[application/json]}" onto public com.hc.units.ApiResponse<java.lang.String> com.hc.controller.RepairinfoController.updateRepairinfo(com.hc.entity.Repairinfo)
2020-07-22 09:19:42.890 [restartedMain] INFO  o.s.w.s.m.m.a.RequestMappingHandlerMapping - Mapped "{[/api/repairinfo/selectPageInfo],methods=[GET],produces=[application/json]}" onto public com.hc.units.ApiResponse<com.github.pagehelper.Page<com.hc.entity.Repairinfo>> com.hc.controller.RepairinfoController.selectPageInfo(java.lang.String,java.lang.Integer,java.lang.Integer,java.lang.String,java.lang.String,java.lang.String,java.lang.String,java.lang.String)
2020-07-22 09:19:42.890 [restartedMain] INFO  o.s.w.s.m.m.a.RequestMappingHandlerMapping - Mapped "{[/api/repairinfo/deleteRepairinfo],methods=[POST],produces=[application/json]}" onto public com.hc.units.ApiResponse<java.lang.String> com.hc.controller.RepairinfoController.deleteRepairinfo(com.hc.entity.Repairinfo)
2020-07-22 09:19:42.891 [restartedMain] INFO  o.s.w.s.m.m.a.RequestMappingHandlerMapping - Mapped "{[/api/userAuthorInfo/selectUserAuthorInfoPage],methods=[GET],produces=[application/json]}" onto public com.hc.units.ApiResponse<com.github.pagehelper.Page<com.hc.model.ResponseModel.UserAuthInfoModel>> com.hc.controller.UserAuthorController.selectUserAuthorInfoPage(java.lang.Integer,java.lang.Integer)
2020-07-22 09:19:42.891 [restartedMain] INFO  o.s.w.s.m.m.a.RequestMappingHandlerMapping - Mapped "{[/api/userAuthorInfo/updateUserAuthor],methods=[POST],produces=[application/json]}" onto public com.hc.units.ApiResponse<java.lang.String> com.hc.controller.UserAuthorController.updateUserAuthor(com.hc.model.RequestModel.UserauthorInfoModel)
2020-07-22 09:19:42.892 [restartedMain] INFO  o.s.w.s.m.m.a.RequestMappingHandlerMapping - Mapped "{[/api/userBackInfo/updatePwd],methods=[POST],produces=[application/json]}" onto public com.hc.units.ApiResponse<java.lang.String> com.hc.controller.UserInfoController.updatePwd(com.hc.entity.Userback)
2020-07-22 09:19:42.892 [restartedMain] INFO  o.s.w.s.m.m.a.RequestMappingHandlerMapping - Mapped "{[/api/userBackInfo/userLogin],methods=[POST],produces=[application/json]}" onto public com.hc.units.ApiResponse<java.lang.String> com.hc.controller.UserInfoController.userLogin(com.hc.entity.Userback)
2020-07-22 09:19:42.893 [restartedMain] INFO  o.s.w.s.m.m.a.RequestMappingHandlerMapping - Mapped "{[/v2/api-docs],methods=[GET],produces=[application/json || application/hal+json]}" onto public org.springframework.http.ResponseEntity<springfox.documentation.spring.web.json.Json> springfox.documentation.swagger2.web.Swagger2Controller.getDocumentation(java.lang.String,javax.servlet.http.HttpServletRequest)
2020-07-22 09:19:42.894 [restartedMain] INFO  o.s.w.s.m.m.a.RequestMappingHandlerMapping - Mapped "{[/swagger-resources]}" onto org.springframework.http.ResponseEntity<java.util.List<springfox.documentation.swagger.web.SwaggerResource>> springfox.documentation.swagger.web.ApiResourceController.swaggerResources()
2020-07-22 09:19:42.895 [restartedMain] INFO  o.s.w.s.m.m.a.RequestMappingHandlerMapping - Mapped "{[/swagger-resources/configuration/ui]}" onto org.springframework.http.ResponseEntity<springfox.documentation.swagger.web.UiConfiguration> springfox.documentation.swagger.web.ApiResourceController.uiConfiguration()
2020-07-22 09:19:42.895 [restartedMain] INFO  o.s.w.s.m.m.a.RequestMappingHandlerMapping - Mapped "{[/swagger-resources/configuration/security]}" onto org.springframework.http.ResponseEntity<springfox.documentation.swagger.web.SecurityConfiguration> springfox.documentation.swagger.web.ApiResourceController.securityConfiguration()
2020-07-22 09:19:42.897 [restartedMain] INFO  o.s.w.s.m.m.a.RequestMappingHandlerMapping - Mapped "{[/error]}" onto public org.springframework.http.ResponseEntity<java.util.Map<java.lang.String, java.lang.Object>> org.springframework.boot.autoconfigure.web.BasicErrorController.error(javax.servlet.http.HttpServletRequest)
2020-07-22 09:19:42.898 [restartedMain] INFO  o.s.w.s.m.m.a.RequestMappingHandlerMapping - Mapped "{[/error],produces=[text/html]}" onto public org.springframework.web.servlet.ModelAndView org.springframework.boot.autoconfigure.web.BasicErrorController.errorHtml(javax.servlet.http.HttpServletRequest,javax.servlet.http.HttpServletResponse)
2020-07-22 09:19:43.639 [restartedMain] INFO  o.s.w.s.m.m.a.RequestMappingHandlerAdapter - Looking for @ControllerAdvice: org.springframework.boot.context.embedded.AnnotationConfigEmbeddedWebApplicationContext@58a6d66a: startup date [Wed Jul 22 09:19:35 CST 2020]; parent: org.springframework.context.annotation.AnnotationConfigApplicationContext@7b3a75f3
2020-07-22 09:19:43.704 [restartedMain] INFO  o.s.web.servlet.handler.SimpleUrlHandlerMapping - Mapped URL path [/swagger-ui.html] onto handler of type [class org.springframework.web.servlet.resource.ResourceHttpRequestHandler]
2020-07-22 09:19:43.704 [restartedMain] INFO  o.s.web.servlet.handler.SimpleUrlHandlerMapping - Mapped URL path [/static*] onto handler of type [class org.springframework.web.servlet.resource.ResourceHttpRequestHandler]
2020-07-22 09:19:43.704 [restartedMain] INFO  o.s.web.servlet.handler.SimpleUrlHandlerMapping - Mapped URL path [/webjars/**] onto handler of type [class org.springframework.web.servlet.resource.ResourceHttpRequestHandler]
2020-07-22 09:19:43.704 [restartedMain] INFO  o.s.web.servlet.handler.SimpleUrlHandlerMapping - Mapped URL path [/**] onto handler of type [class org.springframework.web.servlet.resource.ResourceHttpRequestHandler]
2020-07-22 09:19:43.767 [restartedMain] INFO  o.s.web.servlet.handler.SimpleUrlHandlerMapping - Mapped URL path [/**/favicon.ico] onto handler of type [class org.springframework.web.servlet.resource.ResourceHttpRequestHandler]
2020-07-22 09:19:44.324 [restartedMain] INFO  o.s.b.d.autoconfigure.OptionalLiveReloadServer - LiveReload server is running on port 35729
2020-07-22 09:19:44.421 [restartedMain] WARN  com.netflix.config.sources.URLConfigurationSource - No URLs will be polled as dynamic configuration sources.
2020-07-22 09:19:44.421 [restartedMain] INFO  com.netflix.config.sources.URLConfigurationSource - To enable URLs as dynamic configuration sources, define System property archaius.configurationSource.additionalUrls or make config.properties available on classpath.
2020-07-22 09:19:44.434 [restartedMain] WARN  com.netflix.config.sources.URLConfigurationSource - No URLs will be polled as dynamic configuration sources.
2020-07-22 09:19:44.434 [restartedMain] INFO  com.netflix.config.sources.URLConfigurationSource - To enable URLs as dynamic configuration sources, define System property archaius.configurationSource.additionalUrls or make config.properties available on classpath.
2020-07-22 09:19:44.495 [restartedMain] INFO  o.s.jmx.export.annotation.AnnotationMBeanExporter - Registering beans for JMX exposure on startup
2020-07-22 09:19:44.503 [restartedMain] INFO  o.s.jmx.export.annotation.AnnotationMBeanExporter - Bean with name 'environmentManager' has been autodetected for JMX exposure
2020-07-22 09:19:44.504 [restartedMain] INFO  o.s.jmx.export.annotation.AnnotationMBeanExporter - Bean with name 'configurationPropertiesRebinder' has been autodetected for JMX exposure
2020-07-22 09:19:44.505 [restartedMain] INFO  o.s.jmx.export.annotation.AnnotationMBeanExporter - Bean with name 'refreshScope' has been autodetected for JMX exposure
2020-07-22 09:19:44.507 [restartedMain] INFO  o.s.jmx.export.annotation.AnnotationMBeanExporter - Located managed bean 'environmentManager': registering with JMX server as MBean [org.springframework.cloud.context.environment:name=environmentManager,type=EnvironmentManager]
2020-07-22 09:19:44.520 [restartedMain] INFO  o.s.jmx.export.annotation.AnnotationMBeanExporter - Located managed bean 'refreshScope': registering with JMX server as MBean [org.springframework.cloud.context.scope.refresh:name=refreshScope,type=RefreshScope]
2020-07-22 09:19:44.530 [restartedMain] INFO  o.s.jmx.export.annotation.AnnotationMBeanExporter - Located managed bean 'configurationPropertiesRebinder': registering with JMX server as MBean [org.springframework.cloud.context.properties:name=configurationPropertiesRebinder,context=58a6d66a,type=ConfigurationPropertiesRebinder]
2020-07-22 09:19:45.180 [restartedMain] INFO  o.s.context.support.DefaultLifecycleProcessor - Starting beans in phase 0
2020-07-22 09:19:45.186 [restartedMain] INFO  o.s.cloud.netflix.eureka.InstanceInfoFactory - Setting initial instance status as: STARTING
2020-07-22 09:19:45.244 [restartedMain] INFO  com.netflix.discovery.DiscoveryClient - Initializing Eureka in region us-east-1
2020-07-22 09:19:45.558 [restartedMain] INFO  c.n.discovery.provider.DiscoveryJerseyProvider - Using JSON encoding codec LegacyJacksonJson
2020-07-22 09:19:45.559 [restartedMain] INFO  c.n.discovery.provider.DiscoveryJerseyProvider - Using JSON decoding codec LegacyJacksonJson
2020-07-22 09:19:45.681 [restartedMain] INFO  c.n.discovery.provider.DiscoveryJerseyProvider - Using XML encoding codec XStreamXml
2020-07-22 09:19:45.681 [restartedMain] INFO  c.n.discovery.provider.DiscoveryJerseyProvider - Using XML decoding codec XStreamXml
2020-07-22 09:19:45.885 [restartedMain] INFO  c.n.d.shared.resolver.aws.ConfigClusterResolver - Resolving eureka endpoints via configuration
2020-07-22 09:19:45.977 [restartedMain] INFO  com.netflix.discovery.DiscoveryClient - Disable delta property : false
2020-07-22 09:19:45.977 [restartedMain] INFO  com.netflix.discovery.DiscoveryClient - Single vip registry refresh property : null
2020-07-22 09:19:45.977 [restartedMain] INFO  com.netflix.discovery.DiscoveryClient - Force full registry fetch : false
2020-07-22 09:19:45.977 [restartedMain] INFO  com.netflix.discovery.DiscoveryClient - Application is null : false
2020-07-22 09:19:45.977 [restartedMain] INFO  com.netflix.discovery.DiscoveryClient - Registered Applications size is zero : true
2020-07-22 09:19:45.977 [restartedMain] INFO  com.netflix.discovery.DiscoveryClient - Application version is -1: true
2020-07-22 09:19:45.977 [restartedMain] INFO  com.netflix.discovery.DiscoveryClient - Getting all instance registry info from the eureka server
2020-07-22 09:19:46.386 [restartedMain] INFO  com.netflix.discovery.DiscoveryClient - The response status is 200
2020-07-22 09:19:46.387 [restartedMain] INFO  com.netflix.discovery.DiscoveryClient - Starting heartbeat executor: renew interval is: 30
2020-07-22 09:19:46.389 [restartedMain] INFO  com.netflix.discovery.InstanceInfoReplicator - InstanceInfoReplicator onDemand update allowed rate per min is 4
2020-07-22 09:19:46.391 [restartedMain] INFO  com.netflix.discovery.DiscoveryClient - Discovery Client initialized at timestamp 1595380786391 with initial instances count: 4
2020-07-22 09:19:46.417 [restartedMain] INFO  o.s.c.n.e.serviceregistry.EurekaServiceRegistry - Registering application HC-HTGL-ms with eureka with status UP
2020-07-22 09:19:46.418 [restartedMain] INFO  com.netflix.discovery.DiscoveryClient - Saw local status change event StatusChangeEvent [timestamp=1595380786418, current=UP, previous=STARTING]
2020-07-22 09:19:46.419 [DiscoveryClient-InstanceInfoReplicator-0] INFO  com.netflix.discovery.DiscoveryClient - DiscoveryClient_HC-HTGL-MS/PC-20190801IFVM:HC-HTGL-ms:8097: registering service...
2020-07-22 09:19:46.420 [restartedMain] INFO  o.s.context.support.DefaultLifecycleProcessor - Starting beans in phase 2147483647
2020-07-22 09:19:46.420 [restartedMain] INFO  s.d.s.web.plugins.DocumentationPluginsBootstrapper - Context refreshed
2020-07-22 09:19:46.435 [restartedMain] INFO  s.d.s.web.plugins.DocumentationPluginsBootstrapper - Found 1 custom documentation plugin(s)
2020-07-22 09:19:46.447 [restartedMain] INFO  s.d.spring.web.scanners.ApiListingReferenceScanner - Scanning for api listing references
2020-07-22 09:19:46.450 [DiscoveryClient-InstanceInfoReplicator-0] INFO  com.netflix.discovery.DiscoveryClient - DiscoveryClient_HC-HTGL-MS/PC-20190801IFVM:HC-HTGL-ms:8097 - registration status: 204
2020-07-22 09:19:46.775 [restartedMain] INFO  s.d.s.w.r.operation.CachingOperationNameGenerator - Generating unique operation named: addEquipmentTypeUsingPOST_1
2020-07-22 09:19:46.785 [restartedMain] INFO  s.d.s.w.r.operation.CachingOperationNameGenerator - Generating unique operation named: deleteEquipmentTypeUsingPOST_1
2020-07-22 09:19:46.793 [restartedMain] INFO  s.d.s.w.r.operation.CachingOperationNameGenerator - Generating unique operation named: selectAllEquipmentTypeByCodeUsingGET_1
2020-07-22 09:19:46.804 [restartedMain] INFO  s.d.s.w.r.operation.CachingOperationNameGenerator - Generating unique operation named: selectEquipmentPageUsingGET_1
2020-07-22 09:19:46.818 [restartedMain] INFO  s.d.s.w.r.operation.CachingOperationNameGenerator - Generating unique operation named: showInstrumentTypeUsingGET_1
2020-07-22 09:19:46.824 [restartedMain] INFO  s.d.s.w.r.operation.CachingOperationNameGenerator - Generating unique operation named: updateEquipmentTypeUsingPOST_1
2020-07-22 09:19:46.945 [restartedMain] INFO  o.s.b.c.e.tomcat.TomcatEmbeddedServletContainer - Tomcat started on port(s): 8097 (http)
2020-07-22 09:19:46.946 [restartedMain] INFO  o.s.c.n.e.s.EurekaAutoServiceRegistration - Updating port to 8097
2020-07-22 09:20:03.691 [restartedMain] INFO  com.hc.config.PoliceStationInfoCache - 执行探头信息同步
2020-07-22 09:20:03.692 [restartedMain] INFO  com.hc.SpringServiceAApplication - Started SpringServiceAApplication in 29.383 seconds (JVM running for 30.316)
2020-07-22 09:20:10.303 [http-nio-8097-exec-1] INFO  o.a.c.core.ContainerBase.[Tomcat].[localhost].[/] - Initializing Spring FrameworkServlet 'dispatcherServlet'
2020-07-22 09:20:10.304 [http-nio-8097-exec-1] INFO  org.springframework.web.servlet.DispatcherServlet - FrameworkServlet 'dispatcherServlet': initialization started
2020-07-22 09:20:10.329 [http-nio-8097-exec-1] INFO  org.springframework.web.servlet.DispatcherServlet - FrameworkServlet 'dispatcherServlet': initialization completed in 25 ms
2020-07-22 09:20:10.559 [http-nio-8097-exec-4] INFO  com.hc.interpector.LoginInterceptor - LoginInterceptor 调用接口！================== Url:/swagger-resources/configuration/ui;Token:null;SessionID:8FB291AFA19E2EB1FEF6958FF7D03E0A
2020-07-22 09:20:10.559 [http-nio-8097-exec-4] INFO  com.hc.interpector.LoginInterceptor - 匹配上了，直接放行：/swagger-resources/configuration/ui
2020-07-22 09:20:10.618 [http-nio-8097-exec-8] INFO  com.hc.interpector.LoginInterceptor - LoginInterceptor 调用接口！================== Url:/swagger-resources;Token:null;SessionID:8FB291AFA19E2EB1FEF6958FF7D03E0A
2020-07-22 09:20:10.618 [http-nio-8097-exec-8] INFO  com.hc.interpector.LoginInterceptor - 匹配上了，直接放行：/swagger-resources
2020-07-22 09:20:10.630 [http-nio-8097-exec-6] INFO  com.hc.interpector.LoginInterceptor - LoginInterceptor 调用接口！================== Url:/v2/api-docs;Token:null;SessionID:8FB291AFA19E2EB1FEF6958FF7D03E0A
2020-07-22 09:20:10.631 [http-nio-8097-exec-6] INFO  com.hc.interpector.LoginInterceptor - 匹配上了，直接放行：/v2/api-docs
2020-07-22 09:20:11.218 [http-nio-8097-exec-7] INFO  com.hc.interpector.LoginInterceptor - LoginInterceptor 调用接口！================== Url:/swagger-resources/configuration/security;Token:null;SessionID:8FB291AFA19E2EB1FEF6958FF7D03E0A
2020-07-22 09:20:11.219 [http-nio-8097-exec-7] INFO  com.hc.interpector.LoginInterceptor - 未匹配 NO_INTERCEPTOR_PATH path : /swagger-resources/configuration/security
2020-07-22 09:20:11.219 [http-nio-8097-exec-7] INFO  com.hc.interpector.LoginInterceptor - token为空
2020-07-22 09:21:56.971 [restartedMain] INFO  o.s.c.a.AnnotationConfigApplicationContext - Refreshing org.springframework.context.annotation.AnnotationConfigApplicationContext@5614b89c: startup date [Wed Jul 22 09:21:56 CST 2020]; root of context hierarchy
2020-07-22 09:21:57.350 [restartedMain] INFO  o.s.b.f.a.AutowiredAnnotationBeanPostProcessor - JSR-330 'javax.inject.Inject' annotation found and supported for autowiring
2020-07-22 09:21:57.414 [restartedMain] INFO  o.s.c.s.PostProcessorRegistrationDelegate$BeanPostProcessorChecker - Bean 'configurationPropertiesRebinderAutoConfiguration' of type [org.springframework.cloud.autoconfigure.ConfigurationPropertiesRebinderAutoConfiguration$$EnhancerBySpringCGLIB$$f0d0fc99] is not eligible for getting processed by all BeanPostProcessors (for example: not eligible for auto-proxying)
2020-07-22 09:21:57.957 [restartedMain] INFO  com.hc.SpringServiceAApplication - No active profile set, falling back to default profiles: default
2020-07-22 09:21:57.971 [restartedMain] INFO  o.s.b.c.e.AnnotationConfigEmbeddedWebApplicationContext - Refreshing org.springframework.boot.context.embedded.AnnotationConfigEmbeddedWebApplicationContext@f71e447: startup date [Wed Jul 22 09:21:57 CST 2020]; parent: org.springframework.context.annotation.AnnotationConfigApplicationContext@5614b89c
2020-07-22 09:21:59.639 [restartedMain] INFO  o.s.d.r.config.RepositoryConfigurationDelegate - Multiple Spring Data modules found, entering strict repository configuration mode!
2020-07-22 09:21:59.718 [restartedMain] WARN  org.mybatis.spring.mapper.ClassPathMapperScanner - No MyBatis mapper was found in '[com.hc.mapper.laboratoryMain]' package. Please check your configuration.
2020-07-22 09:22:00.010 [restartedMain] INFO  o.s.d.r.config.RepositoryConfigurationDelegate - Multiple Spring Data modules found, entering strict repository configuration mode!
2020-07-22 09:22:00.164 [restartedMain] INFO  o.s.d.r.c.RepositoryConfigurationExtensionSupport - Spring Data Redis - Could not safely identify store assignment for repository candidate interface com.hc.dao.InstrumentParamConfigDao.
2020-07-22 09:22:00.168 [restartedMain] INFO  o.s.d.r.c.RepositoryConfigurationExtensionSupport - Spring Data Redis - Could not safely identify store assignment for repository candidate interface com.hc.dao.RepairinfoDao.
2020-07-22 09:22:00.169 [restartedMain] INFO  o.s.d.r.c.RepositoryConfigurationExtensionSupport - Spring Data Redis - Could not safely identify store assignment for repository candidate interface com.hc.dao.OperationlogDao.
2020-07-22 09:22:00.170 [restartedMain] INFO  o.s.d.r.c.RepositoryConfigurationExtensionSupport - Spring Data Redis - Could not safely identify store assignment for repository candidate interface com.hc.dao.UserRightDao.
2020-07-22 09:22:00.170 [restartedMain] INFO  o.s.d.r.c.RepositoryConfigurationExtensionSupport - Spring Data Redis - Could not safely identify store assignment for repository candidate interface com.hc.dao.MonitorEquipmentDao.
2020-07-22 09:22:00.170 [restartedMain] INFO  o.s.d.r.c.RepositoryConfigurationExtensionSupport - Spring Data Redis - Could not safely identify store assignment for repository candidate interface com.hc.dao.MonitorInstrumentDao.
2020-07-22 09:22:00.170 [restartedMain] INFO  o.s.d.r.c.RepositoryConfigurationExtensionSupport - Spring Data Redis - Could not safely identify store assignment for repository candidate interface com.hc.dao.OperationlogdetailDao.
2020-07-22 09:22:00.171 [restartedMain] INFO  o.s.d.r.c.RepositoryConfigurationExtensionSupport - Spring Data Redis - Could not safely identify store assignment for repository candidate interface com.hc.dao.HospitalofreginfoDao.
2020-07-22 09:22:00.171 [restartedMain] INFO  o.s.d.r.c.RepositoryConfigurationExtensionSupport - Spring Data Redis - Could not safely identify store assignment for repository candidate interface com.hc.dao.UserEquipmentRightDao.
2020-07-22 09:22:00.171 [restartedMain] INFO  o.s.d.r.c.RepositoryConfigurationExtensionSupport - Spring Data Redis - Could not safely identify store assignment for repository candidate interface com.hc.dao.MonitorInstrumentTypeDao.
2020-07-22 09:22:00.171 [restartedMain] INFO  o.s.d.r.c.RepositoryConfigurationExtensionSupport - Spring Data Redis - Could not safely identify store assignment for repository candidate interface com.hc.dao.HospitalEquipmentDao.
2020-07-22 09:22:00.448 [restartedMain] INFO  o.springframework.cloud.context.scope.GenericScope - BeanFactory id=fcfcc742-b198-3280-b44a-0b483848a4cd
2020-07-22 09:22:00.480 [restartedMain] INFO  o.s.b.f.a.AutowiredAnnotationBeanPostProcessor - JSR-330 'javax.inject.Inject' annotation found and supported for autowiring
2020-07-22 09:22:00.666 [restartedMain] INFO  o.s.c.s.PostProcessorRegistrationDelegate$BeanPostProcessorChecker - Bean 'org.springframework.transaction.annotation.ProxyTransactionManagementConfiguration' of type [org.springframework.transaction.annotation.ProxyTransactionManagementConfiguration$$EnhancerBySpringCGLIB$$d4b6f99c] is not eligible for getting processed by all BeanPostProcessors (for example: not eligible for auto-proxying)
2020-07-22 09:22:00.724 [restartedMain] INFO  o.s.c.s.PostProcessorRegistrationDelegate$BeanPostProcessorChecker - Bean 'org.springframework.cloud.autoconfigure.ConfigurationPropertiesRebinderAutoConfiguration' of type [org.springframework.cloud.autoconfigure.ConfigurationPropertiesRebinderAutoConfiguration$$EnhancerBySpringCGLIB$$f0d0fc99] is not eligible for getting processed by all BeanPostProcessors (for example: not eligible for auto-proxying)
2020-07-22 09:22:01.129 [restartedMain] INFO  o.s.b.c.e.tomcat.TomcatEmbeddedServletContainer - Tomcat initialized with port(s): 8097 (http)
2020-07-22 09:22:01.138 [restartedMain] INFO  org.apache.catalina.core.StandardService - Starting service [Tomcat]
2020-07-22 09:22:01.139 [restartedMain] INFO  org.apache.catalina.core.StandardEngine - Starting Servlet Engine: Apache Tomcat/8.5.23
2020-07-22 09:22:01.296 [localhost-startStop-1] INFO  o.a.c.core.ContainerBase.[Tomcat].[localhost].[/] - Initializing Spring embedded WebApplicationContext
2020-07-22 09:22:01.296 [localhost-startStop-1] INFO  org.springframework.web.context.ContextLoader - Root WebApplicationContext: initialization completed in 3325 ms
2020-07-22 09:22:01.634 [localhost-startStop-1] INFO  o.s.boot.web.servlet.ServletRegistrationBean - Mapping servlet: 'dispatcherServlet' to [/]
2020-07-22 09:22:01.640 [localhost-startStop-1] INFO  o.s.boot.web.servlet.FilterRegistrationBean - Mapping filter: 'characterEncodingFilter' to: [/*]
2020-07-22 09:22:01.640 [localhost-startStop-1] INFO  o.s.boot.web.servlet.FilterRegistrationBean - Mapping filter: 'hiddenHttpMethodFilter' to: [/*]
2020-07-22 09:22:01.640 [localhost-startStop-1] INFO  o.s.boot.web.servlet.FilterRegistrationBean - Mapping filter: 'httpPutFormContentFilter' to: [/*]
2020-07-22 09:22:01.641 [localhost-startStop-1] INFO  o.s.boot.web.servlet.FilterRegistrationBean - Mapping filter: 'requestContextFilter' to: [/*]
2020-07-22 09:22:02.346 [restartedMain] INFO  o.s.orm.jpa.LocalContainerEntityManagerFactoryBean - Building JPA container EntityManagerFactory for persistence unit 'entityManagerFactoryPrimary'
2020-07-22 09:22:02.430 [restartedMain] INFO  org.hibernate.jpa.internal.util.LogHelper - HHH000204: Processing PersistenceUnitInfo [
	name: entityManagerFactoryPrimary
	...]
2020-07-22 09:22:02.496 [restartedMain] INFO  org.hibernate.Version - HHH000412: Hibernate Core {5.0.12.Final}
2020-07-22 09:22:02.498 [restartedMain] INFO  org.hibernate.cfg.Environment - HHH000206: hibernate.properties not found
2020-07-22 09:22:02.499 [restartedMain] INFO  org.hibernate.cfg.Environment - HHH000021: Bytecode provider name : javassist
2020-07-22 09:22:02.549 [restartedMain] INFO  org.hibernate.annotations.common.Version - HCANN000001: Hibernate Commons Annotations {5.0.1.Final}
2020-07-22 09:22:02.711 [restartedMain] INFO  org.hibernate.dialect.Dialect - HHH000400: Using dialect: org.hibernate.dialect.MySQL5Dialect
2020-07-22 09:22:02.908 [restartedMain] WARN  org.hibernate.mapping.RootClass - HHH000038: Composite-id class does not override equals(): com.hc.entity.HospitalequimentKey
2020-07-22 09:22:02.908 [restartedMain] WARN  org.hibernate.mapping.RootClass - HHH000039: Composite-id class does not override hashCode(): com.hc.entity.HospitalequimentKey
2020-07-22 09:22:03.331 [restartedMain] INFO  o.s.orm.jpa.LocalContainerEntityManagerFactoryBean - Initialized JPA EntityManagerFactory for persistence unit 'entityManagerFactoryPrimary'
2020-07-22 09:22:04.102 [restartedMain] INFO  o.h.hql.internal.QueryTranslatorFactoryInitiator - HHH000397: Using ASTQueryTranslatorFactory
2020-07-22 09:22:04.811 [restartedMain] INFO  o.s.w.s.m.m.a.RequestMappingHandlerMapping - Mapped "{[/api/alarmStatistics/showAllData],methods=[GET],produces=[application/json]}" onto public com.hc.units.ApiResponse<java.util.List<com.hc.model.ResponseModel.ShowData>> com.hc.controller.AlarmStatisticsController.showAllData()
2020-07-22 09:22:04.813 [restartedMain] INFO  o.s.w.s.m.m.a.RequestMappingHandlerMapping - Mapped "{[/api/alarmStatistics/exporeExcle],methods=[GET],produces=[application/json]}" onto public com.hc.units.ApiResponse<java.lang.String> com.hc.controller.AlarmStatisticsController.exporeExcle(javax.servlet.http.HttpServletResponse)
2020-07-22 09:22:04.813 [restartedMain] INFO  o.s.w.s.m.m.a.RequestMappingHandlerMapping - Mapped "{[/api/alarmStatistics/exporeExcles],methods=[GET],produces=[application/json]}" onto public com.hc.units.ApiResponse<java.lang.String> com.hc.controller.AlarmStatisticsController.exporeExcles(javax.servlet.http.HttpServletResponse)
2020-07-22 09:22:04.813 [restartedMain] INFO  o.s.w.s.m.m.a.RequestMappingHandlerMapping - Mapped "{[/api/alarmStatistics/alarmStatisticsShow],methods=[GET],produces=[application/json]}" onto public com.hc.units.ApiResponse<java.util.List<com.hc.model.ResponseModel.AlarmHospitalInfo>> com.hc.controller.AlarmStatisticsController.alarm()
2020-07-22 09:22:04.813 [restartedMain] INFO  o.s.w.s.m.m.a.RequestMappingHandlerMapping - Mapped "{[/api/alarmStatistics/getHospitalAlarmInfo],methods=[GET],produces=[application/json]}" onto public com.hc.units.ApiResponse<java.util.List<com.hc.model.ResponseModel.AlarmData>> com.hc.controller.AlarmStatisticsController.getHospitalAralmInfo(java.lang.String,java.lang.String,java.lang.String)
2020-07-22 09:22:04.815 [restartedMain] INFO  o.s.w.s.m.m.a.RequestMappingHandlerMapping - Mapped "{[/api/clientInfo/addUser],methods=[POST],produces=[application/json]}" onto public com.hc.units.ApiResponse<com.hc.entity.Userright> com.hc.controller.ClientInfoController.addUser(com.hc.entity.Userright)
2020-07-22 09:22:04.815 [restartedMain] INFO  o.s.w.s.m.m.a.RequestMappingHandlerMapping - Mapped "{[/api/clientInfo/updateUser],methods=[POST],produces=[application/json]}" onto public com.hc.units.ApiResponse<com.hc.entity.Userright> com.hc.controller.ClientInfoController.updateUser(com.hc.entity.Userright)
2020-07-22 09:22:04.816 [restartedMain] INFO  o.s.w.s.m.m.a.RequestMappingHandlerMapping - Mapped "{[/api/clientInfo/deleteUser],methods=[POST],produces=[application/json]}" onto public com.hc.units.ApiResponse<java.lang.String> com.hc.controller.ClientInfoController.deleteUser(com.hc.entity.Userright)
2020-07-22 09:22:04.816 [restartedMain] INFO  o.s.w.s.m.m.a.RequestMappingHandlerMapping - Mapped "{[/api/clientInfo/selectUserInfoPage],methods=[GET],produces=[application/json]}" onto public com.hc.units.ApiResponse<com.github.pagehelper.Page<com.hc.model.ResponseModel.ClientInfoModel>> com.hc.controller.ClientInfoController.selectUserInfoPage(java.lang.String,java.lang.Integer,java.lang.Integer,java.lang.String)
2020-07-22 09:22:04.817 [restartedMain] INFO  o.s.w.s.m.m.a.RequestMappingHandlerMapping - Mapped "{[/api/equipmentTypeInfo/addEquipmentType],methods=[POST],produces=[application/json]}" onto public com.hc.units.ApiResponse<java.lang.String> com.hc.controller.HospitalEquipmentTypeController.addEquipmentType(com.hc.model.RequestModel.EquipmentTypeInfoModel)
2020-07-22 09:22:04.817 [restartedMain] INFO  o.s.w.s.m.m.a.RequestMappingHandlerMapping - Mapped "{[/api/equipmentTypeInfo/updateEquipmentType],methods=[POST],produces=[application/json]}" onto public com.hc.units.ApiResponse<java.lang.String> com.hc.controller.HospitalEquipmentTypeController.updateEquipmentType(com.hc.model.RequestModel.EquipmentTypeInfoModel)
2020-07-22 09:22:04.818 [restartedMain] INFO  o.s.w.s.m.m.a.RequestMappingHandlerMapping - Mapped "{[/api/equipmentTypeInfo/deleteEquipmentType],methods=[POST],produces=[application/json]}" onto public com.hc.units.ApiResponse<java.lang.String> com.hc.controller.HospitalEquipmentTypeController.deleteEquipmentType(com.hc.model.RequestModel.EquipmentTypeInfoModel)
2020-07-22 09:22:04.818 [restartedMain] INFO  o.s.w.s.m.m.a.RequestMappingHandlerMapping - Mapped "{[/api/equipmentTypeInfo/selectAllEquipmentTypeByCode],methods=[GET],produces=[application/json]}" onto public com.hc.units.ApiResponse<java.util.List<com.hc.entity.Monitorequipmenttype>> com.hc.controller.HospitalEquipmentTypeController.selectAllEquipmentTypeByCode(java.lang.String)
2020-07-22 09:22:04.818 [restartedMain] INFO  o.s.w.s.m.m.a.RequestMappingHandlerMapping - Mapped "{[/api/equipmentTypeInfo/selectEquipmentTypePage],methods=[GET],produces=[application/json]}" onto public com.hc.units.ApiResponse<com.github.pagehelper.Page<com.hc.model.ResponseModel.HospitalEquipmentTypeInfoModel>> com.hc.controller.HospitalEquipmentTypeController.selectEquipmentPage(java.lang.String,java.lang.Integer,java.lang.Integer,java.lang.String)
2020-07-22 09:22:04.818 [restartedMain] INFO  o.s.w.s.m.m.a.RequestMappingHandlerMapping - Mapped "{[/api/equipmentTypeInfo/selectAllEquipmentType],methods=[GET],produces=[application/json]}" onto public com.hc.units.ApiResponse<java.util.List<com.hc.entity.Monitorequipmenttype>> com.hc.controller.HospitalEquipmentTypeController.selectAllEquipmentType()
2020-07-22 09:22:04.819 [restartedMain] INFO  o.s.w.s.m.m.a.RequestMappingHandlerMapping - Mapped "{[/api/hospitalInfo/addHospitalInfo],methods=[POST],produces=[application/json]}" onto public com.hc.units.ApiResponse<com.hc.entity.Hospitalofreginfo> com.hc.controller.HospitalInfoController.addHospitalInfo(com.hc.entity.Hospitalofreginfo)
2020-07-22 09:22:04.819 [restartedMain] INFO  o.s.w.s.m.m.a.RequestMappingHandlerMapping - Mapped "{[/api/hospitalInfo/deleteHospitalInfo],methods=[POST],produces=[application/json]}" onto public com.hc.units.ApiResponse<java.lang.String> com.hc.controller.HospitalInfoController.deleteHospitalInfo(com.hc.entity.Hospitalofreginfo)
2020-07-22 09:22:04.820 [restartedMain] INFO  o.s.w.s.m.m.a.RequestMappingHandlerMapping - Mapped "{[/api/hospitalInfo/getHospitalInfoPage],methods=[GET],produces=[application/json]}" onto public com.hc.units.ApiResponse<com.github.pagehelper.Page<com.hc.entity.Hospitalofreginfo>> com.hc.controller.HospitalInfoController.selectHospitalInfoPage(java.lang.String,java.lang.Integer,java.lang.Integer)
2020-07-22 09:22:04.820 [restartedMain] INFO  o.s.w.s.m.m.a.RequestMappingHandlerMapping - Mapped "{[/api/hospitalInfo/updateHospitalInfo],methods=[POST],produces=[application/json]}" onto public com.hc.units.ApiResponse<com.hc.entity.Hospitalofreginfo> com.hc.controller.HospitalInfoController.updateHospitalInfo(com.hc.entity.Hospitalofreginfo)
2020-07-22 09:22:04.820 [restartedMain] INFO  o.s.w.s.m.m.a.RequestMappingHandlerMapping - Mapped "{[/api/hospitalInfo/getHospitalInfo],methods=[GET],produces=[application/json]}" onto public com.hc.units.ApiResponse<java.util.List<com.hc.entity.Hospitalofreginfo>> com.hc.controller.HospitalInfoController.selectHospitalInfo()
2020-07-22 09:22:04.821 [restartedMain] INFO  o.s.w.s.m.m.a.RequestMappingHandlerMapping - Mapped "{[/api/instrumentInfo/deleteInstrument],methods=[POST],produces=[application/json]}" onto public com.hc.units.ApiResponse<java.lang.String> com.hc.controller.InstrumentInfoController.deleteInstrument(com.hc.model.RequestModel.InstrumentInfoModel)
2020-07-22 09:22:04.822 [restartedMain] INFO  o.s.w.s.m.m.a.RequestMappingHandlerMapping - Mapped "{[/api/instrumentInfo/addInstrument],methods=[POST],produces=[application/json]}" onto public com.hc.units.ApiResponse<java.lang.String> com.hc.controller.InstrumentInfoController.addInstrument(com.hc.model.RequestModel.InstrumentInfoModel)
2020-07-22 09:22:04.822 [restartedMain] INFO  o.s.w.s.m.m.a.RequestMappingHandlerMapping - Mapped "{[/api/instrumentInfo/updateInstrument],methods=[POST],produces=[application/json]}" onto public com.hc.units.ApiResponse<java.lang.String> com.hc.controller.InstrumentInfoController.updateInstrument(com.hc.model.RequestModel.InstrumentInfoModel)
2020-07-22 09:22:04.822 [restartedMain] INFO  o.s.w.s.m.m.a.RequestMappingHandlerMapping - Mapped "{[/api/instrumentInfo/addInstrumentParam],methods=[POST],produces=[application/json]}" onto public com.hc.units.ApiResponse<java.lang.String> com.hc.controller.InstrumentInfoController.addInstrumentParam(com.hc.model.RequestModel.InstrumentInfoModel)
2020-07-22 09:22:04.823 [restartedMain] INFO  o.s.w.s.m.m.a.RequestMappingHandlerMapping - Mapped "{[/api/instrumentInfo/selectInstrumentPage],methods=[POST],produces=[application/json]}" onto public com.hc.units.ApiResponse<com.github.pagehelper.Page<com.hc.model.ResponseModel.AllInstrumentInfoModel>> com.hc.controller.InstrumentInfoController.selectInstrumentPage(com.hc.model.RequestModel.InstrumentPageModel)
2020-07-22 09:22:04.823 [restartedMain] INFO  o.s.w.s.m.m.a.RequestMappingHandlerMapping - Mapped "{[/api/instrumentInfo/showInsType],methods=[GET],produces=[application/json]}" onto public com.hc.units.ApiResponse<java.util.List<com.hc.entity.Monitorinstrumenttype>> com.hc.controller.InstrumentInfoController.showInstrumentType()
2020-07-22 09:22:04.828 [restartedMain] INFO  o.s.w.s.m.m.a.RequestMappingHandlerMapping - Mapped "{[/api/equipmentInfo/addEquipment],methods=[POST],produces=[application/json]}" onto public com.hc.units.ApiResponse<java.lang.String> com.hc.controller.MonitorEquipmentController.addEquipmentType(com.hc.model.RequestModel.EquipmentInfoModel)
2020-07-22 09:22:04.828 [restartedMain] INFO  o.s.w.s.m.m.a.RequestMappingHandlerMapping - Mapped "{[/api/equipmentInfo/updateEquipment],methods=[POST],produces=[application/json]}" onto public com.hc.units.ApiResponse<java.lang.String> com.hc.controller.MonitorEquipmentController.updateEquipmentType(com.hc.model.RequestModel.EquipmentInfoModel)
2020-07-22 09:22:04.828 [restartedMain] INFO  o.s.w.s.m.m.a.RequestMappingHandlerMapping - Mapped "{[/api/equipmentInfo/deleteEquipment],methods=[POST],produces=[application/json]}" onto public com.hc.units.ApiResponse<java.lang.String> com.hc.controller.MonitorEquipmentController.deleteEquipmentType(com.hc.model.RequestModel.EquipmentInfoModel)
2020-07-22 09:22:04.828 [restartedMain] INFO  o.s.w.s.m.m.a.RequestMappingHandlerMapping - Mapped "{[/api/equipmentInfo/showInstrumentInfo],methods=[GET],produces=[application/json]}" onto public com.hc.units.ApiResponse<java.util.List<com.hc.entity.Monitorinstrument>> com.hc.controller.MonitorEquipmentController.showInstrumentInfo(java.lang.String,java.lang.Integer,java.lang.String)
2020-07-22 09:22:04.829 [restartedMain] INFO  o.s.w.s.m.m.a.RequestMappingHandlerMapping - Mapped "{[/api/equipmentInfo/selectAllEquipmentByCode],methods=[GET],produces=[application/json]}" onto public com.hc.units.ApiResponse<java.util.List<com.hc.entity.Monitorequipment>> com.hc.controller.MonitorEquipmentController.selectAllEquipmentTypeByCode(java.lang.String,java.lang.String)
2020-07-22 09:22:04.829 [restartedMain] INFO  o.s.w.s.m.m.a.RequestMappingHandlerMapping - Mapped "{[/api/equipmentInfo/selectEquipmentPage],methods=[GET],produces=[application/json]}" onto public com.hc.units.ApiResponse<com.github.pagehelper.Page<com.hc.model.ResponseModel.MonitorEquipmentInfoModel>> com.hc.controller.MonitorEquipmentController.selectEquipmentPage(java.lang.String,java.lang.Integer,java.lang.Integer,java.lang.String,java.lang.String)
2020-07-22 09:22:04.829 [restartedMain] INFO  o.s.w.s.m.m.a.RequestMappingHandlerMapping - Mapped "{[/api/equipmentInfo/showInstrumentType],methods=[GET],produces=[application/json]}" onto public com.hc.units.ApiResponse<java.util.List<com.hc.entity.Monitorinstrumenttype>> com.hc.controller.MonitorEquipmentController.showInstrumentType(java.lang.String)
2020-07-22 09:22:04.829 [restartedMain] INFO  o.s.w.s.m.m.a.RequestMappingHandlerMapping - Mapped "{[/api/equipmentInfo/addWireEquipment],methods=[POST],produces=[application/json]}" onto public com.hc.units.ApiResponse<java.lang.String> com.hc.controller.MonitorEquipmentController.addWireEquipmentType(com.hc.model.RequestModel.EquipmentInfoModel)
2020-07-22 09:22:04.829 [restartedMain] INFO  o.s.w.s.m.m.a.RequestMappingHandlerMapping - Mapped "{[/info]}" onto public java.lang.String com.hc.controller.MyController.testA()
2020-07-22 09:22:04.830 [restartedMain] INFO  o.s.w.s.m.m.a.RequestMappingHandlerMapping - Mapped "{[/api/log/getlogDeatil],methods=[GET],produces=[application/json]}" onto public com.hc.units.ApiResponse<java.util.List<com.hc.entity.Operationlogdetail>> com.hc.controller.OperationlogdetailMapper.getlogDeatil(java.lang.String)
2020-07-22 09:22:04.830 [restartedMain] INFO  o.s.w.s.m.m.a.RequestMappingHandlerMapping - Mapped "{[/api/log/getAllLog],methods=[GET],produces=[application/json]}" onto public com.hc.units.ApiResponse<com.github.pagehelper.Page<com.hc.entity.Operationlog>> com.hc.controller.OperationlogdetailMapper.getAllLog(java.lang.String,java.lang.Integer,java.lang.Integer,java.lang.String,java.lang.String,java.lang.String,java.lang.String,java.lang.String)
2020-07-22 09:22:04.831 [restartedMain] INFO  o.s.w.s.m.m.a.RequestMappingHandlerMapping - Mapped "{[/api/repairinfo/getsn],methods=[GET],produces=[application/json]}" onto public com.hc.units.ApiResponse<java.util.List<com.hc.entity.Monitorinstrument>> com.hc.controller.RepairinfoController.getSn(java.lang.String)
2020-07-22 09:22:04.832 [restartedMain] INFO  o.s.w.s.m.m.a.RequestMappingHandlerMapping - Mapped "{[/api/repairinfo/selectPageInfo],methods=[GET],produces=[application/json]}" onto public com.hc.units.ApiResponse<com.github.pagehelper.Page<com.hc.entity.Repairinfo>> com.hc.controller.RepairinfoController.selectPageInfo(java.lang.String,java.lang.Integer,java.lang.Integer,java.lang.String,java.lang.String,java.lang.String,java.lang.String,java.lang.String)
2020-07-22 09:22:04.832 [restartedMain] INFO  o.s.w.s.m.m.a.RequestMappingHandlerMapping - Mapped "{[/api/repairinfo/deleteRepairinfo],methods=[POST],produces=[application/json]}" onto public com.hc.units.ApiResponse<java.lang.String> com.hc.controller.RepairinfoController.deleteRepairinfo(com.hc.entity.Repairinfo)
2020-07-22 09:22:04.832 [restartedMain] INFO  o.s.w.s.m.m.a.RequestMappingHandlerMapping - Mapped "{[/api/repairinfo/addRepairinfo],methods=[POST],produces=[application/json]}" onto public com.hc.units.ApiResponse<com.hc.entity.Repairinfo> com.hc.controller.RepairinfoController.addRepairinfo(com.hc.entity.Repairinfo)
2020-07-22 09:22:04.833 [restartedMain] INFO  o.s.w.s.m.m.a.RequestMappingHandlerMapping - Mapped "{[/api/repairinfo/updateRepairinfo],methods=[POST],produces=[application/json]}" onto public com.hc.units.ApiResponse<java.lang.String> com.hc.controller.RepairinfoController.updateRepairinfo(com.hc.entity.Repairinfo)
2020-07-22 09:22:04.833 [restartedMain] INFO  o.s.w.s.m.m.a.RequestMappingHandlerMapping - Mapped "{[/api/userAuthorInfo/updateUserAuthor],methods=[POST],produces=[application/json]}" onto public com.hc.units.ApiResponse<java.lang.String> com.hc.controller.UserAuthorController.updateUserAuthor(com.hc.model.RequestModel.UserauthorInfoModel)
2020-07-22 09:22:04.833 [restartedMain] INFO  o.s.w.s.m.m.a.RequestMappingHandlerMapping - Mapped "{[/api/userAuthorInfo/selectUserAuthorInfoPage],methods=[GET],produces=[application/json]}" onto public com.hc.units.ApiResponse<com.github.pagehelper.Page<com.hc.model.ResponseModel.UserAuthInfoModel>> com.hc.controller.UserAuthorController.selectUserAuthorInfoPage(java.lang.Integer,java.lang.Integer)
2020-07-22 09:22:04.834 [restartedMain] INFO  o.s.w.s.m.m.a.RequestMappingHandlerMapping - Mapped "{[/api/userBackInfo/userLogin],methods=[POST],produces=[application/json]}" onto public com.hc.units.ApiResponse<java.lang.String> com.hc.controller.UserInfoController.userLogin(com.hc.entity.Userback)
2020-07-22 09:22:04.834 [restartedMain] INFO  o.s.w.s.m.m.a.RequestMappingHandlerMapping - Mapped "{[/api/userBackInfo/updatePwd],methods=[POST],produces=[application/json]}" onto public com.hc.units.ApiResponse<java.lang.String> com.hc.controller.UserInfoController.updatePwd(com.hc.entity.Userback)
2020-07-22 09:22:04.835 [restartedMain] INFO  o.s.w.s.m.m.a.RequestMappingHandlerMapping - Mapped "{[/v2/api-docs],methods=[GET],produces=[application/json || application/hal+json]}" onto public org.springframework.http.ResponseEntity<springfox.documentation.spring.web.json.Json> springfox.documentation.swagger2.web.Swagger2Controller.getDocumentation(java.lang.String,javax.servlet.http.HttpServletRequest)
2020-07-22 09:22:04.837 [restartedMain] INFO  o.s.w.s.m.m.a.RequestMappingHandlerMapping - Mapped "{[/swagger-resources]}" onto org.springframework.http.ResponseEntity<java.util.List<springfox.documentation.swagger.web.SwaggerResource>> springfox.documentation.swagger.web.ApiResourceController.swaggerResources()
2020-07-22 09:22:04.837 [restartedMain] INFO  o.s.w.s.m.m.a.RequestMappingHandlerMapping - Mapped "{[/swagger-resources/configuration/ui]}" onto org.springframework.http.ResponseEntity<springfox.documentation.swagger.web.UiConfiguration> springfox.documentation.swagger.web.ApiResourceController.uiConfiguration()
2020-07-22 09:22:04.838 [restartedMain] INFO  o.s.w.s.m.m.a.RequestMappingHandlerMapping - Mapped "{[/swagger-resources/configuration/security]}" onto org.springframework.http.ResponseEntity<springfox.documentation.swagger.web.SecurityConfiguration> springfox.documentation.swagger.web.ApiResourceController.securityConfiguration()
2020-07-22 09:22:04.841 [restartedMain] INFO  o.s.w.s.m.m.a.RequestMappingHandlerMapping - Mapped "{[/error]}" onto public org.springframework.http.ResponseEntity<java.util.Map<java.lang.String, java.lang.Object>> org.springframework.boot.autoconfigure.web.BasicErrorController.error(javax.servlet.http.HttpServletRequest)
2020-07-22 09:22:04.841 [restartedMain] INFO  o.s.w.s.m.m.a.RequestMappingHandlerMapping - Mapped "{[/error],produces=[text/html]}" onto public org.springframework.web.servlet.ModelAndView org.springframework.boot.autoconfigure.web.BasicErrorController.errorHtml(javax.servlet.http.HttpServletRequest,javax.servlet.http.HttpServletResponse)
2020-07-22 09:22:05.620 [restartedMain] INFO  o.s.w.s.m.m.a.RequestMappingHandlerAdapter - Looking for @ControllerAdvice: org.springframework.boot.context.embedded.AnnotationConfigEmbeddedWebApplicationContext@f71e447: startup date [Wed Jul 22 09:21:57 CST 2020]; parent: org.springframework.context.annotation.AnnotationConfigApplicationContext@5614b89c
2020-07-22 09:22:05.693 [restartedMain] INFO  o.s.web.servlet.handler.SimpleUrlHandlerMapping - Mapped URL path [/swagger-ui.html] onto handler of type [class org.springframework.web.servlet.resource.ResourceHttpRequestHandler]
2020-07-22 09:22:05.693 [restartedMain] INFO  o.s.web.servlet.handler.SimpleUrlHandlerMapping - Mapped URL path [/static*] onto handler of type [class org.springframework.web.servlet.resource.ResourceHttpRequestHandler]
2020-07-22 09:22:05.693 [restartedMain] INFO  o.s.web.servlet.handler.SimpleUrlHandlerMapping - Mapped URL path [/webjars/**] onto handler of type [class org.springframework.web.servlet.resource.ResourceHttpRequestHandler]
2020-07-22 09:22:05.693 [restartedMain] INFO  o.s.web.servlet.handler.SimpleUrlHandlerMapping - Mapped URL path [/**] onto handler of type [class org.springframework.web.servlet.resource.ResourceHttpRequestHandler]
2020-07-22 09:22:05.746 [restartedMain] INFO  o.s.web.servlet.handler.SimpleUrlHandlerMapping - Mapped URL path [/**/favicon.ico] onto handler of type [class org.springframework.web.servlet.resource.ResourceHttpRequestHandler]
2020-07-22 09:22:06.270 [restartedMain] INFO  o.s.b.d.autoconfigure.OptionalLiveReloadServer - LiveReload server is running on port 35729
2020-07-22 09:22:06.362 [restartedMain] WARN  com.netflix.config.sources.URLConfigurationSource - No URLs will be polled as dynamic configuration sources.
2020-07-22 09:22:06.362 [restartedMain] INFO  com.netflix.config.sources.URLConfigurationSource - To enable URLs as dynamic configuration sources, define System property archaius.configurationSource.additionalUrls or make config.properties available on classpath.
2020-07-22 09:22:06.366 [restartedMain] WARN  com.netflix.config.sources.URLConfigurationSource - No URLs will be polled as dynamic configuration sources.
2020-07-22 09:22:06.366 [restartedMain] INFO  com.netflix.config.sources.URLConfigurationSource - To enable URLs as dynamic configuration sources, define System property archaius.configurationSource.additionalUrls or make config.properties available on classpath.
2020-07-22 09:22:06.426 [restartedMain] INFO  o.s.jmx.export.annotation.AnnotationMBeanExporter - Registering beans for JMX exposure on startup
2020-07-22 09:22:06.434 [restartedMain] INFO  o.s.jmx.export.annotation.AnnotationMBeanExporter - Bean with name 'environmentManager' has been autodetected for JMX exposure
2020-07-22 09:22:06.436 [restartedMain] INFO  o.s.jmx.export.annotation.AnnotationMBeanExporter - Bean with name 'configurationPropertiesRebinder' has been autodetected for JMX exposure
2020-07-22 09:22:06.436 [restartedMain] INFO  o.s.jmx.export.annotation.AnnotationMBeanExporter - Bean with name 'refreshScope' has been autodetected for JMX exposure
2020-07-22 09:22:06.438 [restartedMain] INFO  o.s.jmx.export.annotation.AnnotationMBeanExporter - Located managed bean 'environmentManager': registering with JMX server as MBean [org.springframework.cloud.context.environment:name=environmentManager,type=EnvironmentManager]
2020-07-22 09:22:06.448 [restartedMain] INFO  o.s.jmx.export.annotation.AnnotationMBeanExporter - Located managed bean 'refreshScope': registering with JMX server as MBean [org.springframework.cloud.context.scope.refresh:name=refreshScope,type=RefreshScope]
2020-07-22 09:22:06.458 [restartedMain] INFO  o.s.jmx.export.annotation.AnnotationMBeanExporter - Located managed bean 'configurationPropertiesRebinder': registering with JMX server as MBean [org.springframework.cloud.context.properties:name=configurationPropertiesRebinder,context=f71e447,type=ConfigurationPropertiesRebinder]
2020-07-22 09:22:07.120 [restartedMain] INFO  o.s.context.support.DefaultLifecycleProcessor - Starting beans in phase 0
2020-07-22 09:22:07.125 [restartedMain] INFO  o.s.cloud.netflix.eureka.InstanceInfoFactory - Setting initial instance status as: STARTING
2020-07-22 09:22:07.157 [restartedMain] INFO  com.netflix.discovery.DiscoveryClient - Initializing Eureka in region us-east-1
2020-07-22 09:22:07.349 [restartedMain] INFO  c.n.discovery.provider.DiscoveryJerseyProvider - Using JSON encoding codec LegacyJacksonJson
2020-07-22 09:22:07.350 [restartedMain] INFO  c.n.discovery.provider.DiscoveryJerseyProvider - Using JSON decoding codec LegacyJacksonJson
2020-07-22 09:22:07.437 [restartedMain] INFO  c.n.discovery.provider.DiscoveryJerseyProvider - Using XML encoding codec XStreamXml
2020-07-22 09:22:07.437 [restartedMain] INFO  c.n.discovery.provider.DiscoveryJerseyProvider - Using XML decoding codec XStreamXml
2020-07-22 09:22:07.628 [restartedMain] INFO  c.n.d.shared.resolver.aws.ConfigClusterResolver - Resolving eureka endpoints via configuration
2020-07-22 09:22:07.716 [restartedMain] INFO  com.netflix.discovery.DiscoveryClient - Disable delta property : false
2020-07-22 09:22:07.716 [restartedMain] INFO  com.netflix.discovery.DiscoveryClient - Single vip registry refresh property : null
2020-07-22 09:22:07.716 [restartedMain] INFO  com.netflix.discovery.DiscoveryClient - Force full registry fetch : false
2020-07-22 09:22:07.716 [restartedMain] INFO  com.netflix.discovery.DiscoveryClient - Application is null : false
2020-07-22 09:22:07.716 [restartedMain] INFO  com.netflix.discovery.DiscoveryClient - Registered Applications size is zero : true
2020-07-22 09:22:07.716 [restartedMain] INFO  com.netflix.discovery.DiscoveryClient - Application version is -1: true
2020-07-22 09:22:07.716 [restartedMain] INFO  com.netflix.discovery.DiscoveryClient - Getting all instance registry info from the eureka server
2020-07-22 09:22:08.089 [restartedMain] INFO  com.netflix.discovery.DiscoveryClient - The response status is 200
2020-07-22 09:22:08.090 [restartedMain] INFO  com.netflix.discovery.DiscoveryClient - Starting heartbeat executor: renew interval is: 30
2020-07-22 09:22:08.093 [restartedMain] INFO  com.netflix.discovery.InstanceInfoReplicator - InstanceInfoReplicator onDemand update allowed rate per min is 4
2020-07-22 09:22:08.096 [restartedMain] INFO  com.netflix.discovery.DiscoveryClient - Discovery Client initialized at timestamp 1595380928096 with initial instances count: 5
2020-07-22 09:22:08.115 [restartedMain] INFO  o.s.c.n.e.serviceregistry.EurekaServiceRegistry - Registering application HC-HTGL-ms with eureka with status UP
2020-07-22 09:22:08.115 [restartedMain] INFO  com.netflix.discovery.DiscoveryClient - Saw local status change event StatusChangeEvent [timestamp=1595380928115, current=UP, previous=STARTING]
2020-07-22 09:22:08.117 [DiscoveryClient-InstanceInfoReplicator-0] INFO  com.netflix.discovery.DiscoveryClient - DiscoveryClient_HC-HTGL-MS/PC-20190801IFVM:HC-HTGL-ms:8097: registering service...
2020-07-22 09:22:08.117 [restartedMain] INFO  o.s.context.support.DefaultLifecycleProcessor - Starting beans in phase 2147483647
2020-07-22 09:22:08.117 [restartedMain] INFO  s.d.s.web.plugins.DocumentationPluginsBootstrapper - Context refreshed
2020-07-22 09:22:08.136 [restartedMain] INFO  s.d.s.web.plugins.DocumentationPluginsBootstrapper - Found 1 custom documentation plugin(s)
2020-07-22 09:22:08.149 [restartedMain] INFO  s.d.spring.web.scanners.ApiListingReferenceScanner - Scanning for api listing references
2020-07-22 09:22:08.152 [DiscoveryClient-InstanceInfoReplicator-0] INFO  com.netflix.discovery.DiscoveryClient - DiscoveryClient_HC-HTGL-MS/PC-20190801IFVM:HC-HTGL-ms:8097 - registration status: 204
2020-07-22 09:22:08.506 [restartedMain] INFO  s.d.s.w.r.operation.CachingOperationNameGenerator - Generating unique operation named: addEquipmentTypeUsingPOST_1
2020-07-22 09:22:08.520 [restartedMain] INFO  s.d.s.w.r.operation.CachingOperationNameGenerator - Generating unique operation named: deleteEquipmentTypeUsingPOST_1
2020-07-22 09:22:08.530 [restartedMain] INFO  s.d.s.w.r.operation.CachingOperationNameGenerator - Generating unique operation named: selectAllEquipmentTypeByCodeUsingGET_1
2020-07-22 09:22:08.543 [restartedMain] INFO  s.d.s.w.r.operation.CachingOperationNameGenerator - Generating unique operation named: selectEquipmentPageUsingGET_1
2020-07-22 09:22:08.558 [restartedMain] INFO  s.d.s.w.r.operation.CachingOperationNameGenerator - Generating unique operation named: showInstrumentTypeUsingGET_1
2020-07-22 09:22:08.564 [restartedMain] INFO  s.d.s.w.r.operation.CachingOperationNameGenerator - Generating unique operation named: updateEquipmentTypeUsingPOST_1
2020-07-22 09:22:08.705 [restartedMain] INFO  o.s.b.c.e.tomcat.TomcatEmbeddedServletContainer - Tomcat started on port(s): 8097 (http)
2020-07-22 09:22:08.706 [restartedMain] INFO  o.s.c.n.e.s.EurekaAutoServiceRegistration - Updating port to 8097
2020-07-22 09:22:21.743 [restartedMain] INFO  com.hc.config.PoliceStationInfoCache - 执行探头信息同步
2020-07-22 09:22:21.745 [restartedMain] INFO  com.hc.SpringServiceAApplication - Started SpringServiceAApplication in 25.435 seconds (JVM running for 26.552)
2020-07-22 09:23:08.735 [http-nio-8097-exec-1] INFO  o.a.c.core.ContainerBase.[Tomcat].[localhost].[/] - Initializing Spring FrameworkServlet 'dispatcherServlet'
2020-07-22 09:23:08.735 [http-nio-8097-exec-1] INFO  org.springframework.web.servlet.DispatcherServlet - FrameworkServlet 'dispatcherServlet': initialization started
2020-07-22 09:23:08.766 [http-nio-8097-exec-1] INFO  org.springframework.web.servlet.DispatcherServlet - FrameworkServlet 'dispatcherServlet': initialization completed in 31 ms
2020-07-22 09:23:24.024 [http-nio-8097-exec-2] INFO  com.hc.interpector.LoginInterceptor - LoginInterceptor 调用接口！================== Url:/api/clientInfo/addUser;Token:null;SessionID:D456E044D031F1BC59EF026CE696BC14
2020-07-22 09:23:24.091 [http-nio-8097-exec-2] WARN  org.hibernate.engine.jdbc.spi.SqlExceptionHelper - SQL Error: 1054, SQLState: 42S22
2020-07-22 09:23:24.091 [http-nio-8097-exec-2] ERROR org.hibernate.engine.jdbc.spi.SqlExceptionHelper - Unknown column 'userright0_.isreceive' in 'field list'
2020-07-22 09:23:24.093 [http-nio-8097-exec-2] INFO  o.h.event.internal.DefaultLoadEventListener - HHH000327: Error performing load command : org.hibernate.exception.SQLGrammarException: could not extract ResultSet
2020-07-22 09:23:24.104 [http-nio-8097-exec-2] ERROR com.hc.service.serviceimpl.ClientInfoServiceImpl - 失败：could not extract ResultSet; SQL [n/a]; nested exception is org.hibernate.exception.SQLGrammarException: could not extract ResultSet
2020-07-22 09:27:07.718 [AsyncResolver-bootstrap-executor-0] INFO  c.n.d.shared.resolver.aws.ConfigClusterResolver - Resolving eureka endpoints via configuration
2020-07-22 09:32:07.719 [AsyncResolver-bootstrap-executor-0] INFO  c.n.d.shared.resolver.aws.ConfigClusterResolver - Resolving eureka endpoints via configuration
2020-07-22 09:37:07.721 [AsyncResolver-bootstrap-executor-0] INFO  c.n.d.shared.resolver.aws.ConfigClusterResolver - Resolving eureka endpoints via configuration
2020-07-22 09:42:07.723 [AsyncResolver-bootstrap-executor-0] INFO  c.n.d.shared.resolver.aws.ConfigClusterResolver - Resolving eureka endpoints via configuration
2020-07-22 09:47:07.725 [AsyncResolver-bootstrap-executor-0] INFO  c.n.d.shared.resolver.aws.ConfigClusterResolver - Resolving eureka endpoints via configuration
2020-07-22 09:52:07.726 [AsyncResolver-bootstrap-executor-0] INFO  c.n.d.shared.resolver.aws.ConfigClusterResolver - Resolving eureka endpoints via configuration
2020-07-22 09:57:07.728 [AsyncResolver-bootstrap-executor-0] INFO  c.n.d.shared.resolver.aws.ConfigClusterResolver - Resolving eureka endpoints via configuration
2020-07-22 10:02:07.731 [AsyncResolver-bootstrap-executor-0] INFO  c.n.d.shared.resolver.aws.ConfigClusterResolver - Resolving eureka endpoints via configuration
2020-07-22 10:07:07.733 [AsyncResolver-bootstrap-executor-0] INFO  c.n.d.shared.resolver.aws.ConfigClusterResolver - Resolving eureka endpoints via configuration
2020-07-22 10:12:07.735 [AsyncResolver-bootstrap-executor-0] INFO  c.n.d.shared.resolver.aws.ConfigClusterResolver - Resolving eureka endpoints via configuration
2020-07-22 10:17:07.736 [AsyncResolver-bootstrap-executor-0] INFO  c.n.d.shared.resolver.aws.ConfigClusterResolver - Resolving eureka endpoints via configuration
2020-07-22 10:22:07.737 [AsyncResolver-bootstrap-executor-0] INFO  c.n.d.shared.resolver.aws.ConfigClusterResolver - Resolving eureka endpoints via configuration
2020-07-22 10:27:07.739 [AsyncResolver-bootstrap-executor-0] INFO  c.n.d.shared.resolver.aws.ConfigClusterResolver - Resolving eureka endpoints via configuration
2020-07-22 10:32:07.739 [AsyncResolver-bootstrap-executor-0] INFO  c.n.d.shared.resolver.aws.ConfigClusterResolver - Resolving eureka endpoints via configuration
2020-07-22 10:37:07.740 [AsyncResolver-bootstrap-executor-0] INFO  c.n.d.shared.resolver.aws.ConfigClusterResolver - Resolving eureka endpoints via configuration
2020-07-22 10:42:07.741 [AsyncResolver-bootstrap-executor-0] INFO  c.n.d.shared.resolver.aws.ConfigClusterResolver - Resolving eureka endpoints via configuration
2020-07-22 10:47:07.743 [AsyncResolver-bootstrap-executor-0] INFO  c.n.d.shared.resolver.aws.ConfigClusterResolver - Resolving eureka endpoints via configuration
2020-07-22 10:52:07.744 [AsyncResolver-bootstrap-executor-0] INFO  c.n.d.shared.resolver.aws.ConfigClusterResolver - Resolving eureka endpoints via configuration
2020-07-22 10:57:07.747 [AsyncResolver-bootstrap-executor-0] INFO  c.n.d.shared.resolver.aws.ConfigClusterResolver - Resolving eureka endpoints via configuration
2020-07-22 11:02:07.748 [AsyncResolver-bootstrap-executor-0] INFO  c.n.d.shared.resolver.aws.ConfigClusterResolver - Resolving eureka endpoints via configuration
2020-07-22 11:07:07.749 [AsyncResolver-bootstrap-executor-0] INFO  c.n.d.shared.resolver.aws.ConfigClusterResolver - Resolving eureka endpoints via configuration
2020-07-22 11:12:07.750 [AsyncResolver-bootstrap-executor-0] INFO  c.n.d.shared.resolver.aws.ConfigClusterResolver - Resolving eureka endpoints via configuration
2020-07-22 11:17:07.752 [AsyncResolver-bootstrap-executor-0] INFO  c.n.d.shared.resolver.aws.ConfigClusterResolver - Resolving eureka endpoints via configuration
2020-07-22 11:22:07.753 [AsyncResolver-bootstrap-executor-0] INFO  c.n.d.shared.resolver.aws.ConfigClusterResolver - Resolving eureka endpoints via configuration
2020-07-22 11:27:07.755 [AsyncResolver-bootstrap-executor-0] INFO  c.n.d.shared.resolver.aws.ConfigClusterResolver - Resolving eureka endpoints via configuration
2020-07-22 11:32:07.757 [AsyncResolver-bootstrap-executor-0] INFO  c.n.d.shared.resolver.aws.ConfigClusterResolver - Resolving eureka endpoints via configuration
2020-07-22 11:37:07.759 [AsyncResolver-bootstrap-executor-0] INFO  c.n.d.shared.resolver.aws.ConfigClusterResolver - Resolving eureka endpoints via configuration
2020-07-22 11:42:07.761 [AsyncResolver-bootstrap-executor-0] INFO  c.n.d.shared.resolver.aws.ConfigClusterResolver - Resolving eureka endpoints via configuration
2020-07-22 11:47:07.762 [AsyncResolver-bootstrap-executor-0] INFO  c.n.d.shared.resolver.aws.ConfigClusterResolver - Resolving eureka endpoints via configuration
2020-07-22 11:52:07.763 [AsyncResolver-bootstrap-executor-0] INFO  c.n.d.shared.resolver.aws.ConfigClusterResolver - Resolving eureka endpoints via configuration
2020-07-22 11:57:07.764 [AsyncResolver-bootstrap-executor-0] INFO  c.n.d.shared.resolver.aws.ConfigClusterResolver - Resolving eureka endpoints via configuration
2020-07-22 12:02:07.767 [AsyncResolver-bootstrap-executor-0] INFO  c.n.d.shared.resolver.aws.ConfigClusterResolver - Resolving eureka endpoints via configuration
2020-07-22 12:07:07.770 [AsyncResolver-bootstrap-executor-0] INFO  c.n.d.shared.resolver.aws.ConfigClusterResolver - Resolving eureka endpoints via configuration
2020-07-22 12:12:07.771 [AsyncResolver-bootstrap-executor-0] INFO  c.n.d.shared.resolver.aws.ConfigClusterResolver - Resolving eureka endpoints via configuration
2020-07-22 12:17:07.774 [AsyncResolver-bootstrap-executor-0] INFO  c.n.d.shared.resolver.aws.ConfigClusterResolver - Resolving eureka endpoints via configuration
2020-07-22 12:22:07.776 [AsyncResolver-bootstrap-executor-0] INFO  c.n.d.shared.resolver.aws.ConfigClusterResolver - Resolving eureka endpoints via configuration
2020-07-22 12:27:07.777 [AsyncResolver-bootstrap-executor-0] INFO  c.n.d.shared.resolver.aws.ConfigClusterResolver - Resolving eureka endpoints via configuration
2020-07-22 12:32:07.778 [AsyncResolver-bootstrap-executor-0] INFO  c.n.d.shared.resolver.aws.ConfigClusterResolver - Resolving eureka endpoints via configuration
2020-07-22 12:37:07.779 [AsyncResolver-bootstrap-executor-0] INFO  c.n.d.shared.resolver.aws.ConfigClusterResolver - Resolving eureka endpoints via configuration
2020-07-22 12:42:07.780 [AsyncResolver-bootstrap-executor-0] INFO  c.n.d.shared.resolver.aws.ConfigClusterResolver - Resolving eureka endpoints via configuration
2020-07-22 12:47:07.781 [AsyncResolver-bootstrap-executor-0] INFO  c.n.d.shared.resolver.aws.ConfigClusterResolver - Resolving eureka endpoints via configuration
