2021-01-25 10:17:36.848 [restartedMain] INFO  o.s.c.a.AnnotationConfigApplicationContext - Refreshing org.springframework.context.annotation.AnnotationConfigApplicationContext@4326bf75: startup date [Mon Jan 25 10:17:36 CST 2021]; root of context hierarchy
2021-01-25 10:17:37.110 [restartedMain] INFO  o.s.b.f.a.AutowiredAnnotationBeanPostProcessor - JSR-330 'javax.inject.Inject' annotation found and supported for autowiring
2021-01-25 10:17:37.197 [restartedMain] INFO  o.s.c.s.PostProcessorRegistrationDelegate$BeanPostProcessorChecker - Bean 'configurationPropertiesRebinderAutoConfiguration' of type [org.springframework.cloud.autoconfigure.ConfigurationPropertiesRebinderAutoConfiguration$$EnhancerBySpringCGLIB$$31dfcad] is not eligible for getting processed by all BeanPostProcessors (for example: not eligible for auto-proxying)
2021-01-25 10:17:37.809 [restartedMain] INFO  com.hc.SpringServiceAApplication - No active profile set, falling back to default profiles: default
2021-01-25 10:17:37.837 [restartedMain] INFO  o.s.b.c.e.AnnotationConfigEmbeddedWebApplicationContext - Refreshing org.springframework.boot.context.embedded.AnnotationConfigEmbeddedWebApplicationContext@7508a1b5: startup date [Mon Jan 25 10:17:37 CST 2021]; parent: org.springframework.context.annotation.AnnotationConfigApplicationContext@4326bf75
2021-01-25 10:17:42.042 [restartedMain] INFO  o.s.d.r.config.RepositoryConfigurationDelegate - Multiple Spring Data modules found, entering strict repository configuration mode!
2021-01-25 10:17:42.135 [restartedMain] WARN  org.mybatis.spring.mapper.ClassPathMapperScanner - No MyBatis mapper was found in '[com.hc.mapper.laboratoryMain]' package. Please check your configuration.
2021-01-25 10:17:42.392 [restartedMain] INFO  o.s.d.r.config.RepositoryConfigurationDelegate - Multiple Spring Data modules found, entering strict repository configuration mode!
2021-01-25 10:17:42.536 [restartedMain] INFO  o.s.d.r.c.RepositoryConfigurationExtensionSupport - Spring Data Redis - Could not safely identify store assignment for repository candidate interface com.hc.dao.InstrumentParamConfigDao.
2021-01-25 10:17:42.538 [restartedMain] INFO  o.s.d.r.c.RepositoryConfigurationExtensionSupport - Spring Data Redis - Could not safely identify store assignment for repository candidate interface com.hc.dao.RepairinfoDao.
2021-01-25 10:17:42.538 [restartedMain] INFO  o.s.d.r.c.RepositoryConfigurationExtensionSupport - Spring Data Redis - Could not safely identify store assignment for repository candidate interface com.hc.dao.OperationlogDao.
2021-01-25 10:17:42.539 [restartedMain] INFO  o.s.d.r.c.RepositoryConfigurationExtensionSupport - Spring Data Redis - Could not safely identify store assignment for repository candidate interface com.hc.dao.UserRightDao.
2021-01-25 10:17:42.539 [restartedMain] INFO  o.s.d.r.c.RepositoryConfigurationExtensionSupport - Spring Data Redis - Could not safely identify store assignment for repository candidate interface com.hc.dao.MonitorEquipmentDao.
2021-01-25 10:17:42.539 [restartedMain] INFO  o.s.d.r.c.RepositoryConfigurationExtensionSupport - Spring Data Redis - Could not safely identify store assignment for repository candidate interface com.hc.dao.MonitorInstrumentDao.
2021-01-25 10:17:42.539 [restartedMain] INFO  o.s.d.r.c.RepositoryConfigurationExtensionSupport - Spring Data Redis - Could not safely identify store assignment for repository candidate interface com.hc.dao.OperationlogdetailDao.
2021-01-25 10:17:42.540 [restartedMain] INFO  o.s.d.r.c.RepositoryConfigurationExtensionSupport - Spring Data Redis - Could not safely identify store assignment for repository candidate interface com.hc.dao.HospitalofreginfoDao.
2021-01-25 10:17:42.540 [restartedMain] INFO  o.s.d.r.c.RepositoryConfigurationExtensionSupport - Spring Data Redis - Could not safely identify store assignment for repository candidate interface com.hc.dao.UserEquipmentRightDao.
2021-01-25 10:17:42.540 [restartedMain] INFO  o.s.d.r.c.RepositoryConfigurationExtensionSupport - Spring Data Redis - Could not safely identify store assignment for repository candidate interface com.hc.dao.MonitorInstrumentTypeDao.
2021-01-25 10:17:42.541 [restartedMain] INFO  o.s.d.r.c.RepositoryConfigurationExtensionSupport - Spring Data Redis - Could not safely identify store assignment for repository candidate interface com.hc.dao.HospitalEquipmentDao.
2021-01-25 10:17:42.541 [restartedMain] INFO  o.s.d.r.c.RepositoryConfigurationExtensionSupport - Spring Data Redis - Could not safely identify store assignment for repository candidate interface com.hc.dao.UserScheduLingDao.
2021-01-25 10:17:42.918 [restartedMain] INFO  o.springframework.cloud.context.scope.GenericScope - BeanFactory id=26c93bdc-8602-30ee-b0ae-565aef7eb991
2021-01-25 10:17:42.986 [restartedMain] INFO  o.s.b.f.a.AutowiredAnnotationBeanPostProcessor - JSR-330 'javax.inject.Inject' annotation found and supported for autowiring
2021-01-25 10:17:43.153 [restartedMain] INFO  o.s.c.s.PostProcessorRegistrationDelegate$BeanPostProcessorChecker - Bean 'org.springframework.transaction.annotation.ProxyTransactionManagementConfiguration' of type [org.springframework.transaction.annotation.ProxyTransactionManagementConfiguration$$EnhancerBySpringCGLIB$$e703f9b0] is not eligible for getting processed by all BeanPostProcessors (for example: not eligible for auto-proxying)
2021-01-25 10:17:43.202 [restartedMain] INFO  o.s.c.s.PostProcessorRegistrationDelegate$BeanPostProcessorChecker - Bean 'org.springframework.cloud.autoconfigure.ConfigurationPropertiesRebinderAutoConfiguration' of type [org.springframework.cloud.autoconfigure.ConfigurationPropertiesRebinderAutoConfiguration$$EnhancerBySpringCGLIB$$31dfcad] is not eligible for getting processed by all BeanPostProcessors (for example: not eligible for auto-proxying)
2021-01-25 10:17:43.687 [restartedMain] INFO  o.s.b.c.e.tomcat.TomcatEmbeddedServletContainer - Tomcat initialized with port(s): 8097 (http)
2021-01-25 10:17:43.699 [restartedMain] INFO  org.apache.catalina.core.StandardService - Starting service [Tomcat]
2021-01-25 10:17:43.700 [restartedMain] INFO  org.apache.catalina.core.StandardEngine - Starting Servlet Engine: Apache Tomcat/8.5.23
2021-01-25 10:17:43.883 [localhost-startStop-1] INFO  o.a.c.core.ContainerBase.[Tomcat].[localhost].[/] - Initializing Spring embedded WebApplicationContext
2021-01-25 10:17:43.883 [localhost-startStop-1] INFO  org.springframework.web.context.ContextLoader - Root WebApplicationContext: initialization completed in 6046 ms
2021-01-25 10:17:44.104 [localhost-startStop-1] INFO  o.s.boot.web.servlet.ServletRegistrationBean - Mapping servlet: 'dispatcherServlet' to [/]
2021-01-25 10:17:44.109 [localhost-startStop-1] INFO  o.s.boot.web.servlet.FilterRegistrationBean - Mapping filter: 'characterEncodingFilter' to: [/*]
2021-01-25 10:17:44.110 [localhost-startStop-1] INFO  o.s.boot.web.servlet.FilterRegistrationBean - Mapping filter: 'hiddenHttpMethodFilter' to: [/*]
2021-01-25 10:17:44.110 [localhost-startStop-1] INFO  o.s.boot.web.servlet.FilterRegistrationBean - Mapping filter: 'httpPutFormContentFilter' to: [/*]
2021-01-25 10:17:44.110 [localhost-startStop-1] INFO  o.s.boot.web.servlet.FilterRegistrationBean - Mapping filter: 'requestContextFilter' to: [/*]
2021-01-25 10:17:45.151 [restartedMain] INFO  o.s.orm.jpa.LocalContainerEntityManagerFactoryBean - Building JPA container EntityManagerFactory for persistence unit 'entityManagerFactoryPrimary'
2021-01-25 10:17:45.171 [restartedMain] INFO  org.hibernate.jpa.internal.util.LogHelper - HHH000204: Processing PersistenceUnitInfo [
	name: entityManagerFactoryPrimary
	...]
2021-01-25 10:17:45.327 [restartedMain] INFO  org.hibernate.Version - HHH000412: Hibernate Core {5.0.12.Final}
2021-01-25 10:17:45.330 [restartedMain] INFO  org.hibernate.cfg.Environment - HHH000206: hibernate.properties not found
2021-01-25 10:17:45.331 [restartedMain] INFO  org.hibernate.cfg.Environment - HHH000021: Bytecode provider name : javassist
2021-01-25 10:17:45.500 [restartedMain] INFO  org.hibernate.annotations.common.Version - HCANN000001: Hibernate Commons Annotations {5.0.1.Final}
2021-01-25 10:17:45.916 [restartedMain] INFO  org.hibernate.dialect.Dialect - HHH000400: Using dialect: org.hibernate.dialect.MySQL5Dialect
2021-01-25 10:17:46.385 [restartedMain] WARN  org.hibernate.mapping.RootClass - HHH000038: Composite-id class does not override equals(): com.hc.entity.HospitalequimentKey
2021-01-25 10:17:46.385 [restartedMain] WARN  org.hibernate.mapping.RootClass - HHH000039: Composite-id class does not override hashCode(): com.hc.entity.HospitalequimentKey
2021-01-25 10:17:46.777 [restartedMain] INFO  o.s.orm.jpa.LocalContainerEntityManagerFactoryBean - Initialized JPA EntityManagerFactory for persistence unit 'entityManagerFactoryPrimary'
2021-01-25 10:17:47.810 [restartedMain] INFO  o.h.hql.internal.QueryTranslatorFactoryInitiator - HHH000397: Using ASTQueryTranslatorFactory
2021-01-25 10:17:48.882 [restartedMain] INFO  o.s.w.s.m.m.a.RequestMappingHandlerMapping - Mapped "{[/api/alarmStatistics/getHospitalAlarmInfo],methods=[GET],produces=[application/json]}" onto public com.hc.units.ApiResponse<java.util.List<com.hc.model.ResponseModel.AlarmData>> com.hc.controller.AlarmStatisticsController.getHospitalAralmInfo(java.lang.String,java.lang.String,java.lang.String)
2021-01-25 10:17:48.883 [restartedMain] INFO  o.s.w.s.m.m.a.RequestMappingHandlerMapping - Mapped "{[/api/alarmStatistics/exporeExcle],methods=[GET],produces=[application/json]}" onto public com.hc.units.ApiResponse<java.lang.String> com.hc.controller.AlarmStatisticsController.exporeExcle(javax.servlet.http.HttpServletResponse)
2021-01-25 10:17:48.883 [restartedMain] INFO  o.s.w.s.m.m.a.RequestMappingHandlerMapping - Mapped "{[/api/alarmStatistics/exporeExcles],methods=[GET],produces=[application/json]}" onto public com.hc.units.ApiResponse<java.lang.String> com.hc.controller.AlarmStatisticsController.exporeExcles(javax.servlet.http.HttpServletResponse)
2021-01-25 10:17:48.884 [restartedMain] INFO  o.s.w.s.m.m.a.RequestMappingHandlerMapping - Mapped "{[/api/alarmStatistics/showAllData],methods=[GET],produces=[application/json]}" onto public com.hc.units.ApiResponse<java.util.List<com.hc.model.ResponseModel.ShowData>> com.hc.controller.AlarmStatisticsController.showAllData()
2021-01-25 10:17:48.884 [restartedMain] INFO  o.s.w.s.m.m.a.RequestMappingHandlerMapping - Mapped "{[/api/alarmStatistics/alarmStatisticsShow],methods=[GET],produces=[application/json]}" onto public com.hc.units.ApiResponse<java.util.List<com.hc.model.ResponseModel.AlarmHospitalInfo>> com.hc.controller.AlarmStatisticsController.alarm()
2021-01-25 10:17:48.886 [restartedMain] INFO  o.s.w.s.m.m.a.RequestMappingHandlerMapping - Mapped "{[/api/clientInfo/selectUserInfoPage],methods=[GET],produces=[application/json]}" onto public com.hc.units.ApiResponse<com.github.pagehelper.Page<com.hc.model.ResponseModel.ClientInfoModel>> com.hc.controller.ClientInfoController.selectUserInfoPage(java.lang.String,java.lang.Integer,java.lang.Integer,java.lang.String)
2021-01-25 10:17:48.886 [restartedMain] INFO  o.s.w.s.m.m.a.RequestMappingHandlerMapping - Mapped "{[/api/clientInfo/addUser],methods=[POST],produces=[application/json]}" onto public com.hc.units.ApiResponse<com.hc.entity.Userright> com.hc.controller.ClientInfoController.addUser(com.hc.entity.Userright)
2021-01-25 10:17:48.887 [restartedMain] INFO  o.s.w.s.m.m.a.RequestMappingHandlerMapping - Mapped "{[/api/clientInfo/updateUser],methods=[POST],produces=[application/json]}" onto public com.hc.units.ApiResponse<com.hc.entity.Userright> com.hc.controller.ClientInfoController.updateUser(com.hc.entity.Userright)
2021-01-25 10:17:48.887 [restartedMain] INFO  o.s.w.s.m.m.a.RequestMappingHandlerMapping - Mapped "{[/api/clientInfo/deleteUser],methods=[POST],produces=[application/json]}" onto public com.hc.units.ApiResponse<java.lang.String> com.hc.controller.ClientInfoController.deleteUser(com.hc.entity.Userright)
2021-01-25 10:17:48.890 [restartedMain] INFO  o.s.w.s.m.m.a.RequestMappingHandlerMapping - Mapped "{[/api/equipmentTypeInfo/deleteEquipmentType],methods=[POST],produces=[application/json]}" onto public com.hc.units.ApiResponse<java.lang.String> com.hc.controller.HospitalEquipmentTypeController.deleteEquipmentType(com.hc.model.RequestModel.EquipmentTypeInfoModel)
2021-01-25 10:17:48.891 [restartedMain] INFO  o.s.w.s.m.m.a.RequestMappingHandlerMapping - Mapped "{[/api/equipmentTypeInfo/selectAllEquipmentType],methods=[GET],produces=[application/json]}" onto public com.hc.units.ApiResponse<java.util.List<com.hc.entity.Monitorequipmenttype>> com.hc.controller.HospitalEquipmentTypeController.selectAllEquipmentType()
2021-01-25 10:17:48.891 [restartedMain] INFO  o.s.w.s.m.m.a.RequestMappingHandlerMapping - Mapped "{[/api/equipmentTypeInfo/selectAllEquipmentTypeByCode],methods=[GET],produces=[application/json]}" onto public com.hc.units.ApiResponse<java.util.List<com.hc.entity.Monitorequipmenttype>> com.hc.controller.HospitalEquipmentTypeController.selectAllEquipmentTypeByCode(java.lang.String)
2021-01-25 10:17:48.892 [restartedMain] INFO  o.s.w.s.m.m.a.RequestMappingHandlerMapping - Mapped "{[/api/equipmentTypeInfo/updateEquipmentType],methods=[POST],produces=[application/json]}" onto public com.hc.units.ApiResponse<java.lang.String> com.hc.controller.HospitalEquipmentTypeController.updateEquipmentType(com.hc.model.RequestModel.EquipmentTypeInfoModel)
2021-01-25 10:17:48.892 [restartedMain] INFO  o.s.w.s.m.m.a.RequestMappingHandlerMapping - Mapped "{[/api/equipmentTypeInfo/selectEquipmentTypePage],methods=[GET],produces=[application/json]}" onto public com.hc.units.ApiResponse<com.github.pagehelper.Page<com.hc.model.ResponseModel.HospitalEquipmentTypeInfoModel>> com.hc.controller.HospitalEquipmentTypeController.selectEquipmentPage(java.lang.String,java.lang.Integer,java.lang.Integer,java.lang.String)
2021-01-25 10:17:48.892 [restartedMain] INFO  o.s.w.s.m.m.a.RequestMappingHandlerMapping - Mapped "{[/api/equipmentTypeInfo/addEquipmentType],methods=[POST],produces=[application/json]}" onto public com.hc.units.ApiResponse<java.lang.String> com.hc.controller.HospitalEquipmentTypeController.addEquipmentType(com.hc.model.RequestModel.EquipmentTypeInfoModel)
2021-01-25 10:17:48.894 [restartedMain] INFO  o.s.w.s.m.m.a.RequestMappingHandlerMapping - Mapped "{[/api/hospitalInfo/updateHospitalInfo],methods=[POST],produces=[application/json]}" onto public com.hc.units.ApiResponse<com.hc.entity.Hospitalofreginfo> com.hc.controller.HospitalInfoController.updateHospitalInfo(com.hc.entity.Hospitalofreginfo)
2021-01-25 10:17:48.894 [restartedMain] INFO  o.s.w.s.m.m.a.RequestMappingHandlerMapping - Mapped "{[/api/hospitalInfo/deleteHospitalInfo],methods=[POST],produces=[application/json]}" onto public com.hc.units.ApiResponse<java.lang.String> com.hc.controller.HospitalInfoController.deleteHospitalInfo(com.hc.entity.Hospitalofreginfo)
2021-01-25 10:17:48.894 [restartedMain] INFO  o.s.w.s.m.m.a.RequestMappingHandlerMapping - Mapped "{[/api/hospitalInfo/getHospitalInfo],methods=[GET],produces=[application/json]}" onto public com.hc.units.ApiResponse<java.util.List<com.hc.entity.Hospitalofreginfo>> com.hc.controller.HospitalInfoController.selectHospitalInfo()
2021-01-25 10:17:48.894 [restartedMain] INFO  o.s.w.s.m.m.a.RequestMappingHandlerMapping - Mapped "{[/api/hospitalInfo/getHospitalInfoPage],methods=[GET],produces=[application/json]}" onto public com.hc.units.ApiResponse<com.github.pagehelper.Page<com.hc.entity.Hospitalofreginfo>> com.hc.controller.HospitalInfoController.selectHospitalInfoPage(java.lang.String,java.lang.Integer,java.lang.Integer)
2021-01-25 10:17:48.895 [restartedMain] INFO  o.s.w.s.m.m.a.RequestMappingHandlerMapping - Mapped "{[/api/hospitalInfo/addHospitalInfo],methods=[POST],produces=[application/json]}" onto public com.hc.units.ApiResponse<com.hc.entity.Hospitalofreginfo> com.hc.controller.HospitalInfoController.addHospitalInfo(com.hc.entity.Hospitalofreginfo)
2021-01-25 10:17:48.896 [restartedMain] INFO  o.s.w.s.m.m.a.RequestMappingHandlerMapping - Mapped "{[/api/instrumentInfo/showInsType],methods=[GET],produces=[application/json]}" onto public com.hc.units.ApiResponse<java.util.List<com.hc.entity.Monitorinstrumenttype>> com.hc.controller.InstrumentInfoController.showInstrumentType()
2021-01-25 10:17:48.897 [restartedMain] INFO  o.s.w.s.m.m.a.RequestMappingHandlerMapping - Mapped "{[/api/instrumentInfo/selectInstrumentPage],methods=[POST],produces=[application/json]}" onto public com.hc.units.ApiResponse<com.github.pagehelper.Page<com.hc.model.ResponseModel.AllInstrumentInfoModel>> com.hc.controller.InstrumentInfoController.selectInstrumentPage(com.hc.model.RequestModel.InstrumentPageModel)
2021-01-25 10:17:48.897 [restartedMain] INFO  o.s.w.s.m.m.a.RequestMappingHandlerMapping - Mapped "{[/api/instrumentInfo/addInstrumentParam],methods=[POST],produces=[application/json]}" onto public com.hc.units.ApiResponse<java.lang.String> com.hc.controller.InstrumentInfoController.addInstrumentParam(com.hc.model.RequestModel.InstrumentInfoModel)
2021-01-25 10:17:48.897 [restartedMain] INFO  o.s.w.s.m.m.a.RequestMappingHandlerMapping - Mapped "{[/api/instrumentInfo/deleteInstrument],methods=[POST],produces=[application/json]}" onto public com.hc.units.ApiResponse<java.lang.String> com.hc.controller.InstrumentInfoController.deleteInstrument(com.hc.model.RequestModel.InstrumentInfoModel)
2021-01-25 10:17:48.897 [restartedMain] INFO  o.s.w.s.m.m.a.RequestMappingHandlerMapping - Mapped "{[/api/instrumentInfo/addInstrument],methods=[POST],produces=[application/json]}" onto public com.hc.units.ApiResponse<java.lang.String> com.hc.controller.InstrumentInfoController.addInstrument(com.hc.model.RequestModel.InstrumentInfoModel)
2021-01-25 10:17:48.897 [restartedMain] INFO  o.s.w.s.m.m.a.RequestMappingHandlerMapping - Mapped "{[/api/instrumentInfo/updateInstrument],methods=[POST],produces=[application/json]}" onto public com.hc.units.ApiResponse<java.lang.String> com.hc.controller.InstrumentInfoController.updateInstrument(com.hc.model.RequestModel.InstrumentInfoModel)
2021-01-25 10:17:48.903 [restartedMain] INFO  o.s.w.s.m.m.a.RequestMappingHandlerMapping - Mapped "{[/api/equipmentInfo/deleteEquipment],methods=[POST],produces=[application/json]}" onto public com.hc.units.ApiResponse<java.lang.String> com.hc.controller.MonitorEquipmentController.deleteEquipmentType(com.hc.model.RequestModel.EquipmentInfoModel)
2021-01-25 10:17:48.904 [restartedMain] INFO  o.s.w.s.m.m.a.RequestMappingHandlerMapping - Mapped "{[/api/equipmentInfo/selectAllEquipmentByCode],methods=[GET],produces=[application/json]}" onto public com.hc.units.ApiResponse<java.util.List<com.hc.entity.Monitorequipment>> com.hc.controller.MonitorEquipmentController.selectAllEquipmentTypeByCode(java.lang.String,java.lang.String)
2021-01-25 10:17:48.904 [restartedMain] INFO  o.s.w.s.m.m.a.RequestMappingHandlerMapping - Mapped "{[/api/equipmentInfo/updateEquipment],methods=[POST],produces=[application/json]}" onto public com.hc.units.ApiResponse<java.lang.String> com.hc.controller.MonitorEquipmentController.updateEquipmentType(com.hc.model.RequestModel.EquipmentInfoModel)
2021-01-25 10:17:48.904 [restartedMain] INFO  o.s.w.s.m.m.a.RequestMappingHandlerMapping - Mapped "{[/api/equipmentInfo/selectEquipmentPage],methods=[GET],produces=[application/json]}" onto public com.hc.units.ApiResponse<com.github.pagehelper.Page<com.hc.model.ResponseModel.MonitorEquipmentInfoModel>> com.hc.controller.MonitorEquipmentController.selectEquipmentPage(java.lang.String,java.lang.Integer,java.lang.Integer,java.lang.String,java.lang.String)
2021-01-25 10:17:48.904 [restartedMain] INFO  o.s.w.s.m.m.a.RequestMappingHandlerMapping - Mapped "{[/api/equipmentInfo/showInstrumentType],methods=[GET],produces=[application/json]}" onto public com.hc.units.ApiResponse<java.util.List<com.hc.entity.Monitorinstrumenttype>> com.hc.controller.MonitorEquipmentController.showInstrumentType(java.lang.String)
2021-01-25 10:17:48.904 [restartedMain] INFO  o.s.w.s.m.m.a.RequestMappingHandlerMapping - Mapped "{[/api/equipmentInfo/showInstrumentInfo],methods=[GET],produces=[application/json]}" onto public com.hc.units.ApiResponse<java.util.List<com.hc.entity.Monitorinstrument>> com.hc.controller.MonitorEquipmentController.showInstrumentInfo(java.lang.String,java.lang.Integer,java.lang.String)
2021-01-25 10:17:48.904 [restartedMain] INFO  o.s.w.s.m.m.a.RequestMappingHandlerMapping - Mapped "{[/api/equipmentInfo/addWireEquipment],methods=[POST],produces=[application/json]}" onto public com.hc.units.ApiResponse<java.lang.String> com.hc.controller.MonitorEquipmentController.addWireEquipmentType(com.hc.model.RequestModel.EquipmentInfoModel)
2021-01-25 10:17:48.905 [restartedMain] INFO  o.s.w.s.m.m.a.RequestMappingHandlerMapping - Mapped "{[/api/equipmentInfo/searchEqByTwoYear],methods=[GET],produces=[application/json]}" onto public void com.hc.controller.MonitorEquipmentController.searchEqByTwoYear(javax.servlet.http.HttpServletResponse)
2021-01-25 10:17:48.905 [restartedMain] INFO  o.s.w.s.m.m.a.RequestMappingHandlerMapping - Mapped "{[/api/equipmentInfo/addEquipment],methods=[POST],produces=[application/json]}" onto public com.hc.units.ApiResponse<java.lang.String> com.hc.controller.MonitorEquipmentController.addEquipmentType(com.hc.model.RequestModel.EquipmentInfoModel)
2021-01-25 10:17:48.905 [restartedMain] INFO  o.s.w.s.m.m.a.RequestMappingHandlerMapping - Mapped "{[/info]}" onto public java.lang.String com.hc.controller.MyController.testA()
2021-01-25 10:17:48.905 [restartedMain] INFO  o.s.w.s.m.m.a.RequestMappingHandlerMapping - Mapped "{[/api/log/getAllLog],methods=[GET],produces=[application/json]}" onto public com.hc.units.ApiResponse<com.github.pagehelper.Page<com.hc.entity.Operationlog>> com.hc.controller.OperationlogdetailMapper.getAllLog(java.lang.String,java.lang.Integer,java.lang.Integer,java.lang.String,java.lang.String,java.lang.String,java.lang.String,java.lang.String)
2021-01-25 10:17:48.906 [restartedMain] INFO  o.s.w.s.m.m.a.RequestMappingHandlerMapping - Mapped "{[/api/log/getlogDeatil],methods=[GET],produces=[application/json]}" onto public com.hc.units.ApiResponse<java.util.List<com.hc.entity.Operationlogdetail>> com.hc.controller.OperationlogdetailMapper.getlogDeatil(java.lang.String)
2021-01-25 10:17:48.906 [restartedMain] INFO  o.s.w.s.m.m.a.RequestMappingHandlerMapping - Mapped "{[/api/repairinfo/addRepairinfo],methods=[POST],produces=[application/json]}" onto public com.hc.units.ApiResponse<com.hc.entity.Repairinfo> com.hc.controller.RepairinfoController.addRepairinfo(com.hc.entity.Repairinfo)
2021-01-25 10:17:48.907 [restartedMain] INFO  o.s.w.s.m.m.a.RequestMappingHandlerMapping - Mapped "{[/api/repairinfo/selectPageInfo],methods=[GET],produces=[application/json]}" onto public com.hc.units.ApiResponse<com.github.pagehelper.Page<com.hc.entity.Repairinfo>> com.hc.controller.RepairinfoController.selectPageInfo(java.lang.String,java.lang.Integer,java.lang.Integer,java.lang.String,java.lang.String,java.lang.String,java.lang.String,java.lang.String)
2021-01-25 10:17:48.907 [restartedMain] INFO  o.s.w.s.m.m.a.RequestMappingHandlerMapping - Mapped "{[/api/repairinfo/deleteRepairinfo],methods=[POST],produces=[application/json]}" onto public com.hc.units.ApiResponse<java.lang.String> com.hc.controller.RepairinfoController.deleteRepairinfo(com.hc.entity.Repairinfo)
2021-01-25 10:17:48.907 [restartedMain] INFO  o.s.w.s.m.m.a.RequestMappingHandlerMapping - Mapped "{[/api/repairinfo/updateRepairinfo],methods=[POST],produces=[application/json]}" onto public com.hc.units.ApiResponse<java.lang.String> com.hc.controller.RepairinfoController.updateRepairinfo(com.hc.entity.Repairinfo)
2021-01-25 10:17:48.907 [restartedMain] INFO  o.s.w.s.m.m.a.RequestMappingHandlerMapping - Mapped "{[/api/repairinfo/getsn],methods=[GET],produces=[application/json]}" onto public com.hc.units.ApiResponse<java.util.List<com.hc.entity.Monitorinstrument>> com.hc.controller.RepairinfoController.getSn(java.lang.String)
2021-01-25 10:17:48.908 [restartedMain] INFO  o.s.w.s.m.m.a.RequestMappingHandlerMapping - Mapped "{[/test/],methods=[GET]}" onto public void com.hc.controller.testController.test()
2021-01-25 10:17:48.908 [restartedMain] INFO  o.s.w.s.m.m.a.RequestMappingHandlerMapping - Mapped "{[/api/userAuthorInfo/selectUserAuthorInfoPage],methods=[GET],produces=[application/json]}" onto public com.hc.units.ApiResponse<com.github.pagehelper.Page<com.hc.model.ResponseModel.UserAuthInfoModel>> com.hc.controller.UserAuthorController.selectUserAuthorInfoPage(java.lang.Integer,java.lang.Integer)
2021-01-25 10:17:48.908 [restartedMain] INFO  o.s.w.s.m.m.a.RequestMappingHandlerMapping - Mapped "{[/api/userAuthorInfo/updateUserAuthor],methods=[POST],produces=[application/json]}" onto public com.hc.units.ApiResponse<java.lang.String> com.hc.controller.UserAuthorController.updateUserAuthor(com.hc.model.RequestModel.UserauthorInfoModel)
2021-01-25 10:17:48.909 [restartedMain] INFO  o.s.w.s.m.m.a.RequestMappingHandlerMapping - Mapped "{[/api/userBackInfo/searchScByHosMon],methods=[GET],produces=[application/json]}" onto public com.hc.units.ApiResponse<java.util.List<com.hc.entity.UserScheduLing>> com.hc.controller.UserInfoController.searchScByHosMon(java.lang.String,java.lang.String)
2021-01-25 10:17:48.909 [restartedMain] INFO  o.s.w.s.m.m.a.RequestMappingHandlerMapping - Mapped "{[/api/userBackInfo/userLogin],methods=[POST],produces=[application/json]}" onto public com.hc.units.ApiResponse<java.lang.String> com.hc.controller.UserInfoController.userLogin(com.hc.entity.Userback)
2021-01-25 10:17:48.909 [restartedMain] INFO  o.s.w.s.m.m.a.RequestMappingHandlerMapping - Mapped "{[/api/userBackInfo/updatePwd],methods=[POST],produces=[application/json]}" onto public com.hc.units.ApiResponse<java.lang.String> com.hc.controller.UserInfoController.updatePwd(com.hc.entity.Userback)
2021-01-25 10:17:48.910 [restartedMain] INFO  o.s.w.s.m.m.a.RequestMappingHandlerMapping - Mapped "{[/api/userBackInfo/addusersc],methods=[POST],produces=[application/json]}" onto public com.hc.units.ApiResponse<java.lang.String> com.hc.controller.UserInfoController.addusersc(com.hc.model.RequestModel.UserScheduLingPostModel)
2021-01-25 10:17:48.910 [restartedMain] INFO  o.s.w.s.m.m.a.RequestMappingHandlerMapping - Mapped "{[/v2/api-docs],methods=[GET],produces=[application/json || application/hal+json]}" onto public org.springframework.http.ResponseEntity<springfox.documentation.spring.web.json.Json> springfox.documentation.swagger2.web.Swagger2Controller.getDocumentation(java.lang.String,javax.servlet.http.HttpServletRequest)
2021-01-25 10:17:48.912 [restartedMain] INFO  o.s.w.s.m.m.a.RequestMappingHandlerMapping - Mapped "{[/swagger-resources/configuration/ui]}" onto org.springframework.http.ResponseEntity<springfox.documentation.swagger.web.UiConfiguration> springfox.documentation.swagger.web.ApiResourceController.uiConfiguration()
2021-01-25 10:17:48.912 [restartedMain] INFO  o.s.w.s.m.m.a.RequestMappingHandlerMapping - Mapped "{[/swagger-resources]}" onto org.springframework.http.ResponseEntity<java.util.List<springfox.documentation.swagger.web.SwaggerResource>> springfox.documentation.swagger.web.ApiResourceController.swaggerResources()
2021-01-25 10:17:48.913 [restartedMain] INFO  o.s.w.s.m.m.a.RequestMappingHandlerMapping - Mapped "{[/swagger-resources/configuration/security]}" onto org.springframework.http.ResponseEntity<springfox.documentation.swagger.web.SecurityConfiguration> springfox.documentation.swagger.web.ApiResourceController.securityConfiguration()
2021-01-25 10:17:48.915 [restartedMain] INFO  o.s.w.s.m.m.a.RequestMappingHandlerMapping - Mapped "{[/error]}" onto public org.springframework.http.ResponseEntity<java.util.Map<java.lang.String, java.lang.Object>> org.springframework.boot.autoconfigure.web.BasicErrorController.error(javax.servlet.http.HttpServletRequest)
2021-01-25 10:17:48.915 [restartedMain] INFO  o.s.w.s.m.m.a.RequestMappingHandlerMapping - Mapped "{[/error],produces=[text/html]}" onto public org.springframework.web.servlet.ModelAndView org.springframework.boot.autoconfigure.web.BasicErrorController.errorHtml(javax.servlet.http.HttpServletRequest,javax.servlet.http.HttpServletResponse)
2021-01-25 10:17:49.855 [restartedMain] INFO  o.s.w.s.m.m.a.RequestMappingHandlerAdapter - Looking for @ControllerAdvice: org.springframework.boot.context.embedded.AnnotationConfigEmbeddedWebApplicationContext@7508a1b5: startup date [Mon Jan 25 10:17:37 CST 2021]; parent: org.springframework.context.annotation.AnnotationConfigApplicationContext@4326bf75
2021-01-25 10:17:49.930 [restartedMain] INFO  o.s.web.servlet.handler.SimpleUrlHandlerMapping - Mapped URL path [/swagger-ui.html] onto handler of type [class org.springframework.web.servlet.resource.ResourceHttpRequestHandler]
2021-01-25 10:17:49.930 [restartedMain] INFO  o.s.web.servlet.handler.SimpleUrlHandlerMapping - Mapped URL path [/static*] onto handler of type [class org.springframework.web.servlet.resource.ResourceHttpRequestHandler]
2021-01-25 10:17:49.930 [restartedMain] INFO  o.s.web.servlet.handler.SimpleUrlHandlerMapping - Mapped URL path [/webjars/**] onto handler of type [class org.springframework.web.servlet.resource.ResourceHttpRequestHandler]
2021-01-25 10:17:49.930 [restartedMain] INFO  o.s.web.servlet.handler.SimpleUrlHandlerMapping - Mapped URL path [/**] onto handler of type [class org.springframework.web.servlet.resource.ResourceHttpRequestHandler]
2021-01-25 10:17:49.980 [restartedMain] INFO  o.s.web.servlet.handler.SimpleUrlHandlerMapping - Mapped URL path [/**/favicon.ico] onto handler of type [class org.springframework.web.servlet.resource.ResourceHttpRequestHandler]
2021-01-25 10:17:50.656 [restartedMain] WARN  o.s.b.d.autoconfigure.OptionalLiveReloadServer - Unable to start LiveReload server
2021-01-25 10:17:50.792 [restartedMain] WARN  com.netflix.config.sources.URLConfigurationSource - No URLs will be polled as dynamic configuration sources.
2021-01-25 10:17:50.792 [restartedMain] INFO  com.netflix.config.sources.URLConfigurationSource - To enable URLs as dynamic configuration sources, define System property archaius.configurationSource.additionalUrls or make config.properties available on classpath.
2021-01-25 10:17:50.796 [restartedMain] WARN  com.netflix.config.sources.URLConfigurationSource - No URLs will be polled as dynamic configuration sources.
2021-01-25 10:17:50.797 [restartedMain] INFO  com.netflix.config.sources.URLConfigurationSource - To enable URLs as dynamic configuration sources, define System property archaius.configurationSource.additionalUrls or make config.properties available on classpath.
2021-01-25 10:17:50.888 [restartedMain] INFO  o.s.jmx.export.annotation.AnnotationMBeanExporter - Registering beans for JMX exposure on startup
2021-01-25 10:17:50.908 [restartedMain] INFO  o.s.jmx.export.annotation.AnnotationMBeanExporter - Bean with name 'environmentManager' has been autodetected for JMX exposure
2021-01-25 10:17:50.910 [restartedMain] INFO  o.s.jmx.export.annotation.AnnotationMBeanExporter - Bean with name 'configurationPropertiesRebinder' has been autodetected for JMX exposure
2021-01-25 10:17:50.911 [restartedMain] INFO  o.s.jmx.export.annotation.AnnotationMBeanExporter - Bean with name 'refreshScope' has been autodetected for JMX exposure
2021-01-25 10:17:50.916 [restartedMain] INFO  o.s.jmx.export.annotation.AnnotationMBeanExporter - Located managed bean 'environmentManager': registering with JMX server as MBean [org.springframework.cloud.context.environment:name=environmentManager,type=EnvironmentManager]
2021-01-25 10:17:50.938 [restartedMain] INFO  o.s.jmx.export.annotation.AnnotationMBeanExporter - Located managed bean 'refreshScope': registering with JMX server as MBean [org.springframework.cloud.context.scope.refresh:name=refreshScope,type=RefreshScope]
2021-01-25 10:17:50.962 [restartedMain] INFO  o.s.jmx.export.annotation.AnnotationMBeanExporter - Located managed bean 'configurationPropertiesRebinder': registering with JMX server as MBean [org.springframework.cloud.context.properties:name=configurationPropertiesRebinder,context=7508a1b5,type=ConfigurationPropertiesRebinder]
2021-01-25 10:17:51.721 [restartedMain] INFO  o.s.context.support.DefaultLifecycleProcessor - Starting beans in phase 0
2021-01-25 10:17:51.729 [restartedMain] INFO  o.s.cloud.netflix.eureka.InstanceInfoFactory - Setting initial instance status as: STARTING
2021-01-25 10:17:51.783 [restartedMain] INFO  com.netflix.discovery.DiscoveryClient - Initializing Eureka in region us-east-1
2021-01-25 10:17:52.058 [restartedMain] INFO  c.n.discovery.provider.DiscoveryJerseyProvider - Using JSON encoding codec LegacyJacksonJson
2021-01-25 10:17:52.059 [restartedMain] INFO  c.n.discovery.provider.DiscoveryJerseyProvider - Using JSON decoding codec LegacyJacksonJson
2021-01-25 10:17:52.154 [restartedMain] INFO  c.n.discovery.provider.DiscoveryJerseyProvider - Using XML encoding codec XStreamXml
2021-01-25 10:17:52.155 [restartedMain] INFO  c.n.discovery.provider.DiscoveryJerseyProvider - Using XML decoding codec XStreamXml
2021-01-25 10:17:52.358 [restartedMain] INFO  c.n.d.shared.resolver.aws.ConfigClusterResolver - Resolving eureka endpoints via configuration
2021-01-25 10:17:52.727 [restartedMain] INFO  com.netflix.discovery.DiscoveryClient - Disable delta property : false
2021-01-25 10:17:52.728 [restartedMain] INFO  com.netflix.discovery.DiscoveryClient - Single vip registry refresh property : null
2021-01-25 10:17:52.728 [restartedMain] INFO  com.netflix.discovery.DiscoveryClient - Force full registry fetch : false
2021-01-25 10:17:52.728 [restartedMain] INFO  com.netflix.discovery.DiscoveryClient - Application is null : false
2021-01-25 10:17:52.728 [restartedMain] INFO  com.netflix.discovery.DiscoveryClient - Registered Applications size is zero : true
2021-01-25 10:17:52.728 [restartedMain] INFO  com.netflix.discovery.DiscoveryClient - Application version is -1: true
2021-01-25 10:17:52.728 [restartedMain] INFO  com.netflix.discovery.DiscoveryClient - Getting all instance registry info from the eureka server
2021-01-25 10:17:53.084 [restartedMain] INFO  com.netflix.discovery.DiscoveryClient - The response status is 200
2021-01-25 10:17:53.085 [restartedMain] INFO  com.netflix.discovery.DiscoveryClient - Starting heartbeat executor: renew interval is: 30
2021-01-25 10:17:53.091 [restartedMain] INFO  com.netflix.discovery.InstanceInfoReplicator - InstanceInfoReplicator onDemand update allowed rate per min is 4
2021-01-25 10:17:53.097 [restartedMain] INFO  com.netflix.discovery.DiscoveryClient - Discovery Client initialized at timestamp 1611541073097 with initial instances count: 0
2021-01-25 10:17:53.122 [restartedMain] INFO  o.s.c.n.e.serviceregistry.EurekaServiceRegistry - Registering application HC-HTGL-ms with eureka with status UP
2021-01-25 10:17:53.124 [restartedMain] INFO  com.netflix.discovery.DiscoveryClient - Saw local status change event StatusChangeEvent [timestamp=1611541073124, current=UP, previous=STARTING]
2021-01-25 10:17:53.126 [DiscoveryClient-InstanceInfoReplicator-0] INFO  com.netflix.discovery.DiscoveryClient - DiscoveryClient_HC-HTGL-MS/PC-20190801IFVM:HC-HTGL-ms:8097: registering service...
2021-01-25 10:17:53.128 [restartedMain] INFO  o.s.context.support.DefaultLifecycleProcessor - Starting beans in phase 2147483647
2021-01-25 10:17:53.128 [restartedMain] INFO  s.d.s.web.plugins.DocumentationPluginsBootstrapper - Context refreshed
2021-01-25 10:17:53.149 [restartedMain] INFO  s.d.s.web.plugins.DocumentationPluginsBootstrapper - Found 1 custom documentation plugin(s)
2021-01-25 10:17:53.172 [restartedMain] INFO  s.d.spring.web.scanners.ApiListingReferenceScanner - Scanning for api listing references
2021-01-25 10:17:53.239 [DiscoveryClient-InstanceInfoReplicator-0] INFO  com.netflix.discovery.DiscoveryClient - DiscoveryClient_HC-HTGL-MS/PC-20190801IFVM:HC-HTGL-ms:8097 - registration status: 204
2021-01-25 10:17:53.584 [restartedMain] INFO  s.d.s.w.r.operation.CachingOperationNameGenerator - Generating unique operation named: addEquipmentTypeUsingPOST_1
2021-01-25 10:17:53.601 [restartedMain] INFO  s.d.s.w.r.operation.CachingOperationNameGenerator - Generating unique operation named: deleteEquipmentTypeUsingPOST_1
2021-01-25 10:17:53.619 [restartedMain] INFO  s.d.s.w.r.operation.CachingOperationNameGenerator - Generating unique operation named: selectAllEquipmentTypeByCodeUsingGET_1
2021-01-25 10:17:53.638 [restartedMain] INFO  s.d.s.w.r.operation.CachingOperationNameGenerator - Generating unique operation named: selectEquipmentPageUsingGET_1
2021-01-25 10:17:53.653 [restartedMain] INFO  s.d.s.w.r.operation.CachingOperationNameGenerator - Generating unique operation named: showInstrumentTypeUsingGET_1
2021-01-25 10:17:53.659 [restartedMain] INFO  s.d.s.w.r.operation.CachingOperationNameGenerator - Generating unique operation named: updateEquipmentTypeUsingPOST_1
2021-01-25 10:17:53.851 [restartedMain] INFO  o.s.b.c.e.tomcat.TomcatEmbeddedServletContainer - Tomcat started on port(s): 8097 (http)
2021-01-25 10:17:53.852 [restartedMain] INFO  o.s.c.n.e.s.EurekaAutoServiceRegistration - Updating port to 8097
2021-01-25 10:17:57.820 [restartedMain] INFO  com.hc.config.PoliceStationInfoCache - 执行探头信息同步
2021-01-25 10:17:57.822 [restartedMain] INFO  com.hc.SpringServiceAApplication - Started SpringServiceAApplication in 22.029 seconds (JVM running for 23.499)
2021-01-25 10:18:23.086 [DiscoveryClient-CacheRefreshExecutor-0] INFO  com.netflix.discovery.DiscoveryClient - Disable delta property : false
2021-01-25 10:18:23.086 [DiscoveryClient-CacheRefreshExecutor-0] INFO  com.netflix.discovery.DiscoveryClient - Single vip registry refresh property : null
2021-01-25 10:18:23.087 [DiscoveryClient-CacheRefreshExecutor-0] INFO  com.netflix.discovery.DiscoveryClient - Force full registry fetch : false
2021-01-25 10:18:23.087 [DiscoveryClient-CacheRefreshExecutor-0] INFO  com.netflix.discovery.DiscoveryClient - Application is null : false
2021-01-25 10:18:23.087 [DiscoveryClient-CacheRefreshExecutor-0] INFO  com.netflix.discovery.DiscoveryClient - Registered Applications size is zero : true
2021-01-25 10:18:23.087 [DiscoveryClient-CacheRefreshExecutor-0] INFO  com.netflix.discovery.DiscoveryClient - Application version is -1: false
2021-01-25 10:18:23.087 [DiscoveryClient-CacheRefreshExecutor-0] INFO  com.netflix.discovery.DiscoveryClient - Getting all instance registry info from the eureka server
2021-01-25 10:18:23.121 [DiscoveryClient-CacheRefreshExecutor-0] INFO  com.netflix.discovery.DiscoveryClient - The response status is 200
2021-01-25 10:22:52.731 [AsyncResolver-bootstrap-executor-0] INFO  c.n.d.shared.resolver.aws.ConfigClusterResolver - Resolving eureka endpoints via configuration
2021-01-25 10:23:28.490 [http-nio-8097-exec-1] INFO  o.a.c.core.ContainerBase.[Tomcat].[localhost].[/] - Initializing Spring FrameworkServlet 'dispatcherServlet'
2021-01-25 10:23:28.490 [http-nio-8097-exec-1] INFO  org.springframework.web.servlet.DispatcherServlet - FrameworkServlet 'dispatcherServlet': initialization started
2021-01-25 10:23:28.523 [http-nio-8097-exec-1] INFO  org.springframework.web.servlet.DispatcherServlet - FrameworkServlet 'dispatcherServlet': initialization completed in 33 ms
2021-01-25 10:23:28.546 [http-nio-8097-exec-1] INFO  com.hc.interpector.LoginInterceptor - LoginInterceptor 调用接口！================== Url:/api/userBackInfo/userLogin;Token:null;SessionID:1F07F222716A332D494E14DBCB6409DF
2021-01-25 10:23:28.546 [http-nio-8097-exec-1] INFO  com.hc.interpector.LoginInterceptor - 匹配上了，直接放行：/api/userBackInfo/userLogin
2021-01-25 10:23:29.026 [http-nio-8097-exec-2] INFO  com.hc.interpector.LoginInterceptor - LoginInterceptor 调用接口！================== Url:/api/hospitalInfo/getHospitalInfoPage;Token:0278b1c1b26b3186884051f3b2b1165902469244f78f7b29379a97d9dad5f99f51479488ae735133;SessionID:59FD8279FC28B1AA8FB01AFB6800CBB5
2021-01-25 10:23:29.027 [http-nio-8097-exec-2] INFO  com.hc.interpector.LoginInterceptor - 未匹配 NO_INTERCEPTOR_PATH path : /api/hospitalInfo/getHospitalInfoPage
2021-01-25 10:23:33.483 [http-nio-8097-exec-3] INFO  com.hc.interpector.LoginInterceptor - LoginInterceptor 调用接口！================== Url:/api/clientInfo/selectUserInfoPage;Token:0278b1c1b26b3186884051f3b2b1165902469244f78f7b29379a97d9dad5f99f51479488ae735133;SessionID:A9384F59110F565B8DC2BF52B6D25787
2021-01-25 10:23:33.484 [http-nio-8097-exec-3] INFO  com.hc.interpector.LoginInterceptor - 未匹配 NO_INTERCEPTOR_PATH path : /api/clientInfo/selectUserInfoPage
2021-01-25 10:23:33.485 [http-nio-8097-exec-4] INFO  com.hc.interpector.LoginInterceptor - LoginInterceptor 调用接口！================== Url:/api/hospitalInfo/getHospitalInfo;Token:0278b1c1b26b3186884051f3b2b1165902469244f78f7b29379a97d9dad5f99f51479488ae735133;SessionID:E1D54A5EA7A7FC5457AD67BC6CD1BDE1
2021-01-25 10:23:33.486 [http-nio-8097-exec-4] INFO  com.hc.interpector.LoginInterceptor - 未匹配 NO_INTERCEPTOR_PATH path : /api/hospitalInfo/getHospitalInfo
2021-01-25 10:23:35.521 [http-nio-8097-exec-5] INFO  com.hc.interpector.LoginInterceptor - LoginInterceptor 调用接口！================== Url:/api/clientInfo/selectUserInfoPage;Token:0278b1c1b26b3186884051f3b2b1165902469244f78f7b29379a97d9dad5f99f51479488ae735133;SessionID:B627D04DCDFF8968EC9FEA01B83C7122
2021-01-25 10:23:35.522 [http-nio-8097-exec-5] INFO  com.hc.interpector.LoginInterceptor - 未匹配 NO_INTERCEPTOR_PATH path : /api/clientInfo/selectUserInfoPage
2021-01-25 10:27:52.733 [AsyncResolver-bootstrap-executor-0] INFO  c.n.d.shared.resolver.aws.ConfigClusterResolver - Resolving eureka endpoints via configuration
2021-01-25 10:32:52.734 [AsyncResolver-bootstrap-executor-0] INFO  c.n.d.shared.resolver.aws.ConfigClusterResolver - Resolving eureka endpoints via configuration
2021-01-25 10:37:52.735 [AsyncResolver-bootstrap-executor-0] INFO  c.n.d.shared.resolver.aws.ConfigClusterResolver - Resolving eureka endpoints via configuration
2021-01-25 10:42:52.737 [AsyncResolver-bootstrap-executor-0] INFO  c.n.d.shared.resolver.aws.ConfigClusterResolver - Resolving eureka endpoints via configuration
2021-01-25 10:47:52.738 [AsyncResolver-bootstrap-executor-0] INFO  c.n.d.shared.resolver.aws.ConfigClusterResolver - Resolving eureka endpoints via configuration
2021-01-25 10:52:52.739 [AsyncResolver-bootstrap-executor-0] INFO  c.n.d.shared.resolver.aws.ConfigClusterResolver - Resolving eureka endpoints via configuration
2021-01-25 10:57:52.741 [AsyncResolver-bootstrap-executor-0] INFO  c.n.d.shared.resolver.aws.ConfigClusterResolver - Resolving eureka endpoints via configuration
2021-01-25 11:02:52.743 [AsyncResolver-bootstrap-executor-0] INFO  c.n.d.shared.resolver.aws.ConfigClusterResolver - Resolving eureka endpoints via configuration
2021-01-25 11:07:52.745 [AsyncResolver-bootstrap-executor-0] INFO  c.n.d.shared.resolver.aws.ConfigClusterResolver - Resolving eureka endpoints via configuration
2021-01-25 11:12:52.746 [AsyncResolver-bootstrap-executor-0] INFO  c.n.d.shared.resolver.aws.ConfigClusterResolver - Resolving eureka endpoints via configuration
2021-01-25 11:17:52.747 [AsyncResolver-bootstrap-executor-0] INFO  c.n.d.shared.resolver.aws.ConfigClusterResolver - Resolving eureka endpoints via configuration
2021-01-25 11:22:52.749 [AsyncResolver-bootstrap-executor-0] INFO  c.n.d.shared.resolver.aws.ConfigClusterResolver - Resolving eureka endpoints via configuration
2021-01-25 11:27:52.751 [AsyncResolver-bootstrap-executor-0] INFO  c.n.d.shared.resolver.aws.ConfigClusterResolver - Resolving eureka endpoints via configuration
2021-01-25 11:32:52.753 [AsyncResolver-bootstrap-executor-0] INFO  c.n.d.shared.resolver.aws.ConfigClusterResolver - Resolving eureka endpoints via configuration
2021-01-25 11:37:52.755 [AsyncResolver-bootstrap-executor-0] INFO  c.n.d.shared.resolver.aws.ConfigClusterResolver - Resolving eureka endpoints via configuration
2021-01-25 11:42:52.757 [AsyncResolver-bootstrap-executor-0] INFO  c.n.d.shared.resolver.aws.ConfigClusterResolver - Resolving eureka endpoints via configuration
2021-01-25 11:47:52.758 [AsyncResolver-bootstrap-executor-0] INFO  c.n.d.shared.resolver.aws.ConfigClusterResolver - Resolving eureka endpoints via configuration
2021-01-25 11:52:52.760 [AsyncResolver-bootstrap-executor-0] INFO  c.n.d.shared.resolver.aws.ConfigClusterResolver - Resolving eureka endpoints via configuration
2021-01-25 11:57:52.762 [AsyncResolver-bootstrap-executor-0] INFO  c.n.d.shared.resolver.aws.ConfigClusterResolver - Resolving eureka endpoints via configuration
2021-01-25 12:02:52.764 [AsyncResolver-bootstrap-executor-0] INFO  c.n.d.shared.resolver.aws.ConfigClusterResolver - Resolving eureka endpoints via configuration
2021-01-25 12:07:52.766 [AsyncResolver-bootstrap-executor-0] INFO  c.n.d.shared.resolver.aws.ConfigClusterResolver - Resolving eureka endpoints via configuration
2021-01-25 12:12:52.767 [AsyncResolver-bootstrap-executor-0] INFO  c.n.d.shared.resolver.aws.ConfigClusterResolver - Resolving eureka endpoints via configuration
2021-01-25 12:17:52.768 [AsyncResolver-bootstrap-executor-0] INFO  c.n.d.shared.resolver.aws.ConfigClusterResolver - Resolving eureka endpoints via configuration
2021-01-25 12:22:52.770 [AsyncResolver-bootstrap-executor-0] INFO  c.n.d.shared.resolver.aws.ConfigClusterResolver - Resolving eureka endpoints via configuration
2021-01-25 12:27:52.772 [AsyncResolver-bootstrap-executor-0] INFO  c.n.d.shared.resolver.aws.ConfigClusterResolver - Resolving eureka endpoints via configuration
2021-01-25 12:32:52.774 [AsyncResolver-bootstrap-executor-0] INFO  c.n.d.shared.resolver.aws.ConfigClusterResolver - Resolving eureka endpoints via configuration
2021-01-25 12:37:52.776 [AsyncResolver-bootstrap-executor-0] INFO  c.n.d.shared.resolver.aws.ConfigClusterResolver - Resolving eureka endpoints via configuration
2021-01-25 12:42:52.777 [AsyncResolver-bootstrap-executor-0] INFO  c.n.d.shared.resolver.aws.ConfigClusterResolver - Resolving eureka endpoints via configuration
2021-01-25 12:47:52.778 [AsyncResolver-bootstrap-executor-0] INFO  c.n.d.shared.resolver.aws.ConfigClusterResolver - Resolving eureka endpoints via configuration
2021-01-25 12:52:52.779 [AsyncResolver-bootstrap-executor-0] INFO  c.n.d.shared.resolver.aws.ConfigClusterResolver - Resolving eureka endpoints via configuration
2021-01-25 12:57:52.781 [AsyncResolver-bootstrap-executor-0] INFO  c.n.d.shared.resolver.aws.ConfigClusterResolver - Resolving eureka endpoints via configuration
2021-01-25 13:02:52.782 [AsyncResolver-bootstrap-executor-0] INFO  c.n.d.shared.resolver.aws.ConfigClusterResolver - Resolving eureka endpoints via configuration
2021-01-25 13:07:52.783 [AsyncResolver-bootstrap-executor-0] INFO  c.n.d.shared.resolver.aws.ConfigClusterResolver - Resolving eureka endpoints via configuration
2021-01-25 13:12:52.784 [AsyncResolver-bootstrap-executor-0] INFO  c.n.d.shared.resolver.aws.ConfigClusterResolver - Resolving eureka endpoints via configuration
2021-01-25 13:17:52.786 [AsyncResolver-bootstrap-executor-0] INFO  c.n.d.shared.resolver.aws.ConfigClusterResolver - Resolving eureka endpoints via configuration
2021-01-25 13:22:52.787 [AsyncResolver-bootstrap-executor-0] INFO  c.n.d.shared.resolver.aws.ConfigClusterResolver - Resolving eureka endpoints via configuration
2021-01-25 13:27:52.789 [AsyncResolver-bootstrap-executor-0] INFO  c.n.d.shared.resolver.aws.ConfigClusterResolver - Resolving eureka endpoints via configuration
2021-01-25 13:32:52.791 [AsyncResolver-bootstrap-executor-0] INFO  c.n.d.shared.resolver.aws.ConfigClusterResolver - Resolving eureka endpoints via configuration
2021-01-25 13:37:52.792 [AsyncResolver-bootstrap-executor-0] INFO  c.n.d.shared.resolver.aws.ConfigClusterResolver - Resolving eureka endpoints via configuration
2021-01-25 13:42:52.794 [AsyncResolver-bootstrap-executor-0] INFO  c.n.d.shared.resolver.aws.ConfigClusterResolver - Resolving eureka endpoints via configuration
2021-01-25 13:47:52.796 [AsyncResolver-bootstrap-executor-0] INFO  c.n.d.shared.resolver.aws.ConfigClusterResolver - Resolving eureka endpoints via configuration
2021-01-25 13:52:52.797 [AsyncResolver-bootstrap-executor-0] INFO  c.n.d.shared.resolver.aws.ConfigClusterResolver - Resolving eureka endpoints via configuration
2021-01-25 13:57:52.799 [AsyncResolver-bootstrap-executor-0] INFO  c.n.d.shared.resolver.aws.ConfigClusterResolver - Resolving eureka endpoints via configuration
2021-01-25 14:02:52.800 [AsyncResolver-bootstrap-executor-0] INFO  c.n.d.shared.resolver.aws.ConfigClusterResolver - Resolving eureka endpoints via configuration
2021-01-25 14:07:52.802 [AsyncResolver-bootstrap-executor-0] INFO  c.n.d.shared.resolver.aws.ConfigClusterResolver - Resolving eureka endpoints via configuration
2021-01-25 14:12:52.804 [AsyncResolver-bootstrap-executor-0] INFO  c.n.d.shared.resolver.aws.ConfigClusterResolver - Resolving eureka endpoints via configuration
2021-01-25 14:17:52.805 [AsyncResolver-bootstrap-executor-0] INFO  c.n.d.shared.resolver.aws.ConfigClusterResolver - Resolving eureka endpoints via configuration
2021-01-25 14:22:52.806 [AsyncResolver-bootstrap-executor-0] INFO  c.n.d.shared.resolver.aws.ConfigClusterResolver - Resolving eureka endpoints via configuration
2021-01-25 14:27:52.808 [AsyncResolver-bootstrap-executor-0] INFO  c.n.d.shared.resolver.aws.ConfigClusterResolver - Resolving eureka endpoints via configuration
2021-01-25 14:32:52.810 [AsyncResolver-bootstrap-executor-0] INFO  c.n.d.shared.resolver.aws.ConfigClusterResolver - Resolving eureka endpoints via configuration
2021-01-25 14:37:52.812 [AsyncResolver-bootstrap-executor-0] INFO  c.n.d.shared.resolver.aws.ConfigClusterResolver - Resolving eureka endpoints via configuration
2021-01-25 14:42:52.814 [AsyncResolver-bootstrap-executor-0] INFO  c.n.d.shared.resolver.aws.ConfigClusterResolver - Resolving eureka endpoints via configuration
2021-01-25 14:47:52.816 [AsyncResolver-bootstrap-executor-0] INFO  c.n.d.shared.resolver.aws.ConfigClusterResolver - Resolving eureka endpoints via configuration
2021-01-25 14:52:52.817 [AsyncResolver-bootstrap-executor-0] INFO  c.n.d.shared.resolver.aws.ConfigClusterResolver - Resolving eureka endpoints via configuration
2021-01-25 14:57:52.819 [AsyncResolver-bootstrap-executor-0] INFO  c.n.d.shared.resolver.aws.ConfigClusterResolver - Resolving eureka endpoints via configuration
2021-01-25 15:02:52.821 [AsyncResolver-bootstrap-executor-0] INFO  c.n.d.shared.resolver.aws.ConfigClusterResolver - Resolving eureka endpoints via configuration
2021-01-25 15:07:52.822 [AsyncResolver-bootstrap-executor-0] INFO  c.n.d.shared.resolver.aws.ConfigClusterResolver - Resolving eureka endpoints via configuration
2021-01-25 15:12:52.824 [AsyncResolver-bootstrap-executor-0] INFO  c.n.d.shared.resolver.aws.ConfigClusterResolver - Resolving eureka endpoints via configuration
2021-01-25 15:17:52.825 [AsyncResolver-bootstrap-executor-0] INFO  c.n.d.shared.resolver.aws.ConfigClusterResolver - Resolving eureka endpoints via configuration
2021-01-25 15:22:52.826 [AsyncResolver-bootstrap-executor-0] INFO  c.n.d.shared.resolver.aws.ConfigClusterResolver - Resolving eureka endpoints via configuration
2021-01-25 15:27:52.828 [AsyncResolver-bootstrap-executor-0] INFO  c.n.d.shared.resolver.aws.ConfigClusterResolver - Resolving eureka endpoints via configuration
2021-01-25 15:29:56.470 [http-nio-8097-exec-9] INFO  com.hc.interpector.LoginInterceptor - LoginInterceptor 调用接口！================== Url:/api/hospitalInfo/getHospitalInfo;Token:0278b1c1b26b3186884051f3b2b1165902469244f78f7b29379a97d9dad5f99f51479488ae735133;SessionID:BB8002E917E9A8DD7B7FD53069F32A36
2021-01-25 15:29:56.471 [http-nio-8097-exec-9] INFO  com.hc.interpector.LoginInterceptor - 未匹配 NO_INTERCEPTOR_PATH path : /api/hospitalInfo/getHospitalInfo
2021-01-25 15:29:56.484 [http-nio-8097-exec-8] INFO  com.hc.interpector.LoginInterceptor - LoginInterceptor 调用接口！================== Url:/api/clientInfo/selectUserInfoPage;Token:0278b1c1b26b3186884051f3b2b1165902469244f78f7b29379a97d9dad5f99f51479488ae735133;SessionID:CC8A90881B24FD4E6CB3996B64B33905
2021-01-25 15:29:56.485 [http-nio-8097-exec-8] INFO  com.hc.interpector.LoginInterceptor - 未匹配 NO_INTERCEPTOR_PATH path : /api/clientInfo/selectUserInfoPage
2021-01-25 15:30:02.556 [http-nio-8097-exec-10] INFO  com.hc.interpector.LoginInterceptor - LoginInterceptor 调用接口！================== Url:/api/userBackInfo/userLogin;Token:null;SessionID:79B67248D9BF0995BD25F3F1C3190280
2021-01-25 15:30:02.556 [http-nio-8097-exec-10] INFO  com.hc.interpector.LoginInterceptor - 匹配上了，直接放行：/api/userBackInfo/userLogin
2021-01-25 15:30:02.781 [http-nio-8097-exec-1] INFO  com.hc.interpector.LoginInterceptor - LoginInterceptor 调用接口！================== Url:/api/hospitalInfo/getHospitalInfoPage;Token:0278b1c1b26b3186884051f3b2b1165902469244f78f7b2984cfbe0f26a672ed80e60e3b88f18838;SessionID:28A639EB6B0F2C6AC807FD15CEB1949C
2021-01-25 15:30:02.781 [http-nio-8097-exec-1] INFO  com.hc.interpector.LoginInterceptor - 未匹配 NO_INTERCEPTOR_PATH path : /api/hospitalInfo/getHospitalInfoPage
2021-01-25 15:30:04.381 [http-nio-8097-exec-2] INFO  com.hc.interpector.LoginInterceptor - LoginInterceptor 调用接口！================== Url:/api/hospitalInfo/getHospitalInfo;Token:0278b1c1b26b3186884051f3b2b1165902469244f78f7b2984cfbe0f26a672ed80e60e3b88f18838;SessionID:11EB41FD17B57077E9251FE63070FA3F
2021-01-25 15:30:04.381 [http-nio-8097-exec-2] INFO  com.hc.interpector.LoginInterceptor - 未匹配 NO_INTERCEPTOR_PATH path : /api/hospitalInfo/getHospitalInfo
2021-01-25 15:30:04.392 [http-nio-8097-exec-4] INFO  com.hc.interpector.LoginInterceptor - LoginInterceptor 调用接口！================== Url:/api/equipmentInfo/selectEquipmentPage;Token:0278b1c1b26b3186884051f3b2b1165902469244f78f7b2984cfbe0f26a672ed80e60e3b88f18838;SessionID:F5100D08165E069117FC387FC705D1C2
2021-01-25 15:30:04.392 [http-nio-8097-exec-3] INFO  com.hc.interpector.LoginInterceptor - LoginInterceptor 调用接口！================== Url:/api/equipmentTypeInfo/selectAllEquipmentType;Token:0278b1c1b26b3186884051f3b2b1165902469244f78f7b2984cfbe0f26a672ed80e60e3b88f18838;SessionID:40811FC7D585C23F65B65C0C37F6F78E
2021-01-25 15:30:04.392 [http-nio-8097-exec-4] INFO  com.hc.interpector.LoginInterceptor - 未匹配 NO_INTERCEPTOR_PATH path : /api/equipmentInfo/selectEquipmentPage
2021-01-25 15:30:04.392 [http-nio-8097-exec-3] INFO  com.hc.interpector.LoginInterceptor - 未匹配 NO_INTERCEPTOR_PATH path : /api/equipmentTypeInfo/selectAllEquipmentType
2021-01-25 15:30:06.685 [http-nio-8097-exec-5] INFO  com.hc.interpector.LoginInterceptor - LoginInterceptor 调用接口！================== Url:/api/hospitalInfo/getHospitalInfo;Token:0278b1c1b26b3186884051f3b2b1165902469244f78f7b2984cfbe0f26a672ed80e60e3b88f18838;SessionID:960B2066A697B64CA928A8F005E62BF6
2021-01-25 15:30:06.686 [http-nio-8097-exec-5] INFO  com.hc.interpector.LoginInterceptor - 未匹配 NO_INTERCEPTOR_PATH path : /api/hospitalInfo/getHospitalInfo
2021-01-25 15:30:06.688 [http-nio-8097-exec-6] INFO  com.hc.interpector.LoginInterceptor - LoginInterceptor 调用接口！================== Url:/api/equipmentTypeInfo/selectAllEquipmentType;Token:0278b1c1b26b3186884051f3b2b1165902469244f78f7b2984cfbe0f26a672ed80e60e3b88f18838;SessionID:84E914037C6D4B23CCFC729ECA31B8D7
2021-01-25 15:30:06.689 [http-nio-8097-exec-6] INFO  com.hc.interpector.LoginInterceptor - 未匹配 NO_INTERCEPTOR_PATH path : /api/equipmentTypeInfo/selectAllEquipmentType
2021-01-25 15:30:06.696 [http-nio-8097-exec-7] INFO  com.hc.interpector.LoginInterceptor - LoginInterceptor 调用接口！================== Url:/api/instrumentInfo/selectInstrumentPage;Token:0278b1c1b26b3186884051f3b2b1165902469244f78f7b2984cfbe0f26a672ed80e60e3b88f18838;SessionID:997A087823CCD4123CF00BB682ABB57D
2021-01-25 15:30:06.696 [http-nio-8097-exec-7] INFO  com.hc.interpector.LoginInterceptor - 未匹配 NO_INTERCEPTOR_PATH path : /api/instrumentInfo/selectInstrumentPage
2021-01-25 15:30:18.866 [http-nio-8097-exec-9] INFO  com.hc.interpector.LoginInterceptor - LoginInterceptor 调用接口！================== Url:/api/clientInfo/selectUserInfoPage;Token:0278b1c1b26b3186884051f3b2b1165902469244f78f7b2984cfbe0f26a672ed80e60e3b88f18838;SessionID:F298B8EFFDAA48167BA92FF798C3BD3E
2021-01-25 15:30:18.866 [http-nio-8097-exec-9] INFO  com.hc.interpector.LoginInterceptor - 未匹配 NO_INTERCEPTOR_PATH path : /api/clientInfo/selectUserInfoPage
2021-01-25 15:30:18.866 [http-nio-8097-exec-8] INFO  com.hc.interpector.LoginInterceptor - LoginInterceptor 调用接口！================== Url:/api/hospitalInfo/getHospitalInfo;Token:0278b1c1b26b3186884051f3b2b1165902469244f78f7b2984cfbe0f26a672ed80e60e3b88f18838;SessionID:AA6F271BA258225C7B4375152E3C6ECB
2021-01-25 15:30:18.867 [http-nio-8097-exec-8] INFO  com.hc.interpector.LoginInterceptor - 未匹配 NO_INTERCEPTOR_PATH path : /api/hospitalInfo/getHospitalInfo
2021-01-25 15:30:21.007 [http-nio-8097-exec-10] INFO  com.hc.interpector.LoginInterceptor - LoginInterceptor 调用接口！================== Url:/api/clientInfo/selectUserInfoPage;Token:0278b1c1b26b3186884051f3b2b1165902469244f78f7b2984cfbe0f26a672ed80e60e3b88f18838;SessionID:617BEE30A9E9216DE4E1364F44F1122B
2021-01-25 15:30:21.008 [http-nio-8097-exec-10] INFO  com.hc.interpector.LoginInterceptor - 未匹配 NO_INTERCEPTOR_PATH path : /api/clientInfo/selectUserInfoPage
2021-01-25 15:32:52.830 [AsyncResolver-bootstrap-executor-0] INFO  c.n.d.shared.resolver.aws.ConfigClusterResolver - Resolving eureka endpoints via configuration
2021-01-25 15:37:52.832 [AsyncResolver-bootstrap-executor-0] INFO  c.n.d.shared.resolver.aws.ConfigClusterResolver - Resolving eureka endpoints via configuration
2021-01-25 15:42:52.833 [AsyncResolver-bootstrap-executor-0] INFO  c.n.d.shared.resolver.aws.ConfigClusterResolver - Resolving eureka endpoints via configuration
2021-01-25 15:47:52.834 [AsyncResolver-bootstrap-executor-0] INFO  c.n.d.shared.resolver.aws.ConfigClusterResolver - Resolving eureka endpoints via configuration
2021-01-25 15:52:52.835 [AsyncResolver-bootstrap-executor-0] INFO  c.n.d.shared.resolver.aws.ConfigClusterResolver - Resolving eureka endpoints via configuration
2021-01-25 15:57:52.837 [AsyncResolver-bootstrap-executor-0] INFO  c.n.d.shared.resolver.aws.ConfigClusterResolver - Resolving eureka endpoints via configuration
2021-01-25 16:02:52.838 [AsyncResolver-bootstrap-executor-0] INFO  c.n.d.shared.resolver.aws.ConfigClusterResolver - Resolving eureka endpoints via configuration
2021-01-25 16:07:52.841 [AsyncResolver-bootstrap-executor-0] INFO  c.n.d.shared.resolver.aws.ConfigClusterResolver - Resolving eureka endpoints via configuration
2021-01-25 16:12:52.842 [AsyncResolver-bootstrap-executor-0] INFO  c.n.d.shared.resolver.aws.ConfigClusterResolver - Resolving eureka endpoints via configuration
2021-01-25 16:17:52.844 [AsyncResolver-bootstrap-executor-0] INFO  c.n.d.shared.resolver.aws.ConfigClusterResolver - Resolving eureka endpoints via configuration
2021-01-25 16:22:52.846 [AsyncResolver-bootstrap-executor-0] INFO  c.n.d.shared.resolver.aws.ConfigClusterResolver - Resolving eureka endpoints via configuration
2021-01-25 16:27:52.848 [AsyncResolver-bootstrap-executor-0] INFO  c.n.d.shared.resolver.aws.ConfigClusterResolver - Resolving eureka endpoints via configuration
2021-01-25 16:32:52.849 [AsyncResolver-bootstrap-executor-0] INFO  c.n.d.shared.resolver.aws.ConfigClusterResolver - Resolving eureka endpoints via configuration
2021-01-25 16:37:52.851 [AsyncResolver-bootstrap-executor-0] INFO  c.n.d.shared.resolver.aws.ConfigClusterResolver - Resolving eureka endpoints via configuration
2021-01-25 16:42:52.852 [AsyncResolver-bootstrap-executor-0] INFO  c.n.d.shared.resolver.aws.ConfigClusterResolver - Resolving eureka endpoints via configuration
