2020-07-07 09:26:47.387 [restartedMain] INFO  o.s.c.a.AnnotationConfigApplicationContext - Refreshing org.springframework.context.annotation.AnnotationConfigApplicationContext@537fc4df: startup date [Tue Jul 07 09:26:47 CST 2020]; root of context hierarchy
2020-07-07 09:26:47.579 [restartedMain] INFO  o.s.b.f.a.AutowiredAnnotationBeanPostProcessor - JSR-330 'javax.inject.Inject' annotation found and supported for autowiring
2020-07-07 09:26:47.635 [restartedMain] INFO  o.s.c.s.PostProcessorRegistrationDelegate$BeanPostProcessorChecker - Bean 'configurationPropertiesRebinderAutoConfiguration' of type [org.springframework.cloud.autoconfigure.ConfigurationPropertiesRebinderAutoConfiguration$$EnhancerBySpringCGLIB$$9d6c670f] is not eligible for getting processed by all BeanPostProcessors (for example: not eligible for auto-proxying)
2020-07-07 09:26:48.095 [restartedMain] INFO  com.hc.SpringServiceAApplication - No active profile set, falling back to default profiles: default
2020-07-07 09:26:48.110 [restartedMain] INFO  o.s.b.c.e.AnnotationConfigEmbeddedWebApplicationContext - Refreshing org.springframework.boot.context.embedded.AnnotationConfigEmbeddedWebApplicationContext@7c397739: startup date [Tue Jul 07 09:26:48 CST 2020]; parent: org.springframework.context.annotation.AnnotationConfigApplicationContext@537fc4df
2020-07-07 09:26:50.465 [restartedMain] INFO  o.s.d.r.config.RepositoryConfigurationDelegate - Multiple Spring Data modules found, entering strict repository configuration mode!
2020-07-07 09:26:50.536 [restartedMain] WARN  org.mybatis.spring.mapper.ClassPathMapperScanner - No MyBatis mapper was found in '[com.hc.mapper.laboratoryMain]' package. Please check your configuration.
2020-07-07 09:26:50.762 [restartedMain] INFO  o.s.d.r.config.RepositoryConfigurationDelegate - Multiple Spring Data modules found, entering strict repository configuration mode!
2020-07-07 09:26:50.876 [restartedMain] INFO  o.s.d.r.c.RepositoryConfigurationExtensionSupport - Spring Data Redis - Could not safely identify store assignment for repository candidate interface com.hc.dao.InstrumentParamConfigDao.
2020-07-07 09:26:50.878 [restartedMain] INFO  o.s.d.r.c.RepositoryConfigurationExtensionSupport - Spring Data Redis - Could not safely identify store assignment for repository candidate interface com.hc.dao.RepairinfoDao.
2020-07-07 09:26:50.878 [restartedMain] INFO  o.s.d.r.c.RepositoryConfigurationExtensionSupport - Spring Data Redis - Could not safely identify store assignment for repository candidate interface com.hc.dao.OperationlogDao.
2020-07-07 09:26:50.878 [restartedMain] INFO  o.s.d.r.c.RepositoryConfigurationExtensionSupport - Spring Data Redis - Could not safely identify store assignment for repository candidate interface com.hc.dao.UserRightDao.
2020-07-07 09:26:50.879 [restartedMain] INFO  o.s.d.r.c.RepositoryConfigurationExtensionSupport - Spring Data Redis - Could not safely identify store assignment for repository candidate interface com.hc.dao.MonitorEquipmentDao.
2020-07-07 09:26:50.879 [restartedMain] INFO  o.s.d.r.c.RepositoryConfigurationExtensionSupport - Spring Data Redis - Could not safely identify store assignment for repository candidate interface com.hc.dao.MonitorInstrumentDao.
2020-07-07 09:26:50.879 [restartedMain] INFO  o.s.d.r.c.RepositoryConfigurationExtensionSupport - Spring Data Redis - Could not safely identify store assignment for repository candidate interface com.hc.dao.OperationlogdetailDao.
2020-07-07 09:26:50.879 [restartedMain] INFO  o.s.d.r.c.RepositoryConfigurationExtensionSupport - Spring Data Redis - Could not safely identify store assignment for repository candidate interface com.hc.dao.HospitalofreginfoDao.
2020-07-07 09:26:50.880 [restartedMain] INFO  o.s.d.r.c.RepositoryConfigurationExtensionSupport - Spring Data Redis - Could not safely identify store assignment for repository candidate interface com.hc.dao.UserEquipmentRightDao.
2020-07-07 09:26:50.880 [restartedMain] INFO  o.s.d.r.c.RepositoryConfigurationExtensionSupport - Spring Data Redis - Could not safely identify store assignment for repository candidate interface com.hc.dao.MonitorInstrumentTypeDao.
2020-07-07 09:26:50.880 [restartedMain] INFO  o.s.d.r.c.RepositoryConfigurationExtensionSupport - Spring Data Redis - Could not safely identify store assignment for repository candidate interface com.hc.dao.HospitalEquipmentDao.
2020-07-07 09:26:51.150 [restartedMain] INFO  o.springframework.cloud.context.scope.GenericScope - BeanFactory id=cd492cef-30d1-33a1-97f3-19899534d067
2020-07-07 09:26:51.213 [restartedMain] INFO  o.s.b.f.a.AutowiredAnnotationBeanPostProcessor - JSR-330 'javax.inject.Inject' annotation found and supported for autowiring
2020-07-07 09:26:51.314 [restartedMain] INFO  o.s.c.s.PostProcessorRegistrationDelegate$BeanPostProcessorChecker - Bean 'org.springframework.transaction.annotation.ProxyTransactionManagementConfiguration' of type [org.springframework.transaction.annotation.ProxyTransactionManagementConfiguration$$EnhancerBySpringCGLIB$$81526412] is not eligible for getting processed by all BeanPostProcessors (for example: not eligible for auto-proxying)
2020-07-07 09:26:51.352 [restartedMain] INFO  o.s.c.s.PostProcessorRegistrationDelegate$BeanPostProcessorChecker - Bean 'org.springframework.cloud.autoconfigure.ConfigurationPropertiesRebinderAutoConfiguration' of type [org.springframework.cloud.autoconfigure.ConfigurationPropertiesRebinderAutoConfiguration$$EnhancerBySpringCGLIB$$9d6c670f] is not eligible for getting processed by all BeanPostProcessors (for example: not eligible for auto-proxying)
2020-07-07 09:26:51.731 [restartedMain] INFO  o.s.b.c.e.tomcat.TomcatEmbeddedServletContainer - Tomcat initialized with port(s): 8097 (http)
2020-07-07 09:26:51.741 [restartedMain] INFO  org.apache.catalina.core.StandardService - Starting service [Tomcat]
2020-07-07 09:26:51.741 [restartedMain] INFO  org.apache.catalina.core.StandardEngine - Starting Servlet Engine: Apache Tomcat/8.5.23
2020-07-07 09:26:51.938 [localhost-startStop-1] INFO  o.a.c.core.ContainerBase.[Tomcat].[localhost].[/] - Initializing Spring embedded WebApplicationContext
2020-07-07 09:26:51.938 [localhost-startStop-1] INFO  org.springframework.web.context.ContextLoader - Root WebApplicationContext: initialization completed in 3828 ms
2020-07-07 09:26:52.138 [localhost-startStop-1] INFO  o.s.boot.web.servlet.ServletRegistrationBean - Mapping servlet: 'dispatcherServlet' to [/]
2020-07-07 09:26:52.143 [localhost-startStop-1] INFO  o.s.boot.web.servlet.FilterRegistrationBean - Mapping filter: 'characterEncodingFilter' to: [/*]
2020-07-07 09:26:52.144 [localhost-startStop-1] INFO  o.s.boot.web.servlet.FilterRegistrationBean - Mapping filter: 'hiddenHttpMethodFilter' to: [/*]
2020-07-07 09:26:52.144 [localhost-startStop-1] INFO  o.s.boot.web.servlet.FilterRegistrationBean - Mapping filter: 'httpPutFormContentFilter' to: [/*]
2020-07-07 09:26:52.144 [localhost-startStop-1] INFO  o.s.boot.web.servlet.FilterRegistrationBean - Mapping filter: 'requestContextFilter' to: [/*]
2020-07-07 09:26:53.901 [restartedMain] INFO  o.s.orm.jpa.LocalContainerEntityManagerFactoryBean - Building JPA container EntityManagerFactory for persistence unit 'entityManagerFactoryPrimary'
2020-07-07 09:26:53.929 [restartedMain] INFO  org.hibernate.jpa.internal.util.LogHelper - HHH000204: Processing PersistenceUnitInfo [
	name: entityManagerFactoryPrimary
	...]
2020-07-07 09:26:54.233 [restartedMain] INFO  org.hibernate.Version - HHH000412: Hibernate Core {5.0.12.Final}
2020-07-07 09:26:54.235 [restartedMain] INFO  org.hibernate.cfg.Environment - HHH000206: hibernate.properties not found
2020-07-07 09:26:54.236 [restartedMain] INFO  org.hibernate.cfg.Environment - HHH000021: Bytecode provider name : javassist
2020-07-07 09:26:54.392 [restartedMain] INFO  org.hibernate.annotations.common.Version - HCANN000001: Hibernate Commons Annotations {5.0.1.Final}
2020-07-07 09:26:55.152 [restartedMain] INFO  org.hibernate.dialect.Dialect - HHH000400: Using dialect: org.hibernate.dialect.MySQL5Dialect
2020-07-07 09:26:56.062 [restartedMain] WARN  org.hibernate.mapping.RootClass - HHH000038: Composite-id class does not override equals(): com.hc.entity.HospitalequimentKey
2020-07-07 09:26:56.062 [restartedMain] WARN  org.hibernate.mapping.RootClass - HHH000039: Composite-id class does not override hashCode(): com.hc.entity.HospitalequimentKey
2020-07-07 09:26:56.868 [restartedMain] INFO  o.s.orm.jpa.LocalContainerEntityManagerFactoryBean - Initialized JPA EntityManagerFactory for persistence unit 'entityManagerFactoryPrimary'
2020-07-07 09:26:59.057 [restartedMain] INFO  o.h.hql.internal.QueryTranslatorFactoryInitiator - HHH000397: Using ASTQueryTranslatorFactory
2020-07-07 09:26:59.850 [restartedMain] INFO  o.s.w.s.m.m.a.RequestMappingHandlerMapping - Mapped "{[/api/alarmStatistics/exporeExcle],methods=[GET],produces=[application/json]}" onto public com.hc.units.ApiResponse<java.lang.String> com.hc.controller.AlarmStatisticsController.exporeExcle(javax.servlet.http.HttpServletResponse)
2020-07-07 09:26:59.851 [restartedMain] INFO  o.s.w.s.m.m.a.RequestMappingHandlerMapping - Mapped "{[/api/alarmStatistics/exporeExcles],methods=[GET],produces=[application/json]}" onto public com.hc.units.ApiResponse<java.lang.String> com.hc.controller.AlarmStatisticsController.exporeExcles(javax.servlet.http.HttpServletResponse)
2020-07-07 09:26:59.851 [restartedMain] INFO  o.s.w.s.m.m.a.RequestMappingHandlerMapping - Mapped "{[/api/alarmStatistics/alarmStatisticsShow],methods=[GET],produces=[application/json]}" onto public com.hc.units.ApiResponse<java.util.List<com.hc.model.ResponseModel.AlarmHospitalInfo>> com.hc.controller.AlarmStatisticsController.alarm()
2020-07-07 09:26:59.851 [restartedMain] INFO  o.s.w.s.m.m.a.RequestMappingHandlerMapping - Mapped "{[/api/alarmStatistics/showAllData],methods=[GET],produces=[application/json]}" onto public com.hc.units.ApiResponse<java.util.List<com.hc.model.ResponseModel.ShowData>> com.hc.controller.AlarmStatisticsController.showAllData()
2020-07-07 09:26:59.851 [restartedMain] INFO  o.s.w.s.m.m.a.RequestMappingHandlerMapping - Mapped "{[/api/alarmStatistics/getHospitalAlarmInfo],methods=[GET],produces=[application/json]}" onto public com.hc.units.ApiResponse<java.util.List<com.hc.model.ResponseModel.AlarmData>> com.hc.controller.AlarmStatisticsController.getHospitalAralmInfo(java.lang.String,java.lang.String,java.lang.String)
2020-07-07 09:26:59.853 [restartedMain] INFO  o.s.w.s.m.m.a.RequestMappingHandlerMapping - Mapped "{[/api/clientInfo/addUser],methods=[POST],produces=[application/json]}" onto public com.hc.units.ApiResponse<com.hc.entity.Userright> com.hc.controller.ClientInfoController.addUser(com.hc.entity.Userright)
2020-07-07 09:26:59.853 [restartedMain] INFO  o.s.w.s.m.m.a.RequestMappingHandlerMapping - Mapped "{[/api/clientInfo/updateUser],methods=[POST],produces=[application/json]}" onto public com.hc.units.ApiResponse<com.hc.entity.Userright> com.hc.controller.ClientInfoController.updateUser(com.hc.entity.Userright)
2020-07-07 09:26:59.853 [restartedMain] INFO  o.s.w.s.m.m.a.RequestMappingHandlerMapping - Mapped "{[/api/clientInfo/deleteUser],methods=[POST],produces=[application/json]}" onto public com.hc.units.ApiResponse<java.lang.String> com.hc.controller.ClientInfoController.deleteUser(com.hc.entity.Userright)
2020-07-07 09:26:59.853 [restartedMain] INFO  o.s.w.s.m.m.a.RequestMappingHandlerMapping - Mapped "{[/api/clientInfo/selectUserInfoPage],methods=[GET],produces=[application/json]}" onto public com.hc.units.ApiResponse<com.github.pagehelper.Page<com.hc.model.ResponseModel.ClientInfoModel>> com.hc.controller.ClientInfoController.selectUserInfoPage(java.lang.String,java.lang.Integer,java.lang.Integer,java.lang.String)
2020-07-07 09:26:59.855 [restartedMain] INFO  o.s.w.s.m.m.a.RequestMappingHandlerMapping - Mapped "{[/api/equipmentTypeInfo/addEquipmentType],methods=[POST],produces=[application/json]}" onto public com.hc.units.ApiResponse<java.lang.String> com.hc.controller.HospitalEquipmentTypeController.addEquipmentType(com.hc.model.RequestModel.EquipmentTypeInfoModel)
2020-07-07 09:26:59.855 [restartedMain] INFO  o.s.w.s.m.m.a.RequestMappingHandlerMapping - Mapped "{[/api/equipmentTypeInfo/updateEquipmentType],methods=[POST],produces=[application/json]}" onto public com.hc.units.ApiResponse<java.lang.String> com.hc.controller.HospitalEquipmentTypeController.updateEquipmentType(com.hc.model.RequestModel.EquipmentTypeInfoModel)
2020-07-07 09:26:59.855 [restartedMain] INFO  o.s.w.s.m.m.a.RequestMappingHandlerMapping - Mapped "{[/api/equipmentTypeInfo/deleteEquipmentType],methods=[POST],produces=[application/json]}" onto public com.hc.units.ApiResponse<java.lang.String> com.hc.controller.HospitalEquipmentTypeController.deleteEquipmentType(com.hc.model.RequestModel.EquipmentTypeInfoModel)
2020-07-07 09:26:59.855 [restartedMain] INFO  o.s.w.s.m.m.a.RequestMappingHandlerMapping - Mapped "{[/api/equipmentTypeInfo/selectEquipmentTypePage],methods=[GET],produces=[application/json]}" onto public com.hc.units.ApiResponse<com.github.pagehelper.Page<com.hc.model.ResponseModel.HospitalEquipmentTypeInfoModel>> com.hc.controller.HospitalEquipmentTypeController.selectEquipmentPage(java.lang.String,java.lang.Integer,java.lang.Integer,java.lang.String)
2020-07-07 09:26:59.856 [restartedMain] INFO  o.s.w.s.m.m.a.RequestMappingHandlerMapping - Mapped "{[/api/equipmentTypeInfo/selectAllEquipmentType],methods=[GET],produces=[application/json]}" onto public com.hc.units.ApiResponse<java.util.List<com.hc.entity.Monitorequipmenttype>> com.hc.controller.HospitalEquipmentTypeController.selectAllEquipmentType()
2020-07-07 09:26:59.856 [restartedMain] INFO  o.s.w.s.m.m.a.RequestMappingHandlerMapping - Mapped "{[/api/equipmentTypeInfo/selectAllEquipmentTypeByCode],methods=[GET],produces=[application/json]}" onto public com.hc.units.ApiResponse<java.util.List<com.hc.entity.Monitorequipmenttype>> com.hc.controller.HospitalEquipmentTypeController.selectAllEquipmentTypeByCode(java.lang.String)
2020-07-07 09:26:59.857 [restartedMain] INFO  o.s.w.s.m.m.a.RequestMappingHandlerMapping - Mapped "{[/api/hospitalInfo/addHospitalInfo],methods=[POST],produces=[application/json]}" onto public com.hc.units.ApiResponse<com.hc.entity.Hospitalofreginfo> com.hc.controller.HospitalInfoController.addHospitalInfo(com.hc.entity.Hospitalofreginfo)
2020-07-07 09:26:59.857 [restartedMain] INFO  o.s.w.s.m.m.a.RequestMappingHandlerMapping - Mapped "{[/api/hospitalInfo/updateHospitalInfo],methods=[POST],produces=[application/json]}" onto public com.hc.units.ApiResponse<com.hc.entity.Hospitalofreginfo> com.hc.controller.HospitalInfoController.updateHospitalInfo(com.hc.entity.Hospitalofreginfo)
2020-07-07 09:26:59.857 [restartedMain] INFO  o.s.w.s.m.m.a.RequestMappingHandlerMapping - Mapped "{[/api/hospitalInfo/deleteHospitalInfo],methods=[POST],produces=[application/json]}" onto public com.hc.units.ApiResponse<java.lang.String> com.hc.controller.HospitalInfoController.deleteHospitalInfo(com.hc.entity.Hospitalofreginfo)
2020-07-07 09:26:59.857 [restartedMain] INFO  o.s.w.s.m.m.a.RequestMappingHandlerMapping - Mapped "{[/api/hospitalInfo/getHospitalInfoPage],methods=[GET],produces=[application/json]}" onto public com.hc.units.ApiResponse<com.github.pagehelper.Page<com.hc.entity.Hospitalofreginfo>> com.hc.controller.HospitalInfoController.selectHospitalInfoPage(java.lang.String,java.lang.Integer,java.lang.Integer)
2020-07-07 09:26:59.857 [restartedMain] INFO  o.s.w.s.m.m.a.RequestMappingHandlerMapping - Mapped "{[/api/hospitalInfo/getHospitalInfo],methods=[GET],produces=[application/json]}" onto public com.hc.units.ApiResponse<java.util.List<com.hc.entity.Hospitalofreginfo>> com.hc.controller.HospitalInfoController.selectHospitalInfo()
2020-07-07 09:26:59.859 [restartedMain] INFO  o.s.w.s.m.m.a.RequestMappingHandlerMapping - Mapped "{[/api/instrumentInfo/deleteInstrument],methods=[POST],produces=[application/json]}" onto public com.hc.units.ApiResponse<java.lang.String> com.hc.controller.InstrumentInfoController.deleteInstrument(com.hc.model.RequestModel.InstrumentInfoModel)
2020-07-07 09:26:59.859 [restartedMain] INFO  o.s.w.s.m.m.a.RequestMappingHandlerMapping - Mapped "{[/api/instrumentInfo/updateInstrument],methods=[POST],produces=[application/json]}" onto public com.hc.units.ApiResponse<java.lang.String> com.hc.controller.InstrumentInfoController.updateInstrument(com.hc.model.RequestModel.InstrumentInfoModel)
2020-07-07 09:26:59.859 [restartedMain] INFO  o.s.w.s.m.m.a.RequestMappingHandlerMapping - Mapped "{[/api/instrumentInfo/addInstrument],methods=[POST],produces=[application/json]}" onto public com.hc.units.ApiResponse<java.lang.String> com.hc.controller.InstrumentInfoController.addInstrument(com.hc.model.RequestModel.InstrumentInfoModel)
2020-07-07 09:26:59.859 [restartedMain] INFO  o.s.w.s.m.m.a.RequestMappingHandlerMapping - Mapped "{[/api/instrumentInfo/showInsType],methods=[GET],produces=[application/json]}" onto public com.hc.units.ApiResponse<java.util.List<com.hc.entity.Monitorinstrumenttype>> com.hc.controller.InstrumentInfoController.showInstrumentType()
2020-07-07 09:26:59.860 [restartedMain] INFO  o.s.w.s.m.m.a.RequestMappingHandlerMapping - Mapped "{[/api/instrumentInfo/addInstrumentParam],methods=[POST],produces=[application/json]}" onto public com.hc.units.ApiResponse<java.lang.String> com.hc.controller.InstrumentInfoController.addInstrumentParam(com.hc.model.RequestModel.InstrumentInfoModel)
2020-07-07 09:26:59.860 [restartedMain] INFO  o.s.w.s.m.m.a.RequestMappingHandlerMapping - Mapped "{[/api/instrumentInfo/selectInstrumentPage],methods=[POST],produces=[application/json]}" onto public com.hc.units.ApiResponse<com.github.pagehelper.Page<com.hc.model.ResponseModel.AllInstrumentInfoModel>> com.hc.controller.InstrumentInfoController.selectInstrumentPage(com.hc.model.RequestModel.InstrumentPageModel)
2020-07-07 09:26:59.865 [restartedMain] INFO  o.s.w.s.m.m.a.RequestMappingHandlerMapping - Mapped "{[/api/equipmentInfo/addEquipment],methods=[POST],produces=[application/json]}" onto public com.hc.units.ApiResponse<java.lang.String> com.hc.controller.MonitorEquipmentController.addEquipmentType(com.hc.model.RequestModel.EquipmentInfoModel)
2020-07-07 09:26:59.865 [restartedMain] INFO  o.s.w.s.m.m.a.RequestMappingHandlerMapping - Mapped "{[/api/equipmentInfo/showInstrumentInfo],methods=[GET],produces=[application/json]}" onto public com.hc.units.ApiResponse<java.util.List<com.hc.entity.Monitorinstrument>> com.hc.controller.MonitorEquipmentController.showInstrumentInfo(java.lang.String,java.lang.Integer,java.lang.String)
2020-07-07 09:26:59.865 [restartedMain] INFO  o.s.w.s.m.m.a.RequestMappingHandlerMapping - Mapped "{[/api/equipmentInfo/addWireEquipment],methods=[POST],produces=[application/json]}" onto public com.hc.units.ApiResponse<java.lang.String> com.hc.controller.MonitorEquipmentController.addWireEquipmentType(com.hc.model.RequestModel.EquipmentInfoModel)
2020-07-07 09:26:59.865 [restartedMain] INFO  o.s.w.s.m.m.a.RequestMappingHandlerMapping - Mapped "{[/api/equipmentInfo/updateEquipment],methods=[POST],produces=[application/json]}" onto public com.hc.units.ApiResponse<java.lang.String> com.hc.controller.MonitorEquipmentController.updateEquipmentType(com.hc.model.RequestModel.EquipmentInfoModel)
2020-07-07 09:26:59.865 [restartedMain] INFO  o.s.w.s.m.m.a.RequestMappingHandlerMapping - Mapped "{[/api/equipmentInfo/deleteEquipment],methods=[POST],produces=[application/json]}" onto public com.hc.units.ApiResponse<java.lang.String> com.hc.controller.MonitorEquipmentController.deleteEquipmentType(com.hc.model.RequestModel.EquipmentInfoModel)
2020-07-07 09:26:59.866 [restartedMain] INFO  o.s.w.s.m.m.a.RequestMappingHandlerMapping - Mapped "{[/api/equipmentInfo/selectEquipmentPage],methods=[GET],produces=[application/json]}" onto public com.hc.units.ApiResponse<com.github.pagehelper.Page<com.hc.model.ResponseModel.MonitorEquipmentInfoModel>> com.hc.controller.MonitorEquipmentController.selectEquipmentPage(java.lang.String,java.lang.Integer,java.lang.Integer,java.lang.String,java.lang.String)
2020-07-07 09:26:59.866 [restartedMain] INFO  o.s.w.s.m.m.a.RequestMappingHandlerMapping - Mapped "{[/api/equipmentInfo/showInstrumentType],methods=[GET],produces=[application/json]}" onto public com.hc.units.ApiResponse<java.util.List<com.hc.entity.Monitorinstrumenttype>> com.hc.controller.MonitorEquipmentController.showInstrumentType(java.lang.String)
2020-07-07 09:26:59.866 [restartedMain] INFO  o.s.w.s.m.m.a.RequestMappingHandlerMapping - Mapped "{[/api/equipmentInfo/selectAllEquipmentByCode],methods=[GET],produces=[application/json]}" onto public com.hc.units.ApiResponse<java.util.List<com.hc.entity.Monitorequipment>> com.hc.controller.MonitorEquipmentController.selectAllEquipmentTypeByCode(java.lang.String,java.lang.String)
2020-07-07 09:26:59.866 [restartedMain] INFO  o.s.w.s.m.m.a.RequestMappingHandlerMapping - Mapped "{[/info]}" onto public java.lang.String com.hc.controller.MyController.testA()
2020-07-07 09:26:59.867 [restartedMain] INFO  o.s.w.s.m.m.a.RequestMappingHandlerMapping - Mapped "{[/api/log/getAllLog],methods=[GET],produces=[application/json]}" onto public com.hc.units.ApiResponse<com.github.pagehelper.Page<com.hc.entity.Operationlog>> com.hc.controller.OperationlogdetailMapper.getAllLog(java.lang.String,java.lang.Integer,java.lang.Integer,java.lang.String,java.lang.String,java.lang.String,java.lang.String,java.lang.String)
2020-07-07 09:26:59.867 [restartedMain] INFO  o.s.w.s.m.m.a.RequestMappingHandlerMapping - Mapped "{[/api/log/getlogDeatil],methods=[GET],produces=[application/json]}" onto public com.hc.units.ApiResponse<java.util.List<com.hc.entity.Operationlogdetail>> com.hc.controller.OperationlogdetailMapper.getlogDeatil(java.lang.String)
2020-07-07 09:26:59.868 [restartedMain] INFO  o.s.w.s.m.m.a.RequestMappingHandlerMapping - Mapped "{[/api/repairinfo/getsn],methods=[GET],produces=[application/json]}" onto public com.hc.units.ApiResponse<java.util.List<com.hc.entity.Monitorinstrument>> com.hc.controller.RepairinfoController.getSn(java.lang.String)
2020-07-07 09:26:59.869 [restartedMain] INFO  o.s.w.s.m.m.a.RequestMappingHandlerMapping - Mapped "{[/api/repairinfo/updateRepairinfo],methods=[POST],produces=[application/json]}" onto public com.hc.units.ApiResponse<java.lang.String> com.hc.controller.RepairinfoController.updateRepairinfo(com.hc.entity.Repairinfo)
2020-07-07 09:26:59.869 [restartedMain] INFO  o.s.w.s.m.m.a.RequestMappingHandlerMapping - Mapped "{[/api/repairinfo/selectPageInfo],methods=[GET],produces=[application/json]}" onto public com.hc.units.ApiResponse<com.github.pagehelper.Page<com.hc.entity.Repairinfo>> com.hc.controller.RepairinfoController.selectPageInfo(java.lang.String,java.lang.Integer,java.lang.Integer,java.lang.String,java.lang.String,java.lang.String,java.lang.String,java.lang.String)
2020-07-07 09:26:59.869 [restartedMain] INFO  o.s.w.s.m.m.a.RequestMappingHandlerMapping - Mapped "{[/api/repairinfo/deleteRepairinfo],methods=[POST],produces=[application/json]}" onto public com.hc.units.ApiResponse<java.lang.String> com.hc.controller.RepairinfoController.deleteRepairinfo(com.hc.entity.Repairinfo)
2020-07-07 09:26:59.870 [restartedMain] INFO  o.s.w.s.m.m.a.RequestMappingHandlerMapping - Mapped "{[/api/repairinfo/addRepairinfo],methods=[POST],produces=[application/json]}" onto public com.hc.units.ApiResponse<com.hc.entity.Repairinfo> com.hc.controller.RepairinfoController.addRepairinfo(com.hc.entity.Repairinfo)
2020-07-07 09:26:59.870 [restartedMain] INFO  o.s.w.s.m.m.a.RequestMappingHandlerMapping - Mapped "{[/api/userAuthorInfo/updateUserAuthor],methods=[POST],produces=[application/json]}" onto public com.hc.units.ApiResponse<java.lang.String> com.hc.controller.UserAuthorController.updateUserAuthor(com.hc.model.RequestModel.UserauthorInfoModel)
2020-07-07 09:26:59.871 [restartedMain] INFO  o.s.w.s.m.m.a.RequestMappingHandlerMapping - Mapped "{[/api/userAuthorInfo/selectUserAuthorInfoPage],methods=[GET],produces=[application/json]}" onto public com.hc.units.ApiResponse<com.github.pagehelper.Page<com.hc.model.ResponseModel.UserAuthInfoModel>> com.hc.controller.UserAuthorController.selectUserAuthorInfoPage(java.lang.Integer,java.lang.Integer)
2020-07-07 09:26:59.871 [restartedMain] INFO  o.s.w.s.m.m.a.RequestMappingHandlerMapping - Mapped "{[/api/userBackInfo/userLogin],methods=[POST],produces=[application/json]}" onto public com.hc.units.ApiResponse<java.lang.String> com.hc.controller.UserInfoController.userLogin(com.hc.entity.Userback)
2020-07-07 09:26:59.871 [restartedMain] INFO  o.s.w.s.m.m.a.RequestMappingHandlerMapping - Mapped "{[/api/userBackInfo/updatePwd],methods=[POST],produces=[application/json]}" onto public com.hc.units.ApiResponse<java.lang.String> com.hc.controller.UserInfoController.updatePwd(com.hc.entity.Userback)
2020-07-07 09:26:59.872 [restartedMain] INFO  o.s.w.s.m.m.a.RequestMappingHandlerMapping - Mapped "{[/v2/api-docs],methods=[GET],produces=[application/json || application/hal+json]}" onto public org.springframework.http.ResponseEntity<springfox.documentation.spring.web.json.Json> springfox.documentation.swagger2.web.Swagger2Controller.getDocumentation(java.lang.String,javax.servlet.http.HttpServletRequest)
2020-07-07 09:26:59.874 [restartedMain] INFO  o.s.w.s.m.m.a.RequestMappingHandlerMapping - Mapped "{[/swagger-resources]}" onto org.springframework.http.ResponseEntity<java.util.List<springfox.documentation.swagger.web.SwaggerResource>> springfox.documentation.swagger.web.ApiResourceController.swaggerResources()
2020-07-07 09:26:59.874 [restartedMain] INFO  o.s.w.s.m.m.a.RequestMappingHandlerMapping - Mapped "{[/swagger-resources/configuration/ui]}" onto org.springframework.http.ResponseEntity<springfox.documentation.swagger.web.UiConfiguration> springfox.documentation.swagger.web.ApiResourceController.uiConfiguration()
2020-07-07 09:26:59.874 [restartedMain] INFO  o.s.w.s.m.m.a.RequestMappingHandlerMapping - Mapped "{[/swagger-resources/configuration/security]}" onto org.springframework.http.ResponseEntity<springfox.documentation.swagger.web.SecurityConfiguration> springfox.documentation.swagger.web.ApiResourceController.securityConfiguration()
2020-07-07 09:26:59.876 [restartedMain] INFO  o.s.w.s.m.m.a.RequestMappingHandlerMapping - Mapped "{[/error]}" onto public org.springframework.http.ResponseEntity<java.util.Map<java.lang.String, java.lang.Object>> org.springframework.boot.autoconfigure.web.BasicErrorController.error(javax.servlet.http.HttpServletRequest)
2020-07-07 09:26:59.877 [restartedMain] INFO  o.s.w.s.m.m.a.RequestMappingHandlerMapping - Mapped "{[/error],produces=[text/html]}" onto public org.springframework.web.servlet.ModelAndView org.springframework.boot.autoconfigure.web.BasicErrorController.errorHtml(javax.servlet.http.HttpServletRequest,javax.servlet.http.HttpServletResponse)
2020-07-07 09:27:00.736 [restartedMain] INFO  o.s.w.s.m.m.a.RequestMappingHandlerAdapter - Looking for @ControllerAdvice: org.springframework.boot.context.embedded.AnnotationConfigEmbeddedWebApplicationContext@7c397739: startup date [Tue Jul 07 09:26:48 CST 2020]; parent: org.springframework.context.annotation.AnnotationConfigApplicationContext@537fc4df
2020-07-07 09:27:00.799 [restartedMain] INFO  o.s.web.servlet.handler.SimpleUrlHandlerMapping - Mapped URL path [/swagger-ui.html] onto handler of type [class org.springframework.web.servlet.resource.ResourceHttpRequestHandler]
2020-07-07 09:27:00.799 [restartedMain] INFO  o.s.web.servlet.handler.SimpleUrlHandlerMapping - Mapped URL path [/static*] onto handler of type [class org.springframework.web.servlet.resource.ResourceHttpRequestHandler]
2020-07-07 09:27:00.799 [restartedMain] INFO  o.s.web.servlet.handler.SimpleUrlHandlerMapping - Mapped URL path [/webjars/**] onto handler of type [class org.springframework.web.servlet.resource.ResourceHttpRequestHandler]
2020-07-07 09:27:00.800 [restartedMain] INFO  o.s.web.servlet.handler.SimpleUrlHandlerMapping - Mapped URL path [/**] onto handler of type [class org.springframework.web.servlet.resource.ResourceHttpRequestHandler]
2020-07-07 09:27:00.847 [restartedMain] INFO  o.s.web.servlet.handler.SimpleUrlHandlerMapping - Mapped URL path [/**/favicon.ico] onto handler of type [class org.springframework.web.servlet.resource.ResourceHttpRequestHandler]
2020-07-07 09:27:01.548 [restartedMain] WARN  o.s.b.d.autoconfigure.OptionalLiveReloadServer - Unable to start LiveReload server
2020-07-07 09:27:01.648 [restartedMain] WARN  com.netflix.config.sources.URLConfigurationSource - No URLs will be polled as dynamic configuration sources.
2020-07-07 09:27:01.648 [restartedMain] INFO  com.netflix.config.sources.URLConfigurationSource - To enable URLs as dynamic configuration sources, define System property archaius.configurationSource.additionalUrls or make config.properties available on classpath.
2020-07-07 09:27:01.653 [restartedMain] WARN  com.netflix.config.sources.URLConfigurationSource - No URLs will be polled as dynamic configuration sources.
2020-07-07 09:27:01.653 [restartedMain] INFO  com.netflix.config.sources.URLConfigurationSource - To enable URLs as dynamic configuration sources, define System property archaius.configurationSource.additionalUrls or make config.properties available on classpath.
2020-07-07 09:27:01.716 [restartedMain] INFO  o.s.jmx.export.annotation.AnnotationMBeanExporter - Registering beans for JMX exposure on startup
2020-07-07 09:27:01.723 [restartedMain] INFO  o.s.jmx.export.annotation.AnnotationMBeanExporter - Bean with name 'environmentManager' has been autodetected for JMX exposure
2020-07-07 09:27:01.725 [restartedMain] INFO  o.s.jmx.export.annotation.AnnotationMBeanExporter - Bean with name 'configurationPropertiesRebinder' has been autodetected for JMX exposure
2020-07-07 09:27:01.725 [restartedMain] INFO  o.s.jmx.export.annotation.AnnotationMBeanExporter - Bean with name 'refreshScope' has been autodetected for JMX exposure
2020-07-07 09:27:01.727 [restartedMain] INFO  o.s.jmx.export.annotation.AnnotationMBeanExporter - Located managed bean 'environmentManager': registering with JMX server as MBean [org.springframework.cloud.context.environment:name=environmentManager,type=EnvironmentManager]
2020-07-07 09:27:01.737 [restartedMain] INFO  o.s.jmx.export.annotation.AnnotationMBeanExporter - Located managed bean 'refreshScope': registering with JMX server as MBean [org.springframework.cloud.context.scope.refresh:name=refreshScope,type=RefreshScope]
2020-07-07 09:27:01.747 [restartedMain] INFO  o.s.jmx.export.annotation.AnnotationMBeanExporter - Located managed bean 'configurationPropertiesRebinder': registering with JMX server as MBean [org.springframework.cloud.context.properties:name=configurationPropertiesRebinder,context=7c397739,type=ConfigurationPropertiesRebinder]
2020-07-07 09:27:02.451 [restartedMain] INFO  o.s.context.support.DefaultLifecycleProcessor - Starting beans in phase 0
2020-07-07 09:27:02.456 [restartedMain] INFO  o.s.cloud.netflix.eureka.InstanceInfoFactory - Setting initial instance status as: STARTING
2020-07-07 09:27:02.489 [restartedMain] INFO  com.netflix.discovery.DiscoveryClient - Initializing Eureka in region us-east-1
2020-07-07 09:27:02.698 [restartedMain] INFO  c.n.discovery.provider.DiscoveryJerseyProvider - Using JSON encoding codec LegacyJacksonJson
2020-07-07 09:27:02.699 [restartedMain] INFO  c.n.discovery.provider.DiscoveryJerseyProvider - Using JSON decoding codec LegacyJacksonJson
2020-07-07 09:27:02.777 [restartedMain] INFO  c.n.discovery.provider.DiscoveryJerseyProvider - Using XML encoding codec XStreamXml
2020-07-07 09:27:02.777 [restartedMain] INFO  c.n.discovery.provider.DiscoveryJerseyProvider - Using XML decoding codec XStreamXml
2020-07-07 09:27:02.928 [restartedMain] INFO  c.n.d.shared.resolver.aws.ConfigClusterResolver - Resolving eureka endpoints via configuration
2020-07-07 09:27:03.031 [restartedMain] INFO  com.netflix.discovery.DiscoveryClient - Disable delta property : false
2020-07-07 09:27:03.031 [restartedMain] INFO  com.netflix.discovery.DiscoveryClient - Single vip registry refresh property : null
2020-07-07 09:27:03.031 [restartedMain] INFO  com.netflix.discovery.DiscoveryClient - Force full registry fetch : false
2020-07-07 09:27:03.031 [restartedMain] INFO  com.netflix.discovery.DiscoveryClient - Application is null : false
2020-07-07 09:27:03.031 [restartedMain] INFO  com.netflix.discovery.DiscoveryClient - Registered Applications size is zero : true
2020-07-07 09:27:03.031 [restartedMain] INFO  com.netflix.discovery.DiscoveryClient - Application version is -1: true
2020-07-07 09:27:03.031 [restartedMain] INFO  com.netflix.discovery.DiscoveryClient - Getting all instance registry info from the eureka server
2020-07-07 09:27:03.885 [restartedMain] INFO  com.netflix.discovery.DiscoveryClient - The response status is 200
2020-07-07 09:27:03.887 [restartedMain] INFO  com.netflix.discovery.DiscoveryClient - Starting heartbeat executor: renew interval is: 30
2020-07-07 09:27:03.890 [restartedMain] INFO  com.netflix.discovery.InstanceInfoReplicator - InstanceInfoReplicator onDemand update allowed rate per min is 4
2020-07-07 09:27:03.894 [restartedMain] INFO  com.netflix.discovery.DiscoveryClient - Discovery Client initialized at timestamp 1594085223894 with initial instances count: 0
2020-07-07 09:27:03.920 [restartedMain] INFO  o.s.c.n.e.serviceregistry.EurekaServiceRegistry - Registering application HC-HTGL-ms with eureka with status UP
2020-07-07 09:27:03.920 [restartedMain] INFO  com.netflix.discovery.DiscoveryClient - Saw local status change event StatusChangeEvent [timestamp=1594085223920, current=UP, previous=STARTING]
2020-07-07 09:27:03.922 [DiscoveryClient-InstanceInfoReplicator-0] INFO  com.netflix.discovery.DiscoveryClient - DiscoveryClient_HC-HTGL-MS/PC-20190801IFVM:HC-HTGL-ms:8097: registering service...
2020-07-07 09:27:03.922 [restartedMain] INFO  o.s.context.support.DefaultLifecycleProcessor - Starting beans in phase 2147483647
2020-07-07 09:27:03.922 [restartedMain] INFO  s.d.s.web.plugins.DocumentationPluginsBootstrapper - Context refreshed
2020-07-07 09:27:03.990 [restartedMain] INFO  s.d.s.web.plugins.DocumentationPluginsBootstrapper - Found 1 custom documentation plugin(s)
2020-07-07 09:27:04.014 [restartedMain] INFO  s.d.spring.web.scanners.ApiListingReferenceScanner - Scanning for api listing references
2020-07-07 09:27:04.121 [DiscoveryClient-InstanceInfoReplicator-0] INFO  com.netflix.discovery.DiscoveryClient - DiscoveryClient_HC-HTGL-MS/PC-20190801IFVM:HC-HTGL-ms:8097 - registration status: 204
2020-07-07 09:27:04.438 [restartedMain] INFO  s.d.s.w.r.operation.CachingOperationNameGenerator - Generating unique operation named: addEquipmentTypeUsingPOST_1
2020-07-07 09:27:04.448 [restartedMain] INFO  s.d.s.w.r.operation.CachingOperationNameGenerator - Generating unique operation named: deleteEquipmentTypeUsingPOST_1
2020-07-07 09:27:04.458 [restartedMain] INFO  s.d.s.w.r.operation.CachingOperationNameGenerator - Generating unique operation named: selectAllEquipmentTypeByCodeUsingGET_1
2020-07-07 09:27:04.471 [restartedMain] INFO  s.d.s.w.r.operation.CachingOperationNameGenerator - Generating unique operation named: selectEquipmentPageUsingGET_1
2020-07-07 09:27:04.485 [restartedMain] INFO  s.d.s.w.r.operation.CachingOperationNameGenerator - Generating unique operation named: showInstrumentTypeUsingGET_1
2020-07-07 09:27:04.491 [restartedMain] INFO  s.d.s.w.r.operation.CachingOperationNameGenerator - Generating unique operation named: updateEquipmentTypeUsingPOST_1
2020-07-07 09:27:04.692 [restartedMain] INFO  o.s.b.c.e.tomcat.TomcatEmbeddedServletContainer - Tomcat started on port(s): 8097 (http)
2020-07-07 09:27:04.693 [restartedMain] INFO  o.s.c.n.e.s.EurekaAutoServiceRegistration - Updating port to 8097
2020-07-07 09:27:07.244 [restartedMain] INFO  com.hc.config.PoliceStationInfoCache - 执行探头信息同步
2020-07-07 09:27:07.246 [restartedMain] INFO  com.hc.SpringServiceAApplication - Started SpringServiceAApplication in 20.52 seconds (JVM running for 21.52)
2020-07-07 09:27:32.633 [http-nio-8097-exec-1] INFO  o.a.c.core.ContainerBase.[Tomcat].[localhost].[/] - Initializing Spring FrameworkServlet 'dispatcherServlet'
2020-07-07 09:27:32.633 [http-nio-8097-exec-1] INFO  org.springframework.web.servlet.DispatcherServlet - FrameworkServlet 'dispatcherServlet': initialization started
2020-07-07 09:27:32.659 [http-nio-8097-exec-1] INFO  org.springframework.web.servlet.DispatcherServlet - FrameworkServlet 'dispatcherServlet': initialization completed in 26 ms
2020-07-07 09:27:32.897 [http-nio-8097-exec-7] INFO  com.hc.interpector.LoginInterceptor - LoginInterceptor 调用接口！================== Url:/swagger-resources/configuration/ui;Token:null;SessionID:54BE60F75B5E656788CE7CF24A631A0E
2020-07-07 09:27:32.897 [http-nio-8097-exec-7] INFO  com.hc.interpector.LoginInterceptor - 匹配上了，直接放行：/swagger-resources/configuration/ui
2020-07-07 09:27:32.956 [http-nio-8097-exec-3] INFO  com.hc.interpector.LoginInterceptor - LoginInterceptor 调用接口！================== Url:/swagger-resources;Token:null;SessionID:54BE60F75B5E656788CE7CF24A631A0E
2020-07-07 09:27:32.956 [http-nio-8097-exec-3] INFO  com.hc.interpector.LoginInterceptor - 匹配上了，直接放行：/swagger-resources
2020-07-07 09:27:32.970 [http-nio-8097-exec-9] INFO  com.hc.interpector.LoginInterceptor - LoginInterceptor 调用接口！================== Url:/v2/api-docs;Token:null;SessionID:54BE60F75B5E656788CE7CF24A631A0E
2020-07-07 09:27:32.970 [http-nio-8097-exec-9] INFO  com.hc.interpector.LoginInterceptor - 匹配上了，直接放行：/v2/api-docs
2020-07-07 09:27:33.532 [http-nio-8097-exec-8] INFO  com.hc.interpector.LoginInterceptor - LoginInterceptor 调用接口！================== Url:/swagger-resources/configuration/security;Token:null;SessionID:54BE60F75B5E656788CE7CF24A631A0E
2020-07-07 09:27:33.532 [http-nio-8097-exec-8] INFO  com.hc.interpector.LoginInterceptor - 未匹配 NO_INTERCEPTOR_PATH path : /swagger-resources/configuration/security
2020-07-07 09:27:33.532 [http-nio-8097-exec-8] INFO  com.hc.interpector.LoginInterceptor - token为空
2020-07-07 09:27:33.889 [DiscoveryClient-CacheRefreshExecutor-0] INFO  com.netflix.discovery.DiscoveryClient - Disable delta property : false
2020-07-07 09:27:33.889 [DiscoveryClient-CacheRefreshExecutor-0] INFO  com.netflix.discovery.DiscoveryClient - Single vip registry refresh property : null
2020-07-07 09:27:33.889 [DiscoveryClient-CacheRefreshExecutor-0] INFO  com.netflix.discovery.DiscoveryClient - Force full registry fetch : false
2020-07-07 09:27:33.889 [DiscoveryClient-CacheRefreshExecutor-0] INFO  com.netflix.discovery.DiscoveryClient - Application is null : false
2020-07-07 09:27:33.889 [DiscoveryClient-CacheRefreshExecutor-0] INFO  com.netflix.discovery.DiscoveryClient - Registered Applications size is zero : true
2020-07-07 09:27:33.889 [DiscoveryClient-CacheRefreshExecutor-0] INFO  com.netflix.discovery.DiscoveryClient - Application version is -1: false
2020-07-07 09:27:33.889 [DiscoveryClient-CacheRefreshExecutor-0] INFO  com.netflix.discovery.DiscoveryClient - Getting all instance registry info from the eureka server
2020-07-07 09:27:33.921 [DiscoveryClient-CacheRefreshExecutor-0] INFO  com.netflix.discovery.DiscoveryClient - The response status is 200
2020-07-07 09:32:03.035 [AsyncResolver-bootstrap-executor-0] INFO  c.n.d.shared.resolver.aws.ConfigClusterResolver - Resolving eureka endpoints via configuration
2020-07-07 09:37:03.037 [AsyncResolver-bootstrap-executor-0] INFO  c.n.d.shared.resolver.aws.ConfigClusterResolver - Resolving eureka endpoints via configuration
2020-07-07 09:42:03.039 [AsyncResolver-bootstrap-executor-0] INFO  c.n.d.shared.resolver.aws.ConfigClusterResolver - Resolving eureka endpoints via configuration
2020-07-07 09:47:03.040 [AsyncResolver-bootstrap-executor-0] INFO  c.n.d.shared.resolver.aws.ConfigClusterResolver - Resolving eureka endpoints via configuration
2020-07-07 09:52:03.042 [AsyncResolver-bootstrap-executor-0] INFO  c.n.d.shared.resolver.aws.ConfigClusterResolver - Resolving eureka endpoints via configuration
2020-07-07 09:57:03.043 [AsyncResolver-bootstrap-executor-0] INFO  c.n.d.shared.resolver.aws.ConfigClusterResolver - Resolving eureka endpoints via configuration
2020-07-07 10:02:03.044 [AsyncResolver-bootstrap-executor-0] INFO  c.n.d.shared.resolver.aws.ConfigClusterResolver - Resolving eureka endpoints via configuration
2020-07-07 10:07:03.046 [AsyncResolver-bootstrap-executor-0] INFO  c.n.d.shared.resolver.aws.ConfigClusterResolver - Resolving eureka endpoints via configuration
