2021-01-22 10:53:27.446 [restartedMain] INFO  o.s.c.a.AnnotationConfigApplicationContext - Refreshing org.springframework.context.annotation.AnnotationConfigApplicationContext@182faac8: startup date [Fri Jan 22 10:53:27 CST 2021]; root of context hierarchy
2021-01-22 10:53:27.757 [restartedMain] INFO  o.s.b.f.a.AutowiredAnnotationBeanPostProcessor - JSR-330 'javax.inject.Inject' annotation found and supported for autowiring
2021-01-22 10:53:27.849 [restartedMain] INFO  o.s.c.s.PostProcessorRegistrationDelegate$BeanPostProcessorChecker - Bean 'configurationPropertiesRebinderAutoConfiguration' of type [org.springframework.cloud.autoconfigure.ConfigurationPropertiesRebinderAutoConfiguration$$EnhancerBySpringCGLIB$$c7ac9a2e] is not eligible for getting processed by all BeanPostProcessors (for example: not eligible for auto-proxying)
2021-01-22 10:53:28.508 [restartedMain] INFO  com.hc.SpringServiceAApplication - No active profile set, falling back to default profiles: default
2021-01-22 10:53:28.531 [restartedMain] INFO  o.s.b.c.e.AnnotationConfigEmbeddedWebApplicationContext - Refreshing org.springframework.boot.context.embedded.AnnotationConfigEmbeddedWebApplicationContext@9915428: startup date [Fri Jan 22 10:53:28 CST 2021]; parent: org.springframework.context.annotation.AnnotationConfigApplicationContext@182faac8
2021-01-22 10:53:32.278 [restartedMain] INFO  o.s.d.r.config.RepositoryConfigurationDelegate - Multiple Spring Data modules found, entering strict repository configuration mode!
2021-01-22 10:53:32.362 [restartedMain] WARN  org.mybatis.spring.mapper.ClassPathMapperScanner - No MyBatis mapper was found in '[com.hc.mapper.laboratoryMain]' package. Please check your configuration.
2021-01-22 10:53:32.640 [restartedMain] INFO  o.s.d.r.config.RepositoryConfigurationDelegate - Multiple Spring Data modules found, entering strict repository configuration mode!
2021-01-22 10:53:32.791 [restartedMain] INFO  o.s.d.r.c.RepositoryConfigurationExtensionSupport - Spring Data Redis - Could not safely identify store assignment for repository candidate interface com.hc.dao.InstrumentParamConfigDao.
2021-01-22 10:53:32.793 [restartedMain] INFO  o.s.d.r.c.RepositoryConfigurationExtensionSupport - Spring Data Redis - Could not safely identify store assignment for repository candidate interface com.hc.dao.RepairinfoDao.
2021-01-22 10:53:32.794 [restartedMain] INFO  o.s.d.r.c.RepositoryConfigurationExtensionSupport - Spring Data Redis - Could not safely identify store assignment for repository candidate interface com.hc.dao.OperationlogDao.
2021-01-22 10:53:32.794 [restartedMain] INFO  o.s.d.r.c.RepositoryConfigurationExtensionSupport - Spring Data Redis - Could not safely identify store assignment for repository candidate interface com.hc.dao.UserRightDao.
2021-01-22 10:53:32.794 [restartedMain] INFO  o.s.d.r.c.RepositoryConfigurationExtensionSupport - Spring Data Redis - Could not safely identify store assignment for repository candidate interface com.hc.dao.MonitorEquipmentDao.
2021-01-22 10:53:32.794 [restartedMain] INFO  o.s.d.r.c.RepositoryConfigurationExtensionSupport - Spring Data Redis - Could not safely identify store assignment for repository candidate interface com.hc.dao.MonitorInstrumentDao.
2021-01-22 10:53:32.794 [restartedMain] INFO  o.s.d.r.c.RepositoryConfigurationExtensionSupport - Spring Data Redis - Could not safely identify store assignment for repository candidate interface com.hc.dao.OperationlogdetailDao.
2021-01-22 10:53:32.795 [restartedMain] INFO  o.s.d.r.c.RepositoryConfigurationExtensionSupport - Spring Data Redis - Could not safely identify store assignment for repository candidate interface com.hc.dao.HospitalofreginfoDao.
2021-01-22 10:53:32.795 [restartedMain] INFO  o.s.d.r.c.RepositoryConfigurationExtensionSupport - Spring Data Redis - Could not safely identify store assignment for repository candidate interface com.hc.dao.UserEquipmentRightDao.
2021-01-22 10:53:32.795 [restartedMain] INFO  o.s.d.r.c.RepositoryConfigurationExtensionSupport - Spring Data Redis - Could not safely identify store assignment for repository candidate interface com.hc.dao.MonitorInstrumentTypeDao.
2021-01-22 10:53:32.796 [restartedMain] INFO  o.s.d.r.c.RepositoryConfigurationExtensionSupport - Spring Data Redis - Could not safely identify store assignment for repository candidate interface com.hc.dao.HospitalEquipmentDao.
2021-01-22 10:53:32.796 [restartedMain] INFO  o.s.d.r.c.RepositoryConfigurationExtensionSupport - Spring Data Redis - Could not safely identify store assignment for repository candidate interface com.hc.dao.UserScheduLingDao.
2021-01-22 10:53:33.140 [restartedMain] INFO  o.springframework.cloud.context.scope.GenericScope - BeanFactory id=26c93bdc-8602-30ee-b0ae-565aef7eb991
2021-01-22 10:53:33.168 [restartedMain] INFO  o.s.b.f.a.AutowiredAnnotationBeanPostProcessor - JSR-330 'javax.inject.Inject' annotation found and supported for autowiring
2021-01-22 10:53:33.321 [restartedMain] INFO  o.s.c.s.PostProcessorRegistrationDelegate$BeanPostProcessorChecker - Bean 'org.springframework.transaction.annotation.ProxyTransactionManagementConfiguration' of type [org.springframework.transaction.annotation.ProxyTransactionManagementConfiguration$$EnhancerBySpringCGLIB$$ab929731] is not eligible for getting processed by all BeanPostProcessors (for example: not eligible for auto-proxying)
2021-01-22 10:53:33.368 [restartedMain] INFO  o.s.c.s.PostProcessorRegistrationDelegate$BeanPostProcessorChecker - Bean 'org.springframework.cloud.autoconfigure.ConfigurationPropertiesRebinderAutoConfiguration' of type [org.springframework.cloud.autoconfigure.ConfigurationPropertiesRebinderAutoConfiguration$$EnhancerBySpringCGLIB$$c7ac9a2e] is not eligible for getting processed by all BeanPostProcessors (for example: not eligible for auto-proxying)
2021-01-22 10:53:33.858 [restartedMain] INFO  o.s.b.c.e.tomcat.TomcatEmbeddedServletContainer - Tomcat initialized with port(s): 8097 (http)
2021-01-22 10:53:33.873 [restartedMain] INFO  org.apache.catalina.core.StandardService - Starting service [Tomcat]
2021-01-22 10:53:33.874 [restartedMain] INFO  org.apache.catalina.core.StandardEngine - Starting Servlet Engine: Apache Tomcat/8.5.23
2021-01-22 10:53:34.053 [localhost-startStop-1] INFO  o.a.c.core.ContainerBase.[Tomcat].[localhost].[/] - Initializing Spring embedded WebApplicationContext
2021-01-22 10:53:34.053 [localhost-startStop-1] INFO  org.springframework.web.context.ContextLoader - Root WebApplicationContext: initialization completed in 5522 ms
2021-01-22 10:53:34.320 [localhost-startStop-1] INFO  o.s.boot.web.servlet.ServletRegistrationBean - Mapping servlet: 'dispatcherServlet' to [/]
2021-01-22 10:53:34.325 [localhost-startStop-1] INFO  o.s.boot.web.servlet.FilterRegistrationBean - Mapping filter: 'characterEncodingFilter' to: [/*]
2021-01-22 10:53:34.325 [localhost-startStop-1] INFO  o.s.boot.web.servlet.FilterRegistrationBean - Mapping filter: 'hiddenHttpMethodFilter' to: [/*]
2021-01-22 10:53:34.325 [localhost-startStop-1] INFO  o.s.boot.web.servlet.FilterRegistrationBean - Mapping filter: 'httpPutFormContentFilter' to: [/*]
2021-01-22 10:53:34.325 [localhost-startStop-1] INFO  o.s.boot.web.servlet.FilterRegistrationBean - Mapping filter: 'requestContextFilter' to: [/*]
2021-01-22 10:53:35.222 [restartedMain] INFO  o.s.orm.jpa.LocalContainerEntityManagerFactoryBean - Building JPA container EntityManagerFactory for persistence unit 'entityManagerFactoryPrimary'
2021-01-22 10:53:35.235 [restartedMain] INFO  org.hibernate.jpa.internal.util.LogHelper - HHH000204: Processing PersistenceUnitInfo [
	name: entityManagerFactoryPrimary
	...]
2021-01-22 10:53:35.334 [restartedMain] INFO  org.hibernate.Version - HHH000412: Hibernate Core {5.0.12.Final}
2021-01-22 10:53:35.337 [restartedMain] INFO  org.hibernate.cfg.Environment - HHH000206: hibernate.properties not found
2021-01-22 10:53:35.339 [restartedMain] INFO  org.hibernate.cfg.Environment - HHH000021: Bytecode provider name : javassist
2021-01-22 10:53:35.403 [restartedMain] INFO  org.hibernate.annotations.common.Version - HCANN000001: Hibernate Commons Annotations {5.0.1.Final}
2021-01-22 10:53:35.641 [restartedMain] INFO  org.hibernate.dialect.Dialect - HHH000400: Using dialect: org.hibernate.dialect.MySQL5Dialect
2021-01-22 10:53:35.918 [restartedMain] WARN  org.hibernate.mapping.RootClass - HHH000038: Composite-id class does not override equals(): com.hc.entity.HospitalequimentKey
2021-01-22 10:53:35.919 [restartedMain] WARN  org.hibernate.mapping.RootClass - HHH000039: Composite-id class does not override hashCode(): com.hc.entity.HospitalequimentKey
2021-01-22 10:53:36.310 [restartedMain] INFO  o.s.orm.jpa.LocalContainerEntityManagerFactoryBean - Initialized JPA EntityManagerFactory for persistence unit 'entityManagerFactoryPrimary'
2021-01-22 10:53:37.165 [restartedMain] INFO  o.h.hql.internal.QueryTranslatorFactoryInitiator - HHH000397: Using ASTQueryTranslatorFactory
2021-01-22 10:53:38.140 [restartedMain] INFO  o.s.w.s.m.m.a.RequestMappingHandlerMapping - Mapped "{[/api/alarmStatistics/getHospitalAlarmInfo],methods=[GET],produces=[application/json]}" onto public com.hc.units.ApiResponse<java.util.List<com.hc.model.ResponseModel.AlarmData>> com.hc.controller.AlarmStatisticsController.getHospitalAralmInfo(java.lang.String,java.lang.String,java.lang.String)
2021-01-22 10:53:38.141 [restartedMain] INFO  o.s.w.s.m.m.a.RequestMappingHandlerMapping - Mapped "{[/api/alarmStatistics/exporeExcle],methods=[GET],produces=[application/json]}" onto public com.hc.units.ApiResponse<java.lang.String> com.hc.controller.AlarmStatisticsController.exporeExcle(javax.servlet.http.HttpServletResponse)
2021-01-22 10:53:38.141 [restartedMain] INFO  o.s.w.s.m.m.a.RequestMappingHandlerMapping - Mapped "{[/api/alarmStatistics/exporeExcles],methods=[GET],produces=[application/json]}" onto public com.hc.units.ApiResponse<java.lang.String> com.hc.controller.AlarmStatisticsController.exporeExcles(javax.servlet.http.HttpServletResponse)
2021-01-22 10:53:38.141 [restartedMain] INFO  o.s.w.s.m.m.a.RequestMappingHandlerMapping - Mapped "{[/api/alarmStatistics/alarmStatisticsShow],methods=[GET],produces=[application/json]}" onto public com.hc.units.ApiResponse<java.util.List<com.hc.model.ResponseModel.AlarmHospitalInfo>> com.hc.controller.AlarmStatisticsController.alarm()
2021-01-22 10:53:38.141 [restartedMain] INFO  o.s.w.s.m.m.a.RequestMappingHandlerMapping - Mapped "{[/api/alarmStatistics/showAllData],methods=[GET],produces=[application/json]}" onto public com.hc.units.ApiResponse<java.util.List<com.hc.model.ResponseModel.ShowData>> com.hc.controller.AlarmStatisticsController.showAllData()
2021-01-22 10:53:38.143 [restartedMain] INFO  o.s.w.s.m.m.a.RequestMappingHandlerMapping - Mapped "{[/api/clientInfo/selectUserInfoPage],methods=[GET],produces=[application/json]}" onto public com.hc.units.ApiResponse<com.github.pagehelper.Page<com.hc.model.ResponseModel.ClientInfoModel>> com.hc.controller.ClientInfoController.selectUserInfoPage(java.lang.String,java.lang.Integer,java.lang.Integer,java.lang.String)
2021-01-22 10:53:38.143 [restartedMain] INFO  o.s.w.s.m.m.a.RequestMappingHandlerMapping - Mapped "{[/api/clientInfo/addUser],methods=[POST],produces=[application/json]}" onto public com.hc.units.ApiResponse<com.hc.entity.Userright> com.hc.controller.ClientInfoController.addUser(com.hc.entity.Userright)
2021-01-22 10:53:38.143 [restartedMain] INFO  o.s.w.s.m.m.a.RequestMappingHandlerMapping - Mapped "{[/api/clientInfo/deleteUser],methods=[POST],produces=[application/json]}" onto public com.hc.units.ApiResponse<java.lang.String> com.hc.controller.ClientInfoController.deleteUser(com.hc.entity.Userright)
2021-01-22 10:53:38.144 [restartedMain] INFO  o.s.w.s.m.m.a.RequestMappingHandlerMapping - Mapped "{[/api/clientInfo/updateUser],methods=[POST],produces=[application/json]}" onto public com.hc.units.ApiResponse<com.hc.entity.Userright> com.hc.controller.ClientInfoController.updateUser(com.hc.entity.Userright)
2021-01-22 10:53:38.145 [restartedMain] INFO  o.s.w.s.m.m.a.RequestMappingHandlerMapping - Mapped "{[/api/equipmentTypeInfo/deleteEquipmentType],methods=[POST],produces=[application/json]}" onto public com.hc.units.ApiResponse<java.lang.String> com.hc.controller.HospitalEquipmentTypeController.deleteEquipmentType(com.hc.model.RequestModel.EquipmentTypeInfoModel)
2021-01-22 10:53:38.145 [restartedMain] INFO  o.s.w.s.m.m.a.RequestMappingHandlerMapping - Mapped "{[/api/equipmentTypeInfo/updateEquipmentType],methods=[POST],produces=[application/json]}" onto public com.hc.units.ApiResponse<java.lang.String> com.hc.controller.HospitalEquipmentTypeController.updateEquipmentType(com.hc.model.RequestModel.EquipmentTypeInfoModel)
2021-01-22 10:53:38.145 [restartedMain] INFO  o.s.w.s.m.m.a.RequestMappingHandlerMapping - Mapped "{[/api/equipmentTypeInfo/selectEquipmentTypePage],methods=[GET],produces=[application/json]}" onto public com.hc.units.ApiResponse<com.github.pagehelper.Page<com.hc.model.ResponseModel.HospitalEquipmentTypeInfoModel>> com.hc.controller.HospitalEquipmentTypeController.selectEquipmentPage(java.lang.String,java.lang.Integer,java.lang.Integer,java.lang.String)
2021-01-22 10:53:38.145 [restartedMain] INFO  o.s.w.s.m.m.a.RequestMappingHandlerMapping - Mapped "{[/api/equipmentTypeInfo/selectAllEquipmentType],methods=[GET],produces=[application/json]}" onto public com.hc.units.ApiResponse<java.util.List<com.hc.entity.Monitorequipmenttype>> com.hc.controller.HospitalEquipmentTypeController.selectAllEquipmentType()
2021-01-22 10:53:38.146 [restartedMain] INFO  o.s.w.s.m.m.a.RequestMappingHandlerMapping - Mapped "{[/api/equipmentTypeInfo/selectAllEquipmentTypeByCode],methods=[GET],produces=[application/json]}" onto public com.hc.units.ApiResponse<java.util.List<com.hc.entity.Monitorequipmenttype>> com.hc.controller.HospitalEquipmentTypeController.selectAllEquipmentTypeByCode(java.lang.String)
2021-01-22 10:53:38.146 [restartedMain] INFO  o.s.w.s.m.m.a.RequestMappingHandlerMapping - Mapped "{[/api/equipmentTypeInfo/addEquipmentType],methods=[POST],produces=[application/json]}" onto public com.hc.units.ApiResponse<java.lang.String> com.hc.controller.HospitalEquipmentTypeController.addEquipmentType(com.hc.model.RequestModel.EquipmentTypeInfoModel)
2021-01-22 10:53:38.147 [restartedMain] INFO  o.s.w.s.m.m.a.RequestMappingHandlerMapping - Mapped "{[/api/hospitalInfo/updateHospitalInfo],methods=[POST],produces=[application/json]}" onto public com.hc.units.ApiResponse<com.hc.entity.Hospitalofreginfo> com.hc.controller.HospitalInfoController.updateHospitalInfo(com.hc.entity.Hospitalofreginfo)
2021-01-22 10:53:38.147 [restartedMain] INFO  o.s.w.s.m.m.a.RequestMappingHandlerMapping - Mapped "{[/api/hospitalInfo/getHospitalInfoPage],methods=[GET],produces=[application/json]}" onto public com.hc.units.ApiResponse<com.github.pagehelper.Page<com.hc.entity.Hospitalofreginfo>> com.hc.controller.HospitalInfoController.selectHospitalInfoPage(java.lang.String,java.lang.Integer,java.lang.Integer)
2021-01-22 10:53:38.147 [restartedMain] INFO  o.s.w.s.m.m.a.RequestMappingHandlerMapping - Mapped "{[/api/hospitalInfo/getHospitalInfo],methods=[GET],produces=[application/json]}" onto public com.hc.units.ApiResponse<java.util.List<com.hc.entity.Hospitalofreginfo>> com.hc.controller.HospitalInfoController.selectHospitalInfo()
2021-01-22 10:53:38.148 [restartedMain] INFO  o.s.w.s.m.m.a.RequestMappingHandlerMapping - Mapped "{[/api/hospitalInfo/deleteHospitalInfo],methods=[POST],produces=[application/json]}" onto public com.hc.units.ApiResponse<java.lang.String> com.hc.controller.HospitalInfoController.deleteHospitalInfo(com.hc.entity.Hospitalofreginfo)
2021-01-22 10:53:38.148 [restartedMain] INFO  o.s.w.s.m.m.a.RequestMappingHandlerMapping - Mapped "{[/api/hospitalInfo/addHospitalInfo],methods=[POST],produces=[application/json]}" onto public com.hc.units.ApiResponse<com.hc.entity.Hospitalofreginfo> com.hc.controller.HospitalInfoController.addHospitalInfo(com.hc.entity.Hospitalofreginfo)
2021-01-22 10:53:38.150 [restartedMain] INFO  o.s.w.s.m.m.a.RequestMappingHandlerMapping - Mapped "{[/api/instrumentInfo/selectInstrumentPage],methods=[POST],produces=[application/json]}" onto public com.hc.units.ApiResponse<com.github.pagehelper.Page<com.hc.model.ResponseModel.AllInstrumentInfoModel>> com.hc.controller.InstrumentInfoController.selectInstrumentPage(com.hc.model.RequestModel.InstrumentPageModel)
2021-01-22 10:53:38.150 [restartedMain] INFO  o.s.w.s.m.m.a.RequestMappingHandlerMapping - Mapped "{[/api/instrumentInfo/addInstrumentParam],methods=[POST],produces=[application/json]}" onto public com.hc.units.ApiResponse<java.lang.String> com.hc.controller.InstrumentInfoController.addInstrumentParam(com.hc.model.RequestModel.InstrumentInfoModel)
2021-01-22 10:53:38.150 [restartedMain] INFO  o.s.w.s.m.m.a.RequestMappingHandlerMapping - Mapped "{[/api/instrumentInfo/showInsType],methods=[GET],produces=[application/json]}" onto public com.hc.units.ApiResponse<java.util.List<com.hc.entity.Monitorinstrumenttype>> com.hc.controller.InstrumentInfoController.showInstrumentType()
2021-01-22 10:53:38.150 [restartedMain] INFO  o.s.w.s.m.m.a.RequestMappingHandlerMapping - Mapped "{[/api/instrumentInfo/updateInstrument],methods=[POST],produces=[application/json]}" onto public com.hc.units.ApiResponse<java.lang.String> com.hc.controller.InstrumentInfoController.updateInstrument(com.hc.model.RequestModel.InstrumentInfoModel)
2021-01-22 10:53:38.151 [restartedMain] INFO  o.s.w.s.m.m.a.RequestMappingHandlerMapping - Mapped "{[/api/instrumentInfo/deleteInstrument],methods=[POST],produces=[application/json]}" onto public com.hc.units.ApiResponse<java.lang.String> com.hc.controller.InstrumentInfoController.deleteInstrument(com.hc.model.RequestModel.InstrumentInfoModel)
2021-01-22 10:53:38.151 [restartedMain] INFO  o.s.w.s.m.m.a.RequestMappingHandlerMapping - Mapped "{[/api/instrumentInfo/addInstrument],methods=[POST],produces=[application/json]}" onto public com.hc.units.ApiResponse<java.lang.String> com.hc.controller.InstrumentInfoController.addInstrument(com.hc.model.RequestModel.InstrumentInfoModel)
2021-01-22 10:53:38.155 [restartedMain] INFO  o.s.w.s.m.m.a.RequestMappingHandlerMapping - Mapped "{[/api/equipmentInfo/deleteEquipment],methods=[POST],produces=[application/json]}" onto public com.hc.units.ApiResponse<java.lang.String> com.hc.controller.MonitorEquipmentController.deleteEquipmentType(com.hc.model.RequestModel.EquipmentInfoModel)
2021-01-22 10:53:38.156 [restartedMain] INFO  o.s.w.s.m.m.a.RequestMappingHandlerMapping - Mapped "{[/api/equipmentInfo/updateEquipment],methods=[POST],produces=[application/json]}" onto public com.hc.units.ApiResponse<java.lang.String> com.hc.controller.MonitorEquipmentController.updateEquipmentType(com.hc.model.RequestModel.EquipmentInfoModel)
2021-01-22 10:53:38.156 [restartedMain] INFO  o.s.w.s.m.m.a.RequestMappingHandlerMapping - Mapped "{[/api/equipmentInfo/selectEquipmentPage],methods=[GET],produces=[application/json]}" onto public com.hc.units.ApiResponse<com.github.pagehelper.Page<com.hc.model.ResponseModel.MonitorEquipmentInfoModel>> com.hc.controller.MonitorEquipmentController.selectEquipmentPage(java.lang.String,java.lang.Integer,java.lang.Integer,java.lang.String,java.lang.String)
2021-01-22 10:53:38.156 [restartedMain] INFO  o.s.w.s.m.m.a.RequestMappingHandlerMapping - Mapped "{[/api/equipmentInfo/selectAllEquipmentByCode],methods=[GET],produces=[application/json]}" onto public com.hc.units.ApiResponse<java.util.List<com.hc.entity.Monitorequipment>> com.hc.controller.MonitorEquipmentController.selectAllEquipmentTypeByCode(java.lang.String,java.lang.String)
2021-01-22 10:53:38.156 [restartedMain] INFO  o.s.w.s.m.m.a.RequestMappingHandlerMapping - Mapped "{[/api/equipmentInfo/showInstrumentInfo],methods=[GET],produces=[application/json]}" onto public com.hc.units.ApiResponse<java.util.List<com.hc.entity.Monitorinstrument>> com.hc.controller.MonitorEquipmentController.showInstrumentInfo(java.lang.String,java.lang.Integer,java.lang.String)
2021-01-22 10:53:38.156 [restartedMain] INFO  o.s.w.s.m.m.a.RequestMappingHandlerMapping - Mapped "{[/api/equipmentInfo/searchEqByTwoYear],methods=[GET],produces=[application/json]}" onto public void com.hc.controller.MonitorEquipmentController.searchEqByTwoYear(javax.servlet.http.HttpServletResponse)
2021-01-22 10:53:38.157 [restartedMain] INFO  o.s.w.s.m.m.a.RequestMappingHandlerMapping - Mapped "{[/api/equipmentInfo/showInstrumentType],methods=[GET],produces=[application/json]}" onto public com.hc.units.ApiResponse<java.util.List<com.hc.entity.Monitorinstrumenttype>> com.hc.controller.MonitorEquipmentController.showInstrumentType(java.lang.String)
2021-01-22 10:53:38.157 [restartedMain] INFO  o.s.w.s.m.m.a.RequestMappingHandlerMapping - Mapped "{[/api/equipmentInfo/addWireEquipment],methods=[POST],produces=[application/json]}" onto public com.hc.units.ApiResponse<java.lang.String> com.hc.controller.MonitorEquipmentController.addWireEquipmentType(com.hc.model.RequestModel.EquipmentInfoModel)
2021-01-22 10:53:38.157 [restartedMain] INFO  o.s.w.s.m.m.a.RequestMappingHandlerMapping - Mapped "{[/api/equipmentInfo/addEquipment],methods=[POST],produces=[application/json]}" onto public com.hc.units.ApiResponse<java.lang.String> com.hc.controller.MonitorEquipmentController.addEquipmentType(com.hc.model.RequestModel.EquipmentInfoModel)
2021-01-22 10:53:38.157 [restartedMain] INFO  o.s.w.s.m.m.a.RequestMappingHandlerMapping - Mapped "{[/info]}" onto public java.lang.String com.hc.controller.MyController.testA()
2021-01-22 10:53:38.158 [restartedMain] INFO  o.s.w.s.m.m.a.RequestMappingHandlerMapping - Mapped "{[/api/log/getlogDeatil],methods=[GET],produces=[application/json]}" onto public com.hc.units.ApiResponse<java.util.List<com.hc.entity.Operationlogdetail>> com.hc.controller.OperationlogdetailMapper.getlogDeatil(java.lang.String)
2021-01-22 10:53:38.158 [restartedMain] INFO  o.s.w.s.m.m.a.RequestMappingHandlerMapping - Mapped "{[/api/log/getAllLog],methods=[GET],produces=[application/json]}" onto public com.hc.units.ApiResponse<com.github.pagehelper.Page<com.hc.entity.Operationlog>> com.hc.controller.OperationlogdetailMapper.getAllLog(java.lang.String,java.lang.Integer,java.lang.Integer,java.lang.String,java.lang.String,java.lang.String,java.lang.String,java.lang.String)
2021-01-22 10:53:38.159 [restartedMain] INFO  o.s.w.s.m.m.a.RequestMappingHandlerMapping - Mapped "{[/api/repairinfo/getsn],methods=[GET],produces=[application/json]}" onto public com.hc.units.ApiResponse<java.util.List<com.hc.entity.Monitorinstrument>> com.hc.controller.RepairinfoController.getSn(java.lang.String)
2021-01-22 10:53:38.159 [restartedMain] INFO  o.s.w.s.m.m.a.RequestMappingHandlerMapping - Mapped "{[/api/repairinfo/addRepairinfo],methods=[POST],produces=[application/json]}" onto public com.hc.units.ApiResponse<com.hc.entity.Repairinfo> com.hc.controller.RepairinfoController.addRepairinfo(com.hc.entity.Repairinfo)
2021-01-22 10:53:38.160 [restartedMain] INFO  o.s.w.s.m.m.a.RequestMappingHandlerMapping - Mapped "{[/api/repairinfo/deleteRepairinfo],methods=[POST],produces=[application/json]}" onto public com.hc.units.ApiResponse<java.lang.String> com.hc.controller.RepairinfoController.deleteRepairinfo(com.hc.entity.Repairinfo)
2021-01-22 10:53:38.160 [restartedMain] INFO  o.s.w.s.m.m.a.RequestMappingHandlerMapping - Mapped "{[/api/repairinfo/selectPageInfo],methods=[GET],produces=[application/json]}" onto public com.hc.units.ApiResponse<com.github.pagehelper.Page<com.hc.entity.Repairinfo>> com.hc.controller.RepairinfoController.selectPageInfo(java.lang.String,java.lang.Integer,java.lang.Integer,java.lang.String,java.lang.String,java.lang.String,java.lang.String,java.lang.String)
2021-01-22 10:53:38.160 [restartedMain] INFO  o.s.w.s.m.m.a.RequestMappingHandlerMapping - Mapped "{[/api/repairinfo/updateRepairinfo],methods=[POST],produces=[application/json]}" onto public com.hc.units.ApiResponse<java.lang.String> com.hc.controller.RepairinfoController.updateRepairinfo(com.hc.entity.Repairinfo)
2021-01-22 10:53:38.160 [restartedMain] INFO  o.s.w.s.m.m.a.RequestMappingHandlerMapping - Mapped "{[/test/],methods=[GET]}" onto public void com.hc.controller.testController.test()
2021-01-22 10:53:38.161 [restartedMain] INFO  o.s.w.s.m.m.a.RequestMappingHandlerMapping - Mapped "{[/api/userAuthorInfo/selectUserAuthorInfoPage],methods=[GET],produces=[application/json]}" onto public com.hc.units.ApiResponse<com.github.pagehelper.Page<com.hc.model.ResponseModel.UserAuthInfoModel>> com.hc.controller.UserAuthorController.selectUserAuthorInfoPage(java.lang.Integer,java.lang.Integer)
2021-01-22 10:53:38.161 [restartedMain] INFO  o.s.w.s.m.m.a.RequestMappingHandlerMapping - Mapped "{[/api/userAuthorInfo/updateUserAuthor],methods=[POST],produces=[application/json]}" onto public com.hc.units.ApiResponse<java.lang.String> com.hc.controller.UserAuthorController.updateUserAuthor(com.hc.model.RequestModel.UserauthorInfoModel)
2021-01-22 10:53:38.162 [restartedMain] INFO  o.s.w.s.m.m.a.RequestMappingHandlerMapping - Mapped "{[/api/userBackInfo/userLogin],methods=[POST],produces=[application/json]}" onto public com.hc.units.ApiResponse<java.lang.String> com.hc.controller.UserInfoController.userLogin(com.hc.entity.Userback)
2021-01-22 10:53:38.162 [restartedMain] INFO  o.s.w.s.m.m.a.RequestMappingHandlerMapping - Mapped "{[/api/userBackInfo/addusersc],methods=[POST],produces=[application/json]}" onto public com.hc.units.ApiResponse<java.lang.String> com.hc.controller.UserInfoController.addusersc(com.hc.model.RequestModel.UserScheduLingPostModel)
2021-01-22 10:53:38.162 [restartedMain] INFO  o.s.w.s.m.m.a.RequestMappingHandlerMapping - Mapped "{[/api/userBackInfo/searchScByHosMon],methods=[GET],produces=[application/json]}" onto public com.hc.units.ApiResponse<java.util.List<com.hc.entity.UserScheduLing>> com.hc.controller.UserInfoController.searchScByHosMon(java.lang.String,java.lang.String)
2021-01-22 10:53:38.163 [restartedMain] INFO  o.s.w.s.m.m.a.RequestMappingHandlerMapping - Mapped "{[/api/userBackInfo/updatePwd],methods=[POST],produces=[application/json]}" onto public com.hc.units.ApiResponse<java.lang.String> com.hc.controller.UserInfoController.updatePwd(com.hc.entity.Userback)
2021-01-22 10:53:38.164 [restartedMain] INFO  o.s.w.s.m.m.a.RequestMappingHandlerMapping - Mapped "{[/v2/api-docs],methods=[GET],produces=[application/json || application/hal+json]}" onto public org.springframework.http.ResponseEntity<springfox.documentation.spring.web.json.Json> springfox.documentation.swagger2.web.Swagger2Controller.getDocumentation(java.lang.String,javax.servlet.http.HttpServletRequest)
2021-01-22 10:53:38.167 [restartedMain] INFO  o.s.w.s.m.m.a.RequestMappingHandlerMapping - Mapped "{[/swagger-resources]}" onto org.springframework.http.ResponseEntity<java.util.List<springfox.documentation.swagger.web.SwaggerResource>> springfox.documentation.swagger.web.ApiResourceController.swaggerResources()
2021-01-22 10:53:38.169 [restartedMain] INFO  o.s.w.s.m.m.a.RequestMappingHandlerMapping - Mapped "{[/swagger-resources/configuration/ui]}" onto org.springframework.http.ResponseEntity<springfox.documentation.swagger.web.UiConfiguration> springfox.documentation.swagger.web.ApiResourceController.uiConfiguration()
2021-01-22 10:53:38.171 [restartedMain] INFO  o.s.w.s.m.m.a.RequestMappingHandlerMapping - Mapped "{[/swagger-resources/configuration/security]}" onto org.springframework.http.ResponseEntity<springfox.documentation.swagger.web.SecurityConfiguration> springfox.documentation.swagger.web.ApiResourceController.securityConfiguration()
2021-01-22 10:53:38.176 [restartedMain] INFO  o.s.w.s.m.m.a.RequestMappingHandlerMapping - Mapped "{[/error]}" onto public org.springframework.http.ResponseEntity<java.util.Map<java.lang.String, java.lang.Object>> org.springframework.boot.autoconfigure.web.BasicErrorController.error(javax.servlet.http.HttpServletRequest)
2021-01-22 10:53:38.176 [restartedMain] INFO  o.s.w.s.m.m.a.RequestMappingHandlerMapping - Mapped "{[/error],produces=[text/html]}" onto public org.springframework.web.servlet.ModelAndView org.springframework.boot.autoconfigure.web.BasicErrorController.errorHtml(javax.servlet.http.HttpServletRequest,javax.servlet.http.HttpServletResponse)
2021-01-22 10:53:39.118 [restartedMain] INFO  o.s.w.s.m.m.a.RequestMappingHandlerAdapter - Looking for @ControllerAdvice: org.springframework.boot.context.embedded.AnnotationConfigEmbeddedWebApplicationContext@9915428: startup date [Fri Jan 22 10:53:28 CST 2021]; parent: org.springframework.context.annotation.AnnotationConfigApplicationContext@182faac8
2021-01-22 10:53:39.202 [restartedMain] INFO  o.s.web.servlet.handler.SimpleUrlHandlerMapping - Mapped URL path [/swagger-ui.html] onto handler of type [class org.springframework.web.servlet.resource.ResourceHttpRequestHandler]
2021-01-22 10:53:39.202 [restartedMain] INFO  o.s.web.servlet.handler.SimpleUrlHandlerMapping - Mapped URL path [/static*] onto handler of type [class org.springframework.web.servlet.resource.ResourceHttpRequestHandler]
2021-01-22 10:53:39.202 [restartedMain] INFO  o.s.web.servlet.handler.SimpleUrlHandlerMapping - Mapped URL path [/webjars/**] onto handler of type [class org.springframework.web.servlet.resource.ResourceHttpRequestHandler]
2021-01-22 10:53:39.202 [restartedMain] INFO  o.s.web.servlet.handler.SimpleUrlHandlerMapping - Mapped URL path [/**] onto handler of type [class org.springframework.web.servlet.resource.ResourceHttpRequestHandler]
2021-01-22 10:53:39.281 [restartedMain] INFO  o.s.web.servlet.handler.SimpleUrlHandlerMapping - Mapped URL path [/**/favicon.ico] onto handler of type [class org.springframework.web.servlet.resource.ResourceHttpRequestHandler]
2021-01-22 10:53:40.032 [restartedMain] WARN  o.s.b.d.autoconfigure.OptionalLiveReloadServer - Unable to start LiveReload server
2021-01-22 10:53:40.157 [restartedMain] WARN  com.netflix.config.sources.URLConfigurationSource - No URLs will be polled as dynamic configuration sources.
2021-01-22 10:53:40.158 [restartedMain] INFO  com.netflix.config.sources.URLConfigurationSource - To enable URLs as dynamic configuration sources, define System property archaius.configurationSource.additionalUrls or make config.properties available on classpath.
2021-01-22 10:53:40.162 [restartedMain] WARN  com.netflix.config.sources.URLConfigurationSource - No URLs will be polled as dynamic configuration sources.
2021-01-22 10:53:40.162 [restartedMain] INFO  com.netflix.config.sources.URLConfigurationSource - To enable URLs as dynamic configuration sources, define System property archaius.configurationSource.additionalUrls or make config.properties available on classpath.
2021-01-22 10:53:40.243 [restartedMain] INFO  o.s.jmx.export.annotation.AnnotationMBeanExporter - Registering beans for JMX exposure on startup
2021-01-22 10:53:40.252 [restartedMain] INFO  o.s.jmx.export.annotation.AnnotationMBeanExporter - Bean with name 'environmentManager' has been autodetected for JMX exposure
2021-01-22 10:53:40.254 [restartedMain] INFO  o.s.jmx.export.annotation.AnnotationMBeanExporter - Bean with name 'configurationPropertiesRebinder' has been autodetected for JMX exposure
2021-01-22 10:53:40.254 [restartedMain] INFO  o.s.jmx.export.annotation.AnnotationMBeanExporter - Bean with name 'refreshScope' has been autodetected for JMX exposure
2021-01-22 10:53:40.257 [restartedMain] INFO  o.s.jmx.export.annotation.AnnotationMBeanExporter - Located managed bean 'environmentManager': registering with JMX server as MBean [org.springframework.cloud.context.environment:name=environmentManager,type=EnvironmentManager]
2021-01-22 10:53:40.282 [restartedMain] INFO  o.s.jmx.export.annotation.AnnotationMBeanExporter - Located managed bean 'refreshScope': registering with JMX server as MBean [org.springframework.cloud.context.scope.refresh:name=refreshScope,type=RefreshScope]
2021-01-22 10:53:40.307 [restartedMain] INFO  o.s.jmx.export.annotation.AnnotationMBeanExporter - Located managed bean 'configurationPropertiesRebinder': registering with JMX server as MBean [org.springframework.cloud.context.properties:name=configurationPropertiesRebinder,context=9915428,type=ConfigurationPropertiesRebinder]
2021-01-22 10:53:41.120 [restartedMain] INFO  o.s.context.support.DefaultLifecycleProcessor - Starting beans in phase 0
2021-01-22 10:53:41.126 [restartedMain] INFO  o.s.cloud.netflix.eureka.InstanceInfoFactory - Setting initial instance status as: STARTING
2021-01-22 10:53:41.173 [restartedMain] INFO  com.netflix.discovery.DiscoveryClient - Initializing Eureka in region us-east-1
2021-01-22 10:53:41.423 [restartedMain] INFO  c.n.discovery.provider.DiscoveryJerseyProvider - Using JSON encoding codec LegacyJacksonJson
2021-01-22 10:53:41.424 [restartedMain] INFO  c.n.discovery.provider.DiscoveryJerseyProvider - Using JSON decoding codec LegacyJacksonJson
2021-01-22 10:53:41.540 [restartedMain] INFO  c.n.discovery.provider.DiscoveryJerseyProvider - Using XML encoding codec XStreamXml
2021-01-22 10:53:41.540 [restartedMain] INFO  c.n.discovery.provider.DiscoveryJerseyProvider - Using XML decoding codec XStreamXml
2021-01-22 10:53:41.747 [restartedMain] INFO  c.n.d.shared.resolver.aws.ConfigClusterResolver - Resolving eureka endpoints via configuration
2021-01-22 10:53:42.116 [restartedMain] INFO  com.netflix.discovery.DiscoveryClient - Disable delta property : false
2021-01-22 10:53:42.116 [restartedMain] INFO  com.netflix.discovery.DiscoveryClient - Single vip registry refresh property : null
2021-01-22 10:53:42.116 [restartedMain] INFO  com.netflix.discovery.DiscoveryClient - Force full registry fetch : false
2021-01-22 10:53:42.116 [restartedMain] INFO  com.netflix.discovery.DiscoveryClient - Application is null : false
2021-01-22 10:53:42.116 [restartedMain] INFO  com.netflix.discovery.DiscoveryClient - Registered Applications size is zero : true
2021-01-22 10:53:42.116 [restartedMain] INFO  com.netflix.discovery.DiscoveryClient - Application version is -1: true
2021-01-22 10:53:42.116 [restartedMain] INFO  com.netflix.discovery.DiscoveryClient - Getting all instance registry info from the eureka server
2021-01-22 10:53:42.364 [restartedMain] INFO  com.netflix.discovery.DiscoveryClient - The response status is 200
2021-01-22 10:53:42.369 [restartedMain] INFO  com.netflix.discovery.DiscoveryClient - Starting heartbeat executor: renew interval is: 30
2021-01-22 10:53:42.374 [restartedMain] INFO  com.netflix.discovery.InstanceInfoReplicator - InstanceInfoReplicator onDemand update allowed rate per min is 4
2021-01-22 10:53:42.379 [restartedMain] INFO  com.netflix.discovery.DiscoveryClient - Discovery Client initialized at timestamp 1611284022378 with initial instances count: 2
2021-01-22 10:53:42.406 [restartedMain] INFO  o.s.c.n.e.serviceregistry.EurekaServiceRegistry - Registering application HC-HTGL-ms with eureka with status UP
2021-01-22 10:53:42.408 [restartedMain] INFO  com.netflix.discovery.DiscoveryClient - Saw local status change event StatusChangeEvent [timestamp=1611284022408, current=UP, previous=STARTING]
2021-01-22 10:53:42.410 [DiscoveryClient-InstanceInfoReplicator-0] INFO  com.netflix.discovery.DiscoveryClient - DiscoveryClient_HC-HTGL-MS/PC-20190801IFVM:HC-HTGL-ms:8097: registering service...
2021-01-22 10:53:42.410 [restartedMain] INFO  o.s.context.support.DefaultLifecycleProcessor - Starting beans in phase 2147483647
2021-01-22 10:53:42.410 [restartedMain] INFO  s.d.s.web.plugins.DocumentationPluginsBootstrapper - Context refreshed
2021-01-22 10:53:42.428 [restartedMain] INFO  s.d.s.web.plugins.DocumentationPluginsBootstrapper - Found 1 custom documentation plugin(s)
2021-01-22 10:53:42.449 [restartedMain] INFO  s.d.spring.web.scanners.ApiListingReferenceScanner - Scanning for api listing references
2021-01-22 10:53:42.455 [DiscoveryClient-InstanceInfoReplicator-0] INFO  com.netflix.discovery.DiscoveryClient - DiscoveryClient_HC-HTGL-MS/PC-20190801IFVM:HC-HTGL-ms:8097 - registration status: 204
2021-01-22 10:53:43.241 [restartedMain] INFO  s.d.s.w.r.operation.CachingOperationNameGenerator - Generating unique operation named: addEquipmentTypeUsingPOST_1
2021-01-22 10:53:43.291 [restartedMain] INFO  s.d.s.w.r.operation.CachingOperationNameGenerator - Generating unique operation named: deleteEquipmentTypeUsingPOST_1
2021-01-22 10:53:43.339 [restartedMain] INFO  s.d.s.w.r.operation.CachingOperationNameGenerator - Generating unique operation named: selectAllEquipmentTypeByCodeUsingGET_1
2021-01-22 10:53:43.407 [restartedMain] INFO  s.d.s.w.r.operation.CachingOperationNameGenerator - Generating unique operation named: selectEquipmentPageUsingGET_1
2021-01-22 10:53:43.453 [restartedMain] INFO  s.d.s.w.r.operation.CachingOperationNameGenerator - Generating unique operation named: showInstrumentTypeUsingGET_1
2021-01-22 10:53:43.491 [restartedMain] INFO  s.d.s.w.r.operation.CachingOperationNameGenerator - Generating unique operation named: updateEquipmentTypeUsingPOST_1
2021-01-22 10:53:44.090 [restartedMain] INFO  o.s.b.c.e.tomcat.TomcatEmbeddedServletContainer - Tomcat started on port(s): 8097 (http)
2021-01-22 10:53:44.091 [restartedMain] INFO  o.s.c.n.e.s.EurekaAutoServiceRegistration - Updating port to 8097
2021-01-22 10:53:47.969 [restartedMain] INFO  com.hc.config.PoliceStationInfoCache - 执行探头信息同步
2021-01-22 10:53:47.971 [restartedMain] INFO  com.hc.SpringServiceAApplication - Started SpringServiceAApplication in 21.67 seconds (JVM running for 23.306)
2021-01-22 10:58:42.120 [AsyncResolver-bootstrap-executor-0] INFO  c.n.d.shared.resolver.aws.ConfigClusterResolver - Resolving eureka endpoints via configuration
2021-01-22 10:59:03.546 [http-nio-8097-exec-1] INFO  o.a.c.core.ContainerBase.[Tomcat].[localhost].[/] - Initializing Spring FrameworkServlet 'dispatcherServlet'
2021-01-22 10:59:03.546 [http-nio-8097-exec-1] INFO  org.springframework.web.servlet.DispatcherServlet - FrameworkServlet 'dispatcherServlet': initialization started
2021-01-22 10:59:03.579 [http-nio-8097-exec-1] INFO  org.springframework.web.servlet.DispatcherServlet - FrameworkServlet 'dispatcherServlet': initialization completed in 33 ms
2021-01-22 10:59:03.599 [http-nio-8097-exec-1] INFO  com.hc.interpector.LoginInterceptor - LoginInterceptor 调用接口！================== Url:/api/userBackInfo/userLogin;Token:null;SessionID:1520D9EB295B664FE441D5DEFA75A094
2021-01-22 10:59:03.599 [http-nio-8097-exec-1] INFO  com.hc.interpector.LoginInterceptor - 匹配上了，直接放行：/api/userBackInfo/userLogin
2021-01-22 10:59:04.525 [http-nio-8097-exec-2] INFO  com.hc.interpector.LoginInterceptor - LoginInterceptor 调用接口！================== Url:/api/hospitalInfo/getHospitalInfoPage;Token:0278b1c1b26b3186884051f3b2b1165902469244f78f7b29b96f099b252b6939add5d96f7e97e227;SessionID:05E6B6361AA69E994D3E74C325E1B1C8
2021-01-22 10:59:04.525 [http-nio-8097-exec-2] INFO  com.hc.interpector.LoginInterceptor - 未匹配 NO_INTERCEPTOR_PATH path : /api/hospitalInfo/getHospitalInfoPage
2021-01-22 10:59:09.169 [http-nio-8097-exec-3] INFO  com.hc.interpector.LoginInterceptor - LoginInterceptor 调用接口！================== Url:/api/hospitalInfo/getHospitalInfo;Token:0278b1c1b26b3186884051f3b2b1165902469244f78f7b29b96f099b252b6939add5d96f7e97e227;SessionID:270416D65C78E5FD7934873AEF83260B
2021-01-22 10:59:09.171 [http-nio-8097-exec-3] INFO  com.hc.interpector.LoginInterceptor - 未匹配 NO_INTERCEPTOR_PATH path : /api/hospitalInfo/getHospitalInfo
2021-01-22 10:59:09.197 [http-nio-8097-exec-5] INFO  com.hc.interpector.LoginInterceptor - LoginInterceptor 调用接口！================== Url:/api/instrumentInfo/selectInstrumentPage;Token:0278b1c1b26b3186884051f3b2b1165902469244f78f7b29b96f099b252b6939add5d96f7e97e227;SessionID:236F685A6F2D7BCE112AFE942ACDC020
2021-01-22 10:59:09.197 [http-nio-8097-exec-5] INFO  com.hc.interpector.LoginInterceptor - 未匹配 NO_INTERCEPTOR_PATH path : /api/instrumentInfo/selectInstrumentPage
2021-01-22 10:59:09.197 [http-nio-8097-exec-4] INFO  com.hc.interpector.LoginInterceptor - LoginInterceptor 调用接口！================== Url:/api/equipmentTypeInfo/selectAllEquipmentType;Token:0278b1c1b26b3186884051f3b2b1165902469244f78f7b29b96f099b252b6939add5d96f7e97e227;SessionID:90749BC9BCC451269352CD6F7FF50290
2021-01-22 10:59:09.197 [http-nio-8097-exec-4] INFO  com.hc.interpector.LoginInterceptor - 未匹配 NO_INTERCEPTOR_PATH path : /api/equipmentTypeInfo/selectAllEquipmentType
2021-01-22 10:59:13.334 [http-nio-8097-exec-6] INFO  com.hc.interpector.LoginInterceptor - LoginInterceptor 调用接口！================== Url:/api/instrumentInfo/selectInstrumentPage;Token:0278b1c1b26b3186884051f3b2b1165902469244f78f7b29b96f099b252b6939add5d96f7e97e227;SessionID:EA3CCD7BC56F71FE69392B92119A7DB1
2021-01-22 10:59:13.334 [http-nio-8097-exec-6] INFO  com.hc.interpector.LoginInterceptor - 未匹配 NO_INTERCEPTOR_PATH path : /api/instrumentInfo/selectInstrumentPage
2021-01-22 10:59:13.343 [http-nio-8097-exec-7] INFO  com.hc.interpector.LoginInterceptor - LoginInterceptor 调用接口！================== Url:/api/equipmentTypeInfo/selectAllEquipmentTypeByCode;Token:0278b1c1b26b3186884051f3b2b1165902469244f78f7b29b96f099b252b6939add5d96f7e97e227;SessionID:6365020A0CF67239953580259360667F
2021-01-22 10:59:13.344 [http-nio-8097-exec-7] INFO  com.hc.interpector.LoginInterceptor - 未匹配 NO_INTERCEPTOR_PATH path : /api/equipmentTypeInfo/selectAllEquipmentTypeByCode
2021-01-22 10:59:16.165 [http-nio-8097-exec-8] INFO  com.hc.interpector.LoginInterceptor - LoginInterceptor 调用接口！================== Url:/api/instrumentInfo/selectInstrumentPage;Token:0278b1c1b26b3186884051f3b2b1165902469244f78f7b29b96f099b252b6939add5d96f7e97e227;SessionID:8178DC69B0C243D301F1F903AD382A51
2021-01-22 10:59:16.165 [http-nio-8097-exec-8] INFO  com.hc.interpector.LoginInterceptor - 未匹配 NO_INTERCEPTOR_PATH path : /api/instrumentInfo/selectInstrumentPage
2021-01-22 10:59:16.175 [http-nio-8097-exec-9] INFO  com.hc.interpector.LoginInterceptor - LoginInterceptor 调用接口！================== Url:/api/equipmentInfo/selectAllEquipmentByCode;Token:0278b1c1b26b3186884051f3b2b1165902469244f78f7b29b96f099b252b6939add5d96f7e97e227;SessionID:1AFF5795641475F47FD468A4AFD83F7D
2021-01-22 10:59:16.175 [http-nio-8097-exec-9] INFO  com.hc.interpector.LoginInterceptor - 未匹配 NO_INTERCEPTOR_PATH path : /api/equipmentInfo/selectAllEquipmentByCode
2021-01-22 11:03:15.107 [http-nio-8097-exec-3] INFO  com.hc.interpector.LoginInterceptor - LoginInterceptor 调用接口！================== Url:/api/instrumentInfo/updateInstrument;Token:0278b1c1b26b3186884051f3b2b1165902469244f78f7b29b96f099b252b6939add5d96f7e97e227;SessionID:02D0E0C2D6AC3E8192673BC0E3FFA923
2021-01-22 11:03:15.108 [http-nio-8097-exec-3] INFO  com.hc.interpector.LoginInterceptor - 未匹配 NO_INTERCEPTOR_PATH path : /api/instrumentInfo/updateInstrument
2021-01-22 11:03:15.121 [http-nio-8097-exec-3] INFO  c.hc.service.serviceimpl.InstrumentInfoServiceImpl - monitorinstrument:{"instrumentno":"e8a4899f5be54a57b6e917e2bfb2590f","instrumentname":"2049179999探头","equipmentno":"04dd5331641d4e52acd939cb94e950ee","instrumenttypeid":104,"hospitalcode":"5e6d5037c93a4d619368553b09f5a657","sn":"2049179999","alarmtime":1,"channel":""}
2021-01-22 11:03:15.660 [http-nio-8097-exec-4] INFO  com.hc.interpector.LoginInterceptor - LoginInterceptor 调用接口！================== Url:/api/instrumentInfo/selectInstrumentPage;Token:0278b1c1b26b3186884051f3b2b1165902469244f78f7b29b96f099b252b6939add5d96f7e97e227;SessionID:DE9B52C9478A2A53BC1B2889CC5FD973
2021-01-22 11:03:15.660 [http-nio-8097-exec-4] INFO  com.hc.interpector.LoginInterceptor - 未匹配 NO_INTERCEPTOR_PATH path : /api/instrumentInfo/selectInstrumentPage
2021-01-22 11:03:18.375 [http-nio-8097-exec-5] INFO  com.hc.interpector.LoginInterceptor - LoginInterceptor 调用接口！================== Url:/api/instrumentInfo/updateInstrument;Token:0278b1c1b26b3186884051f3b2b1165902469244f78f7b29b96f099b252b6939add5d96f7e97e227;SessionID:3C1727AD049AB3B08827BA9D84C19CD4
2021-01-22 11:03:18.375 [http-nio-8097-exec-5] INFO  com.hc.interpector.LoginInterceptor - 未匹配 NO_INTERCEPTOR_PATH path : /api/instrumentInfo/updateInstrument
2021-01-22 11:03:18.383 [http-nio-8097-exec-5] INFO  c.hc.service.serviceimpl.InstrumentInfoServiceImpl - monitorinstrument:{"instrumentno":"e8a4899f5be54a57b6e917e2bfb2590f","instrumentname":"2049179999探头","equipmentno":"04dd5331641d4e52acd939cb94e950ee","instrumenttypeid":104,"hospitalcode":"5e6d5037c93a4d619368553b09f5a657","sn":"2049179999","alarmtime":1,"channel":""}
2021-01-22 11:03:18.490 [http-nio-8097-exec-7] INFO  com.hc.interpector.LoginInterceptor - LoginInterceptor 调用接口！================== Url:/api/instrumentInfo/selectInstrumentPage;Token:0278b1c1b26b3186884051f3b2b1165902469244f78f7b29b96f099b252b6939add5d96f7e97e227;SessionID:053150C4EBAC10A6942DC84AFEC01DD0
2021-01-22 11:03:18.491 [http-nio-8097-exec-7] INFO  com.hc.interpector.LoginInterceptor - 未匹配 NO_INTERCEPTOR_PATH path : /api/instrumentInfo/selectInstrumentPage
2021-01-22 11:03:22.407 [http-nio-8097-exec-6] INFO  com.hc.interpector.LoginInterceptor - LoginInterceptor 调用接口！================== Url:/api/instrumentInfo/updateInstrument;Token:0278b1c1b26b3186884051f3b2b1165902469244f78f7b29b96f099b252b6939add5d96f7e97e227;SessionID:B36E0F3789B2CA0F2D8473086D00645D
2021-01-22 11:03:22.407 [http-nio-8097-exec-6] INFO  com.hc.interpector.LoginInterceptor - 未匹配 NO_INTERCEPTOR_PATH path : /api/instrumentInfo/updateInstrument
2021-01-22 11:03:22.411 [http-nio-8097-exec-6] INFO  c.hc.service.serviceimpl.InstrumentInfoServiceImpl - monitorinstrument:{"instrumentno":"e8a4899f5be54a57b6e917e2bfb2590f","instrumentname":"2049179999探头","equipmentno":"04dd5331641d4e52acd939cb94e950ee","instrumenttypeid":104,"hospitalcode":"5e6d5037c93a4d619368553b09f5a657","sn":"2049179999","alarmtime":3,"channel":""}
2021-01-22 11:03:22.531 [http-nio-8097-exec-9] INFO  com.hc.interpector.LoginInterceptor - LoginInterceptor 调用接口！================== Url:/api/instrumentInfo/selectInstrumentPage;Token:0278b1c1b26b3186884051f3b2b1165902469244f78f7b29b96f099b252b6939add5d96f7e97e227;SessionID:281B8889793908CAE76A34AD99E3BBF3
2021-01-22 11:03:22.531 [http-nio-8097-exec-9] INFO  com.hc.interpector.LoginInterceptor - 未匹配 NO_INTERCEPTOR_PATH path : /api/instrumentInfo/selectInstrumentPage
2021-01-22 11:03:42.121 [AsyncResolver-bootstrap-executor-0] INFO  c.n.d.shared.resolver.aws.ConfigClusterResolver - Resolving eureka endpoints via configuration
2021-01-22 11:08:42.122 [AsyncResolver-bootstrap-executor-0] INFO  c.n.d.shared.resolver.aws.ConfigClusterResolver - Resolving eureka endpoints via configuration
2021-01-22 11:13:42.123 [AsyncResolver-bootstrap-executor-0] INFO  c.n.d.shared.resolver.aws.ConfigClusterResolver - Resolving eureka endpoints via configuration
2021-01-22 11:18:42.126 [AsyncResolver-bootstrap-executor-0] INFO  c.n.d.shared.resolver.aws.ConfigClusterResolver - Resolving eureka endpoints via configuration
2021-01-22 11:23:42.127 [AsyncResolver-bootstrap-executor-0] INFO  c.n.d.shared.resolver.aws.ConfigClusterResolver - Resolving eureka endpoints via configuration
2021-01-22 11:28:42.129 [AsyncResolver-bootstrap-executor-0] INFO  c.n.d.shared.resolver.aws.ConfigClusterResolver - Resolving eureka endpoints via configuration
2021-01-22 11:33:42.130 [AsyncResolver-bootstrap-executor-0] INFO  c.n.d.shared.resolver.aws.ConfigClusterResolver - Resolving eureka endpoints via configuration
2021-01-22 11:38:42.131 [AsyncResolver-bootstrap-executor-0] INFO  c.n.d.shared.resolver.aws.ConfigClusterResolver - Resolving eureka endpoints via configuration
2021-01-22 11:43:42.133 [AsyncResolver-bootstrap-executor-0] INFO  c.n.d.shared.resolver.aws.ConfigClusterResolver - Resolving eureka endpoints via configuration
2021-01-22 11:48:42.134 [AsyncResolver-bootstrap-executor-0] INFO  c.n.d.shared.resolver.aws.ConfigClusterResolver - Resolving eureka endpoints via configuration
2021-01-22 11:53:42.135 [AsyncResolver-bootstrap-executor-0] INFO  c.n.d.shared.resolver.aws.ConfigClusterResolver - Resolving eureka endpoints via configuration
2021-01-22 11:58:42.136 [AsyncResolver-bootstrap-executor-0] INFO  c.n.d.shared.resolver.aws.ConfigClusterResolver - Resolving eureka endpoints via configuration
2021-01-22 12:03:42.137 [AsyncResolver-bootstrap-executor-0] INFO  c.n.d.shared.resolver.aws.ConfigClusterResolver - Resolving eureka endpoints via configuration
2021-01-22 12:08:42.139 [AsyncResolver-bootstrap-executor-0] INFO  c.n.d.shared.resolver.aws.ConfigClusterResolver - Resolving eureka endpoints via configuration
2021-01-22 12:13:42.140 [AsyncResolver-bootstrap-executor-0] INFO  c.n.d.shared.resolver.aws.ConfigClusterResolver - Resolving eureka endpoints via configuration
2021-01-22 12:18:42.142 [AsyncResolver-bootstrap-executor-0] INFO  c.n.d.shared.resolver.aws.ConfigClusterResolver - Resolving eureka endpoints via configuration
2021-01-22 12:23:42.144 [AsyncResolver-bootstrap-executor-0] INFO  c.n.d.shared.resolver.aws.ConfigClusterResolver - Resolving eureka endpoints via configuration
2021-01-22 12:28:42.145 [AsyncResolver-bootstrap-executor-0] INFO  c.n.d.shared.resolver.aws.ConfigClusterResolver - Resolving eureka endpoints via configuration
2021-01-22 12:33:42.146 [AsyncResolver-bootstrap-executor-0] INFO  c.n.d.shared.resolver.aws.ConfigClusterResolver - Resolving eureka endpoints via configuration
2021-01-22 12:38:42.148 [AsyncResolver-bootstrap-executor-0] INFO  c.n.d.shared.resolver.aws.ConfigClusterResolver - Resolving eureka endpoints via configuration
2021-01-22 12:43:42.149 [AsyncResolver-bootstrap-executor-0] INFO  c.n.d.shared.resolver.aws.ConfigClusterResolver - Resolving eureka endpoints via configuration
2021-01-22 12:48:42.149 [AsyncResolver-bootstrap-executor-0] INFO  c.n.d.shared.resolver.aws.ConfigClusterResolver - Resolving eureka endpoints via configuration
2021-01-22 12:53:42.151 [AsyncResolver-bootstrap-executor-0] INFO  c.n.d.shared.resolver.aws.ConfigClusterResolver - Resolving eureka endpoints via configuration
2021-01-22 12:58:42.152 [AsyncResolver-bootstrap-executor-0] INFO  c.n.d.shared.resolver.aws.ConfigClusterResolver - Resolving eureka endpoints via configuration
2021-01-22 13:03:42.153 [AsyncResolver-bootstrap-executor-0] INFO  c.n.d.shared.resolver.aws.ConfigClusterResolver - Resolving eureka endpoints via configuration
2021-01-22 13:08:42.155 [AsyncResolver-bootstrap-executor-0] INFO  c.n.d.shared.resolver.aws.ConfigClusterResolver - Resolving eureka endpoints via configuration
2021-01-22 13:13:42.156 [AsyncResolver-bootstrap-executor-0] INFO  c.n.d.shared.resolver.aws.ConfigClusterResolver - Resolving eureka endpoints via configuration
2021-01-22 13:18:42.158 [AsyncResolver-bootstrap-executor-0] INFO  c.n.d.shared.resolver.aws.ConfigClusterResolver - Resolving eureka endpoints via configuration
2021-01-22 13:23:42.160 [AsyncResolver-bootstrap-executor-0] INFO  c.n.d.shared.resolver.aws.ConfigClusterResolver - Resolving eureka endpoints via configuration
2021-01-22 13:28:42.161 [AsyncResolver-bootstrap-executor-0] INFO  c.n.d.shared.resolver.aws.ConfigClusterResolver - Resolving eureka endpoints via configuration
2021-01-22 13:33:42.163 [AsyncResolver-bootstrap-executor-0] INFO  c.n.d.shared.resolver.aws.ConfigClusterResolver - Resolving eureka endpoints via configuration
2021-01-22 13:38:42.164 [AsyncResolver-bootstrap-executor-0] INFO  c.n.d.shared.resolver.aws.ConfigClusterResolver - Resolving eureka endpoints via configuration
2021-01-22 13:43:42.166 [AsyncResolver-bootstrap-executor-0] INFO  c.n.d.shared.resolver.aws.ConfigClusterResolver - Resolving eureka endpoints via configuration
2021-01-22 13:48:42.167 [AsyncResolver-bootstrap-executor-0] INFO  c.n.d.shared.resolver.aws.ConfigClusterResolver - Resolving eureka endpoints via configuration
2021-01-22 13:53:42.168 [AsyncResolver-bootstrap-executor-0] INFO  c.n.d.shared.resolver.aws.ConfigClusterResolver - Resolving eureka endpoints via configuration
2021-01-22 13:58:42.169 [AsyncResolver-bootstrap-executor-0] INFO  c.n.d.shared.resolver.aws.ConfigClusterResolver - Resolving eureka endpoints via configuration
2021-01-22 14:03:42.170 [AsyncResolver-bootstrap-executor-0] INFO  c.n.d.shared.resolver.aws.ConfigClusterResolver - Resolving eureka endpoints via configuration
2021-01-22 14:08:42.171 [AsyncResolver-bootstrap-executor-0] INFO  c.n.d.shared.resolver.aws.ConfigClusterResolver - Resolving eureka endpoints via configuration
2021-01-22 14:13:42.172 [AsyncResolver-bootstrap-executor-0] INFO  c.n.d.shared.resolver.aws.ConfigClusterResolver - Resolving eureka endpoints via configuration
2021-01-22 14:18:42.173 [AsyncResolver-bootstrap-executor-0] INFO  c.n.d.shared.resolver.aws.ConfigClusterResolver - Resolving eureka endpoints via configuration
2021-01-22 14:23:42.174 [AsyncResolver-bootstrap-executor-0] INFO  c.n.d.shared.resolver.aws.ConfigClusterResolver - Resolving eureka endpoints via configuration
2021-01-22 14:28:42.175 [AsyncResolver-bootstrap-executor-0] INFO  c.n.d.shared.resolver.aws.ConfigClusterResolver - Resolving eureka endpoints via configuration
2021-01-22 14:33:42.177 [AsyncResolver-bootstrap-executor-0] INFO  c.n.d.shared.resolver.aws.ConfigClusterResolver - Resolving eureka endpoints via configuration
2021-01-22 14:38:42.178 [AsyncResolver-bootstrap-executor-0] INFO  c.n.d.shared.resolver.aws.ConfigClusterResolver - Resolving eureka endpoints via configuration
2021-01-22 14:43:42.180 [AsyncResolver-bootstrap-executor-0] INFO  c.n.d.shared.resolver.aws.ConfigClusterResolver - Resolving eureka endpoints via configuration
2021-01-22 14:48:42.182 [AsyncResolver-bootstrap-executor-0] INFO  c.n.d.shared.resolver.aws.ConfigClusterResolver - Resolving eureka endpoints via configuration
2021-01-22 14:53:42.183 [AsyncResolver-bootstrap-executor-0] INFO  c.n.d.shared.resolver.aws.ConfigClusterResolver - Resolving eureka endpoints via configuration
2021-01-22 14:58:42.184 [AsyncResolver-bootstrap-executor-0] INFO  c.n.d.shared.resolver.aws.ConfigClusterResolver - Resolving eureka endpoints via configuration
2021-01-22 15:03:42.186 [AsyncResolver-bootstrap-executor-0] INFO  c.n.d.shared.resolver.aws.ConfigClusterResolver - Resolving eureka endpoints via configuration
2021-01-22 15:08:42.188 [AsyncResolver-bootstrap-executor-0] INFO  c.n.d.shared.resolver.aws.ConfigClusterResolver - Resolving eureka endpoints via configuration
2021-01-22 15:13:42.189 [AsyncResolver-bootstrap-executor-0] INFO  c.n.d.shared.resolver.aws.ConfigClusterResolver - Resolving eureka endpoints via configuration
2021-01-22 15:18:42.190 [AsyncResolver-bootstrap-executor-0] INFO  c.n.d.shared.resolver.aws.ConfigClusterResolver - Resolving eureka endpoints via configuration
