2022-06-27 09:11:19.918 [restartedMain] INFO  o.s.b.d.env.DevToolsPropertyDefaultsPostProcessor - Devtools property defaults active! Set 'spring.devtools.add-properties' to 'false' to disable
2022-06-27 09:11:20.153 [restartedMain] INFO  o.s.c.s.PostProcessorRegistrationDelegate$BeanPostProcessorChecker - Bean 'org.springframework.cloud.autoconfigure.ConfigurationPropertiesRebinderAutoConfiguration' of type [org.springframework.cloud.autoconfigure.ConfigurationPropertiesRebinderAutoConfiguration$$EnhancerBySpringCGLIB$$ff00f218] is not eligible for getting processed by all BeanPostProcessors (for example: not eligible for auto-proxying)
2022-06-27 09:11:20.387 [restartedMain] INFO  c.a.cloud.nacos.client.NacosPropertySourceBuilder - Loading nacos data, dataId: 'hc-labmanagement-ms.yaml', group: 'DEFAULT_GROUP'
2022-06-27 09:11:20.403 [restartedMain] INFO  o.s.c.b.c.PropertySourceBootstrapConfiguration - Located property source: CompositePropertySource {name='NACOS', propertySources=[NacosPropertySource {name='hc-labmanagement-ms-dev.yaml'}, NacosPropertySource {name='hc-labmanagement-ms.yaml'}]}
2022-06-27 09:11:21.960 [restartedMain] WARN  org.mybatis.spring.mapper.ClassPathMapperScanner - No MyBatis mapper was found in '[com.hc]' package. Please check your configuration.
2022-06-27 09:11:22.459 [restartedMain] WARN  org.mybatis.spring.mapper.ClassPathMapperScanner - No MyBatis mapper was found in '[com.hc.mapper*]' package. Please check your configuration.
2022-06-27 09:11:22.721 [restartedMain] INFO  o.springframework.cloud.context.scope.GenericScope - BeanFactory id=3631ebb3-a4f6-3bef-a9e5-1b0d4c8ae3cf
2022-06-27 09:11:23.064 [restartedMain] INFO  o.s.c.s.PostProcessorRegistrationDelegate$BeanPostProcessorChecker - Bean 'org.springframework.transaction.annotation.ProxyTransactionManagementConfiguration' of type [org.springframework.transaction.annotation.ProxyTransactionManagementConfiguration$$EnhancerBySpringCGLIB$$e2e6ef1b] is not eligible for getting processed by all BeanPostProcessors (for example: not eligible for auto-proxying)
2022-06-27 09:11:23.096 [restartedMain] INFO  o.s.c.s.PostProcessorRegistrationDelegate$BeanPostProcessorChecker - Bean 'org.springframework.cloud.autoconfigure.ConfigurationPropertiesRebinderAutoConfiguration' of type [org.springframework.cloud.autoconfigure.ConfigurationPropertiesRebinderAutoConfiguration$$EnhancerBySpringCGLIB$$ff00f218] is not eligible for getting processed by all BeanPostProcessors (for example: not eligible for auto-proxying)
2022-06-27 09:11:23.642 [restartedMain] INFO  o.s.boot.web.embedded.tomcat.TomcatWebServer - Tomcat initialized with port(s): 10613 (http)
2022-06-27 09:11:23.658 [restartedMain] INFO  org.apache.catalina.core.StandardService - Starting service [Tomcat]
2022-06-27 09:11:23.658 [restartedMain] INFO  org.apache.catalina.core.StandardEngine - Starting Servlet engine: [Apache Tomcat/9.0.22]
2022-06-27 09:11:23.820 [restartedMain] INFO  o.a.c.core.ContainerBase.[Tomcat].[localhost].[/] - Initializing Spring embedded WebApplicationContext
2022-06-27 09:11:23.820 [restartedMain] INFO  org.springframework.web.context.ContextLoader - Root WebApplicationContext: initialization completed in 3386 ms
2022-06-27 09:11:23.913 [restartedMain] WARN  com.zaxxer.hikari.HikariConfig - HikariPool-1 - idleTimeout is close to or more than maxLifetime, disabling it.
2022-06-27 09:11:23.913 [restartedMain] INFO  com.zaxxer.hikari.HikariDataSource - HikariPool-1 - Starting...
2022-06-27 09:11:24.069 [restartedMain] INFO  com.zaxxer.hikari.HikariDataSource - HikariPool-1 - Start completed.
2022-06-27 09:11:25.319 [restartedMain] INFO  o.s.b.d.autoconfigure.OptionalLiveReloadServer - LiveReload server is running on port 35729
2022-06-27 09:11:26.178 [restartedMain] WARN  com.netflix.config.sources.URLConfigurationSource - No URLs will be polled as dynamic configuration sources.
2022-06-27 09:11:26.178 [restartedMain] INFO  com.netflix.config.sources.URLConfigurationSource - To enable URLs as dynamic configuration sources, define System property archaius.configurationSource.additionalUrls or make config.properties available on classpath.
2022-06-27 09:11:26.178 [restartedMain] WARN  com.netflix.config.sources.URLConfigurationSource - No URLs will be polled as dynamic configuration sources.
2022-06-27 09:11:26.178 [restartedMain] INFO  com.netflix.config.sources.URLConfigurationSource - To enable URLs as dynamic configuration sources, define System property archaius.configurationSource.additionalUrls or make config.properties available on classpath.
2022-06-27 09:11:26.366 [restartedMain] INFO  o.s.scheduling.concurrent.ThreadPoolTaskExecutor - Initializing ExecutorService 'applicationTaskExecutor'
2022-06-27 09:11:26.569 [restartedMain] INFO  o.s.scheduling.concurrent.ThreadPoolTaskScheduler - Initializing ExecutorService
2022-06-27 09:11:26.788 [restartedMain] INFO  s.d.s.w.PropertySourcedRequestMappingHandlerMapping - Mapped URL path [/v2/api-docs] onto method [public org.springframework.http.ResponseEntity<springfox.documentation.spring.web.json.Json> springfox.documentation.swagger2.web.Swagger2Controller.getDocumentation(java.lang.String,javax.servlet.http.HttpServletRequest)]
2022-06-27 09:11:27.303 [restartedMain] INFO  s.d.s.web.plugins.DocumentationPluginsBootstrapper - Context refreshed
2022-06-27 09:11:27.334 [restartedMain] INFO  s.d.s.web.plugins.DocumentationPluginsBootstrapper - Found 1 custom documentation plugin(s)
2022-06-27 09:11:27.397 [restartedMain] INFO  s.d.spring.web.scanners.ApiListingReferenceScanner - Scanning for api listing references
2022-06-27 09:11:27.725 [restartedMain] INFO  s.d.s.w.r.operation.CachingOperationNameGenerator - Generating unique operation named: addHospitalEquimentTypeUsingPOST_1
2022-06-27 09:11:27.803 [restartedMain] INFO  o.s.boot.web.embedded.tomcat.TomcatWebServer - Tomcat started on port(s): 10613 (http) with context path ''
2022-06-27 09:11:27.865 [restartedMain] INFO  c.a.cloud.nacos.registry.NacosServiceRegistry - nacos registry, HC-LABMANAGEMENT-ms 172.16.4.2:10613 register finished
2022-06-27 09:40:17.912 [http-nio-10613-exec-1] INFO  o.a.c.core.ContainerBase.[Tomcat].[localhost].[/] - Initializing Spring DispatcherServlet 'dispatcherServlet'
2022-06-27 09:40:17.913 [http-nio-10613-exec-1] INFO  org.springframework.web.servlet.DispatcherServlet - Initializing Servlet 'dispatcherServlet'
2022-06-27 09:40:17.949 [http-nio-10613-exec-1] INFO  org.springframework.web.servlet.DispatcherServlet - Completed initialization in 36 ms
2022-06-27 13:32:48.211 [HikariPool-1 housekeeper] WARN  com.zaxxer.hikari.pool.HikariPool - HikariPool-1 - Thread starvation or clock leap detected (housekeeper delta=1h6m50s979ms300ns).
2022-06-27 14:27:09.505 [Thread-23] INFO  c.a.cloud.nacos.registry.NacosServiceRegistry - De-registering from Nacos Server now...
2022-06-27 14:27:09.519 [Thread-23] INFO  c.a.cloud.nacos.registry.NacosServiceRegistry - De-registration finished.
2022-06-27 14:27:09.523 [Thread-23] INFO  o.s.scheduling.concurrent.ThreadPoolTaskExecutor - Shutting down ExecutorService 'applicationTaskExecutor'
2022-06-27 14:27:09.562 [Thread-23] INFO  com.zaxxer.hikari.HikariDataSource - HikariPool-1 - Shutdown initiated...
2022-06-27 14:27:09.569 [Thread-23] INFO  com.zaxxer.hikari.HikariDataSource - HikariPool-1 - Shutdown completed.
2022-06-27 14:27:10.091 [restartedMain] INFO  o.s.c.s.PostProcessorRegistrationDelegate$BeanPostProcessorChecker - Bean 'org.springframework.cloud.autoconfigure.ConfigurationPropertiesRebinderAutoConfiguration' of type [org.springframework.cloud.autoconfigure.ConfigurationPropertiesRebinderAutoConfiguration$$EnhancerBySpringCGLIB$$ff00f218] is not eligible for getting processed by all BeanPostProcessors (for example: not eligible for auto-proxying)
2022-06-27 14:27:10.195 [restartedMain] INFO  c.a.cloud.nacos.client.NacosPropertySourceBuilder - Loading nacos data, dataId: 'hc-labmanagement-ms.yaml', group: 'DEFAULT_GROUP'
2022-06-27 14:27:10.199 [restartedMain] INFO  o.s.c.b.c.PropertySourceBootstrapConfiguration - Located property source: CompositePropertySource {name='NACOS', propertySources=[NacosPropertySource {name='hc-labmanagement-ms-dev.yaml'}, NacosPropertySource {name='hc-labmanagement-ms.yaml'}]}
2022-06-27 14:27:11.547 [restartedMain] WARN  org.mybatis.spring.mapper.ClassPathMapperScanner - No MyBatis mapper was found in '[com.hc]' package. Please check your configuration.
2022-06-27 14:27:11.737 [restartedMain] WARN  org.mybatis.spring.mapper.ClassPathMapperScanner - No MyBatis mapper was found in '[com.hc.mapper*]' package. Please check your configuration.
2022-06-27 14:27:11.755 [restartedMain] INFO  o.springframework.cloud.context.scope.GenericScope - BeanFactory id=3631ebb3-a4f6-3bef-a9e5-1b0d4c8ae3cf
2022-06-27 14:27:11.803 [restartedMain] INFO  o.s.c.s.PostProcessorRegistrationDelegate$BeanPostProcessorChecker - Bean 'org.springframework.transaction.annotation.ProxyTransactionManagementConfiguration' of type [org.springframework.transaction.annotation.ProxyTransactionManagementConfiguration$$EnhancerBySpringCGLIB$$e2e6ef1b] is not eligible for getting processed by all BeanPostProcessors (for example: not eligible for auto-proxying)
2022-06-27 14:27:11.806 [restartedMain] INFO  o.s.c.s.PostProcessorRegistrationDelegate$BeanPostProcessorChecker - Bean 'org.springframework.cloud.autoconfigure.ConfigurationPropertiesRebinderAutoConfiguration' of type [org.springframework.cloud.autoconfigure.ConfigurationPropertiesRebinderAutoConfiguration$$EnhancerBySpringCGLIB$$ff00f218] is not eligible for getting processed by all BeanPostProcessors (for example: not eligible for auto-proxying)
2022-06-27 14:27:12.007 [restartedMain] INFO  o.s.boot.web.embedded.tomcat.TomcatWebServer - Tomcat initialized with port(s): 10613 (http)
2022-06-27 14:27:12.009 [restartedMain] INFO  org.apache.catalina.core.StandardService - Starting service [Tomcat]
2022-06-27 14:27:12.010 [restartedMain] INFO  org.apache.catalina.core.StandardEngine - Starting Servlet engine: [Apache Tomcat/9.0.22]
2022-06-27 14:27:12.048 [restartedMain] INFO  o.a.c.core.ContainerBase.[Tomcat].[localhost].[/] - Initializing Spring embedded WebApplicationContext
2022-06-27 14:27:12.048 [restartedMain] INFO  org.springframework.web.context.ContextLoader - Root WebApplicationContext: initialization completed in 1840 ms
2022-06-27 14:27:12.112 [restartedMain] WARN  com.zaxxer.hikari.HikariConfig - HikariPool-2 - idleTimeout is close to or more than maxLifetime, disabling it.
2022-06-27 14:27:12.113 [restartedMain] INFO  com.zaxxer.hikari.HikariDataSource - HikariPool-2 - Starting...
2022-06-27 14:27:12.118 [restartedMain] INFO  com.zaxxer.hikari.HikariDataSource - HikariPool-2 - Start completed.
2022-06-27 14:27:12.767 [restartedMain] INFO  o.s.b.d.autoconfigure.OptionalLiveReloadServer - LiveReload server is running on port 35729
2022-06-27 14:27:13.205 [restartedMain] WARN  com.netflix.config.sources.URLConfigurationSource - No URLs will be polled as dynamic configuration sources.
2022-06-27 14:27:13.205 [restartedMain] INFO  com.netflix.config.sources.URLConfigurationSource - To enable URLs as dynamic configuration sources, define System property archaius.configurationSource.additionalUrls or make config.properties available on classpath.
2022-06-27 14:27:13.240 [restartedMain] INFO  o.s.scheduling.concurrent.ThreadPoolTaskExecutor - Initializing ExecutorService 'applicationTaskExecutor'
2022-06-27 14:27:13.324 [restartedMain] INFO  com.alibaba.nacos.client.naming - initializer namespace from System Property :null
2022-06-27 14:27:13.325 [restartedMain] INFO  com.alibaba.nacos.client.naming - initializer namespace from System Environment :null
2022-06-27 14:27:13.325 [restartedMain] INFO  com.alibaba.nacos.client.naming - initializer namespace from System Property :null
2022-06-27 14:27:13.329 [restartedMain] INFO  o.s.scheduling.concurrent.ThreadPoolTaskScheduler - Initializing ExecutorService
2022-06-27 14:27:13.497 [restartedMain] INFO  s.d.s.w.PropertySourcedRequestMappingHandlerMapping - Mapped URL path [/v2/api-docs] onto method [public org.springframework.http.ResponseEntity<springfox.documentation.spring.web.json.Json> springfox.documentation.swagger2.web.Swagger2Controller.getDocumentation(java.lang.String,javax.servlet.http.HttpServletRequest)]
2022-06-27 14:27:13.698 [restartedMain] INFO  s.d.s.web.plugins.DocumentationPluginsBootstrapper - Context refreshed
2022-06-27 14:27:13.700 [restartedMain] INFO  s.d.s.web.plugins.DocumentationPluginsBootstrapper - Found 1 custom documentation plugin(s)
2022-06-27 14:27:13.707 [restartedMain] INFO  s.d.spring.web.scanners.ApiListingReferenceScanner - Scanning for api listing references
2022-06-27 14:27:13.813 [restartedMain] INFO  s.d.s.w.r.operation.CachingOperationNameGenerator - Generating unique operation named: addHospitalEquimentTypeUsingPOST_1
2022-06-27 14:27:13.838 [restartedMain] INFO  o.s.boot.web.embedded.tomcat.TomcatWebServer - Tomcat started on port(s): 10613 (http) with context path ''
2022-06-27 14:27:13.839 [restartedMain] INFO  com.alibaba.nacos.client.naming - [BEAT] adding beat: {"cluster":"DEFAULT","ip":"172.16.4.2","metadata":{"preserved.register.source":"SPRING_CLOUD"},"period":5000,"port":10613,"scheduled":false,"serviceName":"DEFAULT_GROUP@@HC-LABMANAGEMENT-ms","stopped":false,"weight":1.0} to beat map.
2022-06-27 14:27:13.839 [restartedMain] INFO  com.alibaba.nacos.client.naming - [REGISTER-SERVICE] chenkai registering service DEFAULT_GROUP@@HC-LABMANAGEMENT-ms with instance: {"clusterName":"DEFAULT","enabled":true,"ephemeral":true,"healthy":true,"instanceHeartBeatInterval":5000,"instanceHeartBeatTimeOut":15000,"ip":"172.16.4.2","ipDeleteTimeout":30000,"metadata":{"preserved.register.source":"SPRING_CLOUD"},"port":10613,"weight":1.0}
2022-06-27 14:27:13.841 [restartedMain] INFO  c.a.cloud.nacos.registry.NacosServiceRegistry - nacos registry, HC-LABMANAGEMENT-ms 172.16.4.2:10613 register finished
2022-06-27 14:27:13.888 [restartedMain] INFO  com.alibaba.nacos.client.config.impl.ClientWorker - [fixed-172.16.10.204_8848-chenkai] [subscribe] hc-labmanagement-ms.yaml+DEFAULT_GROUP+chenkai
2022-06-27 14:27:13.889 [restartedMain] INFO  com.alibaba.nacos.client.config.impl.CacheData - [fixed-172.16.10.204_8848-chenkai] [add-listener] ok, tenant=chenkai, dataId=hc-labmanagement-ms.yaml, group=DEFAULT_GROUP, cnt=1
2022-06-27 14:27:13.889 [restartedMain] INFO  com.alibaba.nacos.client.config.impl.ClientWorker - [fixed-172.16.10.204_8848-chenkai] [subscribe] hc-labmanagement-ms-dev.yaml+DEFAULT_GROUP+chenkai
2022-06-27 14:27:13.889 [restartedMain] INFO  com.alibaba.nacos.client.config.impl.CacheData - [fixed-172.16.10.204_8848-chenkai] [add-listener] ok, tenant=chenkai, dataId=hc-labmanagement-ms-dev.yaml, group=DEFAULT_GROUP, cnt=1
2022-06-27 14:27:13.891 [restartedMain] INFO  o.s.b.d.a.ConditionEvaluationDeltaLoggingListener - Condition evaluation unchanged
2022-06-27 14:27:20.432 [Thread-73] INFO  c.a.cloud.nacos.registry.NacosServiceRegistry - De-registering from Nacos Server now...
2022-06-27 14:27:20.432 [Thread-73] INFO  com.alibaba.nacos.client.naming - [BEAT] removing beat: DEFAULT_GROUP@@HC-LABMANAGEMENT-ms:172.16.4.2:10613 from beat map.
2022-06-27 14:27:20.432 [Thread-73] INFO  com.alibaba.nacos.client.naming - [DEREGISTER-SERVICE] chenkai deregistering service DEFAULT_GROUP@@HC-LABMANAGEMENT-ms with instance: {"clusterName":"DEFAULT","enabled":true,"ephemeral":true,"healthy":true,"instanceHeartBeatInterval":5000,"instanceHeartBeatTimeOut":15000,"ip":"172.16.4.2","ipDeleteTimeout":30000,"metadata":{},"port":10613,"weight":1.0}
2022-06-27 14:27:20.434 [Thread-73] INFO  c.a.cloud.nacos.registry.NacosServiceRegistry - De-registration finished.
2022-06-27 14:27:20.435 [Thread-73] INFO  o.s.scheduling.concurrent.ThreadPoolTaskExecutor - Shutting down ExecutorService 'applicationTaskExecutor'
2022-06-27 14:27:20.437 [Thread-73] INFO  com.zaxxer.hikari.HikariDataSource - HikariPool-2 - Shutdown initiated...
2022-06-27 14:27:20.442 [Thread-73] INFO  com.zaxxer.hikari.HikariDataSource - HikariPool-2 - Shutdown completed.
2022-06-27 14:27:26.153 [restartedMain] INFO  o.s.b.d.env.DevToolsPropertyDefaultsPostProcessor - Devtools property defaults active! Set 'spring.devtools.add-properties' to 'false' to disable
2022-06-27 14:27:26.386 [restartedMain] INFO  o.s.c.s.PostProcessorRegistrationDelegate$BeanPostProcessorChecker - Bean 'org.springframework.cloud.autoconfigure.ConfigurationPropertiesRebinderAutoConfiguration' of type [org.springframework.cloud.autoconfigure.ConfigurationPropertiesRebinderAutoConfiguration$$EnhancerBySpringCGLIB$$5dcb1d42] is not eligible for getting processed by all BeanPostProcessors (for example: not eligible for auto-proxying)
2022-06-27 14:27:26.627 [restartedMain] INFO  c.a.cloud.nacos.client.NacosPropertySourceBuilder - Loading nacos data, dataId: 'hc-labmanagement-ms.yaml', group: 'DEFAULT_GROUP'
2022-06-27 14:27:26.633 [restartedMain] INFO  o.s.c.b.c.PropertySourceBootstrapConfiguration - Located property source: CompositePropertySource {name='NACOS', propertySources=[NacosPropertySource {name='hc-labmanagement-ms-dev.yaml'}, NacosPropertySource {name='hc-labmanagement-ms.yaml'}]}
2022-06-27 14:27:28.070 [restartedMain] WARN  org.mybatis.spring.mapper.ClassPathMapperScanner - No MyBatis mapper was found in '[com.hc]' package. Please check your configuration.
2022-06-27 14:27:28.261 [restartedMain] WARN  org.mybatis.spring.mapper.ClassPathMapperScanner - No MyBatis mapper was found in '[com.hc.mapper*]' package. Please check your configuration.
2022-06-27 14:27:28.337 [restartedMain] INFO  o.springframework.cloud.context.scope.GenericScope - BeanFactory id=3631ebb3-a4f6-3bef-a9e5-1b0d4c8ae3cf
2022-06-27 14:27:28.422 [restartedMain] INFO  o.s.c.s.PostProcessorRegistrationDelegate$BeanPostProcessorChecker - Bean 'org.springframework.transaction.annotation.ProxyTransactionManagementConfiguration' of type [org.springframework.transaction.annotation.ProxyTransactionManagementConfiguration$$EnhancerBySpringCGLIB$$41b11a45] is not eligible for getting processed by all BeanPostProcessors (for example: not eligible for auto-proxying)
2022-06-27 14:27:28.437 [restartedMain] INFO  o.s.c.s.PostProcessorRegistrationDelegate$BeanPostProcessorChecker - Bean 'org.springframework.cloud.autoconfigure.ConfigurationPropertiesRebinderAutoConfiguration' of type [org.springframework.cloud.autoconfigure.ConfigurationPropertiesRebinderAutoConfiguration$$EnhancerBySpringCGLIB$$5dcb1d42] is not eligible for getting processed by all BeanPostProcessors (for example: not eligible for auto-proxying)
2022-06-27 14:27:28.857 [restartedMain] INFO  o.s.boot.web.embedded.tomcat.TomcatWebServer - Tomcat initialized with port(s): 10613 (http)
2022-06-27 14:27:28.876 [restartedMain] INFO  org.apache.catalina.core.StandardService - Starting service [Tomcat]
2022-06-27 14:27:28.876 [restartedMain] INFO  org.apache.catalina.core.StandardEngine - Starting Servlet engine: [Apache Tomcat/9.0.22]
2022-06-27 14:27:28.976 [restartedMain] INFO  o.a.c.core.ContainerBase.[Tomcat].[localhost].[/] - Initializing Spring embedded WebApplicationContext
2022-06-27 14:27:28.976 [restartedMain] INFO  org.springframework.web.context.ContextLoader - Root WebApplicationContext: initialization completed in 2232 ms
2022-06-27 14:27:29.046 [restartedMain] WARN  com.zaxxer.hikari.HikariConfig - HikariPool-1 - idleTimeout is close to or more than maxLifetime, disabling it.
2022-06-27 14:27:29.048 [restartedMain] INFO  com.zaxxer.hikari.HikariDataSource - HikariPool-1 - Starting...
2022-06-27 14:27:29.148 [restartedMain] INFO  com.zaxxer.hikari.HikariDataSource - HikariPool-1 - Start completed.
2022-06-27 14:27:29.757 [restartedMain] WARN  o.s.b.d.autoconfigure.OptionalLiveReloadServer - Unable to start LiveReload server
2022-06-27 14:27:30.155 [restartedMain] WARN  com.netflix.config.sources.URLConfigurationSource - No URLs will be polled as dynamic configuration sources.
2022-06-27 14:27:30.155 [restartedMain] INFO  com.netflix.config.sources.URLConfigurationSource - To enable URLs as dynamic configuration sources, define System property archaius.configurationSource.additionalUrls or make config.properties available on classpath.
2022-06-27 14:27:30.164 [restartedMain] WARN  com.netflix.config.sources.URLConfigurationSource - No URLs will be polled as dynamic configuration sources.
2022-06-27 14:27:30.164 [restartedMain] INFO  com.netflix.config.sources.URLConfigurationSource - To enable URLs as dynamic configuration sources, define System property archaius.configurationSource.additionalUrls or make config.properties available on classpath.
2022-06-27 14:27:30.347 [restartedMain] INFO  o.s.scheduling.concurrent.ThreadPoolTaskExecutor - Initializing ExecutorService 'applicationTaskExecutor'
2022-06-27 14:27:30.510 [restartedMain] INFO  o.s.scheduling.concurrent.ThreadPoolTaskScheduler - Initializing ExecutorService
2022-06-27 14:27:30.676 [restartedMain] INFO  s.d.s.w.PropertySourcedRequestMappingHandlerMapping - Mapped URL path [/v2/api-docs] onto method [public org.springframework.http.ResponseEntity<springfox.documentation.spring.web.json.Json> springfox.documentation.swagger2.web.Swagger2Controller.getDocumentation(java.lang.String,javax.servlet.http.HttpServletRequest)]
2022-06-27 14:27:31.021 [restartedMain] INFO  s.d.s.web.plugins.DocumentationPluginsBootstrapper - Context refreshed
2022-06-27 14:27:31.034 [restartedMain] INFO  s.d.s.web.plugins.DocumentationPluginsBootstrapper - Found 1 custom documentation plugin(s)
2022-06-27 14:27:31.061 [restartedMain] INFO  s.d.spring.web.scanners.ApiListingReferenceScanner - Scanning for api listing references
2022-06-27 14:27:31.233 [restartedMain] INFO  s.d.s.w.r.operation.CachingOperationNameGenerator - Generating unique operation named: addHospitalEquimentTypeUsingPOST_1
2022-06-27 14:27:31.286 [restartedMain] INFO  o.s.boot.web.embedded.tomcat.TomcatWebServer - Tomcat started on port(s): 10613 (http) with context path ''
2022-06-27 14:27:31.314 [restartedMain] INFO  c.a.cloud.nacos.registry.NacosServiceRegistry - nacos registry, HC-LABMANAGEMENT-ms 172.16.4.2:10613 register finished
2022-06-27 14:39:25.765 [http-nio-10613-exec-1] INFO  o.a.c.core.ContainerBase.[Tomcat].[localhost].[/] - Initializing Spring DispatcherServlet 'dispatcherServlet'
2022-06-27 14:39:25.765 [http-nio-10613-exec-1] INFO  org.springframework.web.servlet.DispatcherServlet - Initializing Servlet 'dispatcherServlet'
2022-06-27 14:39:25.788 [http-nio-10613-exec-1] INFO  org.springframework.web.servlet.DispatcherServlet - Completed initialization in 23 ms
2022-06-27 15:54:46.848 [Thread-29] INFO  c.a.cloud.nacos.registry.NacosServiceRegistry - De-registering from Nacos Server now...
2022-06-27 15:54:46.856 [Thread-29] INFO  c.a.cloud.nacos.registry.NacosServiceRegistry - De-registration finished.
2022-06-27 15:54:46.857 [Thread-29] INFO  o.s.scheduling.concurrent.ThreadPoolTaskExecutor - Shutting down ExecutorService 'applicationTaskExecutor'
2022-06-27 15:54:46.873 [Thread-29] INFO  com.zaxxer.hikari.HikariDataSource - HikariPool-1 - Shutdown initiated...
2022-06-27 15:54:46.879 [Thread-29] INFO  com.zaxxer.hikari.HikariDataSource - HikariPool-1 - Shutdown completed.
2022-06-27 15:54:51.424 [restartedMain] INFO  o.s.b.d.env.DevToolsPropertyDefaultsPostProcessor - Devtools property defaults active! Set 'spring.devtools.add-properties' to 'false' to disable
2022-06-27 15:54:51.729 [restartedMain] INFO  o.s.c.s.PostProcessorRegistrationDelegate$BeanPostProcessorChecker - Bean 'org.springframework.cloud.autoconfigure.ConfigurationPropertiesRebinderAutoConfiguration' of type [org.springframework.cloud.autoconfigure.ConfigurationPropertiesRebinderAutoConfiguration$$EnhancerBySpringCGLIB$$efcfbdf4] is not eligible for getting processed by all BeanPostProcessors (for example: not eligible for auto-proxying)
2022-06-27 15:54:52.014 [restartedMain] INFO  c.a.cloud.nacos.client.NacosPropertySourceBuilder - Loading nacos data, dataId: 'hc-labmanagement-ms.yaml', group: 'DEFAULT_GROUP'
2022-06-27 15:54:52.244 [restartedMain] INFO  o.s.c.b.c.PropertySourceBootstrapConfiguration - Located property source: CompositePropertySource {name='NACOS', propertySources=[NacosPropertySource {name='hc-labmanagement-ms-dev.yaml'}, NacosPropertySource {name='hc-labmanagement-ms.yaml'}]}
2022-06-27 15:54:53.949 [restartedMain] WARN  org.mybatis.spring.mapper.ClassPathMapperScanner - No MyBatis mapper was found in '[com.hc]' package. Please check your configuration.
2022-06-27 15:54:54.183 [restartedMain] WARN  org.mybatis.spring.mapper.ClassPathMapperScanner - No MyBatis mapper was found in '[com.hc.mapper*]' package. Please check your configuration.
2022-06-27 15:54:54.266 [restartedMain] INFO  o.springframework.cloud.context.scope.GenericScope - BeanFactory id=3631ebb3-a4f6-3bef-a9e5-1b0d4c8ae3cf
2022-06-27 15:54:54.389 [restartedMain] INFO  o.s.c.s.PostProcessorRegistrationDelegate$BeanPostProcessorChecker - Bean 'org.springframework.transaction.annotation.ProxyTransactionManagementConfiguration' of type [org.springframework.transaction.annotation.ProxyTransactionManagementConfiguration$$EnhancerBySpringCGLIB$$d3b5baf7] is not eligible for getting processed by all BeanPostProcessors (for example: not eligible for auto-proxying)
2022-06-27 15:54:54.414 [restartedMain] INFO  o.s.c.s.PostProcessorRegistrationDelegate$BeanPostProcessorChecker - Bean 'org.springframework.cloud.autoconfigure.ConfigurationPropertiesRebinderAutoConfiguration' of type [org.springframework.cloud.autoconfigure.ConfigurationPropertiesRebinderAutoConfiguration$$EnhancerBySpringCGLIB$$efcfbdf4] is not eligible for getting processed by all BeanPostProcessors (for example: not eligible for auto-proxying)
2022-06-27 15:54:55.123 [restartedMain] INFO  o.s.boot.web.embedded.tomcat.TomcatWebServer - Tomcat initialized with port(s): 10613 (http)
2022-06-27 15:54:55.153 [restartedMain] INFO  org.apache.catalina.core.StandardService - Starting service [Tomcat]
2022-06-27 15:54:55.154 [restartedMain] INFO  org.apache.catalina.core.StandardEngine - Starting Servlet engine: [Apache Tomcat/9.0.22]
2022-06-27 15:54:55.487 [restartedMain] INFO  o.a.c.core.ContainerBase.[Tomcat].[localhost].[/] - Initializing Spring embedded WebApplicationContext
2022-06-27 15:54:55.487 [restartedMain] INFO  org.springframework.web.context.ContextLoader - Root WebApplicationContext: initialization completed in 3221 ms
2022-06-27 15:54:55.665 [restartedMain] WARN  com.zaxxer.hikari.HikariConfig - HikariPool-1 - idleTimeout is close to or more than maxLifetime, disabling it.
2022-06-27 15:54:55.669 [restartedMain] INFO  com.zaxxer.hikari.HikariDataSource - HikariPool-1 - Starting...
2022-06-27 15:54:55.926 [restartedMain] INFO  com.zaxxer.hikari.HikariDataSource - HikariPool-1 - Start completed.
2022-06-27 15:54:56.753 [restartedMain] WARN  o.s.b.d.autoconfigure.OptionalLiveReloadServer - Unable to start LiveReload server
2022-06-27 15:54:57.415 [restartedMain] WARN  com.netflix.config.sources.URLConfigurationSource - No URLs will be polled as dynamic configuration sources.
2022-06-27 15:54:57.415 [restartedMain] INFO  com.netflix.config.sources.URLConfigurationSource - To enable URLs as dynamic configuration sources, define System property archaius.configurationSource.additionalUrls or make config.properties available on classpath.
2022-06-27 15:54:57.420 [restartedMain] WARN  com.netflix.config.sources.URLConfigurationSource - No URLs will be polled as dynamic configuration sources.
2022-06-27 15:54:57.420 [restartedMain] INFO  com.netflix.config.sources.URLConfigurationSource - To enable URLs as dynamic configuration sources, define System property archaius.configurationSource.additionalUrls or make config.properties available on classpath.
2022-06-27 15:54:57.584 [restartedMain] INFO  o.s.scheduling.concurrent.ThreadPoolTaskExecutor - Initializing ExecutorService 'applicationTaskExecutor'
2022-06-27 15:54:57.795 [restartedMain] INFO  o.s.scheduling.concurrent.ThreadPoolTaskScheduler - Initializing ExecutorService
2022-06-27 15:54:58.113 [restartedMain] INFO  s.d.s.w.PropertySourcedRequestMappingHandlerMapping - Mapped URL path [/v2/api-docs] onto method [public org.springframework.http.ResponseEntity<springfox.documentation.spring.web.json.Json> springfox.documentation.swagger2.web.Swagger2Controller.getDocumentation(java.lang.String,javax.servlet.http.HttpServletRequest)]
2022-06-27 15:54:58.880 [restartedMain] INFO  s.d.s.web.plugins.DocumentationPluginsBootstrapper - Context refreshed
2022-06-27 15:54:58.916 [restartedMain] INFO  s.d.s.web.plugins.DocumentationPluginsBootstrapper - Found 1 custom documentation plugin(s)
2022-06-27 15:54:59.030 [restartedMain] INFO  s.d.spring.web.scanners.ApiListingReferenceScanner - Scanning for api listing references
2022-06-27 15:54:59.466 [restartedMain] INFO  s.d.s.w.r.operation.CachingOperationNameGenerator - Generating unique operation named: addHospitalEquimentTypeUsingPOST_1
2022-06-27 15:54:59.649 [restartedMain] INFO  o.s.boot.web.embedded.tomcat.TomcatWebServer - Tomcat started on port(s): 10613 (http) with context path ''
2022-06-27 15:54:59.712 [restartedMain] INFO  c.a.cloud.nacos.registry.NacosServiceRegistry - nacos registry, HC-LABMANAGEMENT-ms 172.16.4.2:10613 register finished
