2022-08-08 09:53:37.997 [restartedMain] INFO  o.s.b.d.env.DevToolsPropertyDefaultsPostProcessor - Devtools property defaults active! Set 'spring.devtools.add-properties' to 'false' to disable
2022-08-08 09:53:38.254 [restartedMain] INFO  o.s.c.s.PostProcessorRegistrationDelegate$BeanPostProcessorChecker - Bean 'org.springframework.cloud.autoconfigure.ConfigurationPropertiesRebinderAutoConfiguration' of type [org.springframework.cloud.autoconfigure.ConfigurationPropertiesRebinderAutoConfiguration$$EnhancerBySpringCGLIB$$77a7c132] is not eligible for getting processed by all BeanPostProcessors (for example: not eligible for auto-proxying)
2022-08-08 09:53:38.532 [restartedMain] INFO  c.a.cloud.nacos.client.NacosPropertySourceBuilder - Loading nacos data, dataId: 'hc-labmon-ms.yaml', group: 'DEFAULT_GROUP'
2022-08-08 09:53:38.541 [restartedMain] INFO  o.s.c.b.c.PropertySourceBootstrapConfiguration - Located property source: CompositePropertySource {name='NACOS', propertySources=[NacosPropertySource {name='hc-labmon-ms-dev.yaml'}, NacosPropertySource {name='hc-labmon-ms.yaml'}]}
2022-08-08 09:53:40.369 [restartedMain] WARN  org.mybatis.spring.mapper.ClassPathMapperScanner - Skipping MapperFactoryBean with name 'instrumentParamConfigDao' and 'com.hc.infrastructure.dao.InstrumentParamConfigDao' mapperInterface. Bean already defined with the same name!
2022-08-08 09:53:40.369 [restartedMain] WARN  org.mybatis.spring.mapper.ClassPathMapperScanner - Skipping MapperFactoryBean with name 'userRightDao' and 'com.hc.infrastructure.dao.UserRightDao' mapperInterface. Bean already defined with the same name!
2022-08-08 09:53:40.370 [restartedMain] WARN  org.mybatis.spring.mapper.ClassPathMapperScanner - Skipping MapperFactoryBean with name 'monitorequipmentlastdataMapper' and 'com.hc.clickhouse.mapper.MonitorequipmentlastdataMapper' mapperInterface. Bean already defined with the same name!
2022-08-08 09:53:40.370 [restartedMain] WARN  org.mybatis.spring.mapper.ClassPathMapperScanner - Skipping MapperFactoryBean with name 'warningrecordMapper' and 'com.hc.clickhouse.mapper.WarningrecordMapper' mapperInterface. Bean already defined with the same name!
2022-08-08 09:53:40.465 [restartedMain] INFO  o.springframework.cloud.context.scope.GenericScope - BeanFactory id=ac874585-b1f3-33fe-b7ff-d15bc87aaad0
2022-08-08 09:53:40.587 [restartedMain] INFO  o.s.c.s.PostProcessorRegistrationDelegate$BeanPostProcessorChecker - Bean 'org.springframework.transaction.annotation.ProxyTransactionManagementConfiguration' of type [org.springframework.transaction.annotation.ProxyTransactionManagementConfiguration$$EnhancerBySpringCGLIB$$5b8dbe35] is not eligible for getting processed by all BeanPostProcessors (for example: not eligible for auto-proxying)
2022-08-08 09:53:40.622 [restartedMain] INFO  o.s.c.s.PostProcessorRegistrationDelegate$BeanPostProcessorChecker - Bean 'spring.datasource.dynamic-com.baomidou.dynamic.datasource.spring.boot.autoconfigure.DynamicDataSourceProperties' of type [com.baomidou.dynamic.datasource.spring.boot.autoconfigure.DynamicDataSourceProperties] is not eligible for getting processed by all BeanPostProcessors (for example: not eligible for auto-proxying)
2022-08-08 09:53:40.624 [restartedMain] INFO  o.s.c.s.PostProcessorRegistrationDelegate$BeanPostProcessorChecker - Bean 'com.baomidou.dynamic.datasource.spring.boot.autoconfigure.DynamicDataSourceAutoConfiguration' of type [com.baomidou.dynamic.datasource.spring.boot.autoconfigure.DynamicDataSourceAutoConfiguration$$EnhancerBySpringCGLIB$$c51c2f06] is not eligible for getting processed by all BeanPostProcessors (for example: not eligible for auto-proxying)
2022-08-08 09:53:40.637 [restartedMain] INFO  o.s.c.s.PostProcessorRegistrationDelegate$BeanPostProcessorChecker - Bean 'dynamicDataSourceSpelParser' of type [com.baomidou.dynamic.datasource.spel.DynamicDataSourceSpelParser] is not eligible for getting processed by all BeanPostProcessors (for example: not eligible for auto-proxying)
2022-08-08 09:53:40.639 [restartedMain] INFO  o.s.c.s.PostProcessorRegistrationDelegate$BeanPostProcessorChecker - Bean 'dynamicDataSourceSpelResolver' of type [com.baomidou.dynamic.datasource.spel.DefaultDynamicDataSourceSpelResolver] is not eligible for getting processed by all BeanPostProcessors (for example: not eligible for auto-proxying)
2022-08-08 09:53:40.647 [restartedMain] INFO  o.s.c.s.PostProcessorRegistrationDelegate$BeanPostProcessorChecker - Bean 'dynamicDatasourceAnnotationAdvisor' of type [com.baomidou.dynamic.datasource.aop.DynamicDataSourceAnnotationAdvisor] is not eligible for getting processed by all BeanPostProcessors (for example: not eligible for auto-proxying)
2022-08-08 09:53:40.648 [restartedMain] INFO  o.s.c.s.PostProcessorRegistrationDelegate$BeanPostProcessorChecker - Bean 'org.springframework.cloud.autoconfigure.ConfigurationPropertiesRebinderAutoConfiguration' of type [org.springframework.cloud.autoconfigure.ConfigurationPropertiesRebinderAutoConfiguration$$EnhancerBySpringCGLIB$$77a7c132] is not eligible for getting processed by all BeanPostProcessors (for example: not eligible for auto-proxying)
2022-08-08 09:53:41.872 [restartedMain] INFO  o.s.boot.web.embedded.tomcat.TomcatWebServer - Tomcat initialized with port(s): 10620 (http)
2022-08-08 09:53:41.894 [restartedMain] INFO  org.apache.catalina.core.StandardService - Starting service [Tomcat]
2022-08-08 09:53:41.894 [restartedMain] INFO  org.apache.catalina.core.StandardEngine - Starting Servlet engine: [Apache Tomcat/9.0.22]
2022-08-08 09:53:42.004 [restartedMain] INFO  o.a.c.core.ContainerBase.[Tomcat].[localhost].[/] - Initializing Spring embedded WebApplicationContext
2022-08-08 09:53:42.004 [restartedMain] INFO  org.springframework.web.context.ContextLoader - Root WebApplicationContext: initialization completed in 3437 ms
2022-08-08 09:53:42.110 [restartedMain] WARN  ru.yandex.clickhouse.ClickHouseDriver - ******************************************************************************************
2022-08-08 09:53:42.110 [restartedMain] WARN  ru.yandex.clickhouse.ClickHouseDriver - * This driver is DEPRECATED. Please use [com.clickhouse.jdbc.ClickHouseDriver] instead.  *
2022-08-08 09:53:42.110 [restartedMain] WARN  ru.yandex.clickhouse.ClickHouseDriver - * Also everything in package [ru.yandex.clickhouse] will be removed starting from 0.4.0. *
2022-08-08 09:53:42.110 [restartedMain] WARN  ru.yandex.clickhouse.ClickHouseDriver - ******************************************************************************************
2022-08-08 09:53:42.111 [restartedMain] INFO  c.b.dynamic.datasource.DynamicRoutingDataSource - 初始共加载 2 个数据源
2022-08-08 09:53:42.111 [restartedMain] INFO  c.b.dynamic.datasource.DynamicRoutingDataSource - 添加数据源 slave 成功
2022-08-08 09:53:42.111 [restartedMain] INFO  c.b.dynamic.datasource.DynamicRoutingDataSource - 添加数据源 master 成功
2022-08-08 09:53:42.111 [restartedMain] INFO  c.b.dynamic.datasource.DynamicRoutingDataSource - 当前的默认数据源是单数据源，数据源名为master
2022-08-08 09:53:42.369 [restartedMain] ERROR com.baomidou.mybatisplus.core.MybatisConfiguration - mapper[com.hc.infrastructure.dao.EquipmentInfoDao.getEquipmentInfoByCodeAndTypeId] is ignored, because it exists, maybe from xml file
2022-08-08 09:53:42.790 [restartedMain] INFO  o.s.b.d.autoconfigure.OptionalLiveReloadServer - LiveReload server is running on port 35729
2022-08-08 09:53:43.389 [restartedMain] WARN  com.netflix.config.sources.URLConfigurationSource - No URLs will be polled as dynamic configuration sources.
2022-08-08 09:53:43.389 [restartedMain] INFO  com.netflix.config.sources.URLConfigurationSource - To enable URLs as dynamic configuration sources, define System property archaius.configurationSource.additionalUrls or make config.properties available on classpath.
2022-08-08 09:53:43.394 [restartedMain] WARN  com.netflix.config.sources.URLConfigurationSource - No URLs will be polled as dynamic configuration sources.
2022-08-08 09:53:43.394 [restartedMain] INFO  com.netflix.config.sources.URLConfigurationSource - To enable URLs as dynamic configuration sources, define System property archaius.configurationSource.additionalUrls or make config.properties available on classpath.
2022-08-08 09:53:43.516 [restartedMain] INFO  o.s.scheduling.concurrent.ThreadPoolTaskExecutor - Initializing ExecutorService 'applicationTaskExecutor'
2022-08-08 09:53:43.680 [restartedMain] INFO  o.s.scheduling.concurrent.ThreadPoolTaskScheduler - Initializing ExecutorService
2022-08-08 09:53:43.705 [restartedMain] INFO  s.d.s.w.PropertySourcedRequestMappingHandlerMapping - Mapped URL path [/v2/api-docs] onto method [public org.springframework.http.ResponseEntity<springfox.documentation.spring.web.json.Json> springfox.documentation.swagger2.web.Swagger2Controller.getDocumentation(java.lang.String,javax.servlet.http.HttpServletRequest)]
2022-08-08 09:53:44.089 [restartedMain] INFO  s.d.s.web.plugins.DocumentationPluginsBootstrapper - Context refreshed
2022-08-08 09:53:44.108 [restartedMain] INFO  s.d.s.web.plugins.DocumentationPluginsBootstrapper - Found 1 custom documentation plugin(s)
2022-08-08 09:53:44.136 [restartedMain] INFO  s.d.spring.web.scanners.ApiListingReferenceScanner - Scanning for api listing references
2022-08-08 09:53:44.353 [restartedMain] INFO  o.s.boot.web.embedded.tomcat.TomcatWebServer - Tomcat started on port(s): 10620 (http) with context path ''
2022-08-08 09:53:44.382 [restartedMain] INFO  c.a.cloud.nacos.registry.NacosServiceRegistry - nacos registry, HC-LABMON-ms 172.16.4.2:10620 register finished
2022-08-08 09:54:03.447 [http-nio-10620-exec-1] INFO  o.a.c.core.ContainerBase.[Tomcat].[localhost].[/] - Initializing Spring DispatcherServlet 'dispatcherServlet'
2022-08-08 09:54:03.448 [http-nio-10620-exec-1] INFO  org.springframework.web.servlet.DispatcherServlet - Initializing Servlet 'dispatcherServlet'
2022-08-08 09:54:03.455 [http-nio-10620-exec-1] INFO  org.springframework.web.servlet.DispatcherServlet - Completed initialization in 7 ms
2022-08-08 09:54:03.564 [http-nio-10620-exec-1] INFO  com.zaxxer.hikari.HikariDataSource - HikariPool-1 - Starting...
2022-08-08 09:54:03.565 [http-nio-10620-exec-1] WARN  com.zaxxer.hikari.util.DriverDataSource - Registered driver with driverClassName=com.mysql.jdbc.Driver was not found, trying direct instantiation.
2022-08-08 09:54:03.672 [http-nio-10620-exec-1] INFO  com.zaxxer.hikari.HikariDataSource - HikariPool-1 - Start completed.
2022-08-08 09:54:03.750 [http-nio-10620-exec-1] ERROR o.a.c.c.C.[.[localhost].[/].[dispatcherServlet] - Servlet.service() for servlet [dispatcherServlet] in context with path [] threw exception [Request processing failed; nested exception is org.springframework.jdbc.BadSqlGrammarException:
### Error querying database.  Cause: java.sql.SQLSyntaxErrorException: Unknown column 't2.equipmentname' in 'where clause'
### The error may exist in com/hc/infrastructure/dao/EquipmentInfoDao.java (best guess)
### The error may involve com.hc.infrastructure.dao.EquipmentInfoDao.getEquipmentInfoByPage-Inline
### The error occurred while setting parameters
### SQL: SELECT COUNT(*) FROM monitorequipment t1 LEFT JOIN monitorinstrument t2 ON t1.equipmentno = t2.equipmentno WHERE t1.hospitalcode = ? AND t1.equipmenttypeid = ? AND t1.equipmentname LIKE concat('%', ?, '%') OR t2.equipmentname LIKE concat('%', ?, '%')
### Cause: java.sql.SQLSyntaxErrorException: Unknown column 't2.equipmentname' in 'where clause'
; bad SQL grammar []; nested exception is java.sql.SQLSyntaxErrorException: Unknown column 't2.equipmentname' in 'where clause'] with root cause
java.sql.SQLSyntaxErrorException: Unknown column 't2.equipmentname' in 'where clause'
	at com.mysql.cj.jdbc.exceptions.SQLError.createSQLException(SQLError.java:120)
	at com.mysql.cj.jdbc.exceptions.SQLError.createSQLException(SQLError.java:97)
	at com.mysql.cj.jdbc.exceptions.SQLExceptionsMapping.translateException(SQLExceptionsMapping.java:122)
	at com.mysql.cj.jdbc.ClientPreparedStatement.executeInternal(ClientPreparedStatement.java:953)
	at com.mysql.cj.jdbc.ClientPreparedStatement.execute(ClientPreparedStatement.java:370)
	at com.zaxxer.hikari.pool.ProxyPreparedStatement.execute(ProxyPreparedStatement.java:44)
	at com.zaxxer.hikari.pool.HikariProxyPreparedStatement.execute(HikariProxyPreparedStatement.java)
	at sun.reflect.NativeMethodAccessorImpl.invoke0(Native Method)
	at sun.reflect.NativeMethodAccessorImpl.invoke(NativeMethodAccessorImpl.java:62)
	at sun.reflect.DelegatingMethodAccessorImpl.invoke(DelegatingMethodAccessorImpl.java:43)
	at java.lang.reflect.Method.invoke(Method.java:498)
	at org.apache.ibatis.logging.jdbc.PreparedStatementLogger.invoke(PreparedStatementLogger.java:59)
	at com.sun.proxy.$Proxy151.execute(Unknown Source)
	at org.apache.ibatis.executor.statement.PreparedStatementHandler.query(PreparedStatementHandler.java:64)
	at org.apache.ibatis.executor.statement.RoutingStatementHandler.query(RoutingStatementHandler.java:79)
	at sun.reflect.NativeMethodAccessorImpl.invoke0(Native Method)
	at sun.reflect.NativeMethodAccessorImpl.invoke(NativeMethodAccessorImpl.java:62)
	at sun.reflect.DelegatingMethodAccessorImpl.invoke(DelegatingMethodAccessorImpl.java:43)
	at java.lang.reflect.Method.invoke(Method.java:498)
	at org.apache.ibatis.plugin.Plugin.invoke(Plugin.java:63)
	at com.sun.proxy.$Proxy149.query(Unknown Source)
	at com.baomidou.mybatisplus.core.executor.MybatisSimpleExecutor.doQuery(MybatisSimpleExecutor.java:69)
	at org.apache.ibatis.executor.BaseExecutor.queryFromDatabase(BaseExecutor.java:325)
	at org.apache.ibatis.executor.BaseExecutor.query(BaseExecutor.java:156)
	at com.baomidou.mybatisplus.extension.plugins.inner.PaginationInnerInterceptor.willDoQuery(PaginationInnerInterceptor.java:141)
	at com.baomidou.mybatisplus.extension.plugins.MybatisPlusInterceptor.intercept(MybatisPlusInterceptor.java:75)
	at org.apache.ibatis.plugin.Plugin.invoke(Plugin.java:61)
	at com.sun.proxy.$Proxy148.query(Unknown Source)
	at org.apache.ibatis.session.defaults.DefaultSqlSession.selectList(DefaultSqlSession.java:147)
	at org.apache.ibatis.session.defaults.DefaultSqlSession.selectList(DefaultSqlSession.java:140)
	at sun.reflect.NativeMethodAccessorImpl.invoke0(Native Method)
	at sun.reflect.NativeMethodAccessorImpl.invoke(NativeMethodAccessorImpl.java:62)
	at sun.reflect.DelegatingMethodAccessorImpl.invoke(DelegatingMethodAccessorImpl.java:43)
	at java.lang.reflect.Method.invoke(Method.java:498)
	at org.mybatis.spring.SqlSessionTemplate$SqlSessionInterceptor.invoke(SqlSessionTemplate.java:426)
	at com.sun.proxy.$Proxy107.selectList(Unknown Source)
	at org.mybatis.spring.SqlSessionTemplate.selectList(SqlSessionTemplate.java:223)
	at com.baomidou.mybatisplus.core.override.MybatisMapperMethod.executeForMany(MybatisMapperMethod.java:173)
	at com.baomidou.mybatisplus.core.override.MybatisMapperMethod.execute(MybatisMapperMethod.java:78)
	at com.baomidou.mybatisplus.core.override.MybatisMapperProxy$PlainMethodInvoker.invoke(MybatisMapperProxy.java:148)
	at com.baomidou.mybatisplus.core.override.MybatisMapperProxy.invoke(MybatisMapperProxy.java:89)
	at com.sun.proxy.$Proxy108.getEquipmentInfoByPage(Unknown Source)
	at com.hc.repository.impl.EquipmentInfoRepositoryImpl.getEquipmentInfoByPage(EquipmentInfoRepositoryImpl.java:92)
	at com.hc.repository.impl.EquipmentInfoRepositoryImpl$$FastClassBySpringCGLIB$$c38ea9d6.invoke(<generated>)
	at org.springframework.cglib.proxy.MethodProxy.invoke(MethodProxy.java:218)
	at org.springframework.aop.framework.CglibAopProxy$CglibMethodInvocation.invokeJoinpoint(CglibAopProxy.java:749)
	at org.springframework.aop.framework.ReflectiveMethodInvocation.proceed(ReflectiveMethodInvocation.java:163)
	at org.springframework.dao.support.PersistenceExceptionTranslationInterceptor.invoke(PersistenceExceptionTranslationInterceptor.java:139)
	at org.springframework.aop.framework.ReflectiveMethodInvocation.proceed(ReflectiveMethodInvocation.java:186)
	at org.springframework.aop.framework.CglibAopProxy$DynamicAdvisedInterceptor.intercept(CglibAopProxy.java:688)
	at com.hc.repository.impl.EquipmentInfoRepositoryImpl$$EnhancerBySpringCGLIB$$6ecd9065.getEquipmentInfoByPage(<generated>)
	at com.hc.service.impl.EquipmentInfoServiceImpl.getEquipmentInfoByPage(EquipmentInfoServiceImpl.java:96)
	at com.hc.application.EquipmentInfoAppApplication.getTheCurrentValueOfTheProbe(EquipmentInfoAppApplication.java:108)
	at com.hc.controller.AppController.getTheCurrentValueOfTheProbe(AppController.java:32)
	at sun.reflect.NativeMethodAccessorImpl.invoke0(Native Method)
	at sun.reflect.NativeMethodAccessorImpl.invoke(NativeMethodAccessorImpl.java:62)
	at sun.reflect.DelegatingMethodAccessorImpl.invoke(DelegatingMethodAccessorImpl.java:43)
	at java.lang.reflect.Method.invoke(Method.java:498)
	at org.springframework.web.method.support.InvocableHandlerMethod.doInvoke(InvocableHandlerMethod.java:190)
	at org.springframework.web.method.support.InvocableHandlerMethod.invokeForRequest(InvocableHandlerMethod.java:138)
	at org.springframework.web.servlet.mvc.method.annotation.ServletInvocableHandlerMethod.invokeAndHandle(ServletInvocableHandlerMethod.java:104)
	at org.springframework.web.servlet.mvc.method.annotation.RequestMappingHandlerAdapter.invokeHandlerMethod(RequestMappingHandlerAdapter.java:892)
	at org.springframework.web.servlet.mvc.method.annotation.RequestMappingHandlerAdapter.handleInternal(RequestMappingHandlerAdapter.java:797)
	at org.springframework.web.servlet.mvc.method.AbstractHandlerMethodAdapter.handle(AbstractHandlerMethodAdapter.java:87)
	at org.springframework.web.servlet.DispatcherServlet.doDispatch(DispatcherServlet.java:1039)
	at org.springframework.web.servlet.DispatcherServlet.doService(DispatcherServlet.java:942)
	at org.springframework.web.servlet.FrameworkServlet.processRequest(FrameworkServlet.java:1005)
	at org.springframework.web.servlet.FrameworkServlet.doPost(FrameworkServlet.java:908)
	at javax.servlet.http.HttpServlet.service(HttpServlet.java:665)
	at org.springframework.web.servlet.FrameworkServlet.service(FrameworkServlet.java:882)
	at javax.servlet.http.HttpServlet.service(HttpServlet.java:750)
	at org.apache.catalina.core.ApplicationFilterChain.internalDoFilter(ApplicationFilterChain.java:231)
	at org.apache.catalina.core.ApplicationFilterChain.doFilter(ApplicationFilterChain.java:166)
	at org.apache.tomcat.websocket.server.WsFilter.doFilter(WsFilter.java:53)
	at org.apache.catalina.core.ApplicationFilterChain.internalDoFilter(ApplicationFilterChain.java:193)
	at org.apache.catalina.core.ApplicationFilterChain.doFilter(ApplicationFilterChain.java:166)
	at org.springframework.web.filter.RequestContextFilter.doFilterInternal(RequestContextFilter.java:99)
	at org.springframework.web.filter.OncePerRequestFilter.doFilter(OncePerRequestFilter.java:118)
	at org.apache.catalina.core.ApplicationFilterChain.internalDoFilter(ApplicationFilterChain.java:193)
	at org.apache.catalina.core.ApplicationFilterChain.doFilter(ApplicationFilterChain.java:166)
	at org.springframework.web.filter.FormContentFilter.doFilterInternal(FormContentFilter.java:92)
	at org.springframework.web.filter.OncePerRequestFilter.doFilter(OncePerRequestFilter.java:118)
	at org.apache.catalina.core.ApplicationFilterChain.internalDoFilter(ApplicationFilterChain.java:193)
	at org.apache.catalina.core.ApplicationFilterChain.doFilter(ApplicationFilterChain.java:166)
	at org.springframework.web.filter.HiddenHttpMethodFilter.doFilterInternal(HiddenHttpMethodFilter.java:93)
	at org.springframework.web.filter.OncePerRequestFilter.doFilter(OncePerRequestFilter.java:118)
	at org.apache.catalina.core.ApplicationFilterChain.internalDoFilter(ApplicationFilterChain.java:193)
	at org.apache.catalina.core.ApplicationFilterChain.doFilter(ApplicationFilterChain.java:166)
	at org.springframework.web.filter.CharacterEncodingFilter.doFilterInternal(CharacterEncodingFilter.java:200)
	at org.springframework.web.filter.OncePerRequestFilter.doFilter(OncePerRequestFilter.java:118)
	at org.apache.catalina.core.ApplicationFilterChain.internalDoFilter(ApplicationFilterChain.java:193)
	at org.apache.catalina.core.ApplicationFilterChain.doFilter(ApplicationFilterChain.java:166)
	at org.apache.catalina.core.StandardWrapperValve.invoke(StandardWrapperValve.java:202)
	at org.apache.catalina.core.StandardContextValve.invoke(StandardContextValve.java:96)
	at org.apache.catalina.authenticator.AuthenticatorBase.invoke(AuthenticatorBase.java:490)
	at org.apache.catalina.core.StandardHostValve.invoke(StandardHostValve.java:139)
	at org.apache.catalina.valves.ErrorReportValve.invoke(ErrorReportValve.java:92)
	at org.apache.catalina.core.StandardEngineValve.invoke(StandardEngineValve.java:74)
	at org.apache.catalina.connector.CoyoteAdapter.service(CoyoteAdapter.java:343)
	at org.apache.coyote.http11.Http11Processor.service(Http11Processor.java:408)
	at org.apache.coyote.AbstractProcessorLight.process(AbstractProcessorLight.java:66)
	at org.apache.coyote.AbstractProtocol$ConnectionHandler.process(AbstractProtocol.java:853)
	at org.apache.tomcat.util.net.NioEndpoint$SocketProcessor.doRun(NioEndpoint.java:1587)
	at org.apache.tomcat.util.net.SocketProcessorBase.run(SocketProcessorBase.java:49)
	at java.util.concurrent.ThreadPoolExecutor.runWorker(ThreadPoolExecutor.java:1142)
	at java.util.concurrent.ThreadPoolExecutor$Worker.run(ThreadPoolExecutor.java:617)
	at org.apache.tomcat.util.threads.TaskThread$WrappingRunnable.run(TaskThread.java:61)
	at java.lang.Thread.run(Thread.java:748)
2022-08-08 09:54:17.992 [Thread-38] INFO  c.a.cloud.nacos.registry.NacosServiceRegistry - De-registering from Nacos Server now...
2022-08-08 09:54:18.656 [Thread-38] INFO  c.a.cloud.nacos.registry.NacosServiceRegistry - De-registration finished.
2022-08-08 09:54:18.657 [Thread-38] INFO  o.s.scheduling.concurrent.ThreadPoolTaskExecutor - Shutting down ExecutorService 'applicationTaskExecutor'
2022-08-08 09:54:24.221 [restartedMain] INFO  o.s.b.d.env.DevToolsPropertyDefaultsPostProcessor - Devtools property defaults active! Set 'spring.devtools.add-properties' to 'false' to disable
2022-08-08 09:54:24.439 [restartedMain] INFO  o.s.c.s.PostProcessorRegistrationDelegate$BeanPostProcessorChecker - Bean 'org.springframework.cloud.autoconfigure.ConfigurationPropertiesRebinderAutoConfiguration' of type [org.springframework.cloud.autoconfigure.ConfigurationPropertiesRebinderAutoConfiguration$$EnhancerBySpringCGLIB$$3cdcb07] is not eligible for getting processed by all BeanPostProcessors (for example: not eligible for auto-proxying)
2022-08-08 09:54:24.838 [restartedMain] INFO  c.a.cloud.nacos.client.NacosPropertySourceBuilder - Loading nacos data, dataId: 'hc-labmon-ms.yaml', group: 'DEFAULT_GROUP'
2022-08-08 09:54:24.846 [restartedMain] INFO  o.s.c.b.c.PropertySourceBootstrapConfiguration - Located property source: CompositePropertySource {name='NACOS', propertySources=[NacosPropertySource {name='hc-labmon-ms-dev.yaml'}, NacosPropertySource {name='hc-labmon-ms.yaml'}]}
2022-08-08 09:54:26.267 [restartedMain] WARN  org.mybatis.spring.mapper.ClassPathMapperScanner - Skipping MapperFactoryBean with name 'instrumentParamConfigDao' and 'com.hc.infrastructure.dao.InstrumentParamConfigDao' mapperInterface. Bean already defined with the same name!
2022-08-08 09:54:26.267 [restartedMain] WARN  org.mybatis.spring.mapper.ClassPathMapperScanner - Skipping MapperFactoryBean with name 'userRightDao' and 'com.hc.infrastructure.dao.UserRightDao' mapperInterface. Bean already defined with the same name!
2022-08-08 09:54:26.267 [restartedMain] WARN  org.mybatis.spring.mapper.ClassPathMapperScanner - Skipping MapperFactoryBean with name 'monitorequipmentlastdataMapper' and 'com.hc.clickhouse.mapper.MonitorequipmentlastdataMapper' mapperInterface. Bean already defined with the same name!
2022-08-08 09:54:26.268 [restartedMain] WARN  org.mybatis.spring.mapper.ClassPathMapperScanner - Skipping MapperFactoryBean with name 'warningrecordMapper' and 'com.hc.clickhouse.mapper.WarningrecordMapper' mapperInterface. Bean already defined with the same name!
2022-08-08 09:54:26.339 [restartedMain] INFO  o.springframework.cloud.context.scope.GenericScope - BeanFactory id=ac874585-b1f3-33fe-b7ff-d15bc87aaad0
2022-08-08 09:54:26.421 [restartedMain] INFO  o.s.c.s.PostProcessorRegistrationDelegate$BeanPostProcessorChecker - Bean 'org.springframework.transaction.annotation.ProxyTransactionManagementConfiguration' of type [org.springframework.transaction.annotation.ProxyTransactionManagementConfiguration$$EnhancerBySpringCGLIB$$e7b3c80a] is not eligible for getting processed by all BeanPostProcessors (for example: not eligible for auto-proxying)
2022-08-08 09:54:26.444 [restartedMain] INFO  o.s.c.s.PostProcessorRegistrationDelegate$BeanPostProcessorChecker - Bean 'spring.datasource.dynamic-com.baomidou.dynamic.datasource.spring.boot.autoconfigure.DynamicDataSourceProperties' of type [com.baomidou.dynamic.datasource.spring.boot.autoconfigure.DynamicDataSourceProperties] is not eligible for getting processed by all BeanPostProcessors (for example: not eligible for auto-proxying)
2022-08-08 09:54:26.445 [restartedMain] INFO  o.s.c.s.PostProcessorRegistrationDelegate$BeanPostProcessorChecker - Bean 'com.baomidou.dynamic.datasource.spring.boot.autoconfigure.DynamicDataSourceAutoConfiguration' of type [com.baomidou.dynamic.datasource.spring.boot.autoconfigure.DynamicDataSourceAutoConfiguration$$EnhancerBySpringCGLIB$$514238db] is not eligible for getting processed by all BeanPostProcessors (for example: not eligible for auto-proxying)
2022-08-08 09:54:26.455 [restartedMain] INFO  o.s.c.s.PostProcessorRegistrationDelegate$BeanPostProcessorChecker - Bean 'dynamicDataSourceSpelParser' of type [com.baomidou.dynamic.datasource.spel.DynamicDataSourceSpelParser] is not eligible for getting processed by all BeanPostProcessors (for example: not eligible for auto-proxying)
2022-08-08 09:54:26.456 [restartedMain] INFO  o.s.c.s.PostProcessorRegistrationDelegate$BeanPostProcessorChecker - Bean 'dynamicDataSourceSpelResolver' of type [com.baomidou.dynamic.datasource.spel.DefaultDynamicDataSourceSpelResolver] is not eligible for getting processed by all BeanPostProcessors (for example: not eligible for auto-proxying)
2022-08-08 09:54:26.461 [restartedMain] INFO  o.s.c.s.PostProcessorRegistrationDelegate$BeanPostProcessorChecker - Bean 'dynamicDatasourceAnnotationAdvisor' of type [com.baomidou.dynamic.datasource.aop.DynamicDataSourceAnnotationAdvisor] is not eligible for getting processed by all BeanPostProcessors (for example: not eligible for auto-proxying)
2022-08-08 09:54:26.462 [restartedMain] INFO  o.s.c.s.PostProcessorRegistrationDelegate$BeanPostProcessorChecker - Bean 'org.springframework.cloud.autoconfigure.ConfigurationPropertiesRebinderAutoConfiguration' of type [org.springframework.cloud.autoconfigure.ConfigurationPropertiesRebinderAutoConfiguration$$EnhancerBySpringCGLIB$$3cdcb07] is not eligible for getting processed by all BeanPostProcessors (for example: not eligible for auto-proxying)
2022-08-08 09:54:27.318 [restartedMain] INFO  o.s.boot.web.embedded.tomcat.TomcatWebServer - Tomcat initialized with port(s): 10620 (http)
2022-08-08 09:54:27.337 [restartedMain] INFO  org.apache.catalina.core.StandardService - Starting service [Tomcat]
2022-08-08 09:54:27.338 [restartedMain] INFO  org.apache.catalina.core.StandardEngine - Starting Servlet engine: [Apache Tomcat/9.0.22]
2022-08-08 09:54:27.435 [restartedMain] INFO  o.a.c.core.ContainerBase.[Tomcat].[localhost].[/] - Initializing Spring embedded WebApplicationContext
2022-08-08 09:54:27.435 [restartedMain] INFO  org.springframework.web.context.ContextLoader - Root WebApplicationContext: initialization completed in 2567 ms
2022-08-08 09:54:27.524 [restartedMain] WARN  ru.yandex.clickhouse.ClickHouseDriver - ******************************************************************************************
2022-08-08 09:54:27.524 [restartedMain] WARN  ru.yandex.clickhouse.ClickHouseDriver - * This driver is DEPRECATED. Please use [com.clickhouse.jdbc.ClickHouseDriver] instead.  *
2022-08-08 09:54:27.524 [restartedMain] WARN  ru.yandex.clickhouse.ClickHouseDriver - * Also everything in package [ru.yandex.clickhouse] will be removed starting from 0.4.0. *
2022-08-08 09:54:27.524 [restartedMain] WARN  ru.yandex.clickhouse.ClickHouseDriver - ******************************************************************************************
2022-08-08 09:54:27.526 [restartedMain] INFO  c.b.dynamic.datasource.DynamicRoutingDataSource - 初始共加载 2 个数据源
2022-08-08 09:54:27.526 [restartedMain] INFO  c.b.dynamic.datasource.DynamicRoutingDataSource - 添加数据源 slave 成功
2022-08-08 09:54:27.526 [restartedMain] INFO  c.b.dynamic.datasource.DynamicRoutingDataSource - 添加数据源 master 成功
2022-08-08 09:54:27.526 [restartedMain] INFO  c.b.dynamic.datasource.DynamicRoutingDataSource - 当前的默认数据源是单数据源，数据源名为master
2022-08-08 09:54:27.719 [restartedMain] ERROR com.baomidou.mybatisplus.core.MybatisConfiguration - mapper[com.hc.infrastructure.dao.EquipmentInfoDao.getEquipmentInfoByCodeAndTypeId] is ignored, because it exists, maybe from xml file
2022-08-08 09:54:28.126 [restartedMain] INFO  o.s.b.d.autoconfigure.OptionalLiveReloadServer - LiveReload server is running on port 35729
2022-08-08 09:54:28.649 [restartedMain] WARN  com.netflix.config.sources.URLConfigurationSource - No URLs will be polled as dynamic configuration sources.
2022-08-08 09:54:28.649 [restartedMain] INFO  com.netflix.config.sources.URLConfigurationSource - To enable URLs as dynamic configuration sources, define System property archaius.configurationSource.additionalUrls or make config.properties available on classpath.
2022-08-08 09:54:28.653 [restartedMain] WARN  com.netflix.config.sources.URLConfigurationSource - No URLs will be polled as dynamic configuration sources.
2022-08-08 09:54:28.653 [restartedMain] INFO  com.netflix.config.sources.URLConfigurationSource - To enable URLs as dynamic configuration sources, define System property archaius.configurationSource.additionalUrls or make config.properties available on classpath.
2022-08-08 09:54:28.760 [restartedMain] INFO  o.s.scheduling.concurrent.ThreadPoolTaskExecutor - Initializing ExecutorService 'applicationTaskExecutor'
2022-08-08 09:54:28.911 [restartedMain] INFO  o.s.scheduling.concurrent.ThreadPoolTaskScheduler - Initializing ExecutorService
2022-08-08 09:54:28.935 [restartedMain] INFO  s.d.s.w.PropertySourcedRequestMappingHandlerMapping - Mapped URL path [/v2/api-docs] onto method [public org.springframework.http.ResponseEntity<springfox.documentation.spring.web.json.Json> springfox.documentation.swagger2.web.Swagger2Controller.getDocumentation(java.lang.String,javax.servlet.http.HttpServletRequest)]
2022-08-08 09:54:29.256 [restartedMain] INFO  s.d.s.web.plugins.DocumentationPluginsBootstrapper - Context refreshed
2022-08-08 09:54:29.269 [restartedMain] INFO  s.d.s.web.plugins.DocumentationPluginsBootstrapper - Found 1 custom documentation plugin(s)
2022-08-08 09:54:29.296 [restartedMain] INFO  s.d.spring.web.scanners.ApiListingReferenceScanner - Scanning for api listing references
2022-08-08 09:54:29.500 [restartedMain] INFO  o.s.boot.web.embedded.tomcat.TomcatWebServer - Tomcat started on port(s): 10620 (http) with context path ''
2022-08-08 09:54:29.527 [restartedMain] INFO  c.a.cloud.nacos.registry.NacosServiceRegistry - nacos registry, HC-LABMON-ms 172.16.4.2:10620 register finished
2022-08-08 09:54:34.433 [http-nio-10620-exec-1] INFO  o.a.c.core.ContainerBase.[Tomcat].[localhost].[/] - Initializing Spring DispatcherServlet 'dispatcherServlet'
2022-08-08 09:54:34.433 [http-nio-10620-exec-1] INFO  org.springframework.web.servlet.DispatcherServlet - Initializing Servlet 'dispatcherServlet'
2022-08-08 09:54:34.440 [http-nio-10620-exec-1] INFO  org.springframework.web.servlet.DispatcherServlet - Completed initialization in 7 ms
2022-08-08 09:54:34.573 [http-nio-10620-exec-1] INFO  com.zaxxer.hikari.HikariDataSource - HikariPool-1 - Starting...
2022-08-08 09:54:34.574 [http-nio-10620-exec-1] WARN  com.zaxxer.hikari.util.DriverDataSource - Registered driver with driverClassName=com.mysql.jdbc.Driver was not found, trying direct instantiation.
2022-08-08 09:54:34.895 [http-nio-10620-exec-1] INFO  com.zaxxer.hikari.HikariDataSource - HikariPool-1 - Start completed.
2022-08-08 09:54:35.524 [http-nio-10620-exec-1] INFO  com.netflix.config.ChainedDynamicProperty - Flipping property: HC-LABREDIS-ms.ribbon.ActiveConnectionsLimit to use NEXT property: niws.loadbalancer.availabilityFilteringRule.activeConnectionsLimit = 2147483647
2022-08-08 09:54:35.538 [http-nio-10620-exec-1] INFO  com.netflix.loadbalancer.BaseLoadBalancer - Client: HC-LABREDIS-ms instantiated a LoadBalancer: DynamicServerListLoadBalancer:{NFLoadBalancer:name=HC-LABREDIS-ms,current list of Servers=[],Load balancer stats=Zone stats: {},Server stats: []}ServerList:null
2022-08-08 09:54:35.543 [http-nio-10620-exec-1] INFO  c.n.loadbalancer.DynamicServerListLoadBalancer - Using serverListUpdater PollingServerListUpdater
2022-08-08 09:54:35.571 [http-nio-10620-exec-1] INFO  com.netflix.config.ChainedDynamicProperty - Flipping property: HC-LABREDIS-ms.ribbon.ActiveConnectionsLimit to use NEXT property: niws.loadbalancer.availabilityFilteringRule.activeConnectionsLimit = 2147483647
2022-08-08 09:54:35.572 [http-nio-10620-exec-1] INFO  c.n.loadbalancer.DynamicServerListLoadBalancer - DynamicServerListLoadBalancer for client HC-LABREDIS-ms initialized: DynamicServerListLoadBalancer:{NFLoadBalancer:name=HC-LABREDIS-ms,current list of Servers=[172.16.4.2:10619],Load balancer stats=Zone stats: {unknown=[Zone:unknown;	Instance count:1;	Active connections count: 0;	Circuit breaker tripped count: 0;	Active connections per server: 0.0;]
},Server stats: [[Server:172.16.4.2:10619;	Zone:UNKNOWN;	Total Requests:0;	Successive connection failure:0;	Total blackout seconds:0;	Last connection made:Thu Jan 01 08:00:00 CST 1970;	First connection made: Thu Jan 01 08:00:00 CST 1970;	Active Connections:0;	total failure count in last (1000) msecs:0;	average resp time:0.0;	90 percentile resp time:0.0;	95 percentile resp time:0.0;	min resp time:0.0;	max resp time:0.0;	stddev resp time:0.0]
]}ServerList:com.alibaba.cloud.nacos.ribbon.NacosServerList@114a5c10
2022-08-08 09:54:36.548 [PollingServerListUpdater-0] INFO  com.netflix.config.ChainedDynamicProperty - Flipping property: HC-LABREDIS-ms.ribbon.ActiveConnectionsLimit to use NEXT property: niws.loadbalancer.availabilityFilteringRule.activeConnectionsLimit = 2147483647
