2022-06-15 09:22:55.256 [restartedMain] INFO  o.s.b.d.env.DevToolsPropertyDefaultsPostProcessor - Devtools property defaults active! Set 'spring.devtools.add-properties' to 'false' to disable
2022-06-15 09:22:55.765 [restartedMain] INFO  o.s.c.s.PostProcessorRegistrationDelegate$BeanPostProcessorChecker - Bean 'org.springframework.cloud.autoconfigure.ConfigurationPropertiesRebinderAutoConfiguration' of type [org.springframework.cloud.autoconfigure.ConfigurationPropertiesRebinderAutoConfiguration$$EnhancerBySpringCGLIB$$2fc652c6] is not eligible for getting processed by all BeanPostProcessors (for example: not eligible for auto-proxying)
2022-06-15 09:22:56.173 [restartedMain] INFO  c.a.cloud.nacos.client.NacosPropertySourceBuilder - Loading nacos data, dataId: 'hc-labmon-ms.yaml', group: 'DEFAULT_GROUP'
2022-06-15 09:22:56.184 [restartedMain] INFO  o.s.c.b.c.PropertySourceBootstrapConfiguration - Located property source: CompositePropertySource {name='NACOS', propertySources=[NacosPropertySource {name='hc-labmon-ms-dev.yaml'}, NacosPropertySource {name='hc-labmon-ms.yaml'}]}
2022-06-15 09:22:57.886 [restartedMain] WARN  org.mybatis.spring.mapper.ClassPathMapperScanner - No MyBatis mapper was found in '[com.hc]' package. Please check your configuration.
2022-06-15 09:22:58.385 [restartedMain] INFO  o.springframework.cloud.context.scope.GenericScope - BeanFactory id=50c4fdf0-07dc-30d7-a7e6-07f89a26b1b3
2022-06-15 09:22:58.534 [restartedMain] INFO  o.s.c.s.PostProcessorRegistrationDelegate$BeanPostProcessorChecker - Bean 'org.springframework.transaction.annotation.ProxyTransactionManagementConfiguration' of type [org.springframework.transaction.annotation.ProxyTransactionManagementConfiguration$$EnhancerBySpringCGLIB$$13ac4fc9] is not eligible for getting processed by all BeanPostProcessors (for example: not eligible for auto-proxying)
2022-06-15 09:22:58.577 [restartedMain] INFO  o.s.c.s.PostProcessorRegistrationDelegate$BeanPostProcessorChecker - Bean 'spring.datasource.dynamic-com.baomidou.dynamic.datasource.spring.boot.autoconfigure.DynamicDataSourceProperties' of type [com.baomidou.dynamic.datasource.spring.boot.autoconfigure.DynamicDataSourceProperties] is not eligible for getting processed by all BeanPostProcessors (for example: not eligible for auto-proxying)
2022-06-15 09:22:58.579 [restartedMain] INFO  o.s.c.s.PostProcessorRegistrationDelegate$BeanPostProcessorChecker - Bean 'com.baomidou.dynamic.datasource.spring.boot.autoconfigure.DynamicDataSourceAutoConfiguration' of type [com.baomidou.dynamic.datasource.spring.boot.autoconfigure.DynamicDataSourceAutoConfiguration$$EnhancerBySpringCGLIB$$7d3ac09a] is not eligible for getting processed by all BeanPostProcessors (for example: not eligible for auto-proxying)
2022-06-15 09:22:58.593 [restartedMain] INFO  o.s.c.s.PostProcessorRegistrationDelegate$BeanPostProcessorChecker - Bean 'dynamicDataSourceSpelParser' of type [com.baomidou.dynamic.datasource.spel.DynamicDataSourceSpelParser] is not eligible for getting processed by all BeanPostProcessors (for example: not eligible for auto-proxying)
2022-06-15 09:22:58.595 [restartedMain] INFO  o.s.c.s.PostProcessorRegistrationDelegate$BeanPostProcessorChecker - Bean 'dynamicDataSourceSpelResolver' of type [com.baomidou.dynamic.datasource.spel.DefaultDynamicDataSourceSpelResolver] is not eligible for getting processed by all BeanPostProcessors (for example: not eligible for auto-proxying)
2022-06-15 09:22:58.599 [restartedMain] INFO  o.s.c.s.PostProcessorRegistrationDelegate$BeanPostProcessorChecker - Bean 'dynamicDatasourceAnnotationAdvisor' of type [com.baomidou.dynamic.datasource.aop.DynamicDataSourceAnnotationAdvisor] is not eligible for getting processed by all BeanPostProcessors (for example: not eligible for auto-proxying)
2022-06-15 09:22:58.600 [restartedMain] INFO  o.s.c.s.PostProcessorRegistrationDelegate$BeanPostProcessorChecker - Bean 'org.springframework.cloud.autoconfigure.ConfigurationPropertiesRebinderAutoConfiguration' of type [org.springframework.cloud.autoconfigure.ConfigurationPropertiesRebinderAutoConfiguration$$EnhancerBySpringCGLIB$$2fc652c6] is not eligible for getting processed by all BeanPostProcessors (for example: not eligible for auto-proxying)
2022-06-15 09:22:59.074 [restartedMain] INFO  o.s.boot.web.embedded.tomcat.TomcatWebServer - Tomcat initialized with port(s): 10620 (http)
2022-06-15 09:22:59.096 [restartedMain] INFO  org.apache.catalina.core.StandardService - Starting service [Tomcat]
2022-06-15 09:22:59.096 [restartedMain] INFO  org.apache.catalina.core.StandardEngine - Starting Servlet engine: [Apache Tomcat/9.0.22]
2022-06-15 09:22:59.227 [restartedMain] INFO  o.a.c.core.ContainerBase.[Tomcat].[localhost].[/] - Initializing Spring embedded WebApplicationContext
2022-06-15 09:22:59.227 [restartedMain] INFO  org.springframework.web.context.ContextLoader - Root WebApplicationContext: initialization completed in 3006 ms
2022-06-15 09:22:59.383 [restartedMain] WARN  ru.yandex.clickhouse.ClickHouseDriver - ******************************************************************************************
2022-06-15 09:22:59.383 [restartedMain] WARN  ru.yandex.clickhouse.ClickHouseDriver - * This driver is DEPRECATED. Please use [com.clickhouse.jdbc.ClickHouseDriver] instead.  *
2022-06-15 09:22:59.383 [restartedMain] WARN  ru.yandex.clickhouse.ClickHouseDriver - * Also everything in package [ru.yandex.clickhouse] will be removed starting from 0.4.0. *
2022-06-15 09:22:59.383 [restartedMain] WARN  ru.yandex.clickhouse.ClickHouseDriver - ******************************************************************************************
2022-06-15 09:22:59.385 [restartedMain] INFO  c.b.dynamic.datasource.DynamicRoutingDataSource - 初始共加载 2 个数据源
2022-06-15 09:22:59.385 [restartedMain] INFO  c.b.dynamic.datasource.DynamicRoutingDataSource - 添加数据源 slave 成功
2022-06-15 09:22:59.385 [restartedMain] INFO  c.b.dynamic.datasource.DynamicRoutingDataSource - 添加数据源 master 成功
2022-06-15 09:22:59.385 [restartedMain] INFO  c.b.dynamic.datasource.DynamicRoutingDataSource - 当前的默认数据源是单数据源，数据源名为master
2022-06-15 09:22:59.549 [restartedMain] INFO  com.zaxxer.hikari.HikariDataSource - HikariPool-1 - Starting...
2022-06-15 09:22:59.550 [restartedMain] WARN  com.zaxxer.hikari.util.DriverDataSource - Registered driver with driverClassName=com.mysql.jdbc.Driver was not found, trying direct instantiation.
2022-06-15 09:22:59.686 [restartedMain] INFO  com.zaxxer.hikari.HikariDataSource - HikariPool-1 - Start completed.
2022-06-15 09:22:59.799 [restartedMain] ERROR com.baomidou.mybatisplus.core.MybatisConfiguration - mapper[com.hc.infrastructure.dao.EquipmentInfoDao.getEquipmentInfoByCodeAndTypeId] is ignored, because it exists, maybe from xml file
2022-06-15 09:23:00.278 [restartedMain] WARN  o.s.b.d.autoconfigure.OptionalLiveReloadServer - Unable to start LiveReload server
2022-06-15 09:23:01.367 [restartedMain] WARN  com.netflix.config.sources.URLConfigurationSource - No URLs will be polled as dynamic configuration sources.
2022-06-15 09:23:01.367 [restartedMain] INFO  com.netflix.config.sources.URLConfigurationSource - To enable URLs as dynamic configuration sources, define System property archaius.configurationSource.additionalUrls or make config.properties available on classpath.
2022-06-15 09:23:01.375 [restartedMain] WARN  com.netflix.config.sources.URLConfigurationSource - No URLs will be polled as dynamic configuration sources.
2022-06-15 09:23:01.375 [restartedMain] INFO  com.netflix.config.sources.URLConfigurationSource - To enable URLs as dynamic configuration sources, define System property archaius.configurationSource.additionalUrls or make config.properties available on classpath.
2022-06-15 09:23:01.605 [restartedMain] INFO  o.s.scheduling.concurrent.ThreadPoolTaskExecutor - Initializing ExecutorService 'applicationTaskExecutor'
2022-06-15 09:23:01.807 [restartedMain] INFO  o.s.scheduling.concurrent.ThreadPoolTaskScheduler - Initializing ExecutorService
2022-06-15 09:23:01.839 [restartedMain] INFO  s.d.s.w.PropertySourcedRequestMappingHandlerMapping - Mapped URL path [/v2/api-docs] onto method [public org.springframework.http.ResponseEntity<springfox.documentation.spring.web.json.Json> springfox.documentation.swagger2.web.Swagger2Controller.getDocumentation(java.lang.String,javax.servlet.http.HttpServletRequest)]
2022-06-15 09:23:02.292 [restartedMain] INFO  s.d.s.web.plugins.DocumentationPluginsBootstrapper - Context refreshed
2022-06-15 09:23:02.311 [restartedMain] INFO  s.d.s.web.plugins.DocumentationPluginsBootstrapper - Found 1 custom documentation plugin(s)
2022-06-15 09:23:02.343 [restartedMain] INFO  s.d.spring.web.scanners.ApiListingReferenceScanner - Scanning for api listing references
2022-06-15 09:23:02.569 [restartedMain] INFO  o.s.boot.web.embedded.tomcat.TomcatWebServer - Tomcat started on port(s): 10620 (http) with context path ''
2022-06-15 09:23:02.601 [restartedMain] INFO  c.a.cloud.nacos.registry.NacosServiceRegistry - nacos registry, HC-LABMON-ms 172.16.4.2:10620 register finished
2022-06-15 13:02:29.900 [HikariPool-1 housekeeper] WARN  com.zaxxer.hikari.pool.HikariPool - HikariPool-1 - Thread starvation or clock leap detected (housekeeper delta=30m57s283ms179µs800ns).
2022-06-15 13:34:45.671 [HikariPool-1 housekeeper] WARN  com.zaxxer.hikari.pool.HikariPool - HikariPool-1 - Thread starvation or clock leap detected (housekeeper delta=2m15s439ms11µs).
2022-06-15 13:46:26.724 [http-nio-10620-exec-1] INFO  o.a.c.core.ContainerBase.[Tomcat].[localhost].[/] - Initializing Spring DispatcherServlet 'dispatcherServlet'
2022-06-15 13:46:26.724 [http-nio-10620-exec-1] INFO  org.springframework.web.servlet.DispatcherServlet - Initializing Servlet 'dispatcherServlet'
2022-06-15 13:46:26.756 [http-nio-10620-exec-1] INFO  org.springframework.web.servlet.DispatcherServlet - Completed initialization in 32 ms
2022-06-15 13:46:26.849 [http-nio-10620-exec-1] INFO  com.zaxxer.hikari.HikariDataSource - HikariPool-2 - Starting...
2022-06-15 13:46:27.119 [http-nio-10620-exec-1] INFO  com.zaxxer.hikari.HikariDataSource - HikariPool-2 - Start completed.
2022-06-15 13:46:27.317 [http-nio-10620-exec-1] WARN  o.s.w.s.m.m.a.ExceptionHandlerExceptionResolver - Resolved [com.hc.my.common.core.exception.IedsException: 当前时间未找到数据]
2022-06-15 14:35:14.994 [Thread-34] INFO  c.a.cloud.nacos.registry.NacosServiceRegistry - De-registering from Nacos Server now...
2022-06-15 14:35:15.011 [Thread-34] INFO  c.a.cloud.nacos.registry.NacosServiceRegistry - De-registration finished.
2022-06-15 14:35:15.013 [Thread-34] INFO  o.s.scheduling.concurrent.ThreadPoolTaskExecutor - Shutting down ExecutorService 'applicationTaskExecutor'
2022-06-15 14:35:21.560 [restartedMain] INFO  o.s.b.d.env.DevToolsPropertyDefaultsPostProcessor - Devtools property defaults active! Set 'spring.devtools.add-properties' to 'false' to disable
2022-06-15 14:35:21.792 [restartedMain] INFO  o.s.c.s.PostProcessorRegistrationDelegate$BeanPostProcessorChecker - Bean 'org.springframework.cloud.autoconfigure.ConfigurationPropertiesRebinderAutoConfiguration' of type [org.springframework.cloud.autoconfigure.ConfigurationPropertiesRebinderAutoConfiguration$$EnhancerBySpringCGLIB$$1ef9af4c] is not eligible for getting processed by all BeanPostProcessors (for example: not eligible for auto-proxying)
2022-06-15 14:35:22.196 [restartedMain] INFO  c.a.cloud.nacos.client.NacosPropertySourceBuilder - Loading nacos data, dataId: 'hc-labmon-ms.yaml', group: 'DEFAULT_GROUP'
2022-06-15 14:35:22.205 [restartedMain] INFO  o.s.c.b.c.PropertySourceBootstrapConfiguration - Located property source: CompositePropertySource {name='NACOS', propertySources=[NacosPropertySource {name='hc-labmon-ms-dev.yaml'}, NacosPropertySource {name='hc-labmon-ms.yaml'}]}
2022-06-15 14:35:23.340 [restartedMain] WARN  org.mybatis.spring.mapper.ClassPathMapperScanner - No MyBatis mapper was found in '[com.hc]' package. Please check your configuration.
2022-06-15 14:35:23.614 [restartedMain] INFO  o.springframework.cloud.context.scope.GenericScope - BeanFactory id=50c4fdf0-07dc-30d7-a7e6-07f89a26b1b3
2022-06-15 14:35:23.706 [restartedMain] INFO  o.s.c.s.PostProcessorRegistrationDelegate$BeanPostProcessorChecker - Bean 'org.springframework.transaction.annotation.ProxyTransactionManagementConfiguration' of type [org.springframework.transaction.annotation.ProxyTransactionManagementConfiguration$$EnhancerBySpringCGLIB$$2dfac4f] is not eligible for getting processed by all BeanPostProcessors (for example: not eligible for auto-proxying)
2022-06-15 14:35:23.730 [restartedMain] INFO  o.s.c.s.PostProcessorRegistrationDelegate$BeanPostProcessorChecker - Bean 'spring.datasource.dynamic-com.baomidou.dynamic.datasource.spring.boot.autoconfigure.DynamicDataSourceProperties' of type [com.baomidou.dynamic.datasource.spring.boot.autoconfigure.DynamicDataSourceProperties] is not eligible for getting processed by all BeanPostProcessors (for example: not eligible for auto-proxying)
2022-06-15 14:35:23.732 [restartedMain] INFO  o.s.c.s.PostProcessorRegistrationDelegate$BeanPostProcessorChecker - Bean 'com.baomidou.dynamic.datasource.spring.boot.autoconfigure.DynamicDataSourceAutoConfiguration' of type [com.baomidou.dynamic.datasource.spring.boot.autoconfigure.DynamicDataSourceAutoConfiguration$$EnhancerBySpringCGLIB$$6c6e1d20] is not eligible for getting processed by all BeanPostProcessors (for example: not eligible for auto-proxying)
2022-06-15 14:35:23.742 [restartedMain] INFO  o.s.c.s.PostProcessorRegistrationDelegate$BeanPostProcessorChecker - Bean 'dynamicDataSourceSpelParser' of type [com.baomidou.dynamic.datasource.spel.DynamicDataSourceSpelParser] is not eligible for getting processed by all BeanPostProcessors (for example: not eligible for auto-proxying)
2022-06-15 14:35:23.744 [restartedMain] INFO  o.s.c.s.PostProcessorRegistrationDelegate$BeanPostProcessorChecker - Bean 'dynamicDataSourceSpelResolver' of type [com.baomidou.dynamic.datasource.spel.DefaultDynamicDataSourceSpelResolver] is not eligible for getting processed by all BeanPostProcessors (for example: not eligible for auto-proxying)
2022-06-15 14:35:23.749 [restartedMain] INFO  o.s.c.s.PostProcessorRegistrationDelegate$BeanPostProcessorChecker - Bean 'dynamicDatasourceAnnotationAdvisor' of type [com.baomidou.dynamic.datasource.aop.DynamicDataSourceAnnotationAdvisor] is not eligible for getting processed by all BeanPostProcessors (for example: not eligible for auto-proxying)
2022-06-15 14:35:23.750 [restartedMain] INFO  o.s.c.s.PostProcessorRegistrationDelegate$BeanPostProcessorChecker - Bean 'org.springframework.cloud.autoconfigure.ConfigurationPropertiesRebinderAutoConfiguration' of type [org.springframework.cloud.autoconfigure.ConfigurationPropertiesRebinderAutoConfiguration$$EnhancerBySpringCGLIB$$1ef9af4c] is not eligible for getting processed by all BeanPostProcessors (for example: not eligible for auto-proxying)
2022-06-15 14:35:24.171 [restartedMain] INFO  o.s.boot.web.embedded.tomcat.TomcatWebServer - Tomcat initialized with port(s): 10620 (http)
2022-06-15 14:35:24.191 [restartedMain] INFO  org.apache.catalina.core.StandardService - Starting service [Tomcat]
2022-06-15 14:35:24.191 [restartedMain] INFO  org.apache.catalina.core.StandardEngine - Starting Servlet engine: [Apache Tomcat/9.0.22]
2022-06-15 14:35:24.289 [restartedMain] INFO  o.a.c.core.ContainerBase.[Tomcat].[localhost].[/] - Initializing Spring embedded WebApplicationContext
2022-06-15 14:35:24.289 [restartedMain] INFO  org.springframework.web.context.ContextLoader - Root WebApplicationContext: initialization completed in 2062 ms
2022-06-15 14:35:24.385 [restartedMain] WARN  ru.yandex.clickhouse.ClickHouseDriver - ******************************************************************************************
2022-06-15 14:35:24.385 [restartedMain] WARN  ru.yandex.clickhouse.ClickHouseDriver - * This driver is DEPRECATED. Please use [com.clickhouse.jdbc.ClickHouseDriver] instead.  *
2022-06-15 14:35:24.385 [restartedMain] WARN  ru.yandex.clickhouse.ClickHouseDriver - * Also everything in package [ru.yandex.clickhouse] will be removed starting from 0.4.0. *
2022-06-15 14:35:24.385 [restartedMain] WARN  ru.yandex.clickhouse.ClickHouseDriver - ******************************************************************************************
2022-06-15 14:35:24.386 [restartedMain] INFO  c.b.dynamic.datasource.DynamicRoutingDataSource - 初始共加载 2 个数据源
2022-06-15 14:35:24.387 [restartedMain] INFO  c.b.dynamic.datasource.DynamicRoutingDataSource - 添加数据源 slave 成功
2022-06-15 14:35:24.387 [restartedMain] INFO  c.b.dynamic.datasource.DynamicRoutingDataSource - 添加数据源 master 成功
2022-06-15 14:35:24.387 [restartedMain] INFO  c.b.dynamic.datasource.DynamicRoutingDataSource - 当前的默认数据源是单数据源，数据源名为master
2022-06-15 14:35:24.485 [restartedMain] INFO  com.zaxxer.hikari.HikariDataSource - HikariPool-1 - Starting...
2022-06-15 14:35:24.486 [restartedMain] WARN  com.zaxxer.hikari.util.DriverDataSource - Registered driver with driverClassName=com.mysql.jdbc.Driver was not found, trying direct instantiation.
2022-06-15 14:35:24.594 [restartedMain] INFO  com.zaxxer.hikari.HikariDataSource - HikariPool-1 - Start completed.
2022-06-15 14:35:24.710 [restartedMain] ERROR com.baomidou.mybatisplus.core.MybatisConfiguration - mapper[com.hc.infrastructure.dao.EquipmentInfoDao.getEquipmentInfoByCodeAndTypeId] is ignored, because it exists, maybe from xml file
2022-06-15 14:35:24.968 [restartedMain] WARN  o.s.b.d.autoconfigure.OptionalLiveReloadServer - Unable to start LiveReload server
2022-06-15 14:35:25.348 [restartedMain] WARN  com.netflix.config.sources.URLConfigurationSource - No URLs will be polled as dynamic configuration sources.
2022-06-15 14:35:25.348 [restartedMain] INFO  com.netflix.config.sources.URLConfigurationSource - To enable URLs as dynamic configuration sources, define System property archaius.configurationSource.additionalUrls or make config.properties available on classpath.
2022-06-15 14:35:25.351 [restartedMain] WARN  com.netflix.config.sources.URLConfigurationSource - No URLs will be polled as dynamic configuration sources.
2022-06-15 14:35:25.352 [restartedMain] INFO  com.netflix.config.sources.URLConfigurationSource - To enable URLs as dynamic configuration sources, define System property archaius.configurationSource.additionalUrls or make config.properties available on classpath.
2022-06-15 14:35:25.467 [restartedMain] INFO  o.s.scheduling.concurrent.ThreadPoolTaskExecutor - Initializing ExecutorService 'applicationTaskExecutor'
2022-06-15 14:35:25.622 [restartedMain] INFO  o.s.scheduling.concurrent.ThreadPoolTaskScheduler - Initializing ExecutorService
2022-06-15 14:35:25.648 [restartedMain] INFO  s.d.s.w.PropertySourcedRequestMappingHandlerMapping - Mapped URL path [/v2/api-docs] onto method [public org.springframework.http.ResponseEntity<springfox.documentation.spring.web.json.Json> springfox.documentation.swagger2.web.Swagger2Controller.getDocumentation(java.lang.String,javax.servlet.http.HttpServletRequest)]
2022-06-15 14:35:26.028 [restartedMain] INFO  s.d.s.web.plugins.DocumentationPluginsBootstrapper - Context refreshed
2022-06-15 14:35:26.042 [restartedMain] INFO  s.d.s.web.plugins.DocumentationPluginsBootstrapper - Found 1 custom documentation plugin(s)
2022-06-15 14:35:26.068 [restartedMain] INFO  s.d.spring.web.scanners.ApiListingReferenceScanner - Scanning for api listing references
2022-06-15 14:35:26.232 [restartedMain] INFO  o.s.boot.web.embedded.tomcat.TomcatWebServer - Tomcat started on port(s): 10620 (http) with context path ''
2022-06-15 14:35:26.262 [restartedMain] INFO  c.a.cloud.nacos.registry.NacosServiceRegistry - nacos registry, HC-LABMON-ms 172.16.4.2:10620 register finished
2022-06-15 14:35:57.885 [http-nio-10620-exec-1] INFO  o.a.c.core.ContainerBase.[Tomcat].[localhost].[/] - Initializing Spring DispatcherServlet 'dispatcherServlet'
2022-06-15 14:35:57.885 [http-nio-10620-exec-1] INFO  org.springframework.web.servlet.DispatcherServlet - Initializing Servlet 'dispatcherServlet'
2022-06-15 14:35:57.892 [http-nio-10620-exec-1] INFO  org.springframework.web.servlet.DispatcherServlet - Completed initialization in 7 ms
2022-06-15 14:35:57.934 [http-nio-10620-exec-1] INFO  com.zaxxer.hikari.HikariDataSource - HikariPool-2 - Starting...
2022-06-15 14:35:58.068 [http-nio-10620-exec-1] INFO  com.zaxxer.hikari.HikariDataSource - HikariPool-2 - Start completed.
2022-06-15 15:36:11.923 [HikariPool-1 housekeeper] WARN  com.zaxxer.hikari.pool.HikariPool - HikariPool-1 - Thread starvation or clock leap detected (housekeeper delta=46s263ms758µs).
2022-06-15 15:37:26.215 [Thread-28] INFO  c.a.cloud.nacos.registry.NacosServiceRegistry - De-registering from Nacos Server now...
2022-06-15 15:37:26.221 [Thread-28] INFO  c.a.cloud.nacos.registry.NacosServiceRegistry - De-registration finished.
2022-06-15 15:37:26.222 [Thread-28] INFO  o.s.scheduling.concurrent.ThreadPoolTaskExecutor - Shutting down ExecutorService 'applicationTaskExecutor'
2022-06-15 15:37:34.632 [restartedMain] INFO  o.s.b.d.env.DevToolsPropertyDefaultsPostProcessor - Devtools property defaults active! Set 'spring.devtools.add-properties' to 'false' to disable
2022-06-15 15:37:34.843 [restartedMain] INFO  o.s.c.s.PostProcessorRegistrationDelegate$BeanPostProcessorChecker - Bean 'org.springframework.cloud.autoconfigure.ConfigurationPropertiesRebinderAutoConfiguration' of type [org.springframework.cloud.autoconfigure.ConfigurationPropertiesRebinderAutoConfiguration$$EnhancerBySpringCGLIB$$f30da42d] is not eligible for getting processed by all BeanPostProcessors (for example: not eligible for auto-proxying)
2022-06-15 15:37:35.060 [restartedMain] INFO  c.a.cloud.nacos.client.NacosPropertySourceBuilder - Loading nacos data, dataId: 'hc-labmon-ms.yaml', group: 'DEFAULT_GROUP'
2022-06-15 15:37:35.069 [restartedMain] INFO  o.s.c.b.c.PropertySourceBootstrapConfiguration - Located property source: CompositePropertySource {name='NACOS', propertySources=[NacosPropertySource {name='hc-labmon-ms-dev.yaml'}, NacosPropertySource {name='hc-labmon-ms.yaml'}]}
2022-06-15 15:37:36.174 [restartedMain] WARN  org.mybatis.spring.mapper.ClassPathMapperScanner - No MyBatis mapper was found in '[com.hc]' package. Please check your configuration.
2022-06-15 15:37:36.539 [restartedMain] INFO  o.springframework.cloud.context.scope.GenericScope - BeanFactory id=50c4fdf0-07dc-30d7-a7e6-07f89a26b1b3
2022-06-15 15:37:36.653 [restartedMain] INFO  o.s.c.s.PostProcessorRegistrationDelegate$BeanPostProcessorChecker - Bean 'org.springframework.transaction.annotation.ProxyTransactionManagementConfiguration' of type [org.springframework.transaction.annotation.ProxyTransactionManagementConfiguration$$EnhancerBySpringCGLIB$$d6f3a130] is not eligible for getting processed by all BeanPostProcessors (for example: not eligible for auto-proxying)
2022-06-15 15:37:36.676 [restartedMain] INFO  o.s.c.s.PostProcessorRegistrationDelegate$BeanPostProcessorChecker - Bean 'spring.datasource.dynamic-com.baomidou.dynamic.datasource.spring.boot.autoconfigure.DynamicDataSourceProperties' of type [com.baomidou.dynamic.datasource.spring.boot.autoconfigure.DynamicDataSourceProperties] is not eligible for getting processed by all BeanPostProcessors (for example: not eligible for auto-proxying)
2022-06-15 15:37:36.677 [restartedMain] INFO  o.s.c.s.PostProcessorRegistrationDelegate$BeanPostProcessorChecker - Bean 'com.baomidou.dynamic.datasource.spring.boot.autoconfigure.DynamicDataSourceAutoConfiguration' of type [com.baomidou.dynamic.datasource.spring.boot.autoconfigure.DynamicDataSourceAutoConfiguration$$EnhancerBySpringCGLIB$$40821201] is not eligible for getting processed by all BeanPostProcessors (for example: not eligible for auto-proxying)
2022-06-15 15:37:36.687 [restartedMain] INFO  o.s.c.s.PostProcessorRegistrationDelegate$BeanPostProcessorChecker - Bean 'dynamicDataSourceSpelParser' of type [com.baomidou.dynamic.datasource.spel.DynamicDataSourceSpelParser] is not eligible for getting processed by all BeanPostProcessors (for example: not eligible for auto-proxying)
2022-06-15 15:37:36.688 [restartedMain] INFO  o.s.c.s.PostProcessorRegistrationDelegate$BeanPostProcessorChecker - Bean 'dynamicDataSourceSpelResolver' of type [com.baomidou.dynamic.datasource.spel.DefaultDynamicDataSourceSpelResolver] is not eligible for getting processed by all BeanPostProcessors (for example: not eligible for auto-proxying)
2022-06-15 15:37:36.693 [restartedMain] INFO  o.s.c.s.PostProcessorRegistrationDelegate$BeanPostProcessorChecker - Bean 'dynamicDatasourceAnnotationAdvisor' of type [com.baomidou.dynamic.datasource.aop.DynamicDataSourceAnnotationAdvisor] is not eligible for getting processed by all BeanPostProcessors (for example: not eligible for auto-proxying)
2022-06-15 15:37:36.693 [restartedMain] INFO  o.s.c.s.PostProcessorRegistrationDelegate$BeanPostProcessorChecker - Bean 'org.springframework.cloud.autoconfigure.ConfigurationPropertiesRebinderAutoConfiguration' of type [org.springframework.cloud.autoconfigure.ConfigurationPropertiesRebinderAutoConfiguration$$EnhancerBySpringCGLIB$$f30da42d] is not eligible for getting processed by all BeanPostProcessors (for example: not eligible for auto-proxying)
2022-06-15 15:37:37.070 [restartedMain] INFO  o.s.boot.web.embedded.tomcat.TomcatWebServer - Tomcat initialized with port(s): 10620 (http)
2022-06-15 15:37:37.166 [restartedMain] INFO  org.apache.catalina.core.StandardService - Starting service [Tomcat]
2022-06-15 15:37:37.166 [restartedMain] INFO  org.apache.catalina.core.StandardEngine - Starting Servlet engine: [Apache Tomcat/9.0.22]
2022-06-15 15:37:37.267 [restartedMain] INFO  o.a.c.core.ContainerBase.[Tomcat].[localhost].[/] - Initializing Spring embedded WebApplicationContext
2022-06-15 15:37:37.267 [restartedMain] INFO  org.springframework.web.context.ContextLoader - Root WebApplicationContext: initialization completed in 2178 ms
2022-06-15 15:37:37.366 [restartedMain] WARN  ru.yandex.clickhouse.ClickHouseDriver - ******************************************************************************************
2022-06-15 15:37:37.366 [restartedMain] WARN  ru.yandex.clickhouse.ClickHouseDriver - * This driver is DEPRECATED. Please use [com.clickhouse.jdbc.ClickHouseDriver] instead.  *
2022-06-15 15:37:37.366 [restartedMain] WARN  ru.yandex.clickhouse.ClickHouseDriver - * Also everything in package [ru.yandex.clickhouse] will be removed starting from 0.4.0. *
2022-06-15 15:37:37.366 [restartedMain] WARN  ru.yandex.clickhouse.ClickHouseDriver - ******************************************************************************************
2022-06-15 15:37:37.367 [restartedMain] INFO  c.b.dynamic.datasource.DynamicRoutingDataSource - 初始共加载 2 个数据源
2022-06-15 15:37:37.367 [restartedMain] INFO  c.b.dynamic.datasource.DynamicRoutingDataSource - 添加数据源 slave 成功
2022-06-15 15:37:37.367 [restartedMain] INFO  c.b.dynamic.datasource.DynamicRoutingDataSource - 添加数据源 master 成功
2022-06-15 15:37:37.367 [restartedMain] INFO  c.b.dynamic.datasource.DynamicRoutingDataSource - 当前的默认数据源是单数据源，数据源名为master
2022-06-15 15:37:37.456 [restartedMain] INFO  com.zaxxer.hikari.HikariDataSource - HikariPool-1 - Starting...
2022-06-15 15:37:37.457 [restartedMain] WARN  com.zaxxer.hikari.util.DriverDataSource - Registered driver with driverClassName=com.mysql.jdbc.Driver was not found, trying direct instantiation.
2022-06-15 15:37:37.555 [restartedMain] INFO  com.zaxxer.hikari.HikariDataSource - HikariPool-1 - Start completed.
2022-06-15 15:37:37.654 [restartedMain] ERROR com.baomidou.mybatisplus.core.MybatisConfiguration - mapper[com.hc.infrastructure.dao.EquipmentInfoDao.getEquipmentInfoByCodeAndTypeId] is ignored, because it exists, maybe from xml file
2022-06-15 15:37:37.903 [restartedMain] WARN  o.s.b.d.autoconfigure.OptionalLiveReloadServer - Unable to start LiveReload server
2022-06-15 15:37:38.291 [restartedMain] WARN  com.netflix.config.sources.URLConfigurationSource - No URLs will be polled as dynamic configuration sources.
2022-06-15 15:37:38.291 [restartedMain] INFO  com.netflix.config.sources.URLConfigurationSource - To enable URLs as dynamic configuration sources, define System property archaius.configurationSource.additionalUrls or make config.properties available on classpath.
2022-06-15 15:37:38.296 [restartedMain] WARN  com.netflix.config.sources.URLConfigurationSource - No URLs will be polled as dynamic configuration sources.
2022-06-15 15:37:38.296 [restartedMain] INFO  com.netflix.config.sources.URLConfigurationSource - To enable URLs as dynamic configuration sources, define System property archaius.configurationSource.additionalUrls or make config.properties available on classpath.
2022-06-15 15:37:38.417 [restartedMain] INFO  o.s.scheduling.concurrent.ThreadPoolTaskExecutor - Initializing ExecutorService 'applicationTaskExecutor'
2022-06-15 15:37:38.623 [restartedMain] INFO  o.s.scheduling.concurrent.ThreadPoolTaskScheduler - Initializing ExecutorService
2022-06-15 15:37:38.647 [restartedMain] INFO  s.d.s.w.PropertySourcedRequestMappingHandlerMapping - Mapped URL path [/v2/api-docs] onto method [public org.springframework.http.ResponseEntity<springfox.documentation.spring.web.json.Json> springfox.documentation.swagger2.web.Swagger2Controller.getDocumentation(java.lang.String,javax.servlet.http.HttpServletRequest)]
2022-06-15 15:37:38.971 [restartedMain] INFO  s.d.s.web.plugins.DocumentationPluginsBootstrapper - Context refreshed
2022-06-15 15:37:38.987 [restartedMain] INFO  s.d.s.web.plugins.DocumentationPluginsBootstrapper - Found 1 custom documentation plugin(s)
2022-06-15 15:37:39.016 [restartedMain] INFO  s.d.spring.web.scanners.ApiListingReferenceScanner - Scanning for api listing references
2022-06-15 15:37:39.214 [restartedMain] INFO  o.s.boot.web.embedded.tomcat.TomcatWebServer - Tomcat started on port(s): 10620 (http) with context path ''
2022-06-15 15:37:39.244 [restartedMain] INFO  c.a.cloud.nacos.registry.NacosServiceRegistry - nacos registry, HC-LABMON-ms 172.16.4.2:10620 register finished
2022-06-15 15:38:31.377 [http-nio-10620-exec-1] INFO  o.a.c.core.ContainerBase.[Tomcat].[localhost].[/] - Initializing Spring DispatcherServlet 'dispatcherServlet'
2022-06-15 15:38:31.377 [http-nio-10620-exec-1] INFO  org.springframework.web.servlet.DispatcherServlet - Initializing Servlet 'dispatcherServlet'
2022-06-15 15:38:31.383 [http-nio-10620-exec-1] INFO  org.springframework.web.servlet.DispatcherServlet - Completed initialization in 6 ms
2022-06-15 15:38:31.425 [http-nio-10620-exec-1] INFO  com.zaxxer.hikari.HikariDataSource - HikariPool-2 - Starting...
2022-06-15 15:38:31.647 [http-nio-10620-exec-1] INFO  com.zaxxer.hikari.HikariDataSource - HikariPool-2 - Start completed.
2022-06-15 15:38:56.711 [HikariPool-2 housekeeper] WARN  com.zaxxer.hikari.pool.HikariPool - HikariPool-2 - Thread starvation or clock leap detected (housekeeper delta=55s63ms176µs700ns).
2022-06-15 15:38:56.711 [HikariPool-1 housekeeper] WARN  com.zaxxer.hikari.pool.HikariPool - HikariPool-1 - Thread starvation or clock leap detected (housekeeper delta=49s47ms273µs100ns).
2022-06-15 16:03:53.003 [Thread-29] INFO  c.a.cloud.nacos.registry.NacosServiceRegistry - De-registering from Nacos Server now...
2022-06-15 16:03:53.012 [Thread-29] INFO  c.a.cloud.nacos.registry.NacosServiceRegistry - De-registration finished.
2022-06-15 16:03:53.012 [Thread-29] INFO  o.s.scheduling.concurrent.ThreadPoolTaskExecutor - Shutting down ExecutorService 'applicationTaskExecutor'
2022-06-15 16:03:58.281 [restartedMain] INFO  o.s.b.d.env.DevToolsPropertyDefaultsPostProcessor - Devtools property defaults active! Set 'spring.devtools.add-properties' to 'false' to disable
2022-06-15 16:03:58.512 [restartedMain] INFO  o.s.c.s.PostProcessorRegistrationDelegate$BeanPostProcessorChecker - Bean 'org.springframework.cloud.autoconfigure.ConfigurationPropertiesRebinderAutoConfiguration' of type [org.springframework.cloud.autoconfigure.ConfigurationPropertiesRebinderAutoConfiguration$$EnhancerBySpringCGLIB$$e0bd3d77] is not eligible for getting processed by all BeanPostProcessors (for example: not eligible for auto-proxying)
2022-06-15 16:03:58.740 [restartedMain] INFO  c.a.cloud.nacos.client.NacosPropertySourceBuilder - Loading nacos data, dataId: 'hc-labmon-ms.yaml', group: 'DEFAULT_GROUP'
2022-06-15 16:03:58.747 [restartedMain] INFO  o.s.c.b.c.PropertySourceBootstrapConfiguration - Located property source: CompositePropertySource {name='NACOS', propertySources=[NacosPropertySource {name='hc-labmon-ms-dev.yaml'}, NacosPropertySource {name='hc-labmon-ms.yaml'}]}
2022-06-15 16:03:59.859 [restartedMain] WARN  org.mybatis.spring.mapper.ClassPathMapperScanner - No MyBatis mapper was found in '[com.hc]' package. Please check your configuration.
2022-06-15 16:04:00.111 [restartedMain] INFO  o.springframework.cloud.context.scope.GenericScope - BeanFactory id=50c4fdf0-07dc-30d7-a7e6-07f89a26b1b3
2022-06-15 16:04:00.190 [restartedMain] INFO  o.s.c.s.PostProcessorRegistrationDelegate$BeanPostProcessorChecker - Bean 'org.springframework.transaction.annotation.ProxyTransactionManagementConfiguration' of type [org.springframework.transaction.annotation.ProxyTransactionManagementConfiguration$$EnhancerBySpringCGLIB$$c4a33a7a] is not eligible for getting processed by all BeanPostProcessors (for example: not eligible for auto-proxying)
2022-06-15 16:04:00.212 [restartedMain] INFO  o.s.c.s.PostProcessorRegistrationDelegate$BeanPostProcessorChecker - Bean 'spring.datasource.dynamic-com.baomidou.dynamic.datasource.spring.boot.autoconfigure.DynamicDataSourceProperties' of type [com.baomidou.dynamic.datasource.spring.boot.autoconfigure.DynamicDataSourceProperties] is not eligible for getting processed by all BeanPostProcessors (for example: not eligible for auto-proxying)
2022-06-15 16:04:00.214 [restartedMain] INFO  o.s.c.s.PostProcessorRegistrationDelegate$BeanPostProcessorChecker - Bean 'com.baomidou.dynamic.datasource.spring.boot.autoconfigure.DynamicDataSourceAutoConfiguration' of type [com.baomidou.dynamic.datasource.spring.boot.autoconfigure.DynamicDataSourceAutoConfiguration$$EnhancerBySpringCGLIB$$2e31ab4b] is not eligible for getting processed by all BeanPostProcessors (for example: not eligible for auto-proxying)
2022-06-15 16:04:00.224 [restartedMain] INFO  o.s.c.s.PostProcessorRegistrationDelegate$BeanPostProcessorChecker - Bean 'dynamicDataSourceSpelParser' of type [com.baomidou.dynamic.datasource.spel.DynamicDataSourceSpelParser] is not eligible for getting processed by all BeanPostProcessors (for example: not eligible for auto-proxying)
2022-06-15 16:04:00.225 [restartedMain] INFO  o.s.c.s.PostProcessorRegistrationDelegate$BeanPostProcessorChecker - Bean 'dynamicDataSourceSpelResolver' of type [com.baomidou.dynamic.datasource.spel.DefaultDynamicDataSourceSpelResolver] is not eligible for getting processed by all BeanPostProcessors (for example: not eligible for auto-proxying)
2022-06-15 16:04:00.230 [restartedMain] INFO  o.s.c.s.PostProcessorRegistrationDelegate$BeanPostProcessorChecker - Bean 'dynamicDatasourceAnnotationAdvisor' of type [com.baomidou.dynamic.datasource.aop.DynamicDataSourceAnnotationAdvisor] is not eligible for getting processed by all BeanPostProcessors (for example: not eligible for auto-proxying)
2022-06-15 16:04:00.231 [restartedMain] INFO  o.s.c.s.PostProcessorRegistrationDelegate$BeanPostProcessorChecker - Bean 'org.springframework.cloud.autoconfigure.ConfigurationPropertiesRebinderAutoConfiguration' of type [org.springframework.cloud.autoconfigure.ConfigurationPropertiesRebinderAutoConfiguration$$EnhancerBySpringCGLIB$$e0bd3d77] is not eligible for getting processed by all BeanPostProcessors (for example: not eligible for auto-proxying)
2022-06-15 16:04:00.609 [restartedMain] INFO  o.s.boot.web.embedded.tomcat.TomcatWebServer - Tomcat initialized with port(s): 10620 (http)
2022-06-15 16:04:00.628 [restartedMain] INFO  org.apache.catalina.core.StandardService - Starting service [Tomcat]
2022-06-15 16:04:00.628 [restartedMain] INFO  org.apache.catalina.core.StandardEngine - Starting Servlet engine: [Apache Tomcat/9.0.22]
2022-06-15 16:04:00.729 [restartedMain] INFO  o.a.c.core.ContainerBase.[Tomcat].[localhost].[/] - Initializing Spring embedded WebApplicationContext
2022-06-15 16:04:00.730 [restartedMain] INFO  org.springframework.web.context.ContextLoader - Root WebApplicationContext: initialization completed in 1946 ms
2022-06-15 16:04:00.820 [restartedMain] WARN  ru.yandex.clickhouse.ClickHouseDriver - ******************************************************************************************
2022-06-15 16:04:00.820 [restartedMain] WARN  ru.yandex.clickhouse.ClickHouseDriver - * This driver is DEPRECATED. Please use [com.clickhouse.jdbc.ClickHouseDriver] instead.  *
2022-06-15 16:04:00.820 [restartedMain] WARN  ru.yandex.clickhouse.ClickHouseDriver - * Also everything in package [ru.yandex.clickhouse] will be removed starting from 0.4.0. *
2022-06-15 16:04:00.820 [restartedMain] WARN  ru.yandex.clickhouse.ClickHouseDriver - ******************************************************************************************
2022-06-15 16:04:00.821 [restartedMain] INFO  c.b.dynamic.datasource.DynamicRoutingDataSource - 初始共加载 2 个数据源
2022-06-15 16:04:00.821 [restartedMain] INFO  c.b.dynamic.datasource.DynamicRoutingDataSource - 添加数据源 slave 成功
2022-06-15 16:04:00.821 [restartedMain] INFO  c.b.dynamic.datasource.DynamicRoutingDataSource - 添加数据源 master 成功
2022-06-15 16:04:00.821 [restartedMain] INFO  c.b.dynamic.datasource.DynamicRoutingDataSource - 当前的默认数据源是单数据源，数据源名为master
2022-06-15 16:04:00.910 [restartedMain] INFO  com.zaxxer.hikari.HikariDataSource - HikariPool-1 - Starting...
2022-06-15 16:04:00.911 [restartedMain] WARN  com.zaxxer.hikari.util.DriverDataSource - Registered driver with driverClassName=com.mysql.jdbc.Driver was not found, trying direct instantiation.
2022-06-15 16:04:01.018 [restartedMain] INFO  com.zaxxer.hikari.HikariDataSource - HikariPool-1 - Start completed.
2022-06-15 16:04:01.099 [restartedMain] ERROR com.baomidou.mybatisplus.core.MybatisConfiguration - mapper[com.hc.infrastructure.dao.EquipmentInfoDao.getEquipmentInfoByCodeAndTypeId] is ignored, because it exists, maybe from xml file
2022-06-15 16:04:01.357 [restartedMain] WARN  o.s.b.d.autoconfigure.OptionalLiveReloadServer - Unable to start LiveReload server
2022-06-15 16:04:01.776 [restartedMain] WARN  com.netflix.config.sources.URLConfigurationSource - No URLs will be polled as dynamic configuration sources.
2022-06-15 16:04:01.776 [restartedMain] INFO  com.netflix.config.sources.URLConfigurationSource - To enable URLs as dynamic configuration sources, define System property archaius.configurationSource.additionalUrls or make config.properties available on classpath.
2022-06-15 16:04:01.780 [restartedMain] WARN  com.netflix.config.sources.URLConfigurationSource - No URLs will be polled as dynamic configuration sources.
2022-06-15 16:04:01.780 [restartedMain] INFO  com.netflix.config.sources.URLConfigurationSource - To enable URLs as dynamic configuration sources, define System property archaius.configurationSource.additionalUrls or make config.properties available on classpath.
2022-06-15 16:04:01.888 [restartedMain] INFO  o.s.scheduling.concurrent.ThreadPoolTaskExecutor - Initializing ExecutorService 'applicationTaskExecutor'
2022-06-15 16:04:02.040 [restartedMain] INFO  o.s.scheduling.concurrent.ThreadPoolTaskScheduler - Initializing ExecutorService
2022-06-15 16:04:02.064 [restartedMain] INFO  s.d.s.w.PropertySourcedRequestMappingHandlerMapping - Mapped URL path [/v2/api-docs] onto method [public org.springframework.http.ResponseEntity<springfox.documentation.spring.web.json.Json> springfox.documentation.swagger2.web.Swagger2Controller.getDocumentation(java.lang.String,javax.servlet.http.HttpServletRequest)]
2022-06-15 16:04:02.417 [restartedMain] INFO  s.d.s.web.plugins.DocumentationPluginsBootstrapper - Context refreshed
2022-06-15 16:04:02.429 [restartedMain] INFO  s.d.s.web.plugins.DocumentationPluginsBootstrapper - Found 1 custom documentation plugin(s)
2022-06-15 16:04:02.454 [restartedMain] INFO  s.d.spring.web.scanners.ApiListingReferenceScanner - Scanning for api listing references
2022-06-15 16:04:02.615 [restartedMain] INFO  o.s.boot.web.embedded.tomcat.TomcatWebServer - Tomcat started on port(s): 10620 (http) with context path ''
2022-06-15 16:04:02.643 [restartedMain] INFO  c.a.cloud.nacos.registry.NacosServiceRegistry - nacos registry, HC-LABMON-ms 172.16.4.2:10620 register finished
2022-06-15 16:04:38.517 [http-nio-10620-exec-1] INFO  o.a.c.core.ContainerBase.[Tomcat].[localhost].[/] - Initializing Spring DispatcherServlet 'dispatcherServlet'
2022-06-15 16:04:38.518 [http-nio-10620-exec-1] INFO  org.springframework.web.servlet.DispatcherServlet - Initializing Servlet 'dispatcherServlet'
2022-06-15 16:04:38.525 [http-nio-10620-exec-1] INFO  org.springframework.web.servlet.DispatcherServlet - Completed initialization in 7 ms
2022-06-15 16:04:38.568 [http-nio-10620-exec-1] INFO  com.zaxxer.hikari.HikariDataSource - HikariPool-2 - Starting...
2022-06-15 16:04:38.706 [http-nio-10620-exec-1] INFO  com.zaxxer.hikari.HikariDataSource - HikariPool-2 - Start completed.
2022-06-15 16:05:15.276 [HikariPool-2 housekeeper] WARN  com.zaxxer.hikari.pool.HikariPool - HikariPool-2 - Thread starvation or clock leap detected (housekeeper delta=1m6s569ms637µs200ns).
