2022-06-30 09:03:01.163 [HikariPool-1 housekeeper] WARN  com.zaxxer.hikari.pool.HikariPool - HikariPool-1 - Thread starvation or clock leap detected (housekeeper delta=13h37m34s688ms990µs100ns).
2022-06-30 10:08:55.921 [http-nio-10620-exec-1] INFO  o.a.c.core.ContainerBase.[Tomcat].[localhost].[/] - Initializing Spring DispatcherServlet 'dispatcherServlet'
2022-06-30 10:08:55.921 [http-nio-10620-exec-1] INFO  org.springframework.web.servlet.DispatcherServlet - Initializing Servlet 'dispatcherServlet'
2022-06-30 10:08:55.942 [http-nio-10620-exec-1] INFO  org.springframework.web.servlet.DispatcherServlet - Completed initialization in 21 ms
2022-06-30 10:08:56.006 [http-nio-10620-exec-1] INFO  com.zaxxer.hikari.HikariDataSource - HikariPool-2 - Starting...
2022-06-30 10:08:56.185 [http-nio-10620-exec-1] INFO  com.zaxxer.hikari.HikariDataSource - HikariPool-2 - Start completed.
2022-06-30 10:08:56.337 [http-nio-10620-exec-1] WARN  o.s.w.s.m.m.a.ExceptionHandlerExceptionResolver - Resolved [com.hc.my.common.core.exception.IedsException: 当前时间未找到数据]
2022-06-30 10:09:02.124 [http-nio-10620-exec-2] WARN  o.s.w.s.m.m.a.ExceptionHandlerExceptionResolver - Resolved [com.hc.my.common.core.exception.IedsException: 当前时间未找到数据]
2022-06-30 10:09:03.910 [http-nio-10620-exec-3] WARN  o.s.w.s.m.m.a.ExceptionHandlerExceptionResolver - Resolved [com.hc.my.common.core.exception.IedsException: 当前时间未找到数据]
2022-06-30 10:09:07.858 [http-nio-10620-exec-4] WARN  o.s.w.s.m.m.a.ExceptionHandlerExceptionResolver - Resolved [com.hc.my.common.core.exception.IedsException: 当前时间未找到数据]
2022-06-30 10:58:53.535 [Thread-2] INFO  c.a.cloud.nacos.registry.NacosServiceRegistry - De-registering from Nacos Server now...
2022-06-30 10:58:53.547 [Thread-2] INFO  c.a.cloud.nacos.registry.NacosServiceRegistry - De-registration finished.
2022-06-30 10:58:53.548 [Thread-2] INFO  o.s.scheduling.concurrent.ThreadPoolTaskExecutor - Shutting down ExecutorService 'applicationTaskExecutor'
2022-06-30 10:58:54.119 [restartedMain] INFO  o.s.c.s.PostProcessorRegistrationDelegate$BeanPostProcessorChecker - Bean 'org.springframework.cloud.autoconfigure.ConfigurationPropertiesRebinderAutoConfiguration' of type [org.springframework.cloud.autoconfigure.ConfigurationPropertiesRebinderAutoConfiguration$$EnhancerBySpringCGLIB$$70231752] is not eligible for getting processed by all BeanPostProcessors (for example: not eligible for auto-proxying)
2022-06-30 10:58:54.227 [restartedMain] INFO  c.a.cloud.nacos.client.NacosPropertySourceBuilder - Loading nacos data, dataId: 'hc-labmon-ms.yaml', group: 'DEFAULT_GROUP'
2022-06-30 10:58:54.232 [restartedMain] INFO  o.s.c.b.c.PropertySourceBootstrapConfiguration - Located property source: CompositePropertySource {name='NACOS', propertySources=[NacosPropertySource {name='hc-labmon-ms-dev.yaml'}, NacosPropertySource {name='hc-labmon-ms.yaml'}]}
2022-06-30 10:58:55.523 [restartedMain] WARN  org.mybatis.spring.mapper.ClassPathMapperScanner - Skipping MapperFactoryBean with name 'monitorequipmentlastdataMapper' and 'com.hc.clickhouse.mapper.MonitorequipmentlastdataMapper' mapperInterface. Bean already defined with the same name!
2022-06-30 10:58:55.523 [restartedMain] WARN  org.mybatis.spring.mapper.ClassPathMapperScanner - Skipping MapperFactoryBean with name 'warningrecordMapper' and 'com.hc.clickhouse.mapper.WarningrecordMapper' mapperInterface. Bean already defined with the same name!
2022-06-30 10:58:55.534 [restartedMain] INFO  o.springframework.cloud.context.scope.GenericScope - BeanFactory id=cd511797-a02b-38c6-91a9-c17caf9cc356
2022-06-30 10:58:55.566 [restartedMain] INFO  o.s.c.s.PostProcessorRegistrationDelegate$BeanPostProcessorChecker - Bean 'org.springframework.transaction.annotation.ProxyTransactionManagementConfiguration' of type [org.springframework.transaction.annotation.ProxyTransactionManagementConfiguration$$EnhancerBySpringCGLIB$$54091455] is not eligible for getting processed by all BeanPostProcessors (for example: not eligible for auto-proxying)
2022-06-30 10:58:55.575 [restartedMain] INFO  o.s.c.s.PostProcessorRegistrationDelegate$BeanPostProcessorChecker - Bean 'spring.datasource.dynamic-com.baomidou.dynamic.datasource.spring.boot.autoconfigure.DynamicDataSourceProperties' of type [com.baomidou.dynamic.datasource.spring.boot.autoconfigure.DynamicDataSourceProperties] is not eligible for getting processed by all BeanPostProcessors (for example: not eligible for auto-proxying)
2022-06-30 10:58:55.575 [restartedMain] INFO  o.s.c.s.PostProcessorRegistrationDelegate$BeanPostProcessorChecker - Bean 'com.baomidou.dynamic.datasource.spring.boot.autoconfigure.DynamicDataSourceAutoConfiguration' of type [com.baomidou.dynamic.datasource.spring.boot.autoconfigure.DynamicDataSourceAutoConfiguration$$EnhancerBySpringCGLIB$$bd978526] is not eligible for getting processed by all BeanPostProcessors (for example: not eligible for auto-proxying)
2022-06-30 10:58:55.582 [restartedMain] INFO  o.s.c.s.PostProcessorRegistrationDelegate$BeanPostProcessorChecker - Bean 'dynamicDataSourceSpelParser' of type [com.baomidou.dynamic.datasource.spel.DynamicDataSourceSpelParser] is not eligible for getting processed by all BeanPostProcessors (for example: not eligible for auto-proxying)
2022-06-30 10:58:55.584 [restartedMain] INFO  o.s.c.s.PostProcessorRegistrationDelegate$BeanPostProcessorChecker - Bean 'dynamicDataSourceSpelResolver' of type [com.baomidou.dynamic.datasource.spel.DefaultDynamicDataSourceSpelResolver] is not eligible for getting processed by all BeanPostProcessors (for example: not eligible for auto-proxying)
2022-06-30 10:58:55.585 [restartedMain] INFO  o.s.c.s.PostProcessorRegistrationDelegate$BeanPostProcessorChecker - Bean 'dynamicDatasourceAnnotationAdvisor' of type [com.baomidou.dynamic.datasource.aop.DynamicDataSourceAnnotationAdvisor] is not eligible for getting processed by all BeanPostProcessors (for example: not eligible for auto-proxying)
2022-06-30 10:58:55.586 [restartedMain] INFO  o.s.c.s.PostProcessorRegistrationDelegate$BeanPostProcessorChecker - Bean 'org.springframework.cloud.autoconfigure.ConfigurationPropertiesRebinderAutoConfiguration' of type [org.springframework.cloud.autoconfigure.ConfigurationPropertiesRebinderAutoConfiguration$$EnhancerBySpringCGLIB$$70231752] is not eligible for getting processed by all BeanPostProcessors (for example: not eligible for auto-proxying)
2022-06-30 10:58:55.710 [restartedMain] INFO  o.s.boot.web.embedded.tomcat.TomcatWebServer - Tomcat initialized with port(s): 10620 (http)
2022-06-30 10:58:55.711 [restartedMain] INFO  org.apache.catalina.core.StandardService - Starting service [Tomcat]
2022-06-30 10:58:55.711 [restartedMain] INFO  org.apache.catalina.core.StandardEngine - Starting Servlet engine: [Apache Tomcat/9.0.22]
2022-06-30 10:58:55.734 [restartedMain] INFO  o.a.c.core.ContainerBase.[Tomcat].[localhost].[/] - Initializing Spring embedded WebApplicationContext
2022-06-30 10:58:55.734 [restartedMain] INFO  org.springframework.web.context.ContextLoader - Root WebApplicationContext: initialization completed in 1494 ms
2022-06-30 10:58:55.791 [restartedMain] INFO  c.b.dynamic.datasource.DynamicRoutingDataSource - 初始共加载 2 个数据源
2022-06-30 10:58:55.791 [restartedMain] INFO  c.b.dynamic.datasource.DynamicRoutingDataSource - 添加数据源 slave 成功
2022-06-30 10:58:55.791 [restartedMain] INFO  c.b.dynamic.datasource.DynamicRoutingDataSource - 添加数据源 master 成功
2022-06-30 10:58:55.791 [restartedMain] INFO  c.b.dynamic.datasource.DynamicRoutingDataSource - 当前的默认数据源是单数据源，数据源名为master
2022-06-30 10:58:55.839 [restartedMain] INFO  com.zaxxer.hikari.HikariDataSource - HikariPool-3 - Starting...
2022-06-30 10:58:55.839 [restartedMain] WARN  com.zaxxer.hikari.util.DriverDataSource - Registered driver with driverClassName=com.mysql.jdbc.Driver was not found, trying direct instantiation.
2022-06-30 10:58:55.846 [restartedMain] INFO  com.zaxxer.hikari.HikariDataSource - HikariPool-3 - Start completed.
2022-06-30 10:58:55.855 [restartedMain] ERROR com.baomidou.mybatisplus.core.MybatisConfiguration - mapper[com.hc.infrastructure.dao.EquipmentInfoDao.getEquipmentInfoByCodeAndTypeId] is ignored, because it exists, maybe from xml file
2022-06-30 10:58:56.109 [restartedMain] WARN  o.s.b.d.autoconfigure.OptionalLiveReloadServer - Unable to start LiveReload server
2022-06-30 10:58:56.571 [restartedMain] WARN  com.netflix.config.sources.URLConfigurationSource - No URLs will be polled as dynamic configuration sources.
2022-06-30 10:58:56.571 [restartedMain] INFO  com.netflix.config.sources.URLConfigurationSource - To enable URLs as dynamic configuration sources, define System property archaius.configurationSource.additionalUrls or make config.properties available on classpath.
2022-06-30 10:58:56.648 [restartedMain] INFO  o.s.scheduling.concurrent.ThreadPoolTaskExecutor - Initializing ExecutorService 'applicationTaskExecutor'
2022-06-30 10:58:56.815 [restartedMain] INFO  com.alibaba.nacos.client.naming - initializer namespace from System Property :null
2022-06-30 10:58:56.815 [restartedMain] INFO  com.alibaba.nacos.client.naming - initializer namespace from System Environment :null
2022-06-30 10:58:56.815 [restartedMain] INFO  com.alibaba.nacos.client.naming - initializer namespace from System Property :null
2022-06-30 10:58:56.826 [restartedMain] INFO  o.s.scheduling.concurrent.ThreadPoolTaskScheduler - Initializing ExecutorService
2022-06-30 10:58:56.847 [restartedMain] INFO  s.d.s.w.PropertySourcedRequestMappingHandlerMapping - Mapped URL path [/v2/api-docs] onto method [public org.springframework.http.ResponseEntity<springfox.documentation.spring.web.json.Json> springfox.documentation.swagger2.web.Swagger2Controller.getDocumentation(java.lang.String,javax.servlet.http.HttpServletRequest)]
2022-06-30 10:58:57.133 [restartedMain] INFO  s.d.s.web.plugins.DocumentationPluginsBootstrapper - Context refreshed
2022-06-30 10:58:57.135 [restartedMain] INFO  s.d.s.web.plugins.DocumentationPluginsBootstrapper - Found 1 custom documentation plugin(s)
2022-06-30 10:58:57.147 [restartedMain] INFO  s.d.spring.web.scanners.ApiListingReferenceScanner - Scanning for api listing references
2022-06-30 10:58:57.266 [restartedMain] INFO  o.s.boot.web.embedded.tomcat.TomcatWebServer - Tomcat started on port(s): 10620 (http) with context path ''
2022-06-30 10:58:57.268 [restartedMain] INFO  com.alibaba.nacos.client.naming - [BEAT] adding beat: {"cluster":"DEFAULT","ip":"172.16.4.2","metadata":{"preserved.register.source":"SPRING_CLOUD"},"period":5000,"port":10620,"scheduled":false,"serviceName":"DEFAULT_GROUP@@HC-LABMON-ms","stopped":false,"weight":1.0} to beat map.
2022-06-30 10:58:57.268 [restartedMain] INFO  com.alibaba.nacos.client.naming - [REGISTER-SERVICE] chenkai registering service DEFAULT_GROUP@@HC-LABMON-ms with instance: {"clusterName":"DEFAULT","enabled":true,"ephemeral":true,"healthy":true,"instanceHeartBeatInterval":5000,"instanceHeartBeatTimeOut":15000,"ip":"172.16.4.2","ipDeleteTimeout":30000,"metadata":{"preserved.register.source":"SPRING_CLOUD"},"port":10620,"weight":1.0}
2022-06-30 10:58:57.270 [restartedMain] INFO  c.a.cloud.nacos.registry.NacosServiceRegistry - nacos registry, HC-LABMON-ms 172.16.4.2:10620 register finished
2022-06-30 10:58:57.335 [restartedMain] INFO  com.alibaba.nacos.client.config.impl.ClientWorker - [fixed-172.16.10.204_8848-chenkai] [subscribe] hc-labmon-ms.yaml+DEFAULT_GROUP+chenkai
2022-06-30 10:58:57.336 [restartedMain] INFO  com.alibaba.nacos.client.config.impl.CacheData - [fixed-172.16.10.204_8848-chenkai] [add-listener] ok, tenant=chenkai, dataId=hc-labmon-ms.yaml, group=DEFAULT_GROUP, cnt=1
2022-06-30 10:58:57.336 [restartedMain] INFO  com.alibaba.nacos.client.config.impl.ClientWorker - [fixed-172.16.10.204_8848-chenkai] [subscribe] hc-labmon-ms-dev.yaml+DEFAULT_GROUP+chenkai
2022-06-30 10:58:57.336 [restartedMain] INFO  com.alibaba.nacos.client.config.impl.CacheData - [fixed-172.16.10.204_8848-chenkai] [add-listener] ok, tenant=chenkai, dataId=hc-labmon-ms-dev.yaml, group=DEFAULT_GROUP, cnt=1
2022-06-30 10:58:57.338 [restartedMain] INFO  o.s.b.d.a.ConditionEvaluationDeltaLoggingListener - Condition evaluation unchanged
2022-06-30 11:04:44.035 [Thread-53] INFO  c.a.cloud.nacos.registry.NacosServiceRegistry - De-registering from Nacos Server now...
2022-06-30 11:04:44.036 [Thread-53] INFO  com.alibaba.nacos.client.naming - [BEAT] removing beat: DEFAULT_GROUP@@HC-LABMON-ms:172.16.4.2:10620 from beat map.
2022-06-30 11:04:44.036 [Thread-53] INFO  com.alibaba.nacos.client.naming - [DEREGISTER-SERVICE] chenkai deregistering service DEFAULT_GROUP@@HC-LABMON-ms with instance: {"clusterName":"DEFAULT","enabled":true,"ephemeral":true,"healthy":true,"instanceHeartBeatInterval":5000,"instanceHeartBeatTimeOut":15000,"ip":"172.16.4.2","ipDeleteTimeout":30000,"metadata":{},"port":10620,"weight":1.0}
2022-06-30 11:04:44.038 [Thread-53] INFO  c.a.cloud.nacos.registry.NacosServiceRegistry - De-registration finished.
2022-06-30 11:04:44.038 [Thread-53] INFO  o.s.scheduling.concurrent.ThreadPoolTaskExecutor - Shutting down ExecutorService 'applicationTaskExecutor'
2022-06-30 11:04:44.674 [restartedMain] INFO  o.s.c.s.PostProcessorRegistrationDelegate$BeanPostProcessorChecker - Bean 'org.springframework.cloud.autoconfigure.ConfigurationPropertiesRebinderAutoConfiguration' of type [org.springframework.cloud.autoconfigure.ConfigurationPropertiesRebinderAutoConfiguration$$EnhancerBySpringCGLIB$$70231752] is not eligible for getting processed by all BeanPostProcessors (for example: not eligible for auto-proxying)
2022-06-30 11:04:44.802 [restartedMain] INFO  c.a.cloud.nacos.client.NacosPropertySourceBuilder - Loading nacos data, dataId: 'hc-labmon-ms.yaml', group: 'DEFAULT_GROUP'
2022-06-30 11:04:44.807 [restartedMain] INFO  o.s.c.b.c.PropertySourceBootstrapConfiguration - Located property source: CompositePropertySource {name='NACOS', propertySources=[NacosPropertySource {name='hc-labmon-ms-dev.yaml'}, NacosPropertySource {name='hc-labmon-ms.yaml'}]}
2022-06-30 11:04:46.274 [restartedMain] WARN  org.mybatis.spring.mapper.ClassPathMapperScanner - Skipping MapperFactoryBean with name 'monitorequipmentlastdataMapper' and 'com.hc.clickhouse.mapper.MonitorequipmentlastdataMapper' mapperInterface. Bean already defined with the same name!
2022-06-30 11:04:46.274 [restartedMain] WARN  org.mybatis.spring.mapper.ClassPathMapperScanner - Skipping MapperFactoryBean with name 'warningrecordMapper' and 'com.hc.clickhouse.mapper.WarningrecordMapper' mapperInterface. Bean already defined with the same name!
2022-06-30 11:04:46.286 [restartedMain] INFO  o.springframework.cloud.context.scope.GenericScope - BeanFactory id=cd511797-a02b-38c6-91a9-c17caf9cc356
2022-06-30 11:04:46.314 [restartedMain] INFO  o.s.c.s.PostProcessorRegistrationDelegate$BeanPostProcessorChecker - Bean 'org.springframework.transaction.annotation.ProxyTransactionManagementConfiguration' of type [org.springframework.transaction.annotation.ProxyTransactionManagementConfiguration$$EnhancerBySpringCGLIB$$54091455] is not eligible for getting processed by all BeanPostProcessors (for example: not eligible for auto-proxying)
2022-06-30 11:04:46.323 [restartedMain] INFO  o.s.c.s.PostProcessorRegistrationDelegate$BeanPostProcessorChecker - Bean 'spring.datasource.dynamic-com.baomidou.dynamic.datasource.spring.boot.autoconfigure.DynamicDataSourceProperties' of type [com.baomidou.dynamic.datasource.spring.boot.autoconfigure.DynamicDataSourceProperties] is not eligible for getting processed by all BeanPostProcessors (for example: not eligible for auto-proxying)
2022-06-30 11:04:46.324 [restartedMain] INFO  o.s.c.s.PostProcessorRegistrationDelegate$BeanPostProcessorChecker - Bean 'com.baomidou.dynamic.datasource.spring.boot.autoconfigure.DynamicDataSourceAutoConfiguration' of type [com.baomidou.dynamic.datasource.spring.boot.autoconfigure.DynamicDataSourceAutoConfiguration$$EnhancerBySpringCGLIB$$bd978526] is not eligible for getting processed by all BeanPostProcessors (for example: not eligible for auto-proxying)
2022-06-30 11:04:46.329 [restartedMain] INFO  o.s.c.s.PostProcessorRegistrationDelegate$BeanPostProcessorChecker - Bean 'dynamicDataSourceSpelParser' of type [com.baomidou.dynamic.datasource.spel.DynamicDataSourceSpelParser] is not eligible for getting processed by all BeanPostProcessors (for example: not eligible for auto-proxying)
2022-06-30 11:04:46.331 [restartedMain] INFO  o.s.c.s.PostProcessorRegistrationDelegate$BeanPostProcessorChecker - Bean 'dynamicDataSourceSpelResolver' of type [com.baomidou.dynamic.datasource.spel.DefaultDynamicDataSourceSpelResolver] is not eligible for getting processed by all BeanPostProcessors (for example: not eligible for auto-proxying)
2022-06-30 11:04:46.332 [restartedMain] INFO  o.s.c.s.PostProcessorRegistrationDelegate$BeanPostProcessorChecker - Bean 'dynamicDatasourceAnnotationAdvisor' of type [com.baomidou.dynamic.datasource.aop.DynamicDataSourceAnnotationAdvisor] is not eligible for getting processed by all BeanPostProcessors (for example: not eligible for auto-proxying)
2022-06-30 11:04:46.333 [restartedMain] INFO  o.s.c.s.PostProcessorRegistrationDelegate$BeanPostProcessorChecker - Bean 'org.springframework.cloud.autoconfigure.ConfigurationPropertiesRebinderAutoConfiguration' of type [org.springframework.cloud.autoconfigure.ConfigurationPropertiesRebinderAutoConfiguration$$EnhancerBySpringCGLIB$$70231752] is not eligible for getting processed by all BeanPostProcessors (for example: not eligible for auto-proxying)
2022-06-30 11:04:46.528 [restartedMain] INFO  o.s.boot.web.embedded.tomcat.TomcatWebServer - Tomcat initialized with port(s): 10620 (http)
2022-06-30 11:04:46.530 [restartedMain] INFO  org.apache.catalina.core.StandardService - Starting service [Tomcat]
2022-06-30 11:04:46.530 [restartedMain] INFO  org.apache.catalina.core.StandardEngine - Starting Servlet engine: [Apache Tomcat/9.0.22]
2022-06-30 11:04:46.553 [restartedMain] INFO  o.a.c.core.ContainerBase.[Tomcat].[localhost].[/] - Initializing Spring embedded WebApplicationContext
2022-06-30 11:04:46.553 [restartedMain] INFO  org.springframework.web.context.ContextLoader - Root WebApplicationContext: initialization completed in 1738 ms
2022-06-30 11:04:46.609 [restartedMain] INFO  c.b.dynamic.datasource.DynamicRoutingDataSource - 初始共加载 2 个数据源
2022-06-30 11:04:46.609 [restartedMain] INFO  c.b.dynamic.datasource.DynamicRoutingDataSource - 添加数据源 slave 成功
2022-06-30 11:04:46.609 [restartedMain] INFO  c.b.dynamic.datasource.DynamicRoutingDataSource - 添加数据源 master 成功
2022-06-30 11:04:46.609 [restartedMain] INFO  c.b.dynamic.datasource.DynamicRoutingDataSource - 当前的默认数据源是单数据源，数据源名为master
2022-06-30 11:04:46.651 [restartedMain] INFO  com.zaxxer.hikari.HikariDataSource - HikariPool-4 - Starting...
2022-06-30 11:04:46.651 [restartedMain] WARN  com.zaxxer.hikari.util.DriverDataSource - Registered driver with driverClassName=com.mysql.jdbc.Driver was not found, trying direct instantiation.
2022-06-30 11:04:46.656 [restartedMain] INFO  com.zaxxer.hikari.HikariDataSource - HikariPool-4 - Start completed.
2022-06-30 11:04:46.666 [restartedMain] ERROR com.baomidou.mybatisplus.core.MybatisConfiguration - mapper[com.hc.infrastructure.dao.EquipmentInfoDao.getEquipmentInfoByCodeAndTypeId] is ignored, because it exists, maybe from xml file
2022-06-30 11:04:46.883 [restartedMain] WARN  o.s.b.d.autoconfigure.OptionalLiveReloadServer - Unable to start LiveReload server
2022-06-30 11:04:47.289 [restartedMain] WARN  com.netflix.config.sources.URLConfigurationSource - No URLs will be polled as dynamic configuration sources.
2022-06-30 11:04:47.289 [restartedMain] INFO  com.netflix.config.sources.URLConfigurationSource - To enable URLs as dynamic configuration sources, define System property archaius.configurationSource.additionalUrls or make config.properties available on classpath.
2022-06-30 11:04:47.322 [restartedMain] INFO  o.s.scheduling.concurrent.ThreadPoolTaskExecutor - Initializing ExecutorService 'applicationTaskExecutor'
2022-06-30 11:04:47.492 [restartedMain] INFO  com.alibaba.nacos.client.naming - initializer namespace from System Property :null
2022-06-30 11:04:47.493 [restartedMain] INFO  com.alibaba.nacos.client.naming - initializer namespace from System Environment :null
2022-06-30 11:04:47.493 [restartedMain] INFO  com.alibaba.nacos.client.naming - initializer namespace from System Property :null
2022-06-30 11:04:47.498 [restartedMain] INFO  o.s.scheduling.concurrent.ThreadPoolTaskScheduler - Initializing ExecutorService
2022-06-30 11:04:47.508 [restartedMain] INFO  s.d.s.w.PropertySourcedRequestMappingHandlerMapping - Mapped URL path [/v2/api-docs] onto method [public org.springframework.http.ResponseEntity<springfox.documentation.spring.web.json.Json> springfox.documentation.swagger2.web.Swagger2Controller.getDocumentation(java.lang.String,javax.servlet.http.HttpServletRequest)]
2022-06-30 11:04:47.898 [restartedMain] INFO  s.d.s.web.plugins.DocumentationPluginsBootstrapper - Context refreshed
2022-06-30 11:04:47.900 [restartedMain] INFO  s.d.s.web.plugins.DocumentationPluginsBootstrapper - Found 1 custom documentation plugin(s)
2022-06-30 11:04:47.909 [restartedMain] INFO  s.d.spring.web.scanners.ApiListingReferenceScanner - Scanning for api listing references
2022-06-30 11:04:48.033 [restartedMain] INFO  o.s.boot.web.embedded.tomcat.TomcatWebServer - Tomcat started on port(s): 10620 (http) with context path ''
2022-06-30 11:04:48.034 [restartedMain] INFO  com.alibaba.nacos.client.naming - [BEAT] adding beat: {"cluster":"DEFAULT","ip":"172.16.4.2","metadata":{"preserved.register.source":"SPRING_CLOUD"},"period":5000,"port":10620,"scheduled":false,"serviceName":"DEFAULT_GROUP@@HC-LABMON-ms","stopped":false,"weight":1.0} to beat map.
2022-06-30 11:04:48.034 [restartedMain] INFO  com.alibaba.nacos.client.naming - [REGISTER-SERVICE] chenkai registering service DEFAULT_GROUP@@HC-LABMON-ms with instance: {"clusterName":"DEFAULT","enabled":true,"ephemeral":true,"healthy":true,"instanceHeartBeatInterval":5000,"instanceHeartBeatTimeOut":15000,"ip":"172.16.4.2","ipDeleteTimeout":30000,"metadata":{"preserved.register.source":"SPRING_CLOUD"},"port":10620,"weight":1.0}
2022-06-30 11:04:48.036 [restartedMain] INFO  c.a.cloud.nacos.registry.NacosServiceRegistry - nacos registry, HC-LABMON-ms 172.16.4.2:10620 register finished
2022-06-30 11:04:48.200 [restartedMain] INFO  com.alibaba.nacos.client.config.impl.ClientWorker - [fixed-172.16.10.204_8848-chenkai] [subscribe] hc-labmon-ms.yaml+DEFAULT_GROUP+chenkai
2022-06-30 11:04:48.200 [restartedMain] INFO  com.alibaba.nacos.client.config.impl.CacheData - [fixed-172.16.10.204_8848-chenkai] [add-listener] ok, tenant=chenkai, dataId=hc-labmon-ms.yaml, group=DEFAULT_GROUP, cnt=1
2022-06-30 11:04:48.201 [restartedMain] INFO  com.alibaba.nacos.client.config.impl.ClientWorker - [fixed-172.16.10.204_8848-chenkai] [subscribe] hc-labmon-ms-dev.yaml+DEFAULT_GROUP+chenkai
2022-06-30 11:04:48.201 [restartedMain] INFO  com.alibaba.nacos.client.config.impl.CacheData - [fixed-172.16.10.204_8848-chenkai] [add-listener] ok, tenant=chenkai, dataId=hc-labmon-ms-dev.yaml, group=DEFAULT_GROUP, cnt=1
2022-06-30 11:04:48.202 [restartedMain] INFO  o.s.b.d.a.ConditionEvaluationDeltaLoggingListener - Condition evaluation unchanged
2022-06-30 11:05:54.431 [Thread-85] INFO  c.a.cloud.nacos.registry.NacosServiceRegistry - De-registering from Nacos Server now...
2022-06-30 11:05:54.431 [Thread-85] INFO  com.alibaba.nacos.client.naming - [BEAT] removing beat: DEFAULT_GROUP@@HC-LABMON-ms:172.16.4.2:10620 from beat map.
2022-06-30 11:05:54.431 [Thread-85] INFO  com.alibaba.nacos.client.naming - [DEREGISTER-SERVICE] chenkai deregistering service DEFAULT_GROUP@@HC-LABMON-ms with instance: {"clusterName":"DEFAULT","enabled":true,"ephemeral":true,"healthy":true,"instanceHeartBeatInterval":5000,"instanceHeartBeatTimeOut":15000,"ip":"172.16.4.2","ipDeleteTimeout":30000,"metadata":{},"port":10620,"weight":1.0}
2022-06-30 11:05:54.434 [Thread-85] INFO  c.a.cloud.nacos.registry.NacosServiceRegistry - De-registration finished.
2022-06-30 11:05:54.434 [Thread-85] INFO  o.s.scheduling.concurrent.ThreadPoolTaskExecutor - Shutting down ExecutorService 'applicationTaskExecutor'
2022-06-30 11:05:55.005 [restartedMain] INFO  o.s.c.s.PostProcessorRegistrationDelegate$BeanPostProcessorChecker - Bean 'org.springframework.cloud.autoconfigure.ConfigurationPropertiesRebinderAutoConfiguration' of type [org.springframework.cloud.autoconfigure.ConfigurationPropertiesRebinderAutoConfiguration$$EnhancerBySpringCGLIB$$70231752] is not eligible for getting processed by all BeanPostProcessors (for example: not eligible for auto-proxying)
2022-06-30 11:05:55.109 [restartedMain] INFO  c.a.cloud.nacos.client.NacosPropertySourceBuilder - Loading nacos data, dataId: 'hc-labmon-ms.yaml', group: 'DEFAULT_GROUP'
2022-06-30 11:05:55.114 [restartedMain] INFO  o.s.c.b.c.PropertySourceBootstrapConfiguration - Located property source: CompositePropertySource {name='NACOS', propertySources=[NacosPropertySource {name='hc-labmon-ms-dev.yaml'}, NacosPropertySource {name='hc-labmon-ms.yaml'}]}
2022-06-30 11:05:56.135 [restartedMain] WARN  org.mybatis.spring.mapper.ClassPathMapperScanner - Skipping MapperFactoryBean with name 'monitorequipmentlastdataMapper' and 'com.hc.clickhouse.mapper.MonitorequipmentlastdataMapper' mapperInterface. Bean already defined with the same name!
2022-06-30 11:05:56.136 [restartedMain] WARN  org.mybatis.spring.mapper.ClassPathMapperScanner - Skipping MapperFactoryBean with name 'warningrecordMapper' and 'com.hc.clickhouse.mapper.WarningrecordMapper' mapperInterface. Bean already defined with the same name!
2022-06-30 11:05:56.144 [restartedMain] INFO  o.springframework.cloud.context.scope.GenericScope - BeanFactory id=cd511797-a02b-38c6-91a9-c17caf9cc356
2022-06-30 11:05:56.170 [restartedMain] INFO  o.s.c.s.PostProcessorRegistrationDelegate$BeanPostProcessorChecker - Bean 'org.springframework.transaction.annotation.ProxyTransactionManagementConfiguration' of type [org.springframework.transaction.annotation.ProxyTransactionManagementConfiguration$$EnhancerBySpringCGLIB$$54091455] is not eligible for getting processed by all BeanPostProcessors (for example: not eligible for auto-proxying)
2022-06-30 11:05:56.176 [restartedMain] INFO  o.s.c.s.PostProcessorRegistrationDelegate$BeanPostProcessorChecker - Bean 'spring.datasource.dynamic-com.baomidou.dynamic.datasource.spring.boot.autoconfigure.DynamicDataSourceProperties' of type [com.baomidou.dynamic.datasource.spring.boot.autoconfigure.DynamicDataSourceProperties] is not eligible for getting processed by all BeanPostProcessors (for example: not eligible for auto-proxying)
2022-06-30 11:05:56.176 [restartedMain] INFO  o.s.c.s.PostProcessorRegistrationDelegate$BeanPostProcessorChecker - Bean 'com.baomidou.dynamic.datasource.spring.boot.autoconfigure.DynamicDataSourceAutoConfiguration' of type [com.baomidou.dynamic.datasource.spring.boot.autoconfigure.DynamicDataSourceAutoConfiguration$$EnhancerBySpringCGLIB$$bd978526] is not eligible for getting processed by all BeanPostProcessors (for example: not eligible for auto-proxying)
2022-06-30 11:05:56.179 [restartedMain] INFO  o.s.c.s.PostProcessorRegistrationDelegate$BeanPostProcessorChecker - Bean 'dynamicDataSourceSpelParser' of type [com.baomidou.dynamic.datasource.spel.DynamicDataSourceSpelParser] is not eligible for getting processed by all BeanPostProcessors (for example: not eligible for auto-proxying)
2022-06-30 11:05:56.181 [restartedMain] INFO  o.s.c.s.PostProcessorRegistrationDelegate$BeanPostProcessorChecker - Bean 'dynamicDataSourceSpelResolver' of type [com.baomidou.dynamic.datasource.spel.DefaultDynamicDataSourceSpelResolver] is not eligible for getting processed by all BeanPostProcessors (for example: not eligible for auto-proxying)
2022-06-30 11:05:56.181 [restartedMain] INFO  o.s.c.s.PostProcessorRegistrationDelegate$BeanPostProcessorChecker - Bean 'dynamicDatasourceAnnotationAdvisor' of type [com.baomidou.dynamic.datasource.aop.DynamicDataSourceAnnotationAdvisor] is not eligible for getting processed by all BeanPostProcessors (for example: not eligible for auto-proxying)
2022-06-30 11:05:56.182 [restartedMain] INFO  o.s.c.s.PostProcessorRegistrationDelegate$BeanPostProcessorChecker - Bean 'org.springframework.cloud.autoconfigure.ConfigurationPropertiesRebinderAutoConfiguration' of type [org.springframework.cloud.autoconfigure.ConfigurationPropertiesRebinderAutoConfiguration$$EnhancerBySpringCGLIB$$70231752] is not eligible for getting processed by all BeanPostProcessors (for example: not eligible for auto-proxying)
2022-06-30 11:05:56.276 [restartedMain] INFO  o.s.boot.web.embedded.tomcat.TomcatWebServer - Tomcat initialized with port(s): 10620 (http)
2022-06-30 11:05:56.277 [restartedMain] INFO  org.apache.catalina.core.StandardService - Starting service [Tomcat]
2022-06-30 11:05:56.277 [restartedMain] INFO  org.apache.catalina.core.StandardEngine - Starting Servlet engine: [Apache Tomcat/9.0.22]
2022-06-30 11:05:56.292 [restartedMain] INFO  o.a.c.core.ContainerBase.[Tomcat].[localhost].[/] - Initializing Spring embedded WebApplicationContext
2022-06-30 11:05:56.292 [restartedMain] INFO  org.springframework.web.context.ContextLoader - Root WebApplicationContext: initialization completed in 1170 ms
2022-06-30 11:05:56.335 [restartedMain] INFO  c.b.dynamic.datasource.DynamicRoutingDataSource - 初始共加载 2 个数据源
2022-06-30 11:05:56.335 [restartedMain] INFO  c.b.dynamic.datasource.DynamicRoutingDataSource - 添加数据源 slave 成功
2022-06-30 11:05:56.335 [restartedMain] INFO  c.b.dynamic.datasource.DynamicRoutingDataSource - 添加数据源 master 成功
2022-06-30 11:05:56.335 [restartedMain] INFO  c.b.dynamic.datasource.DynamicRoutingDataSource - 当前的默认数据源是单数据源，数据源名为master
2022-06-30 11:05:56.369 [restartedMain] INFO  com.zaxxer.hikari.HikariDataSource - HikariPool-5 - Starting...
2022-06-30 11:05:56.369 [restartedMain] WARN  com.zaxxer.hikari.util.DriverDataSource - Registered driver with driverClassName=com.mysql.jdbc.Driver was not found, trying direct instantiation.
2022-06-30 11:05:56.386 [restartedMain] INFO  com.zaxxer.hikari.HikariDataSource - HikariPool-5 - Start completed.
2022-06-30 11:05:56.392 [restartedMain] ERROR com.baomidou.mybatisplus.core.MybatisConfiguration - mapper[com.hc.infrastructure.dao.EquipmentInfoDao.getEquipmentInfoByCodeAndTypeId] is ignored, because it exists, maybe from xml file
2022-06-30 11:05:56.509 [restartedMain] WARN  o.s.b.d.autoconfigure.OptionalLiveReloadServer - Unable to start LiveReload server
2022-06-30 11:05:56.789 [restartedMain] WARN  com.netflix.config.sources.URLConfigurationSource - No URLs will be polled as dynamic configuration sources.
2022-06-30 11:05:56.789 [restartedMain] INFO  com.netflix.config.sources.URLConfigurationSource - To enable URLs as dynamic configuration sources, define System property archaius.configurationSource.additionalUrls or make config.properties available on classpath.
2022-06-30 11:05:56.822 [restartedMain] INFO  o.s.scheduling.concurrent.ThreadPoolTaskExecutor - Initializing ExecutorService 'applicationTaskExecutor'
2022-06-30 11:05:56.922 [restartedMain] INFO  com.alibaba.nacos.client.naming - initializer namespace from System Property :null
2022-06-30 11:05:56.922 [restartedMain] INFO  com.alibaba.nacos.client.naming - initializer namespace from System Environment :null
2022-06-30 11:05:56.922 [restartedMain] INFO  com.alibaba.nacos.client.naming - initializer namespace from System Property :null
2022-06-30 11:05:56.927 [restartedMain] INFO  o.s.scheduling.concurrent.ThreadPoolTaskScheduler - Initializing ExecutorService
2022-06-30 11:05:56.937 [restartedMain] INFO  s.d.s.w.PropertySourcedRequestMappingHandlerMapping - Mapped URL path [/v2/api-docs] onto method [public org.springframework.http.ResponseEntity<springfox.documentation.spring.web.json.Json> springfox.documentation.swagger2.web.Swagger2Controller.getDocumentation(java.lang.String,javax.servlet.http.HttpServletRequest)]
2022-06-30 11:05:57.088 [restartedMain] INFO  s.d.s.web.plugins.DocumentationPluginsBootstrapper - Context refreshed
2022-06-30 11:05:57.090 [restartedMain] INFO  s.d.s.web.plugins.DocumentationPluginsBootstrapper - Found 1 custom documentation plugin(s)
2022-06-30 11:05:57.095 [restartedMain] INFO  s.d.spring.web.scanners.ApiListingReferenceScanner - Scanning for api listing references
2022-06-30 11:05:57.147 [restartedMain] INFO  o.s.boot.web.embedded.tomcat.TomcatWebServer - Tomcat started on port(s): 10620 (http) with context path ''
2022-06-30 11:05:57.148 [restartedMain] INFO  com.alibaba.nacos.client.naming - [BEAT] adding beat: {"cluster":"DEFAULT","ip":"172.16.4.2","metadata":{"preserved.register.source":"SPRING_CLOUD"},"period":5000,"port":10620,"scheduled":false,"serviceName":"DEFAULT_GROUP@@HC-LABMON-ms","stopped":false,"weight":1.0} to beat map.
2022-06-30 11:05:57.148 [restartedMain] INFO  com.alibaba.nacos.client.naming - [REGISTER-SERVICE] chenkai registering service DEFAULT_GROUP@@HC-LABMON-ms with instance: {"clusterName":"DEFAULT","enabled":true,"ephemeral":true,"healthy":true,"instanceHeartBeatInterval":5000,"instanceHeartBeatTimeOut":15000,"ip":"172.16.4.2","ipDeleteTimeout":30000,"metadata":{"preserved.register.source":"SPRING_CLOUD"},"port":10620,"weight":1.0}
2022-06-30 11:05:57.150 [restartedMain] INFO  c.a.cloud.nacos.registry.NacosServiceRegistry - nacos registry, HC-LABMON-ms 172.16.4.2:10620 register finished
2022-06-30 11:05:57.191 [restartedMain] INFO  com.alibaba.nacos.client.config.impl.ClientWorker - [fixed-172.16.10.204_8848-chenkai] [subscribe] hc-labmon-ms.yaml+DEFAULT_GROUP+chenkai
2022-06-30 11:05:57.191 [restartedMain] INFO  com.alibaba.nacos.client.config.impl.CacheData - [fixed-172.16.10.204_8848-chenkai] [add-listener] ok, tenant=chenkai, dataId=hc-labmon-ms.yaml, group=DEFAULT_GROUP, cnt=1
2022-06-30 11:05:57.191 [restartedMain] INFO  com.alibaba.nacos.client.config.impl.ClientWorker - [fixed-172.16.10.204_8848-chenkai] [subscribe] hc-labmon-ms-dev.yaml+DEFAULT_GROUP+chenkai
2022-06-30 11:05:57.191 [restartedMain] INFO  com.alibaba.nacos.client.config.impl.CacheData - [fixed-172.16.10.204_8848-chenkai] [add-listener] ok, tenant=chenkai, dataId=hc-labmon-ms-dev.yaml, group=DEFAULT_GROUP, cnt=1
2022-06-30 11:05:57.192 [restartedMain] INFO  o.s.b.d.a.ConditionEvaluationDeltaLoggingListener - Condition evaluation unchanged
2022-06-30 11:11:28.568 [com.alibaba.nacos.client.Worker.longPolling.fixed-172.16.10.204_8848-chenkai] ERROR c.alibaba.nacos.client.config.http.ServerHttpAgent - [NACOS SocketTimeoutException httpPost] currentServerAddr: http://172.16.10.204:8848， err : Read timed out
2022-06-30 11:11:28.569 [com.alibaba.nacos.client.Worker.longPolling.fixed-172.16.10.204_8848-chenkai] ERROR c.alibaba.nacos.client.config.http.ServerHttpAgent - no available server, currentServerAddr : http://172.16.10.204:8848
2022-06-30 11:11:28.569 [com.alibaba.nacos.client.Worker.longPolling.fixed-172.16.10.204_8848-chenkai] ERROR com.alibaba.nacos.client.config.impl.ClientWorker - [fixed-172.16.10.204_8848-chenkai] [check-update] get changed dataId exception
java.net.ConnectException: no available server, currentServerAddr : http://172.16.10.204:8848
	at com.alibaba.nacos.client.config.http.ServerHttpAgent.httpPost(ServerHttpAgent.java:170)
	at com.alibaba.nacos.client.config.http.MetricsHttpAgent.httpPost(MetricsHttpAgent.java:64)
	at com.alibaba.nacos.client.config.impl.ClientWorker.checkUpdateConfigStr(ClientWorker.java:377)
	at com.alibaba.nacos.client.config.impl.ClientWorker.checkUpdateDataIds(ClientWorker.java:352)
	at com.alibaba.nacos.client.config.impl.ClientWorker$LongPollingRunnable.run(ClientWorker.java:512)
	at java.util.concurrent.Executors$RunnableAdapter.call(Executors.java:511)
	at java.util.concurrent.FutureTask.run$$$capture(FutureTask.java:266)
	at java.util.concurrent.FutureTask.run(FutureTask.java)
	at java.util.concurrent.ScheduledThreadPoolExecutor$ScheduledFutureTask.access$201(ScheduledThreadPoolExecutor.java:180)
	at java.util.concurrent.ScheduledThreadPoolExecutor$ScheduledFutureTask.run(ScheduledThreadPoolExecutor.java:293)
	at java.util.concurrent.ThreadPoolExecutor.runWorker(ThreadPoolExecutor.java:1142)
	at java.util.concurrent.ThreadPoolExecutor$Worker.run(ThreadPoolExecutor.java:617)
	at java.lang.Thread.run(Thread.java:748)
2022-06-30 11:11:28.570 [com.alibaba.nacos.client.Worker.longPolling.fixed-172.16.10.204_8848-chenkai] ERROR com.alibaba.nacos.client.config.impl.ClientWorker - longPolling error :
java.net.ConnectException: no available server, currentServerAddr : http://172.16.10.204:8848
	at com.alibaba.nacos.client.config.http.ServerHttpAgent.httpPost(ServerHttpAgent.java:170)
	at com.alibaba.nacos.client.config.http.MetricsHttpAgent.httpPost(MetricsHttpAgent.java:64)
	at com.alibaba.nacos.client.config.impl.ClientWorker.checkUpdateConfigStr(ClientWorker.java:377)
	at com.alibaba.nacos.client.config.impl.ClientWorker.checkUpdateDataIds(ClientWorker.java:352)
	at com.alibaba.nacos.client.config.impl.ClientWorker$LongPollingRunnable.run(ClientWorker.java:512)
	at java.util.concurrent.Executors$RunnableAdapter.call(Executors.java:511)
	at java.util.concurrent.FutureTask.run$$$capture(FutureTask.java:266)
	at java.util.concurrent.FutureTask.run(FutureTask.java)
	at java.util.concurrent.ScheduledThreadPoolExecutor$ScheduledFutureTask.access$201(ScheduledThreadPoolExecutor.java:180)
	at java.util.concurrent.ScheduledThreadPoolExecutor$ScheduledFutureTask.run(ScheduledThreadPoolExecutor.java:293)
	at java.util.concurrent.ThreadPoolExecutor.runWorker(ThreadPoolExecutor.java:1142)
	at java.util.concurrent.ThreadPoolExecutor$Worker.run(ThreadPoolExecutor.java:617)
	at java.lang.Thread.run(Thread.java:748)
2022-06-30 11:11:50.951 [Thread-124] INFO  c.a.cloud.nacos.registry.NacosServiceRegistry - De-registering from Nacos Server now...
2022-06-30 11:11:50.952 [Thread-124] INFO  com.alibaba.nacos.client.naming - [BEAT] removing beat: DEFAULT_GROUP@@HC-LABMON-ms:172.16.4.2:10620 from beat map.
2022-06-30 11:11:50.952 [Thread-124] INFO  com.alibaba.nacos.client.naming - [DEREGISTER-SERVICE] chenkai deregistering service DEFAULT_GROUP@@HC-LABMON-ms with instance: {"clusterName":"DEFAULT","enabled":true,"ephemeral":true,"healthy":true,"instanceHeartBeatInterval":5000,"instanceHeartBeatTimeOut":15000,"ip":"172.16.4.2","ipDeleteTimeout":30000,"metadata":{},"port":10620,"weight":1.0}
2022-06-30 11:11:50.953 [Thread-124] INFO  c.a.cloud.nacos.registry.NacosServiceRegistry - De-registration finished.
2022-06-30 11:11:50.953 [Thread-124] INFO  o.s.scheduling.concurrent.ThreadPoolTaskExecutor - Shutting down ExecutorService 'applicationTaskExecutor'
2022-06-30 15:54:03.396 [restartedMain] INFO  o.s.b.d.env.DevToolsPropertyDefaultsPostProcessor - Devtools property defaults active! Set 'spring.devtools.add-properties' to 'false' to disable
2022-06-30 15:54:03.779 [restartedMain] INFO  o.s.c.s.PostProcessorRegistrationDelegate$BeanPostProcessorChecker - Bean 'org.springframework.cloud.autoconfigure.ConfigurationPropertiesRebinderAutoConfiguration' of type [org.springframework.cloud.autoconfigure.ConfigurationPropertiesRebinderAutoConfiguration$$EnhancerBySpringCGLIB$$1880a226] is not eligible for getting processed by all BeanPostProcessors (for example: not eligible for auto-proxying)
2022-06-30 15:54:04.075 [restartedMain] INFO  c.a.cloud.nacos.client.NacosPropertySourceBuilder - Loading nacos data, dataId: 'hc-labmon-ms.yaml', group: 'DEFAULT_GROUP'
2022-06-30 15:54:04.085 [restartedMain] INFO  o.s.c.b.c.PropertySourceBootstrapConfiguration - Located property source: CompositePropertySource {name='NACOS', propertySources=[NacosPropertySource {name='hc-labmon-ms-dev.yaml'}, NacosPropertySource {name='hc-labmon-ms.yaml'}]}
2022-06-30 15:54:05.796 [restartedMain] WARN  org.mybatis.spring.mapper.ClassPathMapperScanner - Skipping MapperFactoryBean with name 'monitorequipmentlastdataMapper' and 'com.hc.clickhouse.mapper.MonitorequipmentlastdataMapper' mapperInterface. Bean already defined with the same name!
2022-06-30 15:54:05.797 [restartedMain] WARN  org.mybatis.spring.mapper.ClassPathMapperScanner - Skipping MapperFactoryBean with name 'warningrecordMapper' and 'com.hc.clickhouse.mapper.WarningrecordMapper' mapperInterface. Bean already defined with the same name!
2022-06-30 15:54:05.913 [restartedMain] INFO  o.springframework.cloud.context.scope.GenericScope - BeanFactory id=cd511797-a02b-38c6-91a9-c17caf9cc356
2022-06-30 15:54:06.032 [restartedMain] INFO  o.s.c.s.PostProcessorRegistrationDelegate$BeanPostProcessorChecker - Bean 'org.springframework.transaction.annotation.ProxyTransactionManagementConfiguration' of type [org.springframework.transaction.annotation.ProxyTransactionManagementConfiguration$$EnhancerBySpringCGLIB$$fc669f29] is not eligible for getting processed by all BeanPostProcessors (for example: not eligible for auto-proxying)
2022-06-30 15:54:06.084 [restartedMain] INFO  o.s.c.s.PostProcessorRegistrationDelegate$BeanPostProcessorChecker - Bean 'spring.datasource.dynamic-com.baomidou.dynamic.datasource.spring.boot.autoconfigure.DynamicDataSourceProperties' of type [com.baomidou.dynamic.datasource.spring.boot.autoconfigure.DynamicDataSourceProperties] is not eligible for getting processed by all BeanPostProcessors (for example: not eligible for auto-proxying)
2022-06-30 15:54:06.088 [restartedMain] INFO  o.s.c.s.PostProcessorRegistrationDelegate$BeanPostProcessorChecker - Bean 'com.baomidou.dynamic.datasource.spring.boot.autoconfigure.DynamicDataSourceAutoConfiguration' of type [com.baomidou.dynamic.datasource.spring.boot.autoconfigure.DynamicDataSourceAutoConfiguration$$EnhancerBySpringCGLIB$$65f50ffa] is not eligible for getting processed by all BeanPostProcessors (for example: not eligible for auto-proxying)
2022-06-30 15:54:06.107 [restartedMain] INFO  o.s.c.s.PostProcessorRegistrationDelegate$BeanPostProcessorChecker - Bean 'dynamicDataSourceSpelParser' of type [com.baomidou.dynamic.datasource.spel.DynamicDataSourceSpelParser] is not eligible for getting processed by all BeanPostProcessors (for example: not eligible for auto-proxying)
2022-06-30 15:54:06.112 [restartedMain] INFO  o.s.c.s.PostProcessorRegistrationDelegate$BeanPostProcessorChecker - Bean 'dynamicDataSourceSpelResolver' of type [com.baomidou.dynamic.datasource.spel.DefaultDynamicDataSourceSpelResolver] is not eligible for getting processed by all BeanPostProcessors (for example: not eligible for auto-proxying)
2022-06-30 15:54:06.119 [restartedMain] INFO  o.s.c.s.PostProcessorRegistrationDelegate$BeanPostProcessorChecker - Bean 'dynamicDatasourceAnnotationAdvisor' of type [com.baomidou.dynamic.datasource.aop.DynamicDataSourceAnnotationAdvisor] is not eligible for getting processed by all BeanPostProcessors (for example: not eligible for auto-proxying)
2022-06-30 15:54:06.120 [restartedMain] INFO  o.s.c.s.PostProcessorRegistrationDelegate$BeanPostProcessorChecker - Bean 'org.springframework.cloud.autoconfigure.ConfigurationPropertiesRebinderAutoConfiguration' of type [org.springframework.cloud.autoconfigure.ConfigurationPropertiesRebinderAutoConfiguration$$EnhancerBySpringCGLIB$$1880a226] is not eligible for getting processed by all BeanPostProcessors (for example: not eligible for auto-proxying)
2022-06-30 15:54:06.765 [restartedMain] INFO  o.s.boot.web.embedded.tomcat.TomcatWebServer - Tomcat initialized with port(s): 10620 (http)
2022-06-30 15:54:06.799 [restartedMain] INFO  org.apache.catalina.core.StandardService - Starting service [Tomcat]
2022-06-30 15:54:06.800 [restartedMain] INFO  org.apache.catalina.core.StandardEngine - Starting Servlet engine: [Apache Tomcat/9.0.22]
2022-06-30 15:54:06.964 [restartedMain] INFO  o.a.c.core.ContainerBase.[Tomcat].[localhost].[/] - Initializing Spring embedded WebApplicationContext
2022-06-30 15:54:06.965 [restartedMain] INFO  org.springframework.web.context.ContextLoader - Root WebApplicationContext: initialization completed in 2850 ms
2022-06-30 15:54:07.112 [restartedMain] WARN  ru.yandex.clickhouse.ClickHouseDriver - ******************************************************************************************
2022-06-30 15:54:07.112 [restartedMain] WARN  ru.yandex.clickhouse.ClickHouseDriver - * This driver is DEPRECATED. Please use [com.clickhouse.jdbc.ClickHouseDriver] instead.  *
2022-06-30 15:54:07.112 [restartedMain] WARN  ru.yandex.clickhouse.ClickHouseDriver - * Also everything in package [ru.yandex.clickhouse] will be removed starting from 0.4.0. *
2022-06-30 15:54:07.112 [restartedMain] WARN  ru.yandex.clickhouse.ClickHouseDriver - ******************************************************************************************
2022-06-30 15:54:07.114 [restartedMain] INFO  c.b.dynamic.datasource.DynamicRoutingDataSource - 初始共加载 2 个数据源
2022-06-30 15:54:07.114 [restartedMain] INFO  c.b.dynamic.datasource.DynamicRoutingDataSource - 添加数据源 slave 成功
2022-06-30 15:54:07.115 [restartedMain] INFO  c.b.dynamic.datasource.DynamicRoutingDataSource - 添加数据源 master 成功
2022-06-30 15:54:07.115 [restartedMain] INFO  c.b.dynamic.datasource.DynamicRoutingDataSource - 当前的默认数据源是单数据源，数据源名为master
2022-06-30 15:54:07.252 [restartedMain] INFO  com.zaxxer.hikari.HikariDataSource - HikariPool-1 - Starting...
2022-06-30 15:54:07.253 [restartedMain] WARN  com.zaxxer.hikari.util.DriverDataSource - Registered driver with driverClassName=com.mysql.jdbc.Driver was not found, trying direct instantiation.
2022-06-30 15:54:07.395 [restartedMain] INFO  com.zaxxer.hikari.HikariDataSource - HikariPool-1 - Start completed.
2022-06-30 15:54:07.590 [restartedMain] ERROR com.baomidou.mybatisplus.core.MybatisConfiguration - mapper[com.hc.infrastructure.dao.EquipmentInfoDao.getEquipmentInfoByCodeAndTypeId] is ignored, because it exists, maybe from xml file
2022-06-30 15:54:08.215 [restartedMain] WARN  o.s.b.d.autoconfigure.OptionalLiveReloadServer - Unable to start LiveReload server
2022-06-30 15:54:09.936 [restartedMain] WARN  com.netflix.config.sources.URLConfigurationSource - No URLs will be polled as dynamic configuration sources.
2022-06-30 15:54:09.936 [restartedMain] INFO  com.netflix.config.sources.URLConfigurationSource - To enable URLs as dynamic configuration sources, define System property archaius.configurationSource.additionalUrls or make config.properties available on classpath.
2022-06-30 15:54:09.943 [restartedMain] WARN  com.netflix.config.sources.URLConfigurationSource - No URLs will be polled as dynamic configuration sources.
2022-06-30 15:54:09.943 [restartedMain] INFO  com.netflix.config.sources.URLConfigurationSource - To enable URLs as dynamic configuration sources, define System property archaius.configurationSource.additionalUrls or make config.properties available on classpath.
2022-06-30 15:54:10.352 [restartedMain] INFO  o.s.scheduling.concurrent.ThreadPoolTaskExecutor - Initializing ExecutorService 'applicationTaskExecutor'
2022-06-30 15:54:10.952 [restartedMain] INFO  o.s.scheduling.concurrent.ThreadPoolTaskScheduler - Initializing ExecutorService
2022-06-30 15:54:11.063 [restartedMain] INFO  s.d.s.w.PropertySourcedRequestMappingHandlerMapping - Mapped URL path [/v2/api-docs] onto method [public org.springframework.http.ResponseEntity<springfox.documentation.spring.web.json.Json> springfox.documentation.swagger2.web.Swagger2Controller.getDocumentation(java.lang.String,javax.servlet.http.HttpServletRequest)]
2022-06-30 15:54:12.594 [restartedMain] INFO  s.d.s.web.plugins.DocumentationPluginsBootstrapper - Context refreshed
2022-06-30 15:54:12.640 [restartedMain] INFO  s.d.s.web.plugins.DocumentationPluginsBootstrapper - Found 1 custom documentation plugin(s)
2022-06-30 15:54:12.698 [restartedMain] INFO  s.d.spring.web.scanners.ApiListingReferenceScanner - Scanning for api listing references
2022-06-30 15:54:13.184 [restartedMain] INFO  o.s.boot.web.embedded.tomcat.TomcatWebServer - Tomcat started on port(s): 10620 (http) with context path ''
2022-06-30 15:54:13.311 [restartedMain] INFO  c.a.cloud.nacos.registry.NacosServiceRegistry - nacos registry, HC-LABMON-ms 172.16.4.2:10620 register finished
2022-06-30 18:53:04.460 [HikariPool-1 housekeeper] WARN  com.zaxxer.hikari.pool.HikariPool - HikariPool-1 - Thread starvation or clock leap detected (housekeeper delta=12m56s444ms879µs100ns).
2022-06-30 20:31:34.892 [Thread-38] INFO  c.a.cloud.nacos.registry.NacosServiceRegistry - De-registering from Nacos Server now...
2022-06-30 20:31:34.921 [Thread-38] INFO  c.a.cloud.nacos.registry.NacosServiceRegistry - De-registration finished.
2022-06-30 20:31:34.923 [Thread-38] INFO  o.s.scheduling.concurrent.ThreadPoolTaskExecutor - Shutting down ExecutorService 'applicationTaskExecutor'
