2022-06-13 15:32:35.998 [restartedMain] INFO  o.s.b.d.env.DevToolsPropertyDefaultsPostProcessor - Devtools property defaults active! Set 'spring.devtools.add-properties' to 'false' to disable
2022-06-13 15:32:36.329 [restartedMain] INFO  o.s.c.s.PostProcessorRegistrationDelegate$BeanPostProcessorChecker - Bean 'org.springframework.cloud.autoconfigure.ConfigurationPropertiesRebinderAutoConfiguration' of type [org.springframework.cloud.autoconfigure.ConfigurationPropertiesRebinderAutoConfiguration$$EnhancerBySpringCGLIB$$44098361] is not eligible for getting processed by all BeanPostProcessors (for example: not eligible for auto-proxying)
2022-06-13 15:32:36.645 [restartedMain] INFO  c.a.cloud.nacos.client.NacosPropertySourceBuilder - Loading nacos data, dataId: 'hc-labredis-ms.yaml', group: 'DEFAULT_GROUP'
2022-06-13 15:32:36.653 [restartedMain] INFO  o.s.c.b.c.PropertySourceBootstrapConfiguration - Located property source: CompositePropertySource {name='NACOS', propertySources=[NacosPropertySource {name='hc-labredis-ms-dev.yaml'}, NacosPropertySource {name='hc-labredis-ms.yaml'}]}
2022-06-13 15:32:37.780 [restartedMain] INFO  o.s.d.r.config.RepositoryConfigurationDelegate - Multiple Spring Data modules found, entering strict repository configuration mode!
2022-06-13 15:32:37.782 [restartedMain] INFO  o.s.d.r.config.RepositoryConfigurationDelegate - Bootstrapping Spring Data repositories in DEFAULT mode.
2022-06-13 15:32:37.814 [restartedMain] INFO  o.s.d.r.config.RepositoryConfigurationDelegate - Finished Spring Data repository scanning in 20ms. Found 0 repository interfaces.
2022-06-13 15:32:38.023 [restartedMain] INFO  o.springframework.cloud.context.scope.GenericScope - BeanFactory id=36fd6d9e-4f01-31ab-84cf-a31ba731df2d
2022-06-13 15:32:38.095 [restartedMain] INFO  o.s.c.s.PostProcessorRegistrationDelegate$BeanPostProcessorChecker - Bean 'org.springframework.cloud.autoconfigure.ConfigurationPropertiesRebinderAutoConfiguration' of type [org.springframework.cloud.autoconfigure.ConfigurationPropertiesRebinderAutoConfiguration$$EnhancerBySpringCGLIB$$44098361] is not eligible for getting processed by all BeanPostProcessors (for example: not eligible for auto-proxying)
2022-06-13 15:32:38.505 [restartedMain] INFO  o.s.boot.web.embedded.tomcat.TomcatWebServer - Tomcat initialized with port(s): 10619 (http)
2022-06-13 15:32:38.525 [restartedMain] INFO  org.apache.catalina.core.StandardService - Starting service [Tomcat]
2022-06-13 15:32:38.525 [restartedMain] INFO  org.apache.catalina.core.StandardEngine - Starting Servlet engine: [Apache Tomcat/9.0.22]
2022-06-13 15:32:38.626 [restartedMain] INFO  o.a.c.core.ContainerBase.[Tomcat].[localhost].[/] - Initializing Spring embedded WebApplicationContext
2022-06-13 15:32:38.626 [restartedMain] INFO  org.springframework.web.context.ContextLoader - Root WebApplicationContext: initialization completed in 1954 ms
2022-06-13 15:32:38.819 [restartedMain] INFO  o.s.scheduling.concurrent.ThreadPoolTaskExecutor - Initializing ExecutorService
2022-06-13 15:32:38.960 [restartedMain] WARN  o.s.b.d.autoconfigure.OptionalLiveReloadServer - Unable to start LiveReload server
2022-06-13 15:32:39.220 [restartedMain] WARN  com.netflix.config.sources.URLConfigurationSource - No URLs will be polled as dynamic configuration sources.
2022-06-13 15:32:39.221 [restartedMain] INFO  com.netflix.config.sources.URLConfigurationSource - To enable URLs as dynamic configuration sources, define System property archaius.configurationSource.additionalUrls or make config.properties available on classpath.
2022-06-13 15:32:39.224 [restartedMain] WARN  com.netflix.config.sources.URLConfigurationSource - No URLs will be polled as dynamic configuration sources.
2022-06-13 15:32:39.224 [restartedMain] INFO  com.netflix.config.sources.URLConfigurationSource - To enable URLs as dynamic configuration sources, define System property archaius.configurationSource.additionalUrls or make config.properties available on classpath.
2022-06-13 15:32:39.333 [restartedMain] INFO  o.s.scheduling.concurrent.ThreadPoolTaskExecutor - Initializing ExecutorService 'applicationTaskExecutor'
2022-06-13 15:32:39.477 [restartedMain] INFO  o.s.scheduling.concurrent.ThreadPoolTaskScheduler - Initializing ExecutorService
2022-06-13 15:32:39.500 [restartedMain] INFO  s.d.s.w.PropertySourcedRequestMappingHandlerMapping - Mapped URL path [/v2/api-docs] onto method [public org.springframework.http.ResponseEntity<springfox.documentation.spring.web.json.Json> springfox.documentation.swagger2.web.Swagger2Controller.getDocumentation(java.lang.String,javax.servlet.http.HttpServletRequest)]
2022-06-13 15:32:39.840 [restartedMain] INFO  s.d.s.web.plugins.DocumentationPluginsBootstrapper - Context refreshed
2022-06-13 15:32:39.853 [restartedMain] INFO  s.d.s.web.plugins.DocumentationPluginsBootstrapper - Found 1 custom documentation plugin(s)
2022-06-13 15:32:39.900 [restartedMain] INFO  s.d.spring.web.scanners.ApiListingReferenceScanner - Scanning for api listing references
2022-06-13 15:32:40.145 [restartedMain] INFO  o.s.boot.web.embedded.tomcat.TomcatWebServer - Tomcat started on port(s): 10619 (http) with context path ''
2022-06-13 15:32:40.181 [restartedMain] INFO  c.a.cloud.nacos.registry.NacosServiceRegistry - nacos registry, HC-LABREDIS-ms 172.16.4.2:10619 register finished
2022-06-13 15:32:50.420 [http-nio-10619-exec-1] INFO  o.a.c.core.ContainerBase.[Tomcat].[localhost].[/] - Initializing Spring DispatcherServlet 'dispatcherServlet'
2022-06-13 15:32:50.420 [http-nio-10619-exec-1] INFO  org.springframework.web.servlet.DispatcherServlet - Initializing Servlet 'dispatcherServlet'
2022-06-13 15:32:50.426 [http-nio-10619-exec-1] INFO  org.springframework.web.servlet.DispatcherServlet - Completed initialization in 6 ms
2022-06-13 15:32:50.532 [http-nio-10619-exec-1] INFO  io.lettuce.core.EpollProvider - Starting without optional epoll library
2022-06-13 15:32:50.533 [http-nio-10619-exec-1] INFO  io.lettuce.core.KqueueProvider - Starting without optional kqueue library
2022-06-13 16:01:41.818 [Thread-28] INFO  c.a.cloud.nacos.registry.NacosServiceRegistry - De-registering from Nacos Server now...
2022-06-13 16:01:41.820 [Thread-28] INFO  c.a.cloud.nacos.registry.NacosServiceRegistry - De-registration finished.
2022-06-13 16:01:41.821 [Thread-28] INFO  o.s.scheduling.concurrent.ThreadPoolTaskExecutor - Shutting down ExecutorService 'applicationTaskExecutor'
2022-06-13 16:01:43.086 [Thread-28] INFO  o.s.scheduling.concurrent.ThreadPoolTaskExecutor - Shutting down ExecutorService
2022-06-13 16:01:47.841 [restartedMain] INFO  o.s.b.d.env.DevToolsPropertyDefaultsPostProcessor - Devtools property defaults active! Set 'spring.devtools.add-properties' to 'false' to disable
2022-06-13 16:01:48.049 [restartedMain] INFO  o.s.c.s.PostProcessorRegistrationDelegate$BeanPostProcessorChecker - Bean 'org.springframework.cloud.autoconfigure.ConfigurationPropertiesRebinderAutoConfiguration' of type [org.springframework.cloud.autoconfigure.ConfigurationPropertiesRebinderAutoConfiguration$$EnhancerBySpringCGLIB$$974060d] is not eligible for getting processed by all BeanPostProcessors (for example: not eligible for auto-proxying)
2022-06-13 16:01:48.247 [restartedMain] INFO  c.a.cloud.nacos.client.NacosPropertySourceBuilder - Loading nacos data, dataId: 'hc-labredis-ms.yaml', group: 'DEFAULT_GROUP'
2022-06-13 16:01:48.254 [restartedMain] INFO  o.s.c.b.c.PropertySourceBootstrapConfiguration - Located property source: CompositePropertySource {name='NACOS', propertySources=[NacosPropertySource {name='hc-labredis-ms-dev.yaml'}, NacosPropertySource {name='hc-labredis-ms.yaml'}]}
2022-06-13 16:01:49.247 [restartedMain] INFO  o.s.d.r.config.RepositoryConfigurationDelegate - Multiple Spring Data modules found, entering strict repository configuration mode!
2022-06-13 16:01:49.248 [restartedMain] INFO  o.s.d.r.config.RepositoryConfigurationDelegate - Bootstrapping Spring Data repositories in DEFAULT mode.
2022-06-13 16:01:49.274 [restartedMain] INFO  o.s.d.r.config.RepositoryConfigurationDelegate - Finished Spring Data repository scanning in 18ms. Found 0 repository interfaces.
2022-06-13 16:01:49.453 [restartedMain] INFO  o.springframework.cloud.context.scope.GenericScope - BeanFactory id=36fd6d9e-4f01-31ab-84cf-a31ba731df2d
2022-06-13 16:01:49.515 [restartedMain] INFO  o.s.c.s.PostProcessorRegistrationDelegate$BeanPostProcessorChecker - Bean 'org.springframework.cloud.autoconfigure.ConfigurationPropertiesRebinderAutoConfiguration' of type [org.springframework.cloud.autoconfigure.ConfigurationPropertiesRebinderAutoConfiguration$$EnhancerBySpringCGLIB$$974060d] is not eligible for getting processed by all BeanPostProcessors (for example: not eligible for auto-proxying)
2022-06-13 16:01:49.870 [restartedMain] INFO  o.s.boot.web.embedded.tomcat.TomcatWebServer - Tomcat initialized with port(s): 10619 (http)
2022-06-13 16:01:49.888 [restartedMain] INFO  org.apache.catalina.core.StandardService - Starting service [Tomcat]
2022-06-13 16:01:49.888 [restartedMain] INFO  org.apache.catalina.core.StandardEngine - Starting Servlet engine: [Apache Tomcat/9.0.22]
2022-06-13 16:01:49.982 [restartedMain] INFO  o.a.c.core.ContainerBase.[Tomcat].[localhost].[/] - Initializing Spring embedded WebApplicationContext
2022-06-13 16:01:49.982 [restartedMain] INFO  org.springframework.web.context.ContextLoader - Root WebApplicationContext: initialization completed in 1713 ms
2022-06-13 16:01:50.150 [restartedMain] INFO  o.s.scheduling.concurrent.ThreadPoolTaskExecutor - Initializing ExecutorService
2022-06-13 16:01:50.282 [restartedMain] WARN  o.s.b.d.autoconfigure.OptionalLiveReloadServer - Unable to start LiveReload server
2022-06-13 16:01:50.526 [restartedMain] WARN  com.netflix.config.sources.URLConfigurationSource - No URLs will be polled as dynamic configuration sources.
2022-06-13 16:01:50.526 [restartedMain] INFO  com.netflix.config.sources.URLConfigurationSource - To enable URLs as dynamic configuration sources, define System property archaius.configurationSource.additionalUrls or make config.properties available on classpath.
2022-06-13 16:01:50.529 [restartedMain] WARN  com.netflix.config.sources.URLConfigurationSource - No URLs will be polled as dynamic configuration sources.
2022-06-13 16:01:50.529 [restartedMain] INFO  com.netflix.config.sources.URLConfigurationSource - To enable URLs as dynamic configuration sources, define System property archaius.configurationSource.additionalUrls or make config.properties available on classpath.
2022-06-13 16:01:50.633 [restartedMain] INFO  o.s.scheduling.concurrent.ThreadPoolTaskExecutor - Initializing ExecutorService 'applicationTaskExecutor'
2022-06-13 16:01:50.765 [restartedMain] INFO  o.s.scheduling.concurrent.ThreadPoolTaskScheduler - Initializing ExecutorService
2022-06-13 16:01:50.785 [restartedMain] INFO  s.d.s.w.PropertySourcedRequestMappingHandlerMapping - Mapped URL path [/v2/api-docs] onto method [public org.springframework.http.ResponseEntity<springfox.documentation.spring.web.json.Json> springfox.documentation.swagger2.web.Swagger2Controller.getDocumentation(java.lang.String,javax.servlet.http.HttpServletRequest)]
2022-06-13 16:01:51.094 [restartedMain] INFO  s.d.s.web.plugins.DocumentationPluginsBootstrapper - Context refreshed
2022-06-13 16:01:51.107 [restartedMain] INFO  s.d.s.web.plugins.DocumentationPluginsBootstrapper - Found 1 custom documentation plugin(s)
2022-06-13 16:01:51.151 [restartedMain] INFO  s.d.spring.web.scanners.ApiListingReferenceScanner - Scanning for api listing references
2022-06-13 16:01:51.353 [restartedMain] INFO  o.s.boot.web.embedded.tomcat.TomcatWebServer - Tomcat started on port(s): 10619 (http) with context path ''
2022-06-13 16:01:51.378 [restartedMain] INFO  c.a.cloud.nacos.registry.NacosServiceRegistry - nacos registry, HC-LABREDIS-ms 172.16.4.2:10619 register finished
2022-06-13 16:02:18.365 [http-nio-10619-exec-1] INFO  o.a.c.core.ContainerBase.[Tomcat].[localhost].[/] - Initializing Spring DispatcherServlet 'dispatcherServlet'
2022-06-13 16:02:18.365 [http-nio-10619-exec-1] INFO  org.springframework.web.servlet.DispatcherServlet - Initializing Servlet 'dispatcherServlet'
2022-06-13 16:02:18.370 [http-nio-10619-exec-1] INFO  org.springframework.web.servlet.DispatcherServlet - Completed initialization in 5 ms
2022-06-13 16:02:18.459 [http-nio-10619-exec-1] INFO  io.lettuce.core.EpollProvider - Starting without optional epoll library
2022-06-13 16:02:18.460 [http-nio-10619-exec-1] INFO  io.lettuce.core.KqueueProvider - Starting without optional kqueue library
2022-06-13 16:04:09.544 [Thread-25] INFO  c.a.cloud.nacos.registry.NacosServiceRegistry - De-registering from Nacos Server now...
2022-06-13 16:04:09.546 [Thread-25] INFO  c.a.cloud.nacos.registry.NacosServiceRegistry - De-registration finished.
2022-06-13 16:04:09.547 [Thread-25] INFO  o.s.scheduling.concurrent.ThreadPoolTaskExecutor - Shutting down ExecutorService 'applicationTaskExecutor'
2022-06-13 16:04:10.691 [Thread-25] INFO  o.s.scheduling.concurrent.ThreadPoolTaskExecutor - Shutting down ExecutorService
2022-06-13 16:04:15.687 [restartedMain] INFO  o.s.b.d.env.DevToolsPropertyDefaultsPostProcessor - Devtools property defaults active! Set 'spring.devtools.add-properties' to 'false' to disable
2022-06-13 16:04:15.906 [restartedMain] INFO  o.s.c.s.PostProcessorRegistrationDelegate$BeanPostProcessorChecker - Bean 'org.springframework.cloud.autoconfigure.ConfigurationPropertiesRebinderAutoConfiguration' of type [org.springframework.cloud.autoconfigure.ConfigurationPropertiesRebinderAutoConfiguration$$EnhancerBySpringCGLIB$$6bfa5981] is not eligible for getting processed by all BeanPostProcessors (for example: not eligible for auto-proxying)
2022-06-13 16:04:16.099 [restartedMain] INFO  c.a.cloud.nacos.client.NacosPropertySourceBuilder - Loading nacos data, dataId: 'hc-labredis-ms.yaml', group: 'DEFAULT_GROUP'
2022-06-13 16:04:16.106 [restartedMain] INFO  o.s.c.b.c.PropertySourceBootstrapConfiguration - Located property source: CompositePropertySource {name='NACOS', propertySources=[NacosPropertySource {name='hc-labredis-ms-dev.yaml'}, NacosPropertySource {name='hc-labredis-ms.yaml'}]}
2022-06-13 16:04:17.129 [restartedMain] INFO  o.s.d.r.config.RepositoryConfigurationDelegate - Multiple Spring Data modules found, entering strict repository configuration mode!
2022-06-13 16:04:17.130 [restartedMain] INFO  o.s.d.r.config.RepositoryConfigurationDelegate - Bootstrapping Spring Data repositories in DEFAULT mode.
2022-06-13 16:04:17.156 [restartedMain] INFO  o.s.d.r.config.RepositoryConfigurationDelegate - Finished Spring Data repository scanning in 18ms. Found 0 repository interfaces.
2022-06-13 16:04:17.335 [restartedMain] INFO  o.springframework.cloud.context.scope.GenericScope - BeanFactory id=36fd6d9e-4f01-31ab-84cf-a31ba731df2d
2022-06-13 16:04:17.397 [restartedMain] INFO  o.s.c.s.PostProcessorRegistrationDelegate$BeanPostProcessorChecker - Bean 'org.springframework.cloud.autoconfigure.ConfigurationPropertiesRebinderAutoConfiguration' of type [org.springframework.cloud.autoconfigure.ConfigurationPropertiesRebinderAutoConfiguration$$EnhancerBySpringCGLIB$$6bfa5981] is not eligible for getting processed by all BeanPostProcessors (for example: not eligible for auto-proxying)
2022-06-13 16:04:17.751 [restartedMain] INFO  o.s.boot.web.embedded.tomcat.TomcatWebServer - Tomcat initialized with port(s): 10619 (http)
2022-06-13 16:04:17.769 [restartedMain] INFO  org.apache.catalina.core.StandardService - Starting service [Tomcat]
2022-06-13 16:04:17.769 [restartedMain] INFO  org.apache.catalina.core.StandardEngine - Starting Servlet engine: [Apache Tomcat/9.0.22]
2022-06-13 16:04:17.883 [restartedMain] INFO  o.a.c.core.ContainerBase.[Tomcat].[localhost].[/] - Initializing Spring embedded WebApplicationContext
2022-06-13 16:04:17.883 [restartedMain] INFO  org.springframework.web.context.ContextLoader - Root WebApplicationContext: initialization completed in 1762 ms
2022-06-13 16:04:18.050 [restartedMain] INFO  o.s.scheduling.concurrent.ThreadPoolTaskExecutor - Initializing ExecutorService
2022-06-13 16:04:18.184 [restartedMain] WARN  o.s.b.d.autoconfigure.OptionalLiveReloadServer - Unable to start LiveReload server
2022-06-13 16:04:18.432 [restartedMain] WARN  com.netflix.config.sources.URLConfigurationSource - No URLs will be polled as dynamic configuration sources.
2022-06-13 16:04:18.432 [restartedMain] INFO  com.netflix.config.sources.URLConfigurationSource - To enable URLs as dynamic configuration sources, define System property archaius.configurationSource.additionalUrls or make config.properties available on classpath.
2022-06-13 16:04:18.435 [restartedMain] WARN  com.netflix.config.sources.URLConfigurationSource - No URLs will be polled as dynamic configuration sources.
2022-06-13 16:04:18.435 [restartedMain] INFO  com.netflix.config.sources.URLConfigurationSource - To enable URLs as dynamic configuration sources, define System property archaius.configurationSource.additionalUrls or make config.properties available on classpath.
2022-06-13 16:04:18.540 [restartedMain] INFO  o.s.scheduling.concurrent.ThreadPoolTaskExecutor - Initializing ExecutorService 'applicationTaskExecutor'
2022-06-13 16:04:18.672 [restartedMain] INFO  o.s.scheduling.concurrent.ThreadPoolTaskScheduler - Initializing ExecutorService
2022-06-13 16:04:18.691 [restartedMain] INFO  s.d.s.w.PropertySourcedRequestMappingHandlerMapping - Mapped URL path [/v2/api-docs] onto method [public org.springframework.http.ResponseEntity<springfox.documentation.spring.web.json.Json> springfox.documentation.swagger2.web.Swagger2Controller.getDocumentation(java.lang.String,javax.servlet.http.HttpServletRequest)]
2022-06-13 16:04:19.002 [restartedMain] INFO  s.d.s.web.plugins.DocumentationPluginsBootstrapper - Context refreshed
2022-06-13 16:04:19.016 [restartedMain] INFO  s.d.s.web.plugins.DocumentationPluginsBootstrapper - Found 1 custom documentation plugin(s)
2022-06-13 16:04:19.042 [restartedMain] INFO  s.d.spring.web.scanners.ApiListingReferenceScanner - Scanning for api listing references
2022-06-13 16:04:19.262 [restartedMain] INFO  o.s.boot.web.embedded.tomcat.TomcatWebServer - Tomcat started on port(s): 10619 (http) with context path ''
2022-06-13 16:04:19.288 [restartedMain] INFO  c.a.cloud.nacos.registry.NacosServiceRegistry - nacos registry, HC-LABREDIS-ms 172.16.4.2:10619 register finished
2022-06-13 16:04:48.627 [http-nio-10619-exec-1] INFO  o.a.c.core.ContainerBase.[Tomcat].[localhost].[/] - Initializing Spring DispatcherServlet 'dispatcherServlet'
2022-06-13 16:04:48.627 [http-nio-10619-exec-1] INFO  org.springframework.web.servlet.DispatcherServlet - Initializing Servlet 'dispatcherServlet'
2022-06-13 16:04:48.632 [http-nio-10619-exec-1] INFO  org.springframework.web.servlet.DispatcherServlet - Completed initialization in 5 ms
2022-06-13 16:04:48.720 [http-nio-10619-exec-1] INFO  io.lettuce.core.EpollProvider - Starting without optional epoll library
2022-06-13 16:04:48.721 [http-nio-10619-exec-1] INFO  io.lettuce.core.KqueueProvider - Starting without optional kqueue library
