2022-06-23 09:22:00.333 [restartedMain] INFO  o.s.b.d.env.DevToolsPropertyDefaultsPostProcessor - Devtools property defaults active! Set 'spring.devtools.add-properties' to 'false' to disable
2022-06-23 09:22:00.626 [restartedMain] INFO  o.s.c.s.PostProcessorRegistrationDelegate$BeanPostProcessorChecker - Bean 'org.springframework.cloud.autoconfigure.ConfigurationPropertiesRebinderAutoConfiguration' of type [org.springframework.cloud.autoconfigure.ConfigurationPropertiesRebinderAutoConfiguration$$EnhancerBySpringCGLIB$$37a6b37] is not eligible for getting processed by all BeanPostProcessors (for example: not eligible for auto-proxying)
2022-06-23 09:22:01.055 [restartedMain] INFO  c.a.cloud.nacos.client.NacosPropertySourceBuilder - Loading nacos data, dataId: 'hc-labredis-ms.yaml', group: 'DEFAULT_GROUP'
2022-06-23 09:22:01.062 [restartedMain] INFO  o.s.c.b.c.PropertySourceBootstrapConfiguration - Located property source: CompositePropertySource {name='NACOS', propertySources=[NacosPropertySource {name='hc-labredis-ms-dev.yaml'}, NacosPropertySource {name='hc-labredis-ms.yaml'}]}
2022-06-23 09:22:02.869 [restartedMain] INFO  o.s.d.r.config.RepositoryConfigurationDelegate - Multiple Spring Data modules found, entering strict repository configuration mode!
2022-06-23 09:22:02.873 [restartedMain] INFO  o.s.d.r.config.RepositoryConfigurationDelegate - Bootstrapping Spring Data repositories in DEFAULT mode.
2022-06-23 09:22:02.923 [restartedMain] INFO  o.s.d.r.config.RepositoryConfigurationDelegate - Finished Spring Data repository scanning in 31ms. Found 0 repository interfaces.
2022-06-23 09:22:03.259 [restartedMain] INFO  o.springframework.cloud.context.scope.GenericScope - BeanFactory id=36fd6d9e-4f01-31ab-84cf-a31ba731df2d
2022-06-23 09:22:03.380 [restartedMain] INFO  o.s.c.s.PostProcessorRegistrationDelegate$BeanPostProcessorChecker - Bean 'org.springframework.cloud.autoconfigure.ConfigurationPropertiesRebinderAutoConfiguration' of type [org.springframework.cloud.autoconfigure.ConfigurationPropertiesRebinderAutoConfiguration$$EnhancerBySpringCGLIB$$37a6b37] is not eligible for getting processed by all BeanPostProcessors (for example: not eligible for auto-proxying)
2022-06-23 09:22:04.045 [restartedMain] INFO  o.s.boot.web.embedded.tomcat.TomcatWebServer - Tomcat initialized with port(s): 10619 (http)
2022-06-23 09:22:04.073 [restartedMain] INFO  org.apache.catalina.core.StandardService - Starting service [Tomcat]
2022-06-23 09:22:04.074 [restartedMain] INFO  org.apache.catalina.core.StandardEngine - Starting Servlet engine: [Apache Tomcat/9.0.22]
2022-06-23 09:22:04.222 [restartedMain] INFO  o.a.c.core.ContainerBase.[Tomcat].[localhost].[/] - Initializing Spring embedded WebApplicationContext
2022-06-23 09:22:04.223 [restartedMain] INFO  org.springframework.web.context.ContextLoader - Root WebApplicationContext: initialization completed in 3142 ms
2022-06-23 09:22:04.502 [restartedMain] INFO  o.s.scheduling.concurrent.ThreadPoolTaskExecutor - Initializing ExecutorService
2022-06-23 09:22:04.731 [restartedMain] WARN  o.s.b.d.autoconfigure.OptionalLiveReloadServer - Unable to start LiveReload server
2022-06-23 09:22:05.321 [restartedMain] WARN  com.netflix.config.sources.URLConfigurationSource - No URLs will be polled as dynamic configuration sources.
2022-06-23 09:22:05.322 [restartedMain] INFO  com.netflix.config.sources.URLConfigurationSource - To enable URLs as dynamic configuration sources, define System property archaius.configurationSource.additionalUrls or make config.properties available on classpath.
2022-06-23 09:22:05.333 [restartedMain] WARN  com.netflix.config.sources.URLConfigurationSource - No URLs will be polled as dynamic configuration sources.
2022-06-23 09:22:05.333 [restartedMain] INFO  com.netflix.config.sources.URLConfigurationSource - To enable URLs as dynamic configuration sources, define System property archaius.configurationSource.additionalUrls or make config.properties available on classpath.
2022-06-23 09:22:05.628 [restartedMain] INFO  o.s.scheduling.concurrent.ThreadPoolTaskExecutor - Initializing ExecutorService 'applicationTaskExecutor'
2022-06-23 09:22:05.958 [restartedMain] INFO  o.s.scheduling.concurrent.ThreadPoolTaskScheduler - Initializing ExecutorService
2022-06-23 09:22:06.009 [restartedMain] INFO  s.d.s.w.PropertySourcedRequestMappingHandlerMapping - Mapped URL path [/v2/api-docs] onto method [public org.springframework.http.ResponseEntity<springfox.documentation.spring.web.json.Json> springfox.documentation.swagger2.web.Swagger2Controller.getDocumentation(java.lang.String,javax.servlet.http.HttpServletRequest)]
2022-06-23 09:22:06.764 [restartedMain] INFO  s.d.s.web.plugins.DocumentationPluginsBootstrapper - Context refreshed
2022-06-23 09:22:06.785 [restartedMain] INFO  s.d.s.web.plugins.DocumentationPluginsBootstrapper - Found 1 custom documentation plugin(s)
2022-06-23 09:22:06.821 [restartedMain] INFO  s.d.spring.web.scanners.ApiListingReferenceScanner - Scanning for api listing references
2022-06-23 09:22:07.197 [restartedMain] INFO  o.s.boot.web.embedded.tomcat.TomcatWebServer - Tomcat started on port(s): 10619 (http) with context path ''
2022-06-23 09:22:07.242 [restartedMain] INFO  c.a.cloud.nacos.registry.NacosServiceRegistry - nacos registry, HC-LABREDIS-ms 172.16.4.2:10619 register finished
2022-06-23 09:35:06.418 [Thread-33] INFO  c.a.cloud.nacos.registry.NacosServiceRegistry - De-registering from Nacos Server now...
2022-06-23 09:35:06.421 [Thread-33] INFO  c.a.cloud.nacos.registry.NacosServiceRegistry - De-registration finished.
2022-06-23 09:35:06.421 [Thread-33] INFO  o.s.scheduling.concurrent.ThreadPoolTaskExecutor - Shutting down ExecutorService 'applicationTaskExecutor'
2022-06-23 09:35:06.436 [Thread-33] INFO  o.s.scheduling.concurrent.ThreadPoolTaskExecutor - Shutting down ExecutorService
2022-06-23 09:35:14.738 [restartedMain] INFO  o.s.b.d.env.DevToolsPropertyDefaultsPostProcessor - Devtools property defaults active! Set 'spring.devtools.add-properties' to 'false' to disable
2022-06-23 09:35:15.067 [restartedMain] INFO  o.s.c.s.PostProcessorRegistrationDelegate$BeanPostProcessorChecker - Bean 'org.springframework.cloud.autoconfigure.ConfigurationPropertiesRebinderAutoConfiguration' of type [org.springframework.cloud.autoconfigure.ConfigurationPropertiesRebinderAutoConfiguration$$EnhancerBySpringCGLIB$$ea39b7a8] is not eligible for getting processed by all BeanPostProcessors (for example: not eligible for auto-proxying)
2022-06-23 09:35:15.331 [restartedMain] INFO  c.a.cloud.nacos.client.NacosPropertySourceBuilder - Loading nacos data, dataId: 'hc-labredis-ms.yaml', group: 'DEFAULT_GROUP'
2022-06-23 09:35:15.342 [restartedMain] INFO  o.s.c.b.c.PropertySourceBootstrapConfiguration - Located property source: CompositePropertySource {name='NACOS', propertySources=[NacosPropertySource {name='hc-labredis-ms-dev.yaml'}, NacosPropertySource {name='hc-labredis-ms.yaml'}]}
2022-06-23 09:35:16.854 [restartedMain] INFO  o.s.d.r.config.RepositoryConfigurationDelegate - Multiple Spring Data modules found, entering strict repository configuration mode!
2022-06-23 09:35:16.857 [restartedMain] INFO  o.s.d.r.config.RepositoryConfigurationDelegate - Bootstrapping Spring Data repositories in DEFAULT mode.
2022-06-23 09:35:16.908 [restartedMain] INFO  o.s.d.r.config.RepositoryConfigurationDelegate - Finished Spring Data repository scanning in 35ms. Found 0 repository interfaces.
2022-06-23 09:35:17.222 [restartedMain] INFO  o.springframework.cloud.context.scope.GenericScope - BeanFactory id=36fd6d9e-4f01-31ab-84cf-a31ba731df2d
2022-06-23 09:35:17.312 [restartedMain] INFO  o.s.c.s.PostProcessorRegistrationDelegate$BeanPostProcessorChecker - Bean 'org.springframework.cloud.autoconfigure.ConfigurationPropertiesRebinderAutoConfiguration' of type [org.springframework.cloud.autoconfigure.ConfigurationPropertiesRebinderAutoConfiguration$$EnhancerBySpringCGLIB$$ea39b7a8] is not eligible for getting processed by all BeanPostProcessors (for example: not eligible for auto-proxying)
2022-06-23 09:35:17.789 [restartedMain] INFO  o.s.boot.web.embedded.tomcat.TomcatWebServer - Tomcat initialized with port(s): 10619 (http)
2022-06-23 09:35:17.808 [restartedMain] INFO  org.apache.catalina.core.StandardService - Starting service [Tomcat]
2022-06-23 09:35:17.809 [restartedMain] INFO  org.apache.catalina.core.StandardEngine - Starting Servlet engine: [Apache Tomcat/9.0.22]
2022-06-23 09:35:17.922 [restartedMain] INFO  o.a.c.core.ContainerBase.[Tomcat].[localhost].[/] - Initializing Spring embedded WebApplicationContext
2022-06-23 09:35:17.922 [restartedMain] INFO  org.springframework.web.context.ContextLoader - Root WebApplicationContext: initialization completed in 2559 ms
2022-06-23 09:35:18.120 [restartedMain] INFO  o.s.scheduling.concurrent.ThreadPoolTaskExecutor - Initializing ExecutorService
2022-06-23 09:35:18.293 [restartedMain] WARN  o.s.b.d.autoconfigure.OptionalLiveReloadServer - Unable to start LiveReload server
2022-06-23 09:35:18.586 [restartedMain] WARN  com.netflix.config.sources.URLConfigurationSource - No URLs will be polled as dynamic configuration sources.
2022-06-23 09:35:18.586 [restartedMain] INFO  com.netflix.config.sources.URLConfigurationSource - To enable URLs as dynamic configuration sources, define System property archaius.configurationSource.additionalUrls or make config.properties available on classpath.
2022-06-23 09:35:18.590 [restartedMain] WARN  com.netflix.config.sources.URLConfigurationSource - No URLs will be polled as dynamic configuration sources.
2022-06-23 09:35:18.590 [restartedMain] INFO  com.netflix.config.sources.URLConfigurationSource - To enable URLs as dynamic configuration sources, define System property archaius.configurationSource.additionalUrls or make config.properties available on classpath.
2022-06-23 09:35:18.709 [restartedMain] INFO  o.s.scheduling.concurrent.ThreadPoolTaskExecutor - Initializing ExecutorService 'applicationTaskExecutor'
2022-06-23 09:35:18.859 [restartedMain] INFO  o.s.scheduling.concurrent.ThreadPoolTaskScheduler - Initializing ExecutorService
2022-06-23 09:35:18.878 [restartedMain] INFO  s.d.s.w.PropertySourcedRequestMappingHandlerMapping - Mapped URL path [/v2/api-docs] onto method [public org.springframework.http.ResponseEntity<springfox.documentation.spring.web.json.Json> springfox.documentation.swagger2.web.Swagger2Controller.getDocumentation(java.lang.String,javax.servlet.http.HttpServletRequest)]
2022-06-23 09:35:19.233 [restartedMain] INFO  s.d.s.web.plugins.DocumentationPluginsBootstrapper - Context refreshed
2022-06-23 09:35:19.258 [restartedMain] INFO  s.d.s.web.plugins.DocumentationPluginsBootstrapper - Found 1 custom documentation plugin(s)
2022-06-23 09:35:19.361 [restartedMain] INFO  s.d.spring.web.scanners.ApiListingReferenceScanner - Scanning for api listing references
2022-06-23 09:35:19.656 [restartedMain] INFO  o.s.boot.web.embedded.tomcat.TomcatWebServer - Tomcat started on port(s): 10619 (http) with context path ''
2022-06-23 09:35:19.733 [restartedMain] INFO  c.a.cloud.nacos.registry.NacosServiceRegistry - nacos registry, HC-LABREDIS-ms 172.16.4.2:10619 register finished
2022-06-23 09:42:21.204 [Thread-2] INFO  c.a.cloud.nacos.registry.NacosServiceRegistry - De-registering from Nacos Server now...
2022-06-23 09:42:21.209 [Thread-2] INFO  c.a.cloud.nacos.registry.NacosServiceRegistry - De-registration finished.
2022-06-23 09:42:21.209 [Thread-2] INFO  o.s.scheduling.concurrent.ThreadPoolTaskExecutor - Shutting down ExecutorService 'applicationTaskExecutor'
2022-06-23 09:42:21.231 [Thread-2] INFO  o.s.scheduling.concurrent.ThreadPoolTaskExecutor - Shutting down ExecutorService
2022-06-23 09:42:21.694 [restartedMain] INFO  o.s.c.s.PostProcessorRegistrationDelegate$BeanPostProcessorChecker - Bean 'org.springframework.cloud.autoconfigure.ConfigurationPropertiesRebinderAutoConfiguration' of type [org.springframework.cloud.autoconfigure.ConfigurationPropertiesRebinderAutoConfiguration$$EnhancerBySpringCGLIB$$ea39b7a8] is not eligible for getting processed by all BeanPostProcessors (for example: not eligible for auto-proxying)
2022-06-23 09:42:21.812 [restartedMain] INFO  c.a.cloud.nacos.client.NacosPropertySourceBuilder - Loading nacos data, dataId: 'hc-labredis-ms.yaml', group: 'DEFAULT_GROUP'
2022-06-23 09:42:21.817 [restartedMain] INFO  o.s.c.b.c.PropertySourceBootstrapConfiguration - Located property source: CompositePropertySource {name='NACOS', propertySources=[NacosPropertySource {name='hc-labredis-ms-dev.yaml'}, NacosPropertySource {name='hc-labredis-ms.yaml'}]}
2022-06-23 09:42:22.661 [restartedMain] INFO  o.s.d.r.config.RepositoryConfigurationDelegate - Multiple Spring Data modules found, entering strict repository configuration mode!
2022-06-23 09:42:22.661 [restartedMain] INFO  o.s.d.r.config.RepositoryConfigurationDelegate - Bootstrapping Spring Data repositories in DEFAULT mode.
2022-06-23 09:42:22.675 [restartedMain] INFO  o.s.d.r.config.RepositoryConfigurationDelegate - Finished Spring Data repository scanning in 14ms. Found 0 repository interfaces.
2022-06-23 09:42:22.744 [restartedMain] INFO  o.springframework.cloud.context.scope.GenericScope - BeanFactory id=36fd6d9e-4f01-31ab-84cf-a31ba731df2d
2022-06-23 09:42:22.762 [restartedMain] INFO  o.s.c.s.PostProcessorRegistrationDelegate$BeanPostProcessorChecker - Bean 'org.springframework.cloud.autoconfigure.ConfigurationPropertiesRebinderAutoConfiguration' of type [org.springframework.cloud.autoconfigure.ConfigurationPropertiesRebinderAutoConfiguration$$EnhancerBySpringCGLIB$$ea39b7a8] is not eligible for getting processed by all BeanPostProcessors (for example: not eligible for auto-proxying)
2022-06-23 09:42:22.858 [restartedMain] INFO  o.s.boot.web.embedded.tomcat.TomcatWebServer - Tomcat initialized with port(s): 10619 (http)
2022-06-23 09:42:22.858 [restartedMain] INFO  org.apache.catalina.core.StandardService - Starting service [Tomcat]
2022-06-23 09:42:22.859 [restartedMain] INFO  org.apache.catalina.core.StandardEngine - Starting Servlet engine: [Apache Tomcat/9.0.22]
2022-06-23 09:42:22.876 [restartedMain] INFO  o.a.c.core.ContainerBase.[Tomcat].[localhost].[/] - Initializing Spring embedded WebApplicationContext
2022-06-23 09:42:22.876 [restartedMain] INFO  org.springframework.web.context.ContextLoader - Root WebApplicationContext: initialization completed in 1055 ms
2022-06-23 09:42:22.904 [restartedMain] INFO  o.s.scheduling.concurrent.ThreadPoolTaskExecutor - Initializing ExecutorService
2022-06-23 09:42:22.957 [restartedMain] WARN  o.s.b.d.autoconfigure.OptionalLiveReloadServer - Unable to start LiveReload server
2022-06-23 09:42:23.132 [restartedMain] WARN  com.netflix.config.sources.URLConfigurationSource - No URLs will be polled as dynamic configuration sources.
2022-06-23 09:42:23.132 [restartedMain] INFO  com.netflix.config.sources.URLConfigurationSource - To enable URLs as dynamic configuration sources, define System property archaius.configurationSource.additionalUrls or make config.properties available on classpath.
2022-06-23 09:42:23.163 [restartedMain] INFO  o.s.scheduling.concurrent.ThreadPoolTaskExecutor - Initializing ExecutorService 'applicationTaskExecutor'
2022-06-23 09:42:23.232 [restartedMain] INFO  com.alibaba.nacos.client.naming - initializer namespace from System Property :null
2022-06-23 09:42:23.232 [restartedMain] INFO  com.alibaba.nacos.client.naming - initializer namespace from System Environment :null
2022-06-23 09:42:23.233 [restartedMain] INFO  com.alibaba.nacos.client.naming - initializer namespace from System Property :null
2022-06-23 09:42:23.236 [restartedMain] INFO  o.s.scheduling.concurrent.ThreadPoolTaskScheduler - Initializing ExecutorService
2022-06-23 09:42:23.243 [restartedMain] INFO  s.d.s.w.PropertySourcedRequestMappingHandlerMapping - Mapped URL path [/v2/api-docs] onto method [public org.springframework.http.ResponseEntity<springfox.documentation.spring.web.json.Json> springfox.documentation.swagger2.web.Swagger2Controller.getDocumentation(java.lang.String,javax.servlet.http.HttpServletRequest)]
2022-06-23 09:42:23.389 [restartedMain] INFO  s.d.s.web.plugins.DocumentationPluginsBootstrapper - Context refreshed
2022-06-23 09:42:23.392 [restartedMain] INFO  s.d.s.web.plugins.DocumentationPluginsBootstrapper - Found 1 custom documentation plugin(s)
2022-06-23 09:42:23.402 [restartedMain] INFO  s.d.spring.web.scanners.ApiListingReferenceScanner - Scanning for api listing references
2022-06-23 09:42:23.517 [restartedMain] INFO  o.s.boot.web.embedded.tomcat.TomcatWebServer - Tomcat started on port(s): 10619 (http) with context path ''
2022-06-23 09:42:23.517 [restartedMain] INFO  com.alibaba.nacos.client.naming - [BEAT] adding beat: {"cluster":"DEFAULT","ip":"172.16.4.2","metadata":{"preserved.register.source":"SPRING_CLOUD"},"period":5000,"port":10619,"scheduled":false,"serviceName":"DEFAULT_GROUP@@HC-LABREDIS-ms","stopped":false,"weight":1.0} to beat map.
2022-06-23 09:42:23.518 [restartedMain] INFO  com.alibaba.nacos.client.naming - [REGISTER-SERVICE] chenkai registering service DEFAULT_GROUP@@HC-LABREDIS-ms with instance: {"clusterName":"DEFAULT","enabled":true,"ephemeral":true,"healthy":true,"instanceHeartBeatInterval":5000,"instanceHeartBeatTimeOut":15000,"ip":"172.16.4.2","ipDeleteTimeout":30000,"metadata":{"preserved.register.source":"SPRING_CLOUD"},"port":10619,"weight":1.0}
2022-06-23 09:42:23.522 [restartedMain] INFO  c.a.cloud.nacos.registry.NacosServiceRegistry - nacos registry, HC-LABREDIS-ms 172.16.4.2:10619 register finished
2022-06-23 09:42:23.559 [restartedMain] INFO  com.alibaba.nacos.client.config.impl.ClientWorker - [fixed-172.16.10.204_8848-chenkai] [subscribe] hc-labredis-ms-dev.yaml+DEFAULT_GROUP+chenkai
2022-06-23 09:42:23.559 [restartedMain] INFO  com.alibaba.nacos.client.config.impl.CacheData - [fixed-172.16.10.204_8848-chenkai] [add-listener] ok, tenant=chenkai, dataId=hc-labredis-ms-dev.yaml, group=DEFAULT_GROUP, cnt=1
2022-06-23 09:42:23.560 [restartedMain] INFO  com.alibaba.nacos.client.config.impl.ClientWorker - [fixed-172.16.10.204_8848-chenkai] [subscribe] hc-labredis-ms.yaml+DEFAULT_GROUP+chenkai
2022-06-23 09:42:23.560 [restartedMain] INFO  com.alibaba.nacos.client.config.impl.CacheData - [fixed-172.16.10.204_8848-chenkai] [add-listener] ok, tenant=chenkai, dataId=hc-labredis-ms.yaml, group=DEFAULT_GROUP, cnt=1
2022-06-23 09:42:23.561 [restartedMain] INFO  o.s.b.d.a.ConditionEvaluationDeltaLoggingListener - Condition evaluation unchanged
2022-06-23 09:47:01.044 [Thread-50] INFO  c.a.cloud.nacos.registry.NacosServiceRegistry - De-registering from Nacos Server now...
2022-06-23 09:47:01.044 [Thread-50] INFO  com.alibaba.nacos.client.naming - [BEAT] removing beat: DEFAULT_GROUP@@HC-LABREDIS-ms:172.16.4.2:10619 from beat map.
2022-06-23 09:47:01.044 [Thread-50] INFO  com.alibaba.nacos.client.naming - [DEREGISTER-SERVICE] chenkai deregistering service DEFAULT_GROUP@@HC-LABREDIS-ms with instance: {"clusterName":"DEFAULT","enabled":true,"ephemeral":true,"healthy":true,"instanceHeartBeatInterval":5000,"instanceHeartBeatTimeOut":15000,"ip":"172.16.4.2","ipDeleteTimeout":30000,"metadata":{},"port":10619,"weight":1.0}
2022-06-23 09:47:01.047 [Thread-50] INFO  c.a.cloud.nacos.registry.NacosServiceRegistry - De-registration finished.
2022-06-23 09:47:01.047 [Thread-50] INFO  o.s.scheduling.concurrent.ThreadPoolTaskExecutor - Shutting down ExecutorService 'applicationTaskExecutor'
2022-06-23 09:47:01.049 [Thread-50] INFO  o.s.scheduling.concurrent.ThreadPoolTaskExecutor - Shutting down ExecutorService
2022-06-23 09:47:01.498 [restartedMain] INFO  o.s.c.s.PostProcessorRegistrationDelegate$BeanPostProcessorChecker - Bean 'org.springframework.cloud.autoconfigure.ConfigurationPropertiesRebinderAutoConfiguration' of type [org.springframework.cloud.autoconfigure.ConfigurationPropertiesRebinderAutoConfiguration$$EnhancerBySpringCGLIB$$ea39b7a8] is not eligible for getting processed by all BeanPostProcessors (for example: not eligible for auto-proxying)
2022-06-23 09:47:01.587 [restartedMain] INFO  c.a.cloud.nacos.client.NacosPropertySourceBuilder - Loading nacos data, dataId: 'hc-labredis-ms.yaml', group: 'DEFAULT_GROUP'
2022-06-23 09:47:01.592 [restartedMain] INFO  o.s.c.b.c.PropertySourceBootstrapConfiguration - Located property source: CompositePropertySource {name='NACOS', propertySources=[NacosPropertySource {name='hc-labredis-ms-dev.yaml'}, NacosPropertySource {name='hc-labredis-ms.yaml'}]}
2022-06-23 09:47:02.821 [restartedMain] INFO  o.s.d.r.config.RepositoryConfigurationDelegate - Multiple Spring Data modules found, entering strict repository configuration mode!
2022-06-23 09:47:02.821 [restartedMain] INFO  o.s.d.r.config.RepositoryConfigurationDelegate - Bootstrapping Spring Data repositories in DEFAULT mode.
2022-06-23 09:47:02.845 [restartedMain] INFO  o.s.d.r.config.RepositoryConfigurationDelegate - Finished Spring Data repository scanning in 23ms. Found 0 repository interfaces.
2022-06-23 09:47:02.986 [restartedMain] INFO  o.springframework.cloud.context.scope.GenericScope - BeanFactory id=36fd6d9e-4f01-31ab-84cf-a31ba731df2d
2022-06-23 09:47:03.020 [restartedMain] INFO  o.s.c.s.PostProcessorRegistrationDelegate$BeanPostProcessorChecker - Bean 'org.springframework.cloud.autoconfigure.ConfigurationPropertiesRebinderAutoConfiguration' of type [org.springframework.cloud.autoconfigure.ConfigurationPropertiesRebinderAutoConfiguration$$EnhancerBySpringCGLIB$$ea39b7a8] is not eligible for getting processed by all BeanPostProcessors (for example: not eligible for auto-proxying)
2022-06-23 09:47:03.164 [restartedMain] INFO  o.s.boot.web.embedded.tomcat.TomcatWebServer - Tomcat initialized with port(s): 10619 (http)
2022-06-23 09:47:03.165 [restartedMain] INFO  org.apache.catalina.core.StandardService - Starting service [Tomcat]
2022-06-23 09:47:03.166 [restartedMain] INFO  org.apache.catalina.core.StandardEngine - Starting Servlet engine: [Apache Tomcat/9.0.22]
2022-06-23 09:47:03.211 [restartedMain] INFO  o.a.c.core.ContainerBase.[Tomcat].[localhost].[/] - Initializing Spring embedded WebApplicationContext
2022-06-23 09:47:03.212 [restartedMain] INFO  org.springframework.web.context.ContextLoader - Root WebApplicationContext: initialization completed in 1615 ms
2022-06-23 09:47:03.311 [restartedMain] INFO  o.s.scheduling.concurrent.ThreadPoolTaskExecutor - Initializing ExecutorService
2022-06-23 09:47:03.448 [restartedMain] WARN  o.s.b.d.autoconfigure.OptionalLiveReloadServer - Unable to start LiveReload server
2022-06-23 09:47:03.728 [restartedMain] WARN  com.netflix.config.sources.URLConfigurationSource - No URLs will be polled as dynamic configuration sources.
2022-06-23 09:47:03.728 [restartedMain] INFO  com.netflix.config.sources.URLConfigurationSource - To enable URLs as dynamic configuration sources, define System property archaius.configurationSource.additionalUrls or make config.properties available on classpath.
2022-06-23 09:47:03.774 [restartedMain] INFO  o.s.scheduling.concurrent.ThreadPoolTaskExecutor - Initializing ExecutorService 'applicationTaskExecutor'
2022-06-23 09:47:03.870 [restartedMain] INFO  com.alibaba.nacos.client.naming - initializer namespace from System Property :null
2022-06-23 09:47:03.871 [restartedMain] INFO  com.alibaba.nacos.client.naming - initializer namespace from System Environment :null
2022-06-23 09:47:03.871 [restartedMain] INFO  com.alibaba.nacos.client.naming - initializer namespace from System Property :null
2022-06-23 09:47:03.874 [restartedMain] INFO  o.s.scheduling.concurrent.ThreadPoolTaskScheduler - Initializing ExecutorService
2022-06-23 09:47:03.881 [restartedMain] INFO  s.d.s.w.PropertySourcedRequestMappingHandlerMapping - Mapped URL path [/v2/api-docs] onto method [public org.springframework.http.ResponseEntity<springfox.documentation.spring.web.json.Json> springfox.documentation.swagger2.web.Swagger2Controller.getDocumentation(java.lang.String,javax.servlet.http.HttpServletRequest)]
2022-06-23 09:47:04.059 [restartedMain] INFO  s.d.s.web.plugins.DocumentationPluginsBootstrapper - Context refreshed
2022-06-23 09:47:04.061 [restartedMain] INFO  s.d.s.web.plugins.DocumentationPluginsBootstrapper - Found 1 custom documentation plugin(s)
2022-06-23 09:47:04.068 [restartedMain] INFO  s.d.spring.web.scanners.ApiListingReferenceScanner - Scanning for api listing references
2022-06-23 09:47:04.172 [restartedMain] INFO  o.s.boot.web.embedded.tomcat.TomcatWebServer - Tomcat started on port(s): 10619 (http) with context path ''
2022-06-23 09:47:04.172 [restartedMain] INFO  com.alibaba.nacos.client.naming - [BEAT] adding beat: {"cluster":"DEFAULT","ip":"172.16.4.2","metadata":{"preserved.register.source":"SPRING_CLOUD"},"period":5000,"port":10619,"scheduled":false,"serviceName":"DEFAULT_GROUP@@HC-LABREDIS-ms","stopped":false,"weight":1.0} to beat map.
2022-06-23 09:47:04.172 [restartedMain] INFO  com.alibaba.nacos.client.naming - [REGISTER-SERVICE] chenkai registering service DEFAULT_GROUP@@HC-LABREDIS-ms with instance: {"clusterName":"DEFAULT","enabled":true,"ephemeral":true,"healthy":true,"instanceHeartBeatInterval":5000,"instanceHeartBeatTimeOut":15000,"ip":"172.16.4.2","ipDeleteTimeout":30000,"metadata":{"preserved.register.source":"SPRING_CLOUD"},"port":10619,"weight":1.0}
2022-06-23 09:47:04.175 [restartedMain] INFO  c.a.cloud.nacos.registry.NacosServiceRegistry - nacos registry, HC-LABREDIS-ms 172.16.4.2:10619 register finished
2022-06-23 09:47:04.223 [restartedMain] INFO  com.alibaba.nacos.client.config.impl.ClientWorker - [fixed-172.16.10.204_8848-chenkai] [subscribe] hc-labredis-ms-dev.yaml+DEFAULT_GROUP+chenkai
2022-06-23 09:47:04.223 [restartedMain] INFO  com.alibaba.nacos.client.config.impl.CacheData - [fixed-172.16.10.204_8848-chenkai] [add-listener] ok, tenant=chenkai, dataId=hc-labredis-ms-dev.yaml, group=DEFAULT_GROUP, cnt=1
2022-06-23 09:47:04.224 [restartedMain] INFO  com.alibaba.nacos.client.config.impl.ClientWorker - [fixed-172.16.10.204_8848-chenkai] [subscribe] hc-labredis-ms.yaml+DEFAULT_GROUP+chenkai
2022-06-23 09:47:04.224 [restartedMain] INFO  com.alibaba.nacos.client.config.impl.CacheData - [fixed-172.16.10.204_8848-chenkai] [add-listener] ok, tenant=chenkai, dataId=hc-labredis-ms.yaml, group=DEFAULT_GROUP, cnt=1
2022-06-23 09:47:04.225 [restartedMain] INFO  o.s.b.d.a.ConditionEvaluationDeltaLoggingListener - Condition evaluation unchanged
2022-06-23 09:52:56.580 [Thread-81] INFO  c.a.cloud.nacos.registry.NacosServiceRegistry - De-registering from Nacos Server now...
2022-06-23 09:52:56.581 [Thread-81] INFO  com.alibaba.nacos.client.naming - [BEAT] removing beat: DEFAULT_GROUP@@HC-LABREDIS-ms:172.16.4.2:10619 from beat map.
2022-06-23 09:52:56.581 [Thread-81] INFO  com.alibaba.nacos.client.naming - [DEREGISTER-SERVICE] chenkai deregistering service DEFAULT_GROUP@@HC-LABREDIS-ms with instance: {"clusterName":"DEFAULT","enabled":true,"ephemeral":true,"healthy":true,"instanceHeartBeatInterval":5000,"instanceHeartBeatTimeOut":15000,"ip":"172.16.4.2","ipDeleteTimeout":30000,"metadata":{},"port":10619,"weight":1.0}
2022-06-23 09:52:56.584 [Thread-81] INFO  c.a.cloud.nacos.registry.NacosServiceRegistry - De-registration finished.
2022-06-23 09:52:56.585 [Thread-81] INFO  o.s.scheduling.concurrent.ThreadPoolTaskExecutor - Shutting down ExecutorService 'applicationTaskExecutor'
2022-06-23 09:52:56.587 [Thread-81] INFO  o.s.scheduling.concurrent.ThreadPoolTaskExecutor - Shutting down ExecutorService
2022-06-23 09:53:09.743 [restartedMain] INFO  o.s.c.s.PostProcessorRegistrationDelegate$BeanPostProcessorChecker - Bean 'org.springframework.cloud.autoconfigure.ConfigurationPropertiesRebinderAutoConfiguration' of type [org.springframework.cloud.autoconfigure.ConfigurationPropertiesRebinderAutoConfiguration$$EnhancerBySpringCGLIB$$ea39b7a8] is not eligible for getting processed by all BeanPostProcessors (for example: not eligible for auto-proxying)
2022-06-23 09:53:09.813 [restartedMain] INFO  c.a.cloud.nacos.client.NacosPropertySourceBuilder - Loading nacos data, dataId: 'hc-labredis-ms.yaml', group: 'DEFAULT_GROUP'
2022-06-23 09:53:09.817 [restartedMain] INFO  o.s.c.b.c.PropertySourceBootstrapConfiguration - Located property source: CompositePropertySource {name='NACOS', propertySources=[NacosPropertySource {name='hc-labredis-ms-dev.yaml'}, NacosPropertySource {name='hc-labredis-ms.yaml'}]}
2022-06-23 09:53:10.452 [restartedMain] INFO  o.s.d.r.config.RepositoryConfigurationDelegate - Multiple Spring Data modules found, entering strict repository configuration mode!
2022-06-23 09:53:10.452 [restartedMain] INFO  o.s.d.r.config.RepositoryConfigurationDelegate - Bootstrapping Spring Data repositories in DEFAULT mode.
2022-06-23 09:53:10.463 [restartedMain] INFO  o.s.d.r.config.RepositoryConfigurationDelegate - Finished Spring Data repository scanning in 11ms. Found 0 repository interfaces.
2022-06-23 09:53:10.511 [restartedMain] INFO  o.springframework.cloud.context.scope.GenericScope - BeanFactory id=36fd6d9e-4f01-31ab-84cf-a31ba731df2d
2022-06-23 09:53:10.526 [restartedMain] INFO  o.s.c.s.PostProcessorRegistrationDelegate$BeanPostProcessorChecker - Bean 'org.springframework.cloud.autoconfigure.ConfigurationPropertiesRebinderAutoConfiguration' of type [org.springframework.cloud.autoconfigure.ConfigurationPropertiesRebinderAutoConfiguration$$EnhancerBySpringCGLIB$$ea39b7a8] is not eligible for getting processed by all BeanPostProcessors (for example: not eligible for auto-proxying)
2022-06-23 09:53:10.597 [restartedMain] INFO  o.s.boot.web.embedded.tomcat.TomcatWebServer - Tomcat initialized with port(s): 10619 (http)
2022-06-23 09:53:10.598 [restartedMain] INFO  org.apache.catalina.core.StandardService - Starting service [Tomcat]
2022-06-23 09:53:10.598 [restartedMain] INFO  org.apache.catalina.core.StandardEngine - Starting Servlet engine: [Apache Tomcat/9.0.22]
2022-06-23 09:53:10.612 [restartedMain] INFO  o.a.c.core.ContainerBase.[Tomcat].[localhost].[/] - Initializing Spring embedded WebApplicationContext
2022-06-23 09:53:10.612 [restartedMain] INFO  org.springframework.web.context.ContextLoader - Root WebApplicationContext: initialization completed in 791 ms
2022-06-23 09:53:10.638 [restartedMain] INFO  o.s.scheduling.concurrent.ThreadPoolTaskExecutor - Initializing ExecutorService
2022-06-23 09:53:10.680 [restartedMain] INFO  o.s.b.d.autoconfigure.OptionalLiveReloadServer - LiveReload server is running on port 35729
2022-06-23 09:53:10.809 [restartedMain] WARN  com.netflix.config.sources.URLConfigurationSource - No URLs will be polled as dynamic configuration sources.
2022-06-23 09:53:10.809 [restartedMain] INFO  com.netflix.config.sources.URLConfigurationSource - To enable URLs as dynamic configuration sources, define System property archaius.configurationSource.additionalUrls or make config.properties available on classpath.
2022-06-23 09:53:10.832 [restartedMain] INFO  o.s.scheduling.concurrent.ThreadPoolTaskExecutor - Initializing ExecutorService 'applicationTaskExecutor'
2022-06-23 09:53:10.897 [restartedMain] INFO  com.alibaba.nacos.client.naming - initializer namespace from System Property :null
2022-06-23 09:53:10.897 [restartedMain] INFO  com.alibaba.nacos.client.naming - initializer namespace from System Environment :null
2022-06-23 09:53:10.897 [restartedMain] INFO  com.alibaba.nacos.client.naming - initializer namespace from System Property :null
2022-06-23 09:53:10.900 [restartedMain] INFO  o.s.scheduling.concurrent.ThreadPoolTaskScheduler - Initializing ExecutorService
2022-06-23 09:53:10.906 [restartedMain] INFO  s.d.s.w.PropertySourcedRequestMappingHandlerMapping - Mapped URL path [/v2/api-docs] onto method [public org.springframework.http.ResponseEntity<springfox.documentation.spring.web.json.Json> springfox.documentation.swagger2.web.Swagger2Controller.getDocumentation(java.lang.String,javax.servlet.http.HttpServletRequest)]
2022-06-23 09:53:11.016 [restartedMain] INFO  s.d.s.web.plugins.DocumentationPluginsBootstrapper - Context refreshed
2022-06-23 09:53:11.017 [restartedMain] INFO  s.d.s.web.plugins.DocumentationPluginsBootstrapper - Found 1 custom documentation plugin(s)
2022-06-23 09:53:11.021 [restartedMain] INFO  s.d.spring.web.scanners.ApiListingReferenceScanner - Scanning for api listing references
2022-06-23 09:53:11.084 [restartedMain] INFO  o.s.boot.web.embedded.tomcat.TomcatWebServer - Tomcat started on port(s): 10619 (http) with context path ''
2022-06-23 09:53:11.084 [restartedMain] INFO  com.alibaba.nacos.client.naming - [BEAT] adding beat: {"cluster":"DEFAULT","ip":"172.16.4.2","metadata":{"preserved.register.source":"SPRING_CLOUD"},"period":5000,"port":10619,"scheduled":false,"serviceName":"DEFAULT_GROUP@@HC-LABREDIS-ms","stopped":false,"weight":1.0} to beat map.
2022-06-23 09:53:11.084 [restartedMain] INFO  com.alibaba.nacos.client.naming - [REGISTER-SERVICE] chenkai registering service DEFAULT_GROUP@@HC-LABREDIS-ms with instance: {"clusterName":"DEFAULT","enabled":true,"ephemeral":true,"healthy":true,"instanceHeartBeatInterval":5000,"instanceHeartBeatTimeOut":15000,"ip":"172.16.4.2","ipDeleteTimeout":30000,"metadata":{"preserved.register.source":"SPRING_CLOUD"},"port":10619,"weight":1.0}
2022-06-23 09:53:11.431 [restartedMain] INFO  c.a.cloud.nacos.registry.NacosServiceRegistry - nacos registry, HC-LABREDIS-ms 172.16.4.2:10619 register finished
2022-06-23 09:53:11.502 [restartedMain] INFO  com.alibaba.nacos.client.config.impl.ClientWorker - [fixed-172.16.10.204_8848-chenkai] [subscribe] hc-labredis-ms-dev.yaml+DEFAULT_GROUP+chenkai
2022-06-23 09:53:11.502 [restartedMain] INFO  com.alibaba.nacos.client.config.impl.CacheData - [fixed-172.16.10.204_8848-chenkai] [add-listener] ok, tenant=chenkai, dataId=hc-labredis-ms-dev.yaml, group=DEFAULT_GROUP, cnt=1
2022-06-23 09:53:11.503 [restartedMain] INFO  com.alibaba.nacos.client.config.impl.ClientWorker - [fixed-172.16.10.204_8848-chenkai] [subscribe] hc-labredis-ms.yaml+DEFAULT_GROUP+chenkai
2022-06-23 09:53:11.503 [restartedMain] INFO  com.alibaba.nacos.client.config.impl.CacheData - [fixed-172.16.10.204_8848-chenkai] [add-listener] ok, tenant=chenkai, dataId=hc-labredis-ms.yaml, group=DEFAULT_GROUP, cnt=1
2022-06-23 09:53:11.504 [restartedMain] INFO  o.s.b.d.a.ConditionEvaluationDeltaLoggingListener - Condition evaluation unchanged
2022-06-23 09:54:53.074 [http-nio-10619-exec-1] INFO  o.a.c.core.ContainerBase.[Tomcat].[localhost].[/] - Initializing Spring DispatcherServlet 'dispatcherServlet'
2022-06-23 09:54:53.075 [http-nio-10619-exec-1] INFO  org.springframework.web.servlet.DispatcherServlet - Initializing Servlet 'dispatcherServlet'
2022-06-23 09:54:53.081 [http-nio-10619-exec-1] INFO  org.springframework.web.servlet.DispatcherServlet - Completed initialization in 6 ms
2022-06-23 09:55:24.949 [Thread-131] INFO  c.a.cloud.nacos.registry.NacosServiceRegistry - De-registering from Nacos Server now...
2022-06-23 09:55:24.949 [Thread-131] INFO  com.alibaba.nacos.client.naming - [BEAT] removing beat: DEFAULT_GROUP@@HC-LABREDIS-ms:172.16.4.2:10619 from beat map.
2022-06-23 09:55:24.950 [Thread-131] INFO  com.alibaba.nacos.client.naming - [DEREGISTER-SERVICE] chenkai deregistering service DEFAULT_GROUP@@HC-LABREDIS-ms with instance: {"clusterName":"DEFAULT","enabled":true,"ephemeral":true,"healthy":true,"instanceHeartBeatInterval":5000,"instanceHeartBeatTimeOut":15000,"ip":"172.16.4.2","ipDeleteTimeout":30000,"metadata":{},"port":10619,"weight":1.0}
2022-06-23 09:55:24.951 [Thread-131] INFO  c.a.cloud.nacos.registry.NacosServiceRegistry - De-registration finished.
2022-06-23 09:55:24.952 [Thread-131] INFO  o.s.scheduling.concurrent.ThreadPoolTaskExecutor - Shutting down ExecutorService 'applicationTaskExecutor'
2022-06-23 09:55:24.954 [Thread-131] INFO  o.s.scheduling.concurrent.ThreadPoolTaskExecutor - Shutting down ExecutorService
2022-06-23 09:55:37.410 [restartedMain] INFO  o.s.b.d.env.DevToolsPropertyDefaultsPostProcessor - Devtools property defaults active! Set 'spring.devtools.add-properties' to 'false' to disable
2022-06-23 09:55:37.769 [restartedMain] INFO  o.s.c.s.PostProcessorRegistrationDelegate$BeanPostProcessorChecker - Bean 'org.springframework.cloud.autoconfigure.ConfigurationPropertiesRebinderAutoConfiguration' of type [org.springframework.cloud.autoconfigure.ConfigurationPropertiesRebinderAutoConfiguration$$EnhancerBySpringCGLIB$$25da39e] is not eligible for getting processed by all BeanPostProcessors (for example: not eligible for auto-proxying)
2022-06-23 09:55:38.001 [restartedMain] INFO  c.a.cloud.nacos.client.NacosPropertySourceBuilder - Loading nacos data, dataId: 'hc-labredis-ms.yaml', group: 'DEFAULT_GROUP'
2022-06-23 09:55:38.190 [restartedMain] INFO  o.s.c.b.c.PropertySourceBootstrapConfiguration - Located property source: CompositePropertySource {name='NACOS', propertySources=[NacosPropertySource {name='hc-labredis-ms-dev.yaml'}, NacosPropertySource {name='hc-labredis-ms.yaml'}]}
2022-06-23 09:55:39.520 [restartedMain] INFO  o.s.d.r.config.RepositoryConfigurationDelegate - Multiple Spring Data modules found, entering strict repository configuration mode!
2022-06-23 09:55:39.521 [restartedMain] INFO  o.s.d.r.config.RepositoryConfigurationDelegate - Bootstrapping Spring Data repositories in DEFAULT mode.
2022-06-23 09:55:39.546 [restartedMain] INFO  o.s.d.r.config.RepositoryConfigurationDelegate - Finished Spring Data repository scanning in 17ms. Found 0 repository interfaces.
2022-06-23 09:55:39.778 [restartedMain] INFO  o.springframework.cloud.context.scope.GenericScope - BeanFactory id=36fd6d9e-4f01-31ab-84cf-a31ba731df2d
2022-06-23 09:55:39.849 [restartedMain] INFO  o.s.c.s.PostProcessorRegistrationDelegate$BeanPostProcessorChecker - Bean 'org.springframework.cloud.autoconfigure.ConfigurationPropertiesRebinderAutoConfiguration' of type [org.springframework.cloud.autoconfigure.ConfigurationPropertiesRebinderAutoConfiguration$$EnhancerBySpringCGLIB$$25da39e] is not eligible for getting processed by all BeanPostProcessors (for example: not eligible for auto-proxying)
2022-06-23 09:55:40.291 [restartedMain] INFO  o.s.boot.web.embedded.tomcat.TomcatWebServer - Tomcat initialized with port(s): 10619 (http)
2022-06-23 09:55:40.312 [restartedMain] INFO  org.apache.catalina.core.StandardService - Starting service [Tomcat]
2022-06-23 09:55:40.313 [restartedMain] INFO  org.apache.catalina.core.StandardEngine - Starting Servlet engine: [Apache Tomcat/9.0.22]
2022-06-23 09:55:40.427 [restartedMain] INFO  o.a.c.core.ContainerBase.[Tomcat].[localhost].[/] - Initializing Spring embedded WebApplicationContext
2022-06-23 09:55:40.427 [restartedMain] INFO  org.springframework.web.context.ContextLoader - Root WebApplicationContext: initialization completed in 2209 ms
2022-06-23 09:55:40.631 [restartedMain] INFO  o.s.scheduling.concurrent.ThreadPoolTaskExecutor - Initializing ExecutorService
2022-06-23 09:55:40.794 [restartedMain] WARN  o.s.b.d.autoconfigure.OptionalLiveReloadServer - Unable to start LiveReload server
2022-06-23 09:55:41.091 [restartedMain] WARN  com.netflix.config.sources.URLConfigurationSource - No URLs will be polled as dynamic configuration sources.
2022-06-23 09:55:41.091 [restartedMain] INFO  com.netflix.config.sources.URLConfigurationSource - To enable URLs as dynamic configuration sources, define System property archaius.configurationSource.additionalUrls or make config.properties available on classpath.
2022-06-23 09:55:41.095 [restartedMain] WARN  com.netflix.config.sources.URLConfigurationSource - No URLs will be polled as dynamic configuration sources.
2022-06-23 09:55:41.095 [restartedMain] INFO  com.netflix.config.sources.URLConfigurationSource - To enable URLs as dynamic configuration sources, define System property archaius.configurationSource.additionalUrls or make config.properties available on classpath.
2022-06-23 09:55:41.241 [restartedMain] INFO  o.s.scheduling.concurrent.ThreadPoolTaskExecutor - Initializing ExecutorService 'applicationTaskExecutor'
2022-06-23 09:55:41.404 [restartedMain] INFO  o.s.scheduling.concurrent.ThreadPoolTaskScheduler - Initializing ExecutorService
2022-06-23 09:55:41.423 [restartedMain] INFO  s.d.s.w.PropertySourcedRequestMappingHandlerMapping - Mapped URL path [/v2/api-docs] onto method [public org.springframework.http.ResponseEntity<springfox.documentation.spring.web.json.Json> springfox.documentation.swagger2.web.Swagger2Controller.getDocumentation(java.lang.String,javax.servlet.http.HttpServletRequest)]
2022-06-23 09:55:41.754 [restartedMain] INFO  s.d.s.web.plugins.DocumentationPluginsBootstrapper - Context refreshed
2022-06-23 09:55:41.771 [restartedMain] INFO  s.d.s.web.plugins.DocumentationPluginsBootstrapper - Found 1 custom documentation plugin(s)
2022-06-23 09:55:41.804 [restartedMain] INFO  s.d.spring.web.scanners.ApiListingReferenceScanner - Scanning for api listing references
2022-06-23 09:55:42.039 [restartedMain] INFO  o.s.boot.web.embedded.tomcat.TomcatWebServer - Tomcat started on port(s): 10619 (http) with context path ''
2022-06-23 09:55:42.065 [restartedMain] INFO  c.a.cloud.nacos.registry.NacosServiceRegistry - nacos registry, HC-LABREDIS-ms 172.16.4.2:10619 register finished
2022-06-23 10:08:23.231 [Thread-2] INFO  c.a.cloud.nacos.registry.NacosServiceRegistry - De-registering from Nacos Server now...
2022-06-23 10:08:23.234 [Thread-2] INFO  c.a.cloud.nacos.registry.NacosServiceRegistry - De-registration finished.
2022-06-23 10:08:23.234 [Thread-2] INFO  o.s.scheduling.concurrent.ThreadPoolTaskExecutor - Shutting down ExecutorService 'applicationTaskExecutor'
2022-06-23 10:08:23.253 [Thread-2] INFO  o.s.scheduling.concurrent.ThreadPoolTaskExecutor - Shutting down ExecutorService
2022-06-23 10:08:23.574 [restartedMain] INFO  o.s.c.s.PostProcessorRegistrationDelegate$BeanPostProcessorChecker - Bean 'org.springframework.cloud.autoconfigure.ConfigurationPropertiesRebinderAutoConfiguration' of type [org.springframework.cloud.autoconfigure.ConfigurationPropertiesRebinderAutoConfiguration$$EnhancerBySpringCGLIB$$25da39e] is not eligible for getting processed by all BeanPostProcessors (for example: not eligible for auto-proxying)
2022-06-23 10:08:23.661 [restartedMain] INFO  c.a.cloud.nacos.client.NacosPropertySourceBuilder - Loading nacos data, dataId: 'hc-labredis-ms.yaml', group: 'DEFAULT_GROUP'
2022-06-23 10:08:23.664 [restartedMain] INFO  o.s.c.b.c.PropertySourceBootstrapConfiguration - Located property source: CompositePropertySource {name='NACOS', propertySources=[NacosPropertySource {name='hc-labredis-ms-dev.yaml'}, NacosPropertySource {name='hc-labredis-ms.yaml'}]}
2022-06-23 10:08:24.610 [restartedMain] INFO  o.s.d.r.config.RepositoryConfigurationDelegate - Multiple Spring Data modules found, entering strict repository configuration mode!
2022-06-23 10:08:24.610 [restartedMain] INFO  o.s.d.r.config.RepositoryConfigurationDelegate - Bootstrapping Spring Data repositories in DEFAULT mode.
2022-06-23 10:08:24.628 [restartedMain] INFO  o.s.d.r.config.RepositoryConfigurationDelegate - Finished Spring Data repository scanning in 18ms. Found 0 repository interfaces.
2022-06-23 10:08:24.714 [restartedMain] INFO  o.springframework.cloud.context.scope.GenericScope - BeanFactory id=36fd6d9e-4f01-31ab-84cf-a31ba731df2d
2022-06-23 10:08:24.732 [restartedMain] INFO  o.s.c.s.PostProcessorRegistrationDelegate$BeanPostProcessorChecker - Bean 'org.springframework.cloud.autoconfigure.ConfigurationPropertiesRebinderAutoConfiguration' of type [org.springframework.cloud.autoconfigure.ConfigurationPropertiesRebinderAutoConfiguration$$EnhancerBySpringCGLIB$$25da39e] is not eligible for getting processed by all BeanPostProcessors (for example: not eligible for auto-proxying)
2022-06-23 10:08:24.824 [restartedMain] INFO  o.s.boot.web.embedded.tomcat.TomcatWebServer - Tomcat initialized with port(s): 10619 (http)
2022-06-23 10:08:24.825 [restartedMain] INFO  org.apache.catalina.core.StandardService - Starting service [Tomcat]
2022-06-23 10:08:24.825 [restartedMain] INFO  org.apache.catalina.core.StandardEngine - Starting Servlet engine: [Apache Tomcat/9.0.22]
2022-06-23 10:08:24.846 [restartedMain] INFO  o.a.c.core.ContainerBase.[Tomcat].[localhost].[/] - Initializing Spring embedded WebApplicationContext
2022-06-23 10:08:24.846 [restartedMain] INFO  org.springframework.web.context.ContextLoader - Root WebApplicationContext: initialization completed in 1178 ms
2022-06-23 10:08:24.878 [restartedMain] INFO  o.s.scheduling.concurrent.ThreadPoolTaskExecutor - Initializing ExecutorService
2022-06-23 10:08:24.937 [restartedMain] WARN  o.s.b.d.autoconfigure.OptionalLiveReloadServer - Unable to start LiveReload server
2022-06-23 10:08:25.122 [restartedMain] WARN  com.netflix.config.sources.URLConfigurationSource - No URLs will be polled as dynamic configuration sources.
2022-06-23 10:08:25.122 [restartedMain] INFO  com.netflix.config.sources.URLConfigurationSource - To enable URLs as dynamic configuration sources, define System property archaius.configurationSource.additionalUrls or make config.properties available on classpath.
2022-06-23 10:08:25.168 [restartedMain] INFO  o.s.scheduling.concurrent.ThreadPoolTaskExecutor - Initializing ExecutorService 'applicationTaskExecutor'
2022-06-23 10:08:25.277 [restartedMain] INFO  com.alibaba.nacos.client.naming - initializer namespace from System Property :null
2022-06-23 10:08:25.278 [restartedMain] INFO  com.alibaba.nacos.client.naming - initializer namespace from System Environment :null
2022-06-23 10:08:25.278 [restartedMain] INFO  com.alibaba.nacos.client.naming - initializer namespace from System Property :null
2022-06-23 10:08:25.284 [restartedMain] INFO  o.s.scheduling.concurrent.ThreadPoolTaskScheduler - Initializing ExecutorService
2022-06-23 10:08:25.291 [restartedMain] INFO  s.d.s.w.PropertySourcedRequestMappingHandlerMapping - Mapped URL path [/v2/api-docs] onto method [public org.springframework.http.ResponseEntity<springfox.documentation.spring.web.json.Json> springfox.documentation.swagger2.web.Swagger2Controller.getDocumentation(java.lang.String,javax.servlet.http.HttpServletRequest)]
2022-06-23 10:08:25.437 [restartedMain] INFO  s.d.s.web.plugins.DocumentationPluginsBootstrapper - Context refreshed
2022-06-23 10:08:25.438 [restartedMain] INFO  s.d.s.web.plugins.DocumentationPluginsBootstrapper - Found 1 custom documentation plugin(s)
2022-06-23 10:08:25.443 [restartedMain] INFO  s.d.spring.web.scanners.ApiListingReferenceScanner - Scanning for api listing references
2022-06-23 10:08:25.532 [restartedMain] INFO  o.s.boot.web.embedded.tomcat.TomcatWebServer - Tomcat started on port(s): 10619 (http) with context path ''
2022-06-23 10:08:25.533 [restartedMain] INFO  com.alibaba.nacos.client.naming - [BEAT] adding beat: {"cluster":"DEFAULT","ip":"172.16.4.2","metadata":{"preserved.register.source":"SPRING_CLOUD"},"period":5000,"port":10619,"scheduled":false,"serviceName":"DEFAULT_GROUP@@HC-LABREDIS-ms","stopped":false,"weight":1.0} to beat map.
2022-06-23 10:08:25.533 [restartedMain] INFO  com.alibaba.nacos.client.naming - [REGISTER-SERVICE] chenkai registering service DEFAULT_GROUP@@HC-LABREDIS-ms with instance: {"clusterName":"DEFAULT","enabled":true,"ephemeral":true,"healthy":true,"instanceHeartBeatInterval":5000,"instanceHeartBeatTimeOut":15000,"ip":"172.16.4.2","ipDeleteTimeout":30000,"metadata":{"preserved.register.source":"SPRING_CLOUD"},"port":10619,"weight":1.0}
2022-06-23 10:08:25.536 [restartedMain] INFO  c.a.cloud.nacos.registry.NacosServiceRegistry - nacos registry, HC-LABREDIS-ms 172.16.4.2:10619 register finished
2022-06-23 10:08:25.575 [restartedMain] INFO  com.alibaba.nacos.client.config.impl.ClientWorker - [fixed-172.16.10.204_8848-chenkai] [subscribe] hc-labredis-ms-dev.yaml+DEFAULT_GROUP+chenkai
2022-06-23 10:08:25.575 [restartedMain] INFO  com.alibaba.nacos.client.config.impl.CacheData - [fixed-172.16.10.204_8848-chenkai] [add-listener] ok, tenant=chenkai, dataId=hc-labredis-ms-dev.yaml, group=DEFAULT_GROUP, cnt=1
2022-06-23 10:08:25.576 [restartedMain] INFO  com.alibaba.nacos.client.config.impl.ClientWorker - [fixed-172.16.10.204_8848-chenkai] [subscribe] hc-labredis-ms.yaml+DEFAULT_GROUP+chenkai
2022-06-23 10:08:25.576 [restartedMain] INFO  com.alibaba.nacos.client.config.impl.CacheData - [fixed-172.16.10.204_8848-chenkai] [add-listener] ok, tenant=chenkai, dataId=hc-labredis-ms.yaml, group=DEFAULT_GROUP, cnt=1
2022-06-23 10:08:25.577 [restartedMain] INFO  o.s.b.d.a.ConditionEvaluationDeltaLoggingListener - Condition evaluation unchanged
2022-06-23 10:13:31.990 [Thread-50] INFO  c.a.cloud.nacos.registry.NacosServiceRegistry - De-registering from Nacos Server now...
2022-06-23 10:13:31.990 [Thread-50] INFO  com.alibaba.nacos.client.naming - [BEAT] removing beat: DEFAULT_GROUP@@HC-LABREDIS-ms:172.16.4.2:10619 from beat map.
2022-06-23 10:13:31.990 [Thread-50] INFO  com.alibaba.nacos.client.naming - [DEREGISTER-SERVICE] chenkai deregistering service DEFAULT_GROUP@@HC-LABREDIS-ms with instance: {"clusterName":"DEFAULT","enabled":true,"ephemeral":true,"healthy":true,"instanceHeartBeatInterval":5000,"instanceHeartBeatTimeOut":15000,"ip":"172.16.4.2","ipDeleteTimeout":30000,"metadata":{},"port":10619,"weight":1.0}
2022-06-23 10:13:31.992 [Thread-50] INFO  c.a.cloud.nacos.registry.NacosServiceRegistry - De-registration finished.
2022-06-23 10:13:31.992 [Thread-50] INFO  o.s.scheduling.concurrent.ThreadPoolTaskExecutor - Shutting down ExecutorService 'applicationTaskExecutor'
2022-06-23 10:13:31.994 [Thread-50] INFO  o.s.scheduling.concurrent.ThreadPoolTaskExecutor - Shutting down ExecutorService
2022-06-23 10:13:32.403 [restartedMain] INFO  o.s.c.s.PostProcessorRegistrationDelegate$BeanPostProcessorChecker - Bean 'org.springframework.cloud.autoconfigure.ConfigurationPropertiesRebinderAutoConfiguration' of type [org.springframework.cloud.autoconfigure.ConfigurationPropertiesRebinderAutoConfiguration$$EnhancerBySpringCGLIB$$25da39e] is not eligible for getting processed by all BeanPostProcessors (for example: not eligible for auto-proxying)
2022-06-23 10:13:32.484 [restartedMain] INFO  c.a.cloud.nacos.client.NacosPropertySourceBuilder - Loading nacos data, dataId: 'hc-labredis-ms.yaml', group: 'DEFAULT_GROUP'
2022-06-23 10:13:32.488 [restartedMain] INFO  o.s.c.b.c.PropertySourceBootstrapConfiguration - Located property source: CompositePropertySource {name='NACOS', propertySources=[NacosPropertySource {name='hc-labredis-ms-dev.yaml'}, NacosPropertySource {name='hc-labredis-ms.yaml'}]}
2022-06-23 10:13:33.664 [restartedMain] INFO  o.s.d.r.config.RepositoryConfigurationDelegate - Multiple Spring Data modules found, entering strict repository configuration mode!
2022-06-23 10:13:33.664 [restartedMain] INFO  o.s.d.r.config.RepositoryConfigurationDelegate - Bootstrapping Spring Data repositories in DEFAULT mode.
2022-06-23 10:13:33.689 [restartedMain] INFO  o.s.d.r.config.RepositoryConfigurationDelegate - Finished Spring Data repository scanning in 25ms. Found 0 repository interfaces.
2022-06-23 10:13:33.807 [restartedMain] INFO  o.springframework.cloud.context.scope.GenericScope - BeanFactory id=36fd6d9e-4f01-31ab-84cf-a31ba731df2d
2022-06-23 10:13:33.842 [restartedMain] INFO  o.s.c.s.PostProcessorRegistrationDelegate$BeanPostProcessorChecker - Bean 'org.springframework.cloud.autoconfigure.ConfigurationPropertiesRebinderAutoConfiguration' of type [org.springframework.cloud.autoconfigure.ConfigurationPropertiesRebinderAutoConfiguration$$EnhancerBySpringCGLIB$$25da39e] is not eligible for getting processed by all BeanPostProcessors (for example: not eligible for auto-proxying)
2022-06-23 10:13:34.004 [restartedMain] INFO  o.s.boot.web.embedded.tomcat.TomcatWebServer - Tomcat initialized with port(s): 10619 (http)
2022-06-23 10:13:34.005 [restartedMain] INFO  org.apache.catalina.core.StandardService - Starting service [Tomcat]
2022-06-23 10:13:34.006 [restartedMain] INFO  org.apache.catalina.core.StandardEngine - Starting Servlet engine: [Apache Tomcat/9.0.22]
2022-06-23 10:13:34.034 [restartedMain] INFO  o.a.c.core.ContainerBase.[Tomcat].[localhost].[/] - Initializing Spring embedded WebApplicationContext
2022-06-23 10:13:34.034 [restartedMain] INFO  org.springframework.web.context.ContextLoader - Root WebApplicationContext: initialization completed in 1542 ms
2022-06-23 10:13:34.088 [restartedMain] INFO  o.s.scheduling.concurrent.ThreadPoolTaskExecutor - Initializing ExecutorService
2022-06-23 10:13:34.167 [restartedMain] WARN  o.s.b.d.autoconfigure.OptionalLiveReloadServer - Unable to start LiveReload server
2022-06-23 10:13:34.356 [restartedMain] WARN  com.netflix.config.sources.URLConfigurationSource - No URLs will be polled as dynamic configuration sources.
2022-06-23 10:13:34.356 [restartedMain] INFO  com.netflix.config.sources.URLConfigurationSource - To enable URLs as dynamic configuration sources, define System property archaius.configurationSource.additionalUrls or make config.properties available on classpath.
2022-06-23 10:13:34.389 [restartedMain] INFO  o.s.scheduling.concurrent.ThreadPoolTaskExecutor - Initializing ExecutorService 'applicationTaskExecutor'
2022-06-23 10:13:34.480 [restartedMain] INFO  com.alibaba.nacos.client.naming - initializer namespace from System Property :null
2022-06-23 10:13:34.480 [restartedMain] INFO  com.alibaba.nacos.client.naming - initializer namespace from System Environment :null
2022-06-23 10:13:34.480 [restartedMain] INFO  com.alibaba.nacos.client.naming - initializer namespace from System Property :null
2022-06-23 10:13:34.486 [restartedMain] INFO  o.s.scheduling.concurrent.ThreadPoolTaskScheduler - Initializing ExecutorService
2022-06-23 10:13:34.496 [restartedMain] INFO  s.d.s.w.PropertySourcedRequestMappingHandlerMapping - Mapped URL path [/v2/api-docs] onto method [public org.springframework.http.ResponseEntity<springfox.documentation.spring.web.json.Json> springfox.documentation.swagger2.web.Swagger2Controller.getDocumentation(java.lang.String,javax.servlet.http.HttpServletRequest)]
2022-06-23 10:13:34.673 [restartedMain] INFO  s.d.s.web.plugins.DocumentationPluginsBootstrapper - Context refreshed
2022-06-23 10:13:34.674 [restartedMain] INFO  s.d.s.web.plugins.DocumentationPluginsBootstrapper - Found 1 custom documentation plugin(s)
2022-06-23 10:13:34.682 [restartedMain] INFO  s.d.spring.web.scanners.ApiListingReferenceScanner - Scanning for api listing references
2022-06-23 10:13:34.799 [restartedMain] INFO  o.s.boot.web.embedded.tomcat.TomcatWebServer - Tomcat started on port(s): 10619 (http) with context path ''
2022-06-23 10:13:34.799 [restartedMain] INFO  com.alibaba.nacos.client.naming - [BEAT] adding beat: {"cluster":"DEFAULT","ip":"172.16.4.2","metadata":{"preserved.register.source":"SPRING_CLOUD"},"period":5000,"port":10619,"scheduled":false,"serviceName":"DEFAULT_GROUP@@HC-LABREDIS-ms","stopped":false,"weight":1.0} to beat map.
2022-06-23 10:13:34.800 [restartedMain] INFO  com.alibaba.nacos.client.naming - [REGISTER-SERVICE] chenkai registering service DEFAULT_GROUP@@HC-LABREDIS-ms with instance: {"clusterName":"DEFAULT","enabled":true,"ephemeral":true,"healthy":true,"instanceHeartBeatInterval":5000,"instanceHeartBeatTimeOut":15000,"ip":"172.16.4.2","ipDeleteTimeout":30000,"metadata":{"preserved.register.source":"SPRING_CLOUD"},"port":10619,"weight":1.0}
2022-06-23 10:13:34.803 [restartedMain] INFO  c.a.cloud.nacos.registry.NacosServiceRegistry - nacos registry, HC-LABREDIS-ms 172.16.4.2:10619 register finished
2022-06-23 10:13:34.847 [restartedMain] INFO  com.alibaba.nacos.client.config.impl.ClientWorker - [fixed-172.16.10.204_8848-chenkai] [subscribe] hc-labredis-ms-dev.yaml+DEFAULT_GROUP+chenkai
2022-06-23 10:13:34.847 [restartedMain] INFO  com.alibaba.nacos.client.config.impl.CacheData - [fixed-172.16.10.204_8848-chenkai] [add-listener] ok, tenant=chenkai, dataId=hc-labredis-ms-dev.yaml, group=DEFAULT_GROUP, cnt=1
2022-06-23 10:13:34.848 [restartedMain] INFO  com.alibaba.nacos.client.config.impl.ClientWorker - [fixed-172.16.10.204_8848-chenkai] [subscribe] hc-labredis-ms.yaml+DEFAULT_GROUP+chenkai
2022-06-23 10:13:34.848 [restartedMain] INFO  com.alibaba.nacos.client.config.impl.CacheData - [fixed-172.16.10.204_8848-chenkai] [add-listener] ok, tenant=chenkai, dataId=hc-labredis-ms.yaml, group=DEFAULT_GROUP, cnt=1
2022-06-23 10:13:34.849 [restartedMain] INFO  o.s.b.d.a.ConditionEvaluationDeltaLoggingListener - Condition evaluation unchanged
2022-06-23 10:17:18.335 [Thread-97] INFO  c.a.cloud.nacos.registry.NacosServiceRegistry - De-registering from Nacos Server now...
2022-06-23 10:17:18.336 [Thread-97] INFO  com.alibaba.nacos.client.naming - [BEAT] removing beat: DEFAULT_GROUP@@HC-LABREDIS-ms:172.16.4.2:10619 from beat map.
2022-06-23 10:17:18.336 [Thread-97] INFO  com.alibaba.nacos.client.naming - [DEREGISTER-SERVICE] chenkai deregistering service DEFAULT_GROUP@@HC-LABREDIS-ms with instance: {"clusterName":"DEFAULT","enabled":true,"ephemeral":true,"healthy":true,"instanceHeartBeatInterval":5000,"instanceHeartBeatTimeOut":15000,"ip":"172.16.4.2","ipDeleteTimeout":30000,"metadata":{},"port":10619,"weight":1.0}
2022-06-23 10:17:18.337 [Thread-97] INFO  c.a.cloud.nacos.registry.NacosServiceRegistry - De-registration finished.
2022-06-23 10:17:18.337 [Thread-97] INFO  o.s.scheduling.concurrent.ThreadPoolTaskExecutor - Shutting down ExecutorService 'applicationTaskExecutor'
2022-06-23 10:17:18.339 [Thread-97] INFO  o.s.scheduling.concurrent.ThreadPoolTaskExecutor - Shutting down ExecutorService
2022-06-23 10:17:24.593 [restartedMain] INFO  o.s.b.d.env.DevToolsPropertyDefaultsPostProcessor - Devtools property defaults active! Set 'spring.devtools.add-properties' to 'false' to disable
2022-06-23 10:17:24.901 [restartedMain] INFO  o.s.c.s.PostProcessorRegistrationDelegate$BeanPostProcessorChecker - Bean 'org.springframework.cloud.autoconfigure.ConfigurationPropertiesRebinderAutoConfiguration' of type [org.springframework.cloud.autoconfigure.ConfigurationPropertiesRebinderAutoConfiguration$$EnhancerBySpringCGLIB$$2d728197] is not eligible for getting processed by all BeanPostProcessors (for example: not eligible for auto-proxying)
2022-06-23 10:17:25.173 [restartedMain] INFO  c.a.cloud.nacos.client.NacosPropertySourceBuilder - Loading nacos data, dataId: 'hc-labredis-ms.yaml', group: 'DEFAULT_GROUP'
2022-06-23 10:17:25.180 [restartedMain] INFO  o.s.c.b.c.PropertySourceBootstrapConfiguration - Located property source: CompositePropertySource {name='NACOS', propertySources=[NacosPropertySource {name='hc-labredis-ms-dev.yaml'}, NacosPropertySource {name='hc-labredis-ms.yaml'}]}
2022-06-23 10:17:26.733 [restartedMain] INFO  o.s.d.r.config.RepositoryConfigurationDelegate - Multiple Spring Data modules found, entering strict repository configuration mode!
2022-06-23 10:17:26.736 [restartedMain] INFO  o.s.d.r.config.RepositoryConfigurationDelegate - Bootstrapping Spring Data repositories in DEFAULT mode.
2022-06-23 10:17:26.790 [restartedMain] INFO  o.s.d.r.config.RepositoryConfigurationDelegate - Finished Spring Data repository scanning in 38ms. Found 0 repository interfaces.
2022-06-23 10:17:27.123 [restartedMain] INFO  o.springframework.cloud.context.scope.GenericScope - BeanFactory id=36fd6d9e-4f01-31ab-84cf-a31ba731df2d
2022-06-23 10:17:27.234 [restartedMain] INFO  o.s.c.s.PostProcessorRegistrationDelegate$BeanPostProcessorChecker - Bean 'org.springframework.cloud.autoconfigure.ConfigurationPropertiesRebinderAutoConfiguration' of type [org.springframework.cloud.autoconfigure.ConfigurationPropertiesRebinderAutoConfiguration$$EnhancerBySpringCGLIB$$2d728197] is not eligible for getting processed by all BeanPostProcessors (for example: not eligible for auto-proxying)
2022-06-23 10:17:27.795 [restartedMain] INFO  o.s.boot.web.embedded.tomcat.TomcatWebServer - Tomcat initialized with port(s): 10619 (http)
2022-06-23 10:17:27.831 [restartedMain] INFO  org.apache.catalina.core.StandardService - Starting service [Tomcat]
2022-06-23 10:17:27.832 [restartedMain] INFO  org.apache.catalina.core.StandardEngine - Starting Servlet engine: [Apache Tomcat/9.0.22]
2022-06-23 10:17:28.005 [restartedMain] INFO  o.a.c.core.ContainerBase.[Tomcat].[localhost].[/] - Initializing Spring embedded WebApplicationContext
2022-06-23 10:17:28.005 [restartedMain] INFO  org.springframework.web.context.ContextLoader - Root WebApplicationContext: initialization completed in 2807 ms
2022-06-23 10:17:28.218 [restartedMain] INFO  o.s.scheduling.concurrent.ThreadPoolTaskExecutor - Initializing ExecutorService
2022-06-23 10:17:28.424 [restartedMain] WARN  o.s.b.d.autoconfigure.OptionalLiveReloadServer - Unable to start LiveReload server
2022-06-23 10:17:28.893 [restartedMain] WARN  com.netflix.config.sources.URLConfigurationSource - No URLs will be polled as dynamic configuration sources.
2022-06-23 10:17:28.893 [restartedMain] INFO  com.netflix.config.sources.URLConfigurationSource - To enable URLs as dynamic configuration sources, define System property archaius.configurationSource.additionalUrls or make config.properties available on classpath.
2022-06-23 10:17:28.899 [restartedMain] WARN  com.netflix.config.sources.URLConfigurationSource - No URLs will be polled as dynamic configuration sources.
2022-06-23 10:17:28.899 [restartedMain] INFO  com.netflix.config.sources.URLConfigurationSource - To enable URLs as dynamic configuration sources, define System property archaius.configurationSource.additionalUrls or make config.properties available on classpath.
2022-06-23 10:17:29.091 [restartedMain] INFO  o.s.scheduling.concurrent.ThreadPoolTaskExecutor - Initializing ExecutorService 'applicationTaskExecutor'
2022-06-23 10:17:29.321 [restartedMain] INFO  o.s.scheduling.concurrent.ThreadPoolTaskScheduler - Initializing ExecutorService
2022-06-23 10:17:29.357 [restartedMain] INFO  s.d.s.w.PropertySourcedRequestMappingHandlerMapping - Mapped URL path [/v2/api-docs] onto method [public org.springframework.http.ResponseEntity<springfox.documentation.spring.web.json.Json> springfox.documentation.swagger2.web.Swagger2Controller.getDocumentation(java.lang.String,javax.servlet.http.HttpServletRequest)]
2022-06-23 10:17:29.906 [restartedMain] INFO  s.d.s.web.plugins.DocumentationPluginsBootstrapper - Context refreshed
2022-06-23 10:17:29.926 [restartedMain] INFO  s.d.s.web.plugins.DocumentationPluginsBootstrapper - Found 1 custom documentation plugin(s)
2022-06-23 10:17:29.968 [restartedMain] INFO  s.d.spring.web.scanners.ApiListingReferenceScanner - Scanning for api listing references
2022-06-23 10:17:30.281 [restartedMain] INFO  o.s.boot.web.embedded.tomcat.TomcatWebServer - Tomcat started on port(s): 10619 (http) with context path ''
2022-06-23 10:17:30.322 [restartedMain] INFO  c.a.cloud.nacos.registry.NacosServiceRegistry - nacos registry, HC-LABREDIS-ms 172.16.4.2:10619 register finished
