2022-05-18 15:15:44.032 [restartedMain] INFO  o.s.b.d.env.DevToolsPropertyDefaultsPostProcessor - Devtools property defaults active! Set 'spring.devtools.add-properties' to 'false' to disable
2022-05-18 15:15:44.229 [restartedMain] INFO  o.s.c.s.PostProcessorRegistrationDelegate$BeanPostProcessorChecker - Bean 'org.springframework.cloud.autoconfigure.ConfigurationPropertiesRebinderAutoConfiguration' of type [org.springframework.cloud.autoconfigure.ConfigurationPropertiesRebinderAutoConfiguration$$EnhancerBySpringCGLIB$$acc78470] is not eligible for getting processed by all BeanPostProcessors (for example: not eligible for auto-proxying)
2022-05-18 15:15:44.576 [restartedMain] INFO  c.a.cloud.nacos.client.NacosPropertySourceBuilder - Loading nacos data, dataId: 'hc-labredis-ms.yaml', group: 'DEFAULT_GROUP'
2022-05-18 15:15:44.677 [restartedMain] INFO  o.s.c.b.c.PropertySourceBootstrapConfiguration - Located property source: CompositePropertySource {name='NACOS', propertySources=[NacosPropertySource {name='hc-labredis-ms-dev.yaml'}, NacosPropertySource {name='hc-labredis-ms.yaml'}]}
2022-05-18 15:15:45.501 [restartedMain] INFO  o.s.d.r.config.RepositoryConfigurationDelegate - Multiple Spring Data modules found, entering strict repository configuration mode!
2022-05-18 15:15:45.502 [restartedMain] INFO  o.s.d.r.config.RepositoryConfigurationDelegate - Bootstrapping Spring Data repositories in DEFAULT mode.
2022-05-18 15:15:45.524 [restartedMain] INFO  o.s.d.r.config.RepositoryConfigurationDelegate - Finished Spring Data repository scanning in 14ms. Found 0 repository interfaces.
2022-05-18 15:15:45.673 [restartedMain] INFO  o.springframework.cloud.context.scope.GenericScope - BeanFactory id=6cadd01b-d50c-3861-93c0-60a5eb371a7f
2022-05-18 15:15:45.730 [restartedMain] INFO  o.s.c.s.PostProcessorRegistrationDelegate$BeanPostProcessorChecker - Bean 'org.springframework.cloud.autoconfigure.ConfigurationPropertiesRebinderAutoConfiguration' of type [org.springframework.cloud.autoconfigure.ConfigurationPropertiesRebinderAutoConfiguration$$EnhancerBySpringCGLIB$$acc78470] is not eligible for getting processed by all BeanPostProcessors (for example: not eligible for auto-proxying)
2022-05-18 15:15:46.111 [restartedMain] INFO  o.s.boot.web.embedded.tomcat.TomcatWebServer - Tomcat initialized with port(s): 10619 (http)
2022-05-18 15:15:46.128 [restartedMain] INFO  org.apache.catalina.core.StandardService - Starting service [Tomcat]
2022-05-18 15:15:46.128 [restartedMain] INFO  org.apache.catalina.core.StandardEngine - Starting Servlet engine: [Apache Tomcat/9.0.22]
2022-05-18 15:15:46.220 [restartedMain] INFO  o.a.c.core.ContainerBase.[Tomcat].[localhost].[/] - Initializing Spring embedded WebApplicationContext
2022-05-18 15:15:46.220 [restartedMain] INFO  org.springframework.web.context.ContextLoader - Root WebApplicationContext: initialization completed in 1500 ms
2022-05-18 15:15:46.382 [restartedMain] INFO  o.s.scheduling.concurrent.ThreadPoolTaskExecutor - Initializing ExecutorService
2022-05-18 15:15:46.609 [restartedMain] WARN  com.netflix.config.sources.URLConfigurationSource - No URLs will be polled as dynamic configuration sources.
2022-05-18 15:15:46.609 [restartedMain] INFO  com.netflix.config.sources.URLConfigurationSource - To enable URLs as dynamic configuration sources, define System property archaius.configurationSource.additionalUrls or make config.properties available on classpath.
2022-05-18 15:15:46.612 [restartedMain] WARN  com.netflix.config.sources.URLConfigurationSource - No URLs will be polled as dynamic configuration sources.
2022-05-18 15:15:46.612 [restartedMain] INFO  com.netflix.config.sources.URLConfigurationSource - To enable URLs as dynamic configuration sources, define System property archaius.configurationSource.additionalUrls or make config.properties available on classpath.
2022-05-18 15:15:46.718 [restartedMain] INFO  o.s.scheduling.concurrent.ThreadPoolTaskExecutor - Initializing ExecutorService 'applicationTaskExecutor'
2022-05-18 15:15:46.757 [restartedMain] INFO  o.s.b.d.autoconfigure.OptionalLiveReloadServer - LiveReload server is running on port 35729
2022-05-18 15:15:46.882 [restartedMain] INFO  o.s.scheduling.concurrent.ThreadPoolTaskScheduler - Initializing ExecutorService
2022-05-18 15:15:46.906 [restartedMain] INFO  s.d.s.w.PropertySourcedRequestMappingHandlerMapping - Mapped URL path [/v2/api-docs] onto method [public org.springframework.http.ResponseEntity<springfox.documentation.spring.web.json.Json> springfox.documentation.swagger2.web.Swagger2Controller.getDocumentation(java.lang.String,javax.servlet.http.HttpServletRequest)]
2022-05-18 15:15:47.218 [restartedMain] INFO  s.d.s.web.plugins.DocumentationPluginsBootstrapper - Context refreshed
2022-05-18 15:15:47.231 [restartedMain] INFO  s.d.s.web.plugins.DocumentationPluginsBootstrapper - Found 1 custom documentation plugin(s)
2022-05-18 15:15:47.258 [restartedMain] INFO  s.d.spring.web.scanners.ApiListingReferenceScanner - Scanning for api listing references
2022-05-18 15:15:47.426 [restartedMain] INFO  o.s.boot.web.embedded.tomcat.TomcatWebServer - Tomcat started on port(s): 10619 (http) with context path ''
2022-05-18 15:15:47.546 [restartedMain] INFO  c.a.cloud.nacos.registry.NacosServiceRegistry - nacos registry, HC-LABREDIS-ms 172.16.4.2:10619 register finished
2022-05-18 15:49:56.908 [com.alibaba.nacos.client.Worker.longPolling.fixed-172.16.10.204_8848-chenkai] INFO  o.s.b.d.env.DevToolsPropertyDefaultsPostProcessor - Devtools property defaults active! Set 'spring.devtools.add-properties' to 'false' to disable
2022-05-18 15:49:56.933 [com.alibaba.nacos.client.Worker.longPolling.fixed-172.16.10.204_8848-chenkai] INFO  o.s.c.s.PostProcessorRegistrationDelegate$BeanPostProcessorChecker - Bean 'org.springframework.cloud.autoconfigure.ConfigurationPropertiesRebinderAutoConfiguration' of type [org.springframework.cloud.autoconfigure.ConfigurationPropertiesRebinderAutoConfiguration$$EnhancerBySpringCGLIB$$acc78470] is not eligible for getting processed by all BeanPostProcessors (for example: not eligible for auto-proxying)
2022-05-18 15:49:56.989 [com.alibaba.nacos.client.Worker.longPolling.fixed-172.16.10.204_8848-chenkai] INFO  o.s.b.d.env.DevToolsPropertyDefaultsPostProcessor - Devtools property defaults active! Set 'spring.devtools.add-properties' to 'false' to disable
2022-05-18 15:49:57.052 [com.alibaba.nacos.client.Worker.longPolling.fixed-172.16.10.204_8848-chenkai] INFO  o.s.c.b.c.PropertySourceBootstrapConfiguration - Located property source: CompositePropertySource {name='NACOS', propertySources=[NacosPropertySource {name='hc-labredis-ms-dev.yaml'}, NacosPropertySource {name='hc-labredis-ms.yaml'}]}
2022-05-18 15:49:57.053 [com.alibaba.nacos.client.Worker.longPolling.fixed-172.16.10.204_8848-chenkai] INFO  org.springframework.boot.SpringApplication - The following profiles are active: dev
2022-05-18 15:49:57.063 [com.alibaba.nacos.client.Worker.longPolling.fixed-172.16.10.204_8848-chenkai] INFO  org.springframework.boot.SpringApplication - Started application in 0.223 seconds (JVM running for 2054.678)
2022-05-18 15:49:57.078 [com.alibaba.nacos.client.Worker.longPolling.fixed-172.16.10.204_8848-chenkai] INFO  o.s.cloud.endpoint.event.RefreshEventListener - Refresh keys changed: [spring.redis.cluster.nodes, feign.client.config.default.readTimeout, spring.application.name, server.port, spring.redis.timeout, spring.redis.cluster.max-redirects, feign.client.config.default.connectTimeout]
2022-05-18 15:53:16.157 [com.alibaba.nacos.client.Worker.longPolling.fixed-172.16.10.204_8848-chenkai] INFO  o.s.b.d.env.DevToolsPropertyDefaultsPostProcessor - Devtools property defaults active! Set 'spring.devtools.add-properties' to 'false' to disable
2022-05-18 15:53:16.209 [com.alibaba.nacos.client.Worker.longPolling.fixed-172.16.10.204_8848-chenkai] INFO  o.s.c.s.PostProcessorRegistrationDelegate$BeanPostProcessorChecker - Bean 'org.springframework.cloud.autoconfigure.ConfigurationPropertiesRebinderAutoConfiguration' of type [org.springframework.cloud.autoconfigure.ConfigurationPropertiesRebinderAutoConfiguration$$EnhancerBySpringCGLIB$$acc78470] is not eligible for getting processed by all BeanPostProcessors (for example: not eligible for auto-proxying)
2022-05-18 15:53:16.303 [com.alibaba.nacos.client.Worker.longPolling.fixed-172.16.10.204_8848-chenkai] INFO  o.s.b.d.env.DevToolsPropertyDefaultsPostProcessor - Devtools property defaults active! Set 'spring.devtools.add-properties' to 'false' to disable
2022-05-18 15:53:16.319 [com.alibaba.nacos.client.Worker.longPolling.fixed-172.16.10.204_8848-chenkai] INFO  c.a.cloud.nacos.client.NacosPropertySourceBuilder - Loading nacos data, dataId: 'hc-labredis-ms.yaml', group: 'DEFAULT_GROUP'
2022-05-18 15:53:16.325 [com.alibaba.nacos.client.Worker.longPolling.fixed-172.16.10.204_8848-chenkai] INFO  o.s.c.b.c.PropertySourceBootstrapConfiguration - Located property source: CompositePropertySource {name='NACOS', propertySources=[NacosPropertySource {name='hc-labredis-ms-dev.yaml'}, NacosPropertySource {name='hc-labredis-ms.yaml'}]}
2022-05-18 15:53:16.326 [com.alibaba.nacos.client.Worker.longPolling.fixed-172.16.10.204_8848-chenkai] INFO  org.springframework.boot.SpringApplication - The following profiles are active: dev
2022-05-18 15:53:16.341 [com.alibaba.nacos.client.Worker.longPolling.fixed-172.16.10.204_8848-chenkai] INFO  org.springframework.boot.SpringApplication - Started application in 0.291 seconds (JVM running for 2253.957)
2022-05-18 15:53:16.373 [com.alibaba.nacos.client.Worker.longPolling.fixed-172.16.10.204_8848-chenkai] INFO  o.s.cloud.endpoint.event.RefreshEventListener - Refresh keys changed: [spring.redis.cluster.nodes, feign.client.config.default.readTimeout, spring.application.name, server.port, spring.redis.timeout, spring.redis.cluster.max-redirects, feign.client.config.default.connectTimeout]
2022-05-18 16:29:25.800 [Thread-17] INFO  c.a.cloud.nacos.registry.NacosServiceRegistry - De-registering from Nacos Server now...
2022-05-18 16:29:25.807 [Thread-17] INFO  c.a.cloud.nacos.registry.NacosServiceRegistry - De-registration finished.
2022-05-18 16:29:25.809 [Thread-17] INFO  o.s.scheduling.concurrent.ThreadPoolTaskExecutor - Shutting down ExecutorService 'applicationTaskExecutor'
2022-05-18 16:29:25.831 [Thread-17] INFO  o.s.scheduling.concurrent.ThreadPoolTaskExecutor - Shutting down ExecutorService
2022-05-18 16:29:26.226 [restartedMain] INFO  o.s.c.s.PostProcessorRegistrationDelegate$BeanPostProcessorChecker - Bean 'org.springframework.cloud.autoconfigure.ConfigurationPropertiesRebinderAutoConfiguration' of type [org.springframework.cloud.autoconfigure.ConfigurationPropertiesRebinderAutoConfiguration$$EnhancerBySpringCGLIB$$acc78470] is not eligible for getting processed by all BeanPostProcessors (for example: not eligible for auto-proxying)
2022-05-18 16:29:26.313 [restartedMain] INFO  c.a.cloud.nacos.client.NacosPropertySourceBuilder - Loading nacos data, dataId: 'hc-labredis-ms.yaml', group: 'DEFAULT_GROUP'
2022-05-18 16:29:26.317 [restartedMain] INFO  o.s.c.b.c.PropertySourceBootstrapConfiguration - Located property source: CompositePropertySource {name='NACOS', propertySources=[NacosPropertySource {name='hc-labredis-ms-dev.yaml'}, NacosPropertySource {name='hc-labredis-ms.yaml'}]}
2022-05-18 16:29:27.167 [restartedMain] INFO  o.s.d.r.config.RepositoryConfigurationDelegate - Multiple Spring Data modules found, entering strict repository configuration mode!
2022-05-18 16:29:27.167 [restartedMain] INFO  o.s.d.r.config.RepositoryConfigurationDelegate - Bootstrapping Spring Data repositories in DEFAULT mode.
2022-05-18 16:29:27.181 [restartedMain] INFO  o.s.d.r.config.RepositoryConfigurationDelegate - Finished Spring Data repository scanning in 14ms. Found 0 repository interfaces.
2022-05-18 16:29:27.299 [restartedMain] INFO  o.springframework.cloud.context.scope.GenericScope - BeanFactory id=6cadd01b-d50c-3861-93c0-60a5eb371a7f
2022-05-18 16:29:27.366 [restartedMain] INFO  o.s.c.s.PostProcessorRegistrationDelegate$BeanPostProcessorChecker - Bean 'org.springframework.cloud.autoconfigure.ConfigurationPropertiesRebinderAutoConfiguration' of type [org.springframework.cloud.autoconfigure.ConfigurationPropertiesRebinderAutoConfiguration$$EnhancerBySpringCGLIB$$acc78470] is not eligible for getting processed by all BeanPostProcessors (for example: not eligible for auto-proxying)
2022-05-18 16:29:27.531 [restartedMain] INFO  o.s.boot.web.embedded.tomcat.TomcatWebServer - Tomcat initialized with port(s): 10619 (http)
2022-05-18 16:29:27.531 [restartedMain] INFO  org.apache.catalina.core.StandardService - Starting service [Tomcat]
2022-05-18 16:29:27.532 [restartedMain] INFO  org.apache.catalina.core.StandardEngine - Starting Servlet engine: [Apache Tomcat/9.0.22]
2022-05-18 16:29:27.553 [restartedMain] INFO  o.a.c.core.ContainerBase.[Tomcat].[localhost].[/] - Initializing Spring embedded WebApplicationContext
2022-05-18 16:29:27.553 [restartedMain] INFO  org.springframework.web.context.ContextLoader - Root WebApplicationContext: initialization completed in 1232 ms
2022-05-18 16:29:27.602 [restartedMain] INFO  o.s.scheduling.concurrent.ThreadPoolTaskExecutor - Initializing ExecutorService
2022-05-18 16:29:27.866 [restartedMain] WARN  com.netflix.config.sources.URLConfigurationSource - No URLs will be polled as dynamic configuration sources.
2022-05-18 16:29:27.866 [restartedMain] INFO  com.netflix.config.sources.URLConfigurationSource - To enable URLs as dynamic configuration sources, define System property archaius.configurationSource.additionalUrls or make config.properties available on classpath.
2022-05-18 16:29:27.921 [restartedMain] INFO  o.s.scheduling.concurrent.ThreadPoolTaskExecutor - Initializing ExecutorService 'applicationTaskExecutor'
2022-05-18 16:29:27.947 [restartedMain] INFO  o.s.b.d.autoconfigure.OptionalLiveReloadServer - LiveReload server is running on port 35729
2022-05-18 16:29:28.214 [restartedMain] INFO  com.alibaba.nacos.client.naming - initializer namespace from System Property :null
2022-05-18 16:29:28.214 [restartedMain] INFO  com.alibaba.nacos.client.naming - initializer namespace from System Environment :null
2022-05-18 16:29:28.214 [restartedMain] INFO  com.alibaba.nacos.client.naming - initializer namespace from System Property :null
2022-05-18 16:29:28.226 [restartedMain] INFO  o.s.scheduling.concurrent.ThreadPoolTaskScheduler - Initializing ExecutorService
2022-05-18 16:29:28.252 [restartedMain] INFO  s.d.s.w.PropertySourcedRequestMappingHandlerMapping - Mapped URL path [/v2/api-docs] onto method [public org.springframework.http.ResponseEntity<springfox.documentation.spring.web.json.Json> springfox.documentation.swagger2.web.Swagger2Controller.getDocumentation(java.lang.String,javax.servlet.http.HttpServletRequest)]
2022-05-18 16:29:28.599 [restartedMain] INFO  s.d.s.web.plugins.DocumentationPluginsBootstrapper - Context refreshed
2022-05-18 16:29:28.601 [restartedMain] INFO  s.d.s.web.plugins.DocumentationPluginsBootstrapper - Found 1 custom documentation plugin(s)
2022-05-18 16:29:28.612 [restartedMain] INFO  s.d.spring.web.scanners.ApiListingReferenceScanner - Scanning for api listing references
2022-05-18 16:29:28.713 [restartedMain] INFO  o.s.boot.web.embedded.tomcat.TomcatWebServer - Tomcat started on port(s): 10619 (http) with context path ''
2022-05-18 16:29:28.715 [restartedMain] INFO  com.alibaba.nacos.client.naming - [BEAT] adding beat: {"cluster":"DEFAULT","ip":"172.16.4.2","metadata":{"preserved.register.source":"SPRING_CLOUD"},"period":5000,"port":10619,"scheduled":false,"serviceName":"DEFAULT_GROUP@@HC-LABREDIS-ms","stopped":false,"weight":1.0} to beat map.
2022-05-18 16:29:28.716 [restartedMain] INFO  com.alibaba.nacos.client.naming - [REGISTER-SERVICE] chenkai registering service DEFAULT_GROUP@@HC-LABREDIS-ms with instance: {"clusterName":"DEFAULT","enabled":true,"ephemeral":true,"healthy":true,"instanceHeartBeatInterval":5000,"instanceHeartBeatTimeOut":15000,"ip":"172.16.4.2","ipDeleteTimeout":30000,"metadata":{"preserved.register.source":"SPRING_CLOUD"},"port":10619,"weight":1.0}
2022-05-18 16:29:28.720 [restartedMain] INFO  c.a.cloud.nacos.registry.NacosServiceRegistry - nacos registry, HC-LABREDIS-ms 172.16.4.2:10619 register finished
2022-05-18 16:29:28.781 [restartedMain] INFO  com.alibaba.nacos.client.config.impl.ClientWorker - [fixed-172.16.10.204_8848-chenkai] [subscribe] hc-labredis-ms-dev.yaml+DEFAULT_GROUP+chenkai
2022-05-18 16:29:28.781 [restartedMain] INFO  com.alibaba.nacos.client.config.impl.CacheData - [fixed-172.16.10.204_8848-chenkai] [add-listener] ok, tenant=chenkai, dataId=hc-labredis-ms-dev.yaml, group=DEFAULT_GROUP, cnt=1
2022-05-18 16:29:28.782 [restartedMain] INFO  com.alibaba.nacos.client.config.impl.ClientWorker - [fixed-172.16.10.204_8848-chenkai] [subscribe] hc-labredis-ms.yaml+DEFAULT_GROUP+chenkai
2022-05-18 16:29:28.782 [restartedMain] INFO  com.alibaba.nacos.client.config.impl.CacheData - [fixed-172.16.10.204_8848-chenkai] [add-listener] ok, tenant=chenkai, dataId=hc-labredis-ms.yaml, group=DEFAULT_GROUP, cnt=1
2022-05-18 16:29:28.785 [restartedMain] INFO  o.s.b.d.a.ConditionEvaluationDeltaLoggingListener - Condition evaluation unchanged
2022-05-18 16:32:02.185 [Thread-71] INFO  c.a.cloud.nacos.registry.NacosServiceRegistry - De-registering from Nacos Server now...
2022-05-18 16:32:02.185 [Thread-71] INFO  com.alibaba.nacos.client.naming - [BEAT] removing beat: DEFAULT_GROUP@@HC-LABREDIS-ms:172.16.4.2:10619 from beat map.
2022-05-18 16:32:02.185 [Thread-71] INFO  com.alibaba.nacos.client.naming - [DEREGISTER-SERVICE] chenkai deregistering service DEFAULT_GROUP@@HC-LABREDIS-ms with instance: {"clusterName":"DEFAULT","enabled":true,"ephemeral":true,"healthy":true,"instanceHeartBeatInterval":5000,"instanceHeartBeatTimeOut":15000,"ip":"172.16.4.2","ipDeleteTimeout":30000,"metadata":{},"port":10619,"weight":1.0}
2022-05-18 16:32:02.188 [Thread-71] INFO  c.a.cloud.nacos.registry.NacosServiceRegistry - De-registration finished.
2022-05-18 16:32:02.188 [Thread-71] INFO  o.s.scheduling.concurrent.ThreadPoolTaskExecutor - Shutting down ExecutorService 'applicationTaskExecutor'
2022-05-18 16:32:02.189 [Thread-71] INFO  o.s.scheduling.concurrent.ThreadPoolTaskExecutor - Shutting down ExecutorService
2022-05-18 16:32:05.770 [restartedMain] INFO  o.s.b.d.env.DevToolsPropertyDefaultsPostProcessor - Devtools property defaults active! Set 'spring.devtools.add-properties' to 'false' to disable
2022-05-18 16:32:05.992 [restartedMain] INFO  o.s.c.s.PostProcessorRegistrationDelegate$BeanPostProcessorChecker - Bean 'org.springframework.cloud.autoconfigure.ConfigurationPropertiesRebinderAutoConfiguration' of type [org.springframework.cloud.autoconfigure.ConfigurationPropertiesRebinderAutoConfiguration$$EnhancerBySpringCGLIB$$b753fc4] is not eligible for getting processed by all BeanPostProcessors (for example: not eligible for auto-proxying)
2022-05-18 16:32:06.187 [restartedMain] INFO  c.a.cloud.nacos.client.NacosPropertySourceBuilder - Loading nacos data, dataId: 'hc-labredis-ms.yaml', group: 'DEFAULT_GROUP'
2022-05-18 16:32:06.193 [restartedMain] INFO  o.s.c.b.c.PropertySourceBootstrapConfiguration - Located property source: CompositePropertySource {name='NACOS', propertySources=[NacosPropertySource {name='hc-labredis-ms-dev.yaml'}, NacosPropertySource {name='hc-labredis-ms.yaml'}]}
2022-05-18 16:32:07.023 [restartedMain] INFO  o.s.d.r.config.RepositoryConfigurationDelegate - Multiple Spring Data modules found, entering strict repository configuration mode!
2022-05-18 16:32:07.025 [restartedMain] INFO  o.s.d.r.config.RepositoryConfigurationDelegate - Bootstrapping Spring Data repositories in DEFAULT mode.
2022-05-18 16:32:07.047 [restartedMain] INFO  o.s.d.r.config.RepositoryConfigurationDelegate - Finished Spring Data repository scanning in 13ms. Found 0 repository interfaces.
2022-05-18 16:32:07.225 [restartedMain] INFO  o.springframework.cloud.context.scope.GenericScope - BeanFactory id=6cadd01b-d50c-3861-93c0-60a5eb371a7f
2022-05-18 16:32:07.283 [restartedMain] INFO  o.s.c.s.PostProcessorRegistrationDelegate$BeanPostProcessorChecker - Bean 'org.springframework.cloud.autoconfigure.ConfigurationPropertiesRebinderAutoConfiguration' of type [org.springframework.cloud.autoconfigure.ConfigurationPropertiesRebinderAutoConfiguration$$EnhancerBySpringCGLIB$$b753fc4] is not eligible for getting processed by all BeanPostProcessors (for example: not eligible for auto-proxying)
2022-05-18 16:32:07.660 [restartedMain] INFO  o.s.boot.web.embedded.tomcat.TomcatWebServer - Tomcat initialized with port(s): 10619 (http)
2022-05-18 16:32:07.679 [restartedMain] INFO  org.apache.catalina.core.StandardService - Starting service [Tomcat]
2022-05-18 16:32:07.679 [restartedMain] INFO  org.apache.catalina.core.StandardEngine - Starting Servlet engine: [Apache Tomcat/9.0.22]
2022-05-18 16:32:07.773 [restartedMain] INFO  o.a.c.core.ContainerBase.[Tomcat].[localhost].[/] - Initializing Spring embedded WebApplicationContext
2022-05-18 16:32:07.773 [restartedMain] INFO  org.springframework.web.context.ContextLoader - Root WebApplicationContext: initialization completed in 1567 ms
2022-05-18 16:32:07.957 [restartedMain] INFO  o.s.scheduling.concurrent.ThreadPoolTaskExecutor - Initializing ExecutorService
2022-05-18 16:32:08.188 [restartedMain] WARN  com.netflix.config.sources.URLConfigurationSource - No URLs will be polled as dynamic configuration sources.
2022-05-18 16:32:08.188 [restartedMain] INFO  com.netflix.config.sources.URLConfigurationSource - To enable URLs as dynamic configuration sources, define System property archaius.configurationSource.additionalUrls or make config.properties available on classpath.
2022-05-18 16:32:08.192 [restartedMain] WARN  com.netflix.config.sources.URLConfigurationSource - No URLs will be polled as dynamic configuration sources.
2022-05-18 16:32:08.192 [restartedMain] INFO  com.netflix.config.sources.URLConfigurationSource - To enable URLs as dynamic configuration sources, define System property archaius.configurationSource.additionalUrls or make config.properties available on classpath.
2022-05-18 16:32:08.298 [restartedMain] INFO  o.s.scheduling.concurrent.ThreadPoolTaskExecutor - Initializing ExecutorService 'applicationTaskExecutor'
2022-05-18 16:32:08.355 [restartedMain] INFO  o.s.b.d.autoconfigure.OptionalLiveReloadServer - LiveReload server is running on port 35729
2022-05-18 16:32:08.494 [restartedMain] INFO  o.s.scheduling.concurrent.ThreadPoolTaskScheduler - Initializing ExecutorService
2022-05-18 16:32:08.517 [restartedMain] INFO  s.d.s.w.PropertySourcedRequestMappingHandlerMapping - Mapped URL path [/v2/api-docs] onto method [public org.springframework.http.ResponseEntity<springfox.documentation.spring.web.json.Json> springfox.documentation.swagger2.web.Swagger2Controller.getDocumentation(java.lang.String,javax.servlet.http.HttpServletRequest)]
2022-05-18 16:32:08.822 [restartedMain] INFO  s.d.s.web.plugins.DocumentationPluginsBootstrapper - Context refreshed
2022-05-18 16:32:08.838 [restartedMain] INFO  s.d.s.web.plugins.DocumentationPluginsBootstrapper - Found 1 custom documentation plugin(s)
2022-05-18 16:32:08.866 [restartedMain] INFO  s.d.spring.web.scanners.ApiListingReferenceScanner - Scanning for api listing references
2022-05-18 16:32:09.047 [restartedMain] INFO  o.s.boot.web.embedded.tomcat.TomcatWebServer - Tomcat started on port(s): 10619 (http) with context path ''
2022-05-18 16:32:09.091 [restartedMain] INFO  c.a.cloud.nacos.registry.NacosServiceRegistry - nacos registry, HC-LABREDIS-ms 172.16.4.2:10619 register finished
2022-05-18 16:51:58.543 [http-nio-10619-exec-2] INFO  o.a.c.core.ContainerBase.[Tomcat].[localhost].[/] - Initializing Spring DispatcherServlet 'dispatcherServlet'
2022-05-18 16:51:58.543 [http-nio-10619-exec-2] INFO  org.springframework.web.servlet.DispatcherServlet - Initializing Servlet 'dispatcherServlet'
2022-05-18 16:51:58.549 [http-nio-10619-exec-2] INFO  org.springframework.web.servlet.DispatcherServlet - Completed initialization in 6 ms
2022-05-18 16:51:58.662 [http-nio-10619-exec-2] INFO  io.lettuce.core.EpollProvider - Starting without optional epoll library
2022-05-18 16:51:58.663 [http-nio-10619-exec-2] INFO  io.lettuce.core.KqueueProvider - Starting without optional kqueue library
2022-05-18 19:19:56.731 [http-nio-10619-exec-3] ERROR o.a.c.c.C.[.[localhost].[/].[dispatcherServlet] - Servlet.service() for servlet [dispatcherServlet] in context with path [] threw exception [Request processing failed; nested exception is org.springframework.data.redis.RedisSystemException: Redis exception; nested exception is io.lettuce.core.RedisException: java.io.IOException: 远程主机强迫关闭了一个现有的连接。] with root cause
java.io.IOException: 远程主机强迫关闭了一个现有的连接。
	at sun.nio.ch.SocketDispatcher.read0(Native Method)
	at sun.nio.ch.SocketDispatcher.read(SocketDispatcher.java:43)
	at sun.nio.ch.IOUtil.readIntoNativeBuffer(IOUtil.java:223)
	at sun.nio.ch.IOUtil.read(IOUtil.java:192)
	at sun.nio.ch.SocketChannelImpl.read(SocketChannelImpl.java:380)
	at io.netty.buffer.PooledByteBuf.setBytes(PooledByteBuf.java:247)
	at io.netty.buffer.AbstractByteBuf.writeBytes(AbstractByteBuf.java:1140)
	at io.netty.channel.socket.nio.NioSocketChannel.doReadBytes(NioSocketChannel.java:347)
	at io.netty.channel.nio.AbstractNioByteChannel$NioByteUnsafe.read(AbstractNioByteChannel.java:148)
	at io.netty.channel.nio.NioEventLoop.processSelectedKey(NioEventLoop.java:697)
	at io.netty.channel.nio.NioEventLoop.processSelectedKeysOptimized(NioEventLoop.java:632)
	at io.netty.channel.nio.NioEventLoop.processSelectedKeys(NioEventLoop.java:549)
	at io.netty.channel.nio.NioEventLoop.run(NioEventLoop.java:511)
	at io.netty.util.concurrent.SingleThreadEventExecutor$5.run(SingleThreadEventExecutor.java:918)
	at io.netty.util.internal.ThreadExecutorMap$2.run(ThreadExecutorMap.java:74)
	at io.netty.util.concurrent.FastThreadLocalRunnable.run(FastThreadLocalRunnable.java:30)
	at java.lang.Thread.run(Thread.java:748)
2022-05-18 19:19:56.835 [lettuce-eventExecutorLoop-1-1] INFO  io.lettuce.core.protocol.ConnectionWatchdog - Reconnecting, last destination was /172.16.10.202:7000
2022-05-18 19:19:56.838 [lettuce-nioEventLoop-4-10] INFO  io.lettuce.core.protocol.ReconnectionHandler - Reconnected to 172.16.10.202:7000
2022-05-18 20:05:01.100 [Thread-16] INFO  c.a.cloud.nacos.registry.NacosServiceRegistry - De-registering from Nacos Server now...
2022-05-18 20:05:01.105 [Thread-16] INFO  c.a.cloud.nacos.registry.NacosServiceRegistry - De-registration finished.
2022-05-18 20:05:01.108 [Thread-16] INFO  o.s.scheduling.concurrent.ThreadPoolTaskExecutor - Shutting down ExecutorService 'applicationTaskExecutor'
2022-05-18 20:05:02.256 [Thread-16] INFO  o.s.scheduling.concurrent.ThreadPoolTaskExecutor - Shutting down ExecutorService
2022-05-18 20:05:02.651 [restartedMain] INFO  o.s.c.s.PostProcessorRegistrationDelegate$BeanPostProcessorChecker - Bean 'org.springframework.cloud.autoconfigure.ConfigurationPropertiesRebinderAutoConfiguration' of type [org.springframework.cloud.autoconfigure.ConfigurationPropertiesRebinderAutoConfiguration$$EnhancerBySpringCGLIB$$b753fc4] is not eligible for getting processed by all BeanPostProcessors (for example: not eligible for auto-proxying)
2022-05-18 20:05:02.728 [restartedMain] INFO  c.a.cloud.nacos.client.NacosPropertySourceBuilder - Loading nacos data, dataId: 'hc-labredis-ms.yaml', group: 'DEFAULT_GROUP'
2022-05-18 20:05:02.732 [restartedMain] INFO  o.s.c.b.c.PropertySourceBootstrapConfiguration - Located property source: CompositePropertySource {name='NACOS', propertySources=[NacosPropertySource {name='hc-labredis-ms-dev.yaml'}, NacosPropertySource {name='hc-labredis-ms.yaml'}]}
2022-05-18 20:05:03.238 [restartedMain] INFO  o.s.d.r.config.RepositoryConfigurationDelegate - Multiple Spring Data modules found, entering strict repository configuration mode!
2022-05-18 20:05:03.239 [restartedMain] INFO  o.s.d.r.config.RepositoryConfigurationDelegate - Bootstrapping Spring Data repositories in DEFAULT mode.
2022-05-18 20:05:03.247 [restartedMain] INFO  o.s.d.r.config.RepositoryConfigurationDelegate - Finished Spring Data repository scanning in 8ms. Found 0 repository interfaces.
2022-05-18 20:05:03.291 [restartedMain] INFO  o.springframework.cloud.context.scope.GenericScope - BeanFactory id=6cadd01b-d50c-3861-93c0-60a5eb371a7f
2022-05-18 20:05:03.308 [restartedMain] INFO  o.s.c.s.PostProcessorRegistrationDelegate$BeanPostProcessorChecker - Bean 'org.springframework.cloud.autoconfigure.ConfigurationPropertiesRebinderAutoConfiguration' of type [org.springframework.cloud.autoconfigure.ConfigurationPropertiesRebinderAutoConfiguration$$EnhancerBySpringCGLIB$$b753fc4] is not eligible for getting processed by all BeanPostProcessors (for example: not eligible for auto-proxying)
2022-05-18 20:05:03.391 [restartedMain] INFO  o.s.boot.web.embedded.tomcat.TomcatWebServer - Tomcat initialized with port(s): 10619 (http)
2022-05-18 20:05:03.392 [restartedMain] INFO  org.apache.catalina.core.StandardService - Starting service [Tomcat]
2022-05-18 20:05:03.392 [restartedMain] INFO  org.apache.catalina.core.StandardEngine - Starting Servlet engine: [Apache Tomcat/9.0.22]
2022-05-18 20:05:03.407 [restartedMain] INFO  o.a.c.core.ContainerBase.[Tomcat].[localhost].[/] - Initializing Spring embedded WebApplicationContext
2022-05-18 20:05:03.407 [restartedMain] INFO  org.springframework.web.context.ContextLoader - Root WebApplicationContext: initialization completed in 669 ms
2022-05-18 20:05:03.433 [restartedMain] INFO  o.s.scheduling.concurrent.ThreadPoolTaskExecutor - Initializing ExecutorService
2022-05-18 20:05:03.541 [restartedMain] WARN  com.netflix.config.sources.URLConfigurationSource - No URLs will be polled as dynamic configuration sources.
2022-05-18 20:05:03.541 [restartedMain] INFO  com.netflix.config.sources.URLConfigurationSource - To enable URLs as dynamic configuration sources, define System property archaius.configurationSource.additionalUrls or make config.properties available on classpath.
2022-05-18 20:05:03.568 [restartedMain] INFO  o.s.scheduling.concurrent.ThreadPoolTaskExecutor - Initializing ExecutorService 'applicationTaskExecutor'
2022-05-18 20:05:03.579 [restartedMain] INFO  o.s.b.d.autoconfigure.OptionalLiveReloadServer - LiveReload server is running on port 35729
2022-05-18 20:05:03.647 [restartedMain] INFO  com.alibaba.nacos.client.naming - initializer namespace from System Property :null
2022-05-18 20:05:03.647 [restartedMain] INFO  com.alibaba.nacos.client.naming - initializer namespace from System Environment :null
2022-05-18 20:05:03.647 [restartedMain] INFO  com.alibaba.nacos.client.naming - initializer namespace from System Property :null
2022-05-18 20:05:03.651 [restartedMain] INFO  o.s.scheduling.concurrent.ThreadPoolTaskScheduler - Initializing ExecutorService
2022-05-18 20:05:03.661 [restartedMain] INFO  s.d.s.w.PropertySourcedRequestMappingHandlerMapping - Mapped URL path [/v2/api-docs] onto method [public org.springframework.http.ResponseEntity<springfox.documentation.spring.web.json.Json> springfox.documentation.swagger2.web.Swagger2Controller.getDocumentation(java.lang.String,javax.servlet.http.HttpServletRequest)]
2022-05-18 20:05:03.788 [restartedMain] INFO  s.d.s.web.plugins.DocumentationPluginsBootstrapper - Context refreshed
2022-05-18 20:05:03.789 [restartedMain] INFO  s.d.s.web.plugins.DocumentationPluginsBootstrapper - Found 1 custom documentation plugin(s)
2022-05-18 20:05:03.794 [restartedMain] INFO  s.d.spring.web.scanners.ApiListingReferenceScanner - Scanning for api listing references
2022-05-18 20:05:03.851 [restartedMain] INFO  o.s.boot.web.embedded.tomcat.TomcatWebServer - Tomcat started on port(s): 10619 (http) with context path ''
2022-05-18 20:05:03.851 [restartedMain] INFO  com.alibaba.nacos.client.naming - [BEAT] adding beat: {"cluster":"DEFAULT","ip":"172.16.4.2","metadata":{"preserved.register.source":"SPRING_CLOUD"},"period":5000,"port":10619,"scheduled":false,"serviceName":"DEFAULT_GROUP@@HC-LABREDIS-ms","stopped":false,"weight":1.0} to beat map.
2022-05-18 20:05:03.851 [restartedMain] INFO  com.alibaba.nacos.client.naming - [REGISTER-SERVICE] chenkai registering service DEFAULT_GROUP@@HC-LABREDIS-ms with instance: {"clusterName":"DEFAULT","enabled":true,"ephemeral":true,"healthy":true,"instanceHeartBeatInterval":5000,"instanceHeartBeatTimeOut":15000,"ip":"172.16.4.2","ipDeleteTimeout":30000,"metadata":{"preserved.register.source":"SPRING_CLOUD"},"port":10619,"weight":1.0}
2022-05-18 20:05:03.854 [restartedMain] INFO  c.a.cloud.nacos.registry.NacosServiceRegistry - nacos registry, HC-LABREDIS-ms 172.16.4.2:10619 register finished
2022-05-18 20:05:03.892 [restartedMain] INFO  com.alibaba.nacos.client.config.impl.ClientWorker - [fixed-172.16.10.201_8848-chenkai] [subscribe] hc-labredis-ms-dev.yaml+DEFAULT_GROUP+chenkai
2022-05-18 20:05:03.892 [restartedMain] INFO  com.alibaba.nacos.client.config.impl.CacheData - [fixed-172.16.10.201_8848-chenkai] [add-listener] ok, tenant=chenkai, dataId=hc-labredis-ms-dev.yaml, group=DEFAULT_GROUP, cnt=1
2022-05-18 20:05:03.892 [restartedMain] INFO  com.alibaba.nacos.client.config.impl.ClientWorker - [fixed-172.16.10.201_8848-chenkai] [subscribe] hc-labredis-ms.yaml+DEFAULT_GROUP+chenkai
2022-05-18 20:05:03.892 [restartedMain] INFO  com.alibaba.nacos.client.config.impl.CacheData - [fixed-172.16.10.201_8848-chenkai] [add-listener] ok, tenant=chenkai, dataId=hc-labredis-ms.yaml, group=DEFAULT_GROUP, cnt=1
2022-05-18 20:05:03.894 [restartedMain] INFO  o.s.b.d.a.ConditionEvaluationDeltaLoggingListener - Condition evaluation unchanged
2022-05-18 20:07:18.974 [http-nio-10619-exec-1] INFO  o.a.c.core.ContainerBase.[Tomcat].[localhost].[/] - Initializing Spring DispatcherServlet 'dispatcherServlet'
2022-05-18 20:07:18.974 [http-nio-10619-exec-1] INFO  org.springframework.web.servlet.DispatcherServlet - Initializing Servlet 'dispatcherServlet'
2022-05-18 20:07:18.978 [http-nio-10619-exec-1] INFO  org.springframework.web.servlet.DispatcherServlet - Completed initialization in 4 ms
2022-05-18 20:43:47.800 [Thread-63] INFO  c.a.cloud.nacos.registry.NacosServiceRegistry - De-registering from Nacos Server now...
2022-05-18 20:43:47.801 [Thread-63] INFO  com.alibaba.nacos.client.naming - [BEAT] removing beat: DEFAULT_GROUP@@HC-LABREDIS-ms:172.16.4.2:10619 from beat map.
2022-05-18 20:43:47.801 [Thread-63] INFO  com.alibaba.nacos.client.naming - [DEREGISTER-SERVICE] chenkai deregistering service DEFAULT_GROUP@@HC-LABREDIS-ms with instance: {"clusterName":"DEFAULT","enabled":true,"ephemeral":true,"healthy":true,"instanceHeartBeatInterval":5000,"instanceHeartBeatTimeOut":15000,"ip":"172.16.4.2","ipDeleteTimeout":30000,"metadata":{},"port":10619,"weight":1.0}
2022-05-18 20:43:47.803 [Thread-63] INFO  c.a.cloud.nacos.registry.NacosServiceRegistry - De-registration finished.
2022-05-18 20:43:47.805 [Thread-63] INFO  o.s.scheduling.concurrent.ThreadPoolTaskExecutor - Shutting down ExecutorService 'applicationTaskExecutor'
2022-05-18 20:43:48.927 [Thread-63] INFO  o.s.scheduling.concurrent.ThreadPoolTaskExecutor - Shutting down ExecutorService
2022-05-18 20:44:31.375 [restartedMain] INFO  o.s.b.d.env.DevToolsPropertyDefaultsPostProcessor - Devtools property defaults active! Set 'spring.devtools.add-properties' to 'false' to disable
2022-05-18 20:44:31.569 [restartedMain] INFO  o.s.c.s.PostProcessorRegistrationDelegate$BeanPostProcessorChecker - Bean 'org.springframework.cloud.autoconfigure.ConfigurationPropertiesRebinderAutoConfiguration' of type [org.springframework.cloud.autoconfigure.ConfigurationPropertiesRebinderAutoConfiguration$$EnhancerBySpringCGLIB$$2066aa1] is not eligible for getting processed by all BeanPostProcessors (for example: not eligible for auto-proxying)
2022-05-18 20:44:31.750 [restartedMain] INFO  c.a.cloud.nacos.client.NacosPropertySourceBuilder - Loading nacos data, dataId: 'hc-labredis-ms.yaml', group: 'DEFAULT_GROUP'
2022-05-18 20:44:31.755 [restartedMain] INFO  o.s.c.b.c.PropertySourceBootstrapConfiguration - Located property source: CompositePropertySource {name='NACOS', propertySources=[NacosPropertySource {name='hc-labredis-ms-dev.yaml'}, NacosPropertySource {name='hc-labredis-ms.yaml'}]}
2022-05-18 20:44:32.529 [restartedMain] INFO  o.s.d.r.config.RepositoryConfigurationDelegate - Multiple Spring Data modules found, entering strict repository configuration mode!
2022-05-18 20:44:32.531 [restartedMain] INFO  o.s.d.r.config.RepositoryConfigurationDelegate - Bootstrapping Spring Data repositories in DEFAULT mode.
2022-05-18 20:44:32.554 [restartedMain] INFO  o.s.d.r.config.RepositoryConfigurationDelegate - Finished Spring Data repository scanning in 14ms. Found 0 repository interfaces.
2022-05-18 20:44:32.706 [restartedMain] INFO  o.springframework.cloud.context.scope.GenericScope - BeanFactory id=6cadd01b-d50c-3861-93c0-60a5eb371a7f
2022-05-18 20:44:32.763 [restartedMain] INFO  o.s.c.s.PostProcessorRegistrationDelegate$BeanPostProcessorChecker - Bean 'org.springframework.cloud.autoconfigure.ConfigurationPropertiesRebinderAutoConfiguration' of type [org.springframework.cloud.autoconfigure.ConfigurationPropertiesRebinderAutoConfiguration$$EnhancerBySpringCGLIB$$2066aa1] is not eligible for getting processed by all BeanPostProcessors (for example: not eligible for auto-proxying)
2022-05-18 20:44:33.106 [restartedMain] INFO  o.s.boot.web.embedded.tomcat.TomcatWebServer - Tomcat initialized with port(s): 10619 (http)
2022-05-18 20:44:33.123 [restartedMain] INFO  org.apache.catalina.core.StandardService - Starting service [Tomcat]
2022-05-18 20:44:33.123 [restartedMain] INFO  org.apache.catalina.core.StandardEngine - Starting Servlet engine: [Apache Tomcat/9.0.22]
2022-05-18 20:44:33.212 [restartedMain] INFO  o.a.c.core.ContainerBase.[Tomcat].[localhost].[/] - Initializing Spring embedded WebApplicationContext
2022-05-18 20:44:33.213 [restartedMain] INFO  org.springframework.web.context.ContextLoader - Root WebApplicationContext: initialization completed in 1445 ms
2022-05-18 20:44:33.383 [restartedMain] INFO  o.s.scheduling.concurrent.ThreadPoolTaskExecutor - Initializing ExecutorService
2022-05-18 20:44:33.673 [restartedMain] WARN  com.netflix.config.sources.URLConfigurationSource - No URLs will be polled as dynamic configuration sources.
2022-05-18 20:44:33.673 [restartedMain] INFO  com.netflix.config.sources.URLConfigurationSource - To enable URLs as dynamic configuration sources, define System property archaius.configurationSource.additionalUrls or make config.properties available on classpath.
2022-05-18 20:44:33.676 [restartedMain] WARN  com.netflix.config.sources.URLConfigurationSource - No URLs will be polled as dynamic configuration sources.
2022-05-18 20:44:33.676 [restartedMain] INFO  com.netflix.config.sources.URLConfigurationSource - To enable URLs as dynamic configuration sources, define System property archaius.configurationSource.additionalUrls or make config.properties available on classpath.
2022-05-18 20:44:33.814 [restartedMain] INFO  o.s.scheduling.concurrent.ThreadPoolTaskExecutor - Initializing ExecutorService 'applicationTaskExecutor'
2022-05-18 20:44:33.850 [restartedMain] WARN  o.s.b.d.autoconfigure.OptionalLiveReloadServer - Unable to start LiveReload server
2022-05-18 20:44:34.005 [restartedMain] INFO  o.s.scheduling.concurrent.ThreadPoolTaskScheduler - Initializing ExecutorService
2022-05-18 20:44:34.026 [restartedMain] INFO  s.d.s.w.PropertySourcedRequestMappingHandlerMapping - Mapped URL path [/v2/api-docs] onto method [public org.springframework.http.ResponseEntity<springfox.documentation.spring.web.json.Json> springfox.documentation.swagger2.web.Swagger2Controller.getDocumentation(java.lang.String,javax.servlet.http.HttpServletRequest)]
2022-05-18 20:44:34.316 [restartedMain] INFO  s.d.s.web.plugins.DocumentationPluginsBootstrapper - Context refreshed
2022-05-18 20:44:34.329 [restartedMain] INFO  s.d.s.web.plugins.DocumentationPluginsBootstrapper - Found 1 custom documentation plugin(s)
2022-05-18 20:44:34.363 [restartedMain] INFO  s.d.spring.web.scanners.ApiListingReferenceScanner - Scanning for api listing references
2022-05-18 20:44:34.547 [restartedMain] INFO  o.s.boot.web.embedded.tomcat.TomcatWebServer - Tomcat started on port(s): 10619 (http) with context path ''
2022-05-18 20:44:34.573 [restartedMain] INFO  c.a.cloud.nacos.registry.NacosServiceRegistry - nacos registry, HC-LABREDIS-ms 172.16.4.2:10619 register finished
2022-05-18 20:46:20.235 [http-nio-10619-exec-1] INFO  o.a.c.core.ContainerBase.[Tomcat].[localhost].[/] - Initializing Spring DispatcherServlet 'dispatcherServlet'
2022-05-18 20:46:20.235 [http-nio-10619-exec-1] INFO  org.springframework.web.servlet.DispatcherServlet - Initializing Servlet 'dispatcherServlet'
2022-05-18 20:46:20.241 [http-nio-10619-exec-1] INFO  org.springframework.web.servlet.DispatcherServlet - Completed initialization in 6 ms
2022-05-18 20:46:20.358 [http-nio-10619-exec-1] INFO  io.lettuce.core.EpollProvider - Starting without optional epoll library
2022-05-18 20:46:20.359 [http-nio-10619-exec-1] INFO  io.lettuce.core.KqueueProvider - Starting without optional kqueue library
