2022-06-23 09:22:02.888 [restartedMain] INFO  o.s.b.d.env.DevToolsPropertyDefaultsPostProcessor - Devtools property defaults active! Set 'spring.devtools.add-properties' to 'false' to disable
2022-06-23 09:22:03.146 [restartedMain] INFO  o.s.c.s.PostProcessorRegistrationDelegate$BeanPostProcessorChecker - Bean 'org.springframework.cloud.autoconfigure.ConfigurationPropertiesRebinderAutoConfiguration' of type [org.springframework.cloud.autoconfigure.ConfigurationPropertiesRebinderAutoConfiguration$$EnhancerBySpringCGLIB$$e048d8a4] is not eligible for getting processed by all BeanPostProcessors (for example: not eligible for auto-proxying)
2022-06-23 09:22:03.468 [restartedMain] INFO  c.a.cloud.nacos.client.NacosPropertySourceBuilder - Loading nacos data, dataId: 'hc-openway-ms.yaml', group: 'DEFAULT_GROUP'
2022-06-23 09:22:03.502 [restartedMain] INFO  o.s.c.b.c.PropertySourceBootstrapConfiguration - Located property source: CompositePropertySource {name='NACOS', propertySources=[NacosPropertySource {name='hc-openway-ms-dev.yaml'}, NacosPropertySource {name='hc-openway-ms.yaml'}]}
2022-06-23 09:22:04.361 [restartedMain] WARN  o.springframework.boot.actuate.endpoint.EndpointId - Endpoint ID 'nacos-config' contains invalid characters, please migrate to a valid format.
2022-06-23 09:22:04.363 [restartedMain] WARN  o.springframework.boot.actuate.endpoint.EndpointId - Endpoint ID 'nacos-discovery' contains invalid characters, please migrate to a valid format.
2022-06-23 09:22:04.593 [restartedMain] WARN  o.springframework.boot.actuate.endpoint.EndpointId - Endpoint ID 'service-registry' contains invalid characters, please migrate to a valid format.
2022-06-23 09:22:04.745 [restartedMain] INFO  o.springframework.cloud.context.scope.GenericScope - BeanFactory id=4b82b837-ca28-3b6d-8d6f-cd80c4d7825f
2022-06-23 09:22:04.850 [restartedMain] INFO  o.s.c.s.PostProcessorRegistrationDelegate$BeanPostProcessorChecker - Bean 'org.springframework.cloud.autoconfigure.ConfigurationPropertiesRebinderAutoConfiguration' of type [org.springframework.cloud.autoconfigure.ConfigurationPropertiesRebinderAutoConfiguration$$EnhancerBySpringCGLIB$$e048d8a4] is not eligible for getting processed by all BeanPostProcessors (for example: not eligible for auto-proxying)
2022-06-23 09:22:05.594 [restartedMain] WARN  com.netflix.config.sources.URLConfigurationSource - No URLs will be polled as dynamic configuration sources.
2022-06-23 09:22:05.595 [restartedMain] INFO  com.netflix.config.sources.URLConfigurationSource - To enable URLs as dynamic configuration sources, define System property archaius.configurationSource.additionalUrls or make config.properties available on classpath.
2022-06-23 09:22:05.601 [restartedMain] WARN  com.netflix.config.sources.URLConfigurationSource - No URLs will be polled as dynamic configuration sources.
2022-06-23 09:22:05.601 [restartedMain] INFO  com.netflix.config.sources.URLConfigurationSource - To enable URLs as dynamic configuration sources, define System property archaius.configurationSource.additionalUrls or make config.properties available on classpath.
2022-06-23 09:22:06.637 [restartedMain] INFO  o.s.c.gateway.route.RouteDefinitionRouteLocator - Loaded RoutePredicateFactory [After]
2022-06-23 09:22:06.638 [restartedMain] INFO  o.s.c.gateway.route.RouteDefinitionRouteLocator - Loaded RoutePredicateFactory [Before]
2022-06-23 09:22:06.638 [restartedMain] INFO  o.s.c.gateway.route.RouteDefinitionRouteLocator - Loaded RoutePredicateFactory [Between]
2022-06-23 09:22:06.638 [restartedMain] INFO  o.s.c.gateway.route.RouteDefinitionRouteLocator - Loaded RoutePredicateFactory [Cookie]
2022-06-23 09:22:06.639 [restartedMain] INFO  o.s.c.gateway.route.RouteDefinitionRouteLocator - Loaded RoutePredicateFactory [Header]
2022-06-23 09:22:06.639 [restartedMain] INFO  o.s.c.gateway.route.RouteDefinitionRouteLocator - Loaded RoutePredicateFactory [Host]
2022-06-23 09:22:06.639 [restartedMain] INFO  o.s.c.gateway.route.RouteDefinitionRouteLocator - Loaded RoutePredicateFactory [Method]
2022-06-23 09:22:06.639 [restartedMain] INFO  o.s.c.gateway.route.RouteDefinitionRouteLocator - Loaded RoutePredicateFactory [Path]
2022-06-23 09:22:06.639 [restartedMain] INFO  o.s.c.gateway.route.RouteDefinitionRouteLocator - Loaded RoutePredicateFactory [Query]
2022-06-23 09:22:06.639 [restartedMain] INFO  o.s.c.gateway.route.RouteDefinitionRouteLocator - Loaded RoutePredicateFactory [ReadBodyPredicateFactory]
2022-06-23 09:22:06.639 [restartedMain] INFO  o.s.c.gateway.route.RouteDefinitionRouteLocator - Loaded RoutePredicateFactory [RemoteAddr]
2022-06-23 09:22:06.639 [restartedMain] INFO  o.s.c.gateway.route.RouteDefinitionRouteLocator - Loaded RoutePredicateFactory [Weight]
2022-06-23 09:22:06.639 [restartedMain] INFO  o.s.c.gateway.route.RouteDefinitionRouteLocator - Loaded RoutePredicateFactory [CloudFoundryRouteService]
2022-06-23 09:22:06.981 [restartedMain] INFO  o.s.b.actuate.endpoint.web.EndpointLinksResolver - Exposing 22 endpoint(s) beneath base path '/actuator'
2022-06-23 09:22:07.121 [restartedMain] INFO  o.s.scheduling.concurrent.ThreadPoolTaskScheduler - Initializing ExecutorService
2022-06-23 09:22:07.309 [restartedMain] WARN  o.s.b.d.autoconfigure.OptionalLiveReloadServer - Unable to start LiveReload server
2022-06-23 09:22:07.833 [restartedMain] INFO  o.s.boot.web.embedded.netty.NettyWebServer - Netty started on port(s): 10612
2022-06-23 09:22:07.892 [restartedMain] INFO  c.a.cloud.nacos.registry.NacosServiceRegistry - nacos registry, HC-OPENWAY-ms 172.16.4.2:10612 register finished
2022-06-23 09:24:35.752 [reactor-http-nio-2] INFO  com.netflix.config.ChainedDynamicProperty - Flipping property: HC-LABMON-ms.ribbon.ActiveConnectionsLimit to use NEXT property: niws.loadbalancer.availabilityFilteringRule.activeConnectionsLimit = 2147483647
2022-06-23 09:24:35.765 [reactor-http-nio-2] INFO  com.netflix.loadbalancer.BaseLoadBalancer - Client: HC-LABMON-ms instantiated a LoadBalancer: DynamicServerListLoadBalancer:{NFLoadBalancer:name=HC-LABMON-ms,current list of Servers=[],Load balancer stats=Zone stats: {},Server stats: []}ServerList:null
2022-06-23 09:24:35.770 [reactor-http-nio-2] INFO  c.n.loadbalancer.DynamicServerListLoadBalancer - Using serverListUpdater PollingServerListUpdater
2022-06-23 09:24:35.780 [reactor-http-nio-2] INFO  com.netflix.config.ChainedDynamicProperty - Flipping property: HC-LABMON-ms.ribbon.ActiveConnectionsLimit to use NEXT property: niws.loadbalancer.availabilityFilteringRule.activeConnectionsLimit = 2147483647
2022-06-23 09:24:35.781 [reactor-http-nio-2] INFO  c.n.loadbalancer.DynamicServerListLoadBalancer - DynamicServerListLoadBalancer for client HC-LABMON-ms initialized: DynamicServerListLoadBalancer:{NFLoadBalancer:name=HC-LABMON-ms,current list of Servers=[172.16.4.2:10620],Load balancer stats=Zone stats: {unknown=[Zone:unknown;	Instance count:1;	Active connections count: 0;	Circuit breaker tripped count: 0;	Active connections per server: 0.0;]
},Server stats: [[Server:172.16.4.2:10620;	Zone:UNKNOWN;	Total Requests:0;	Successive connection failure:0;	Total blackout seconds:0;	Last connection made:Thu Jan 01 08:00:00 CST 1970;	First connection made: Thu Jan 01 08:00:00 CST 1970;	Active Connections:0;	total failure count in last (1000) msecs:0;	average resp time:0.0;	90 percentile resp time:0.0;	95 percentile resp time:0.0;	min resp time:0.0;	max resp time:0.0;	stddev resp time:0.0]
]}ServerList:com.alibaba.cloud.nacos.ribbon.NacosServerList@1500573e
2022-06-23 09:24:36.775 [PollingServerListUpdater-0] INFO  com.netflix.config.ChainedDynamicProperty - Flipping property: HC-LABMON-ms.ribbon.ActiveConnectionsLimit to use NEXT property: niws.loadbalancer.availabilityFilteringRule.activeConnectionsLimit = 2147483647
2022-06-23 09:35:06.447 [Thread-57] INFO  com.netflix.loadbalancer.PollingServerListUpdater - Shutting down the Executor Pool for PollingServerListUpdater
2022-06-23 09:35:06.450 [Thread-31] INFO  c.a.cloud.nacos.registry.NacosServiceRegistry - De-registering from Nacos Server now...
2022-06-23 09:35:06.453 [Thread-31] INFO  c.a.cloud.nacos.registry.NacosServiceRegistry - De-registration finished.
2022-06-23 09:35:17.030 [restartedMain] INFO  o.s.b.d.env.DevToolsPropertyDefaultsPostProcessor - Devtools property defaults active! Set 'spring.devtools.add-properties' to 'false' to disable
2022-06-23 09:35:17.245 [restartedMain] INFO  o.s.c.s.PostProcessorRegistrationDelegate$BeanPostProcessorChecker - Bean 'org.springframework.cloud.autoconfigure.ConfigurationPropertiesRebinderAutoConfiguration' of type [org.springframework.cloud.autoconfigure.ConfigurationPropertiesRebinderAutoConfiguration$$EnhancerBySpringCGLIB$$a5783253] is not eligible for getting processed by all BeanPostProcessors (for example: not eligible for auto-proxying)
2022-06-23 09:35:17.467 [restartedMain] INFO  c.a.cloud.nacos.client.NacosPropertySourceBuilder - Loading nacos data, dataId: 'hc-openway-ms.yaml', group: 'DEFAULT_GROUP'
2022-06-23 09:35:17.480 [restartedMain] INFO  o.s.c.b.c.PropertySourceBootstrapConfiguration - Located property source: CompositePropertySource {name='NACOS', propertySources=[NacosPropertySource {name='hc-openway-ms-dev.yaml'}, NacosPropertySource {name='hc-openway-ms.yaml'}]}
2022-06-23 09:35:18.053 [restartedMain] WARN  o.springframework.boot.actuate.endpoint.EndpointId - Endpoint ID 'nacos-config' contains invalid characters, please migrate to a valid format.
2022-06-23 09:35:18.055 [restartedMain] WARN  o.springframework.boot.actuate.endpoint.EndpointId - Endpoint ID 'nacos-discovery' contains invalid characters, please migrate to a valid format.
2022-06-23 09:35:18.201 [restartedMain] WARN  o.springframework.boot.actuate.endpoint.EndpointId - Endpoint ID 'service-registry' contains invalid characters, please migrate to a valid format.
2022-06-23 09:35:18.324 [restartedMain] INFO  o.springframework.cloud.context.scope.GenericScope - BeanFactory id=4b82b837-ca28-3b6d-8d6f-cd80c4d7825f
2022-06-23 09:35:18.404 [restartedMain] INFO  o.s.c.s.PostProcessorRegistrationDelegate$BeanPostProcessorChecker - Bean 'org.springframework.cloud.autoconfigure.ConfigurationPropertiesRebinderAutoConfiguration' of type [org.springframework.cloud.autoconfigure.ConfigurationPropertiesRebinderAutoConfiguration$$EnhancerBySpringCGLIB$$a5783253] is not eligible for getting processed by all BeanPostProcessors (for example: not eligible for auto-proxying)
2022-06-23 09:35:18.752 [restartedMain] WARN  com.netflix.config.sources.URLConfigurationSource - No URLs will be polled as dynamic configuration sources.
2022-06-23 09:35:18.753 [restartedMain] INFO  com.netflix.config.sources.URLConfigurationSource - To enable URLs as dynamic configuration sources, define System property archaius.configurationSource.additionalUrls or make config.properties available on classpath.
2022-06-23 09:35:18.757 [restartedMain] WARN  com.netflix.config.sources.URLConfigurationSource - No URLs will be polled as dynamic configuration sources.
2022-06-23 09:35:18.757 [restartedMain] INFO  com.netflix.config.sources.URLConfigurationSource - To enable URLs as dynamic configuration sources, define System property archaius.configurationSource.additionalUrls or make config.properties available on classpath.
2022-06-23 09:35:19.168 [restartedMain] INFO  o.s.c.gateway.route.RouteDefinitionRouteLocator - Loaded RoutePredicateFactory [After]
2022-06-23 09:35:19.168 [restartedMain] INFO  o.s.c.gateway.route.RouteDefinitionRouteLocator - Loaded RoutePredicateFactory [Before]
2022-06-23 09:35:19.168 [restartedMain] INFO  o.s.c.gateway.route.RouteDefinitionRouteLocator - Loaded RoutePredicateFactory [Between]
2022-06-23 09:35:19.168 [restartedMain] INFO  o.s.c.gateway.route.RouteDefinitionRouteLocator - Loaded RoutePredicateFactory [Cookie]
2022-06-23 09:35:19.168 [restartedMain] INFO  o.s.c.gateway.route.RouteDefinitionRouteLocator - Loaded RoutePredicateFactory [Header]
2022-06-23 09:35:19.168 [restartedMain] INFO  o.s.c.gateway.route.RouteDefinitionRouteLocator - Loaded RoutePredicateFactory [Host]
2022-06-23 09:35:19.169 [restartedMain] INFO  o.s.c.gateway.route.RouteDefinitionRouteLocator - Loaded RoutePredicateFactory [Method]
2022-06-23 09:35:19.169 [restartedMain] INFO  o.s.c.gateway.route.RouteDefinitionRouteLocator - Loaded RoutePredicateFactory [Path]
2022-06-23 09:35:19.169 [restartedMain] INFO  o.s.c.gateway.route.RouteDefinitionRouteLocator - Loaded RoutePredicateFactory [Query]
2022-06-23 09:35:19.169 [restartedMain] INFO  o.s.c.gateway.route.RouteDefinitionRouteLocator - Loaded RoutePredicateFactory [ReadBodyPredicateFactory]
2022-06-23 09:35:19.169 [restartedMain] INFO  o.s.c.gateway.route.RouteDefinitionRouteLocator - Loaded RoutePredicateFactory [RemoteAddr]
2022-06-23 09:35:19.169 [restartedMain] INFO  o.s.c.gateway.route.RouteDefinitionRouteLocator - Loaded RoutePredicateFactory [Weight]
2022-06-23 09:35:19.169 [restartedMain] INFO  o.s.c.gateway.route.RouteDefinitionRouteLocator - Loaded RoutePredicateFactory [CloudFoundryRouteService]
2022-06-23 09:35:19.523 [restartedMain] INFO  o.s.b.actuate.endpoint.web.EndpointLinksResolver - Exposing 22 endpoint(s) beneath base path '/actuator'
2022-06-23 09:35:19.612 [restartedMain] INFO  o.s.scheduling.concurrent.ThreadPoolTaskScheduler - Initializing ExecutorService
2022-06-23 09:35:19.796 [restartedMain] WARN  o.s.b.d.autoconfigure.OptionalLiveReloadServer - Unable to start LiveReload server
2022-06-23 09:35:20.142 [restartedMain] INFO  o.s.boot.web.embedded.netty.NettyWebServer - Netty started on port(s): 10612
2022-06-23 09:35:20.183 [restartedMain] INFO  c.a.cloud.nacos.registry.NacosServiceRegistry - nacos registry, HC-OPENWAY-ms 172.16.4.2:10612 register finished
2022-06-23 09:36:56.618 [reactor-http-nio-2] INFO  com.netflix.config.ChainedDynamicProperty - Flipping property: HC-LABMON-ms.ribbon.ActiveConnectionsLimit to use NEXT property: niws.loadbalancer.availabilityFilteringRule.activeConnectionsLimit = 2147483647
2022-06-23 09:36:56.632 [reactor-http-nio-2] INFO  com.netflix.loadbalancer.BaseLoadBalancer - Client: HC-LABMON-ms instantiated a LoadBalancer: DynamicServerListLoadBalancer:{NFLoadBalancer:name=HC-LABMON-ms,current list of Servers=[],Load balancer stats=Zone stats: {},Server stats: []}ServerList:null
2022-06-23 09:36:56.638 [reactor-http-nio-2] INFO  c.n.loadbalancer.DynamicServerListLoadBalancer - Using serverListUpdater PollingServerListUpdater
2022-06-23 09:36:56.650 [reactor-http-nio-2] INFO  com.netflix.config.ChainedDynamicProperty - Flipping property: HC-LABMON-ms.ribbon.ActiveConnectionsLimit to use NEXT property: niws.loadbalancer.availabilityFilteringRule.activeConnectionsLimit = 2147483647
2022-06-23 09:36:56.651 [reactor-http-nio-2] INFO  c.n.loadbalancer.DynamicServerListLoadBalancer - DynamicServerListLoadBalancer for client HC-LABMON-ms initialized: DynamicServerListLoadBalancer:{NFLoadBalancer:name=HC-LABMON-ms,current list of Servers=[172.16.4.2:10620],Load balancer stats=Zone stats: {unknown=[Zone:unknown;	Instance count:1;	Active connections count: 0;	Circuit breaker tripped count: 0;	Active connections per server: 0.0;]
},Server stats: [[Server:172.16.4.2:10620;	Zone:UNKNOWN;	Total Requests:0;	Successive connection failure:0;	Total blackout seconds:0;	Last connection made:Thu Jan 01 08:00:00 CST 1970;	First connection made: Thu Jan 01 08:00:00 CST 1970;	Active Connections:0;	total failure count in last (1000) msecs:0;	average resp time:0.0;	90 percentile resp time:0.0;	95 percentile resp time:0.0;	min resp time:0.0;	max resp time:0.0;	stddev resp time:0.0]
]}ServerList:com.alibaba.cloud.nacos.ribbon.NacosServerList@1634c632
2022-06-23 09:36:57.653 [PollingServerListUpdater-0] INFO  com.netflix.config.ChainedDynamicProperty - Flipping property: HC-LABMON-ms.ribbon.ActiveConnectionsLimit to use NEXT property: niws.loadbalancer.availabilityFilteringRule.activeConnectionsLimit = 2147483647
2022-06-23 09:55:25.008 [Thread-52] INFO  com.netflix.loadbalancer.PollingServerListUpdater - Shutting down the Executor Pool for PollingServerListUpdater
2022-06-23 09:55:25.011 [Thread-29] INFO  c.a.cloud.nacos.registry.NacosServiceRegistry - De-registering from Nacos Server now...
2022-06-23 09:55:25.013 [Thread-29] INFO  c.a.cloud.nacos.registry.NacosServiceRegistry - De-registration finished.
2022-06-23 09:55:30.487 [restartedMain] INFO  o.s.b.d.env.DevToolsPropertyDefaultsPostProcessor - Devtools property defaults active! Set 'spring.devtools.add-properties' to 'false' to disable
2022-06-23 09:55:30.711 [restartedMain] INFO  o.s.c.s.PostProcessorRegistrationDelegate$BeanPostProcessorChecker - Bean 'org.springframework.cloud.autoconfigure.ConfigurationPropertiesRebinderAutoConfiguration' of type [org.springframework.cloud.autoconfigure.ConfigurationPropertiesRebinderAutoConfiguration$$EnhancerBySpringCGLIB$$e9bd97fc] is not eligible for getting processed by all BeanPostProcessors (for example: not eligible for auto-proxying)
2022-06-23 09:55:30.950 [restartedMain] INFO  c.a.cloud.nacos.client.NacosPropertySourceBuilder - Loading nacos data, dataId: 'hc-openway-ms.yaml', group: 'DEFAULT_GROUP'
2022-06-23 09:55:30.964 [restartedMain] INFO  o.s.c.b.c.PropertySourceBootstrapConfiguration - Located property source: CompositePropertySource {name='NACOS', propertySources=[NacosPropertySource {name='hc-openway-ms-dev.yaml'}, NacosPropertySource {name='hc-openway-ms.yaml'}]}
2022-06-23 09:55:31.635 [restartedMain] WARN  o.springframework.boot.actuate.endpoint.EndpointId - Endpoint ID 'nacos-config' contains invalid characters, please migrate to a valid format.
2022-06-23 09:55:31.639 [restartedMain] WARN  o.springframework.boot.actuate.endpoint.EndpointId - Endpoint ID 'nacos-discovery' contains invalid characters, please migrate to a valid format.
2022-06-23 09:55:31.858 [restartedMain] WARN  o.springframework.boot.actuate.endpoint.EndpointId - Endpoint ID 'service-registry' contains invalid characters, please migrate to a valid format.
2022-06-23 09:55:32.005 [restartedMain] INFO  o.springframework.cloud.context.scope.GenericScope - BeanFactory id=4b82b837-ca28-3b6d-8d6f-cd80c4d7825f
2022-06-23 09:55:32.098 [restartedMain] INFO  o.s.c.s.PostProcessorRegistrationDelegate$BeanPostProcessorChecker - Bean 'org.springframework.cloud.autoconfigure.ConfigurationPropertiesRebinderAutoConfiguration' of type [org.springframework.cloud.autoconfigure.ConfigurationPropertiesRebinderAutoConfiguration$$EnhancerBySpringCGLIB$$e9bd97fc] is not eligible for getting processed by all BeanPostProcessors (for example: not eligible for auto-proxying)
2022-06-23 09:55:32.727 [restartedMain] WARN  com.netflix.config.sources.URLConfigurationSource - No URLs will be polled as dynamic configuration sources.
2022-06-23 09:55:32.727 [restartedMain] INFO  com.netflix.config.sources.URLConfigurationSource - To enable URLs as dynamic configuration sources, define System property archaius.configurationSource.additionalUrls or make config.properties available on classpath.
2022-06-23 09:55:32.737 [restartedMain] WARN  com.netflix.config.sources.URLConfigurationSource - No URLs will be polled as dynamic configuration sources.
2022-06-23 09:55:32.737 [restartedMain] INFO  com.netflix.config.sources.URLConfigurationSource - To enable URLs as dynamic configuration sources, define System property archaius.configurationSource.additionalUrls or make config.properties available on classpath.
2022-06-23 09:55:33.994 [restartedMain] INFO  o.s.c.gateway.route.RouteDefinitionRouteLocator - Loaded RoutePredicateFactory [After]
2022-06-23 09:55:33.994 [restartedMain] INFO  o.s.c.gateway.route.RouteDefinitionRouteLocator - Loaded RoutePredicateFactory [Before]
2022-06-23 09:55:33.994 [restartedMain] INFO  o.s.c.gateway.route.RouteDefinitionRouteLocator - Loaded RoutePredicateFactory [Between]
2022-06-23 09:55:33.994 [restartedMain] INFO  o.s.c.gateway.route.RouteDefinitionRouteLocator - Loaded RoutePredicateFactory [Cookie]
2022-06-23 09:55:33.994 [restartedMain] INFO  o.s.c.gateway.route.RouteDefinitionRouteLocator - Loaded RoutePredicateFactory [Header]
2022-06-23 09:55:33.994 [restartedMain] INFO  o.s.c.gateway.route.RouteDefinitionRouteLocator - Loaded RoutePredicateFactory [Host]
2022-06-23 09:55:33.995 [restartedMain] INFO  o.s.c.gateway.route.RouteDefinitionRouteLocator - Loaded RoutePredicateFactory [Method]
2022-06-23 09:55:33.995 [restartedMain] INFO  o.s.c.gateway.route.RouteDefinitionRouteLocator - Loaded RoutePredicateFactory [Path]
2022-06-23 09:55:33.995 [restartedMain] INFO  o.s.c.gateway.route.RouteDefinitionRouteLocator - Loaded RoutePredicateFactory [Query]
2022-06-23 09:55:33.995 [restartedMain] INFO  o.s.c.gateway.route.RouteDefinitionRouteLocator - Loaded RoutePredicateFactory [ReadBodyPredicateFactory]
2022-06-23 09:55:33.995 [restartedMain] INFO  o.s.c.gateway.route.RouteDefinitionRouteLocator - Loaded RoutePredicateFactory [RemoteAddr]
2022-06-23 09:55:33.995 [restartedMain] INFO  o.s.c.gateway.route.RouteDefinitionRouteLocator - Loaded RoutePredicateFactory [Weight]
2022-06-23 09:55:33.995 [restartedMain] INFO  o.s.c.gateway.route.RouteDefinitionRouteLocator - Loaded RoutePredicateFactory [CloudFoundryRouteService]
2022-06-23 09:55:34.540 [restartedMain] INFO  o.s.b.actuate.endpoint.web.EndpointLinksResolver - Exposing 22 endpoint(s) beneath base path '/actuator'
2022-06-23 09:55:34.682 [restartedMain] INFO  o.s.scheduling.concurrent.ThreadPoolTaskScheduler - Initializing ExecutorService
2022-06-23 09:55:34.926 [restartedMain] WARN  o.s.b.d.autoconfigure.OptionalLiveReloadServer - Unable to start LiveReload server
2022-06-23 09:55:35.465 [restartedMain] INFO  o.s.boot.web.embedded.netty.NettyWebServer - Netty started on port(s): 10612
2022-06-23 09:55:35.532 [restartedMain] INFO  c.a.cloud.nacos.registry.NacosServiceRegistry - nacos registry, HC-OPENWAY-ms 172.16.4.2:10612 register finished
2022-06-23 09:56:59.586 [reactor-http-nio-3] INFO  com.netflix.config.ChainedDynamicProperty - Flipping property: HC-LABMON-ms.ribbon.ActiveConnectionsLimit to use NEXT property: niws.loadbalancer.availabilityFilteringRule.activeConnectionsLimit = 2147483647
2022-06-23 09:56:59.599 [reactor-http-nio-3] INFO  com.netflix.loadbalancer.BaseLoadBalancer - Client: HC-LABMON-ms instantiated a LoadBalancer: DynamicServerListLoadBalancer:{NFLoadBalancer:name=HC-LABMON-ms,current list of Servers=[],Load balancer stats=Zone stats: {},Server stats: []}ServerList:null
2022-06-23 09:56:59.604 [reactor-http-nio-3] INFO  c.n.loadbalancer.DynamicServerListLoadBalancer - Using serverListUpdater PollingServerListUpdater
2022-06-23 09:56:59.613 [reactor-http-nio-3] INFO  com.netflix.config.ChainedDynamicProperty - Flipping property: HC-LABMON-ms.ribbon.ActiveConnectionsLimit to use NEXT property: niws.loadbalancer.availabilityFilteringRule.activeConnectionsLimit = 2147483647
2022-06-23 09:56:59.615 [reactor-http-nio-3] INFO  c.n.loadbalancer.DynamicServerListLoadBalancer - DynamicServerListLoadBalancer for client HC-LABMON-ms initialized: DynamicServerListLoadBalancer:{NFLoadBalancer:name=HC-LABMON-ms,current list of Servers=[172.16.4.2:10620],Load balancer stats=Zone stats: {unknown=[Zone:unknown;	Instance count:1;	Active connections count: 0;	Circuit breaker tripped count: 0;	Active connections per server: 0.0;]
},Server stats: [[Server:172.16.4.2:10620;	Zone:UNKNOWN;	Total Requests:0;	Successive connection failure:0;	Total blackout seconds:0;	Last connection made:Thu Jan 01 08:00:00 CST 1970;	First connection made: Thu Jan 01 08:00:00 CST 1970;	Active Connections:0;	total failure count in last (1000) msecs:0;	average resp time:0.0;	90 percentile resp time:0.0;	95 percentile resp time:0.0;	min resp time:0.0;	max resp time:0.0;	stddev resp time:0.0]
]}ServerList:com.alibaba.cloud.nacos.ribbon.NacosServerList@2860d854
2022-06-23 09:57:00.613 [PollingServerListUpdater-0] INFO  com.netflix.config.ChainedDynamicProperty - Flipping property: HC-LABMON-ms.ribbon.ActiveConnectionsLimit to use NEXT property: niws.loadbalancer.availabilityFilteringRule.activeConnectionsLimit = 2147483647
2022-06-23 10:17:18.362 [Thread-54] INFO  com.netflix.loadbalancer.PollingServerListUpdater - Shutting down the Executor Pool for PollingServerListUpdater
2022-06-23 10:17:18.365 [Thread-32] INFO  c.a.cloud.nacos.registry.NacosServiceRegistry - De-registering from Nacos Server now...
2022-06-23 10:17:18.367 [Thread-32] INFO  c.a.cloud.nacos.registry.NacosServiceRegistry - De-registration finished.
2022-06-23 10:17:26.883 [restartedMain] INFO  o.s.b.d.env.DevToolsPropertyDefaultsPostProcessor - Devtools property defaults active! Set 'spring.devtools.add-properties' to 'false' to disable
2022-06-23 10:17:27.153 [restartedMain] INFO  o.s.c.s.PostProcessorRegistrationDelegate$BeanPostProcessorChecker - Bean 'org.springframework.cloud.autoconfigure.ConfigurationPropertiesRebinderAutoConfiguration' of type [org.springframework.cloud.autoconfigure.ConfigurationPropertiesRebinderAutoConfiguration$$EnhancerBySpringCGLIB$$cf6cf9f2] is not eligible for getting processed by all BeanPostProcessors (for example: not eligible for auto-proxying)
2022-06-23 10:17:27.566 [restartedMain] INFO  c.a.cloud.nacos.client.NacosPropertySourceBuilder - Loading nacos data, dataId: 'hc-openway-ms.yaml', group: 'DEFAULT_GROUP'
2022-06-23 10:17:27.577 [restartedMain] INFO  o.s.c.b.c.PropertySourceBootstrapConfiguration - Located property source: CompositePropertySource {name='NACOS', propertySources=[NacosPropertySource {name='hc-openway-ms-dev.yaml'}, NacosPropertySource {name='hc-openway-ms.yaml'}]}
2022-06-23 10:17:28.256 [restartedMain] WARN  o.springframework.boot.actuate.endpoint.EndpointId - Endpoint ID 'nacos-config' contains invalid characters, please migrate to a valid format.
2022-06-23 10:17:28.258 [restartedMain] WARN  o.springframework.boot.actuate.endpoint.EndpointId - Endpoint ID 'nacos-discovery' contains invalid characters, please migrate to a valid format.
2022-06-23 10:17:28.489 [restartedMain] WARN  o.springframework.boot.actuate.endpoint.EndpointId - Endpoint ID 'service-registry' contains invalid characters, please migrate to a valid format.
2022-06-23 10:17:28.674 [restartedMain] INFO  o.springframework.cloud.context.scope.GenericScope - BeanFactory id=4b82b837-ca28-3b6d-8d6f-cd80c4d7825f
2022-06-23 10:17:28.793 [restartedMain] INFO  o.s.c.s.PostProcessorRegistrationDelegate$BeanPostProcessorChecker - Bean 'org.springframework.cloud.autoconfigure.ConfigurationPropertiesRebinderAutoConfiguration' of type [org.springframework.cloud.autoconfigure.ConfigurationPropertiesRebinderAutoConfiguration$$EnhancerBySpringCGLIB$$cf6cf9f2] is not eligible for getting processed by all BeanPostProcessors (for example: not eligible for auto-proxying)
2022-06-23 10:17:29.313 [restartedMain] WARN  com.netflix.config.sources.URLConfigurationSource - No URLs will be polled as dynamic configuration sources.
2022-06-23 10:17:29.313 [restartedMain] INFO  com.netflix.config.sources.URLConfigurationSource - To enable URLs as dynamic configuration sources, define System property archaius.configurationSource.additionalUrls or make config.properties available on classpath.
2022-06-23 10:17:29.319 [restartedMain] WARN  com.netflix.config.sources.URLConfigurationSource - No URLs will be polled as dynamic configuration sources.
2022-06-23 10:17:29.319 [restartedMain] INFO  com.netflix.config.sources.URLConfigurationSource - To enable URLs as dynamic configuration sources, define System property archaius.configurationSource.additionalUrls or make config.properties available on classpath.
2022-06-23 10:17:29.979 [restartedMain] INFO  o.s.c.gateway.route.RouteDefinitionRouteLocator - Loaded RoutePredicateFactory [After]
2022-06-23 10:17:29.979 [restartedMain] INFO  o.s.c.gateway.route.RouteDefinitionRouteLocator - Loaded RoutePredicateFactory [Before]
2022-06-23 10:17:29.979 [restartedMain] INFO  o.s.c.gateway.route.RouteDefinitionRouteLocator - Loaded RoutePredicateFactory [Between]
2022-06-23 10:17:29.979 [restartedMain] INFO  o.s.c.gateway.route.RouteDefinitionRouteLocator - Loaded RoutePredicateFactory [Cookie]
2022-06-23 10:17:29.979 [restartedMain] INFO  o.s.c.gateway.route.RouteDefinitionRouteLocator - Loaded RoutePredicateFactory [Header]
2022-06-23 10:17:29.979 [restartedMain] INFO  o.s.c.gateway.route.RouteDefinitionRouteLocator - Loaded RoutePredicateFactory [Host]
2022-06-23 10:17:29.979 [restartedMain] INFO  o.s.c.gateway.route.RouteDefinitionRouteLocator - Loaded RoutePredicateFactory [Method]
2022-06-23 10:17:29.980 [restartedMain] INFO  o.s.c.gateway.route.RouteDefinitionRouteLocator - Loaded RoutePredicateFactory [Path]
2022-06-23 10:17:29.980 [restartedMain] INFO  o.s.c.gateway.route.RouteDefinitionRouteLocator - Loaded RoutePredicateFactory [Query]
2022-06-23 10:17:29.980 [restartedMain] INFO  o.s.c.gateway.route.RouteDefinitionRouteLocator - Loaded RoutePredicateFactory [ReadBodyPredicateFactory]
2022-06-23 10:17:29.980 [restartedMain] INFO  o.s.c.gateway.route.RouteDefinitionRouteLocator - Loaded RoutePredicateFactory [RemoteAddr]
2022-06-23 10:17:29.980 [restartedMain] INFO  o.s.c.gateway.route.RouteDefinitionRouteLocator - Loaded RoutePredicateFactory [Weight]
2022-06-23 10:17:29.980 [restartedMain] INFO  o.s.c.gateway.route.RouteDefinitionRouteLocator - Loaded RoutePredicateFactory [CloudFoundryRouteService]
2022-06-23 10:17:30.295 [restartedMain] INFO  o.s.b.actuate.endpoint.web.EndpointLinksResolver - Exposing 22 endpoint(s) beneath base path '/actuator'
2022-06-23 10:17:30.425 [restartedMain] INFO  o.s.scheduling.concurrent.ThreadPoolTaskScheduler - Initializing ExecutorService
2022-06-23 10:17:30.633 [restartedMain] WARN  o.s.b.d.autoconfigure.OptionalLiveReloadServer - Unable to start LiveReload server
2022-06-23 10:17:31.131 [restartedMain] INFO  o.s.boot.web.embedded.netty.NettyWebServer - Netty started on port(s): 10612
2022-06-23 10:17:31.186 [restartedMain] INFO  c.a.cloud.nacos.registry.NacosServiceRegistry - nacos registry, HC-OPENWAY-ms 172.16.4.2:10612 register finished
2022-06-23 10:46:17.176 [ThreadPoolTaskScheduler-1] ERROR c.a.cloud.nacos.discovery.NacosDiscoveryClient - get service name from nacos server fail,
java.lang.IllegalStateException: failed to req API:/nacos/v1/ns/service/list after all servers([172.16.10.204:8848]) tried: failed to req API:172.16.10.204:8848/nacos/v1/ns/service/list. code:500 msg: java.net.SocketTimeoutException: connect timed out
	at com.alibaba.nacos.client.naming.net.NamingProxy.reqAPI(NamingProxy.java:464)
	at com.alibaba.nacos.client.naming.net.NamingProxy.reqAPI(NamingProxy.java:430)
	at com.alibaba.nacos.client.naming.net.NamingProxy.reqAPI(NamingProxy.java:376)
	at com.alibaba.nacos.client.naming.net.NamingProxy.getServiceList(NamingProxy.java:358)
	at com.alibaba.nacos.client.naming.net.NamingProxy.getServiceList(NamingProxy.java:334)
	at com.alibaba.nacos.client.naming.NacosNamingService.getServicesOfServer(NacosNamingService.java:440)
	at com.alibaba.cloud.nacos.discovery.NacosDiscoveryClient.getServices(NacosDiscoveryClient.java:108)
	at org.springframework.cloud.client.discovery.composite.CompositeDiscoveryClient.getServices(CompositeDiscoveryClient.java:67)
	at org.springframework.cloud.gateway.discovery.DiscoveryClientRouteDefinitionLocator.getRouteDefinitions(DiscoveryClientRouteDefinitionLocator.java:96)
	at reactor.core.publisher.FluxFlatMap$FlatMapMain.onNext(FluxFlatMap.java:350)
	at reactor.core.publisher.FluxIterable$IterableSubscription.slowPath(FluxIterable.java:243)
	at reactor.core.publisher.FluxIterable$IterableSubscription.request(FluxIterable.java:201)
	at reactor.core.publisher.FluxFlatMap$FlatMapMain.onSubscribe(FluxFlatMap.java:335)
	at reactor.core.publisher.FluxIterable.subscribe(FluxIterable.java:139)
	at reactor.core.publisher.FluxIterable.subscribe(FluxIterable.java:63)
	at reactor.core.publisher.FluxFlatMap.subscribe(FluxFlatMap.java:97)
	at reactor.core.publisher.FluxOnAssembly.subscribe(FluxOnAssembly.java:122)
	at reactor.core.publisher.FluxMapFuseable.subscribe(FluxMapFuseable.java:63)
	at reactor.core.publisher.FluxOnAssembly.subscribe(FluxOnAssembly.java:122)
	at reactor.core.publisher.FluxMapFuseable.subscribe(FluxMapFuseable.java:63)
	at reactor.core.publisher.FluxOnAssembly.subscribe(FluxOnAssembly.java:122)
	at reactor.core.publisher.Flux.subscribe(Flux.java:7921)
	at reactor.core.publisher.FluxFlatMap$FlatMapMain.onNext(FluxFlatMap.java:389)
	at reactor.core.publisher.FluxIterable$IterableSubscription.slowPath(FluxIterable.java:243)
	at reactor.core.publisher.FluxIterable$IterableSubscription.request(FluxIterable.java:201)
	at reactor.core.publisher.FluxFlatMap$FlatMapMain.onSubscribe(FluxFlatMap.java:335)
	at reactor.core.publisher.FluxIterable.subscribe(FluxIterable.java:139)
	at reactor.core.publisher.FluxIterable.subscribe(FluxIterable.java:63)
	at reactor.core.publisher.FluxFlatMap.subscribe(FluxFlatMap.java:97)
	at reactor.core.publisher.FluxOnAssembly.subscribe(FluxOnAssembly.java:122)
	at reactor.core.publisher.MonoCollectList.subscribe(MonoCollectList.java:40)
	at reactor.core.publisher.MonoOnAssembly.subscribe(MonoOnAssembly.java:61)
	at reactor.core.publisher.MonoMapFuseable.subscribe(MonoMapFuseable.java:59)
	at reactor.core.publisher.MonoOnAssembly.subscribe(MonoOnAssembly.java:61)
	at reactor.core.publisher.MonoFlattenIterable.subscribe(MonoFlattenIterable.java:101)
	at reactor.core.publisher.FluxOnAssembly.subscribe(FluxOnAssembly.java:122)
	at reactor.core.publisher.FluxMaterialize.subscribe(FluxMaterialize.java:40)
	at reactor.core.publisher.FluxOnAssembly.subscribe(FluxOnAssembly.java:122)
	at reactor.core.publisher.MonoCollectList.subscribe(MonoCollectList.java:40)
	at reactor.core.publisher.MonoOnAssembly.subscribe(MonoOnAssembly.java:61)
	at reactor.core.publisher.MonoPeekFuseable.subscribe(MonoPeekFuseable.java:74)
	at reactor.core.publisher.MonoOnAssembly.subscribe(MonoOnAssembly.java:61)
	at reactor.core.publisher.MonoFlattenIterable.subscribe(MonoFlattenIterable.java:101)
	at reactor.core.publisher.FluxOnAssembly.subscribe(FluxOnAssembly.java:122)
	at reactor.core.publisher.FluxDematerialize.subscribe(FluxDematerialize.java:39)
	at reactor.core.publisher.FluxOnAssembly.subscribe(FluxOnAssembly.java:122)
	at reactor.core.publisher.FluxDefer.subscribe(FluxDefer.java:54)
	at reactor.core.publisher.Flux.subscribe(Flux.java:7921)
	at reactor.core.publisher.Flux.subscribeWith(Flux.java:8085)
	at reactor.core.publisher.Flux.subscribe(Flux.java:7914)
	at reactor.core.publisher.Flux.subscribe(Flux.java:7878)
	at reactor.core.publisher.Flux.subscribe(Flux.java:7796)
	at org.springframework.cloud.gateway.filter.WeightCalculatorWebFilter.lambda$onApplicationEvent$0(WeightCalculatorWebFilter.java:133)
	at org.springframework.beans.factory.ObjectProvider.ifAvailable(ObjectProvider.java:93)
	at org.springframework.cloud.gateway.filter.WeightCalculatorWebFilter.onApplicationEvent(WeightCalculatorWebFilter.java:133)
	at org.springframework.context.event.SimpleApplicationEventMulticaster.doInvokeListener(SimpleApplicationEventMulticaster.java:172)
	at org.springframework.context.event.SimpleApplicationEventMulticaster.invokeListener(SimpleApplicationEventMulticaster.java:165)
	at org.springframework.context.event.SimpleApplicationEventMulticaster.multicastEvent(SimpleApplicationEventMulticaster.java:139)
	at org.springframework.context.support.AbstractApplicationContext.publishEvent(AbstractApplicationContext.java:402)
	at org.springframework.context.support.AbstractApplicationContext.publishEvent(AbstractApplicationContext.java:359)
	at org.springframework.cloud.gateway.route.RouteRefreshListener.reset(RouteRefreshListener.java:68)
	at org.springframework.cloud.gateway.route.RouteRefreshListener.resetIfNeeded(RouteRefreshListener.java:63)
	at org.springframework.cloud.gateway.route.RouteRefreshListener.onApplicationEvent(RouteRefreshListener.java:57)
	at org.springframework.context.event.SimpleApplicationEventMulticaster.doInvokeListener(SimpleApplicationEventMulticaster.java:172)
	at org.springframework.context.event.SimpleApplicationEventMulticaster.invokeListener(SimpleApplicationEventMulticaster.java:165)
	at org.springframework.context.event.SimpleApplicationEventMulticaster.multicastEvent(SimpleApplicationEventMulticaster.java:139)
	at org.springframework.context.support.AbstractApplicationContext.publishEvent(AbstractApplicationContext.java:402)
	at org.springframework.context.support.AbstractApplicationContext.publishEvent(AbstractApplicationContext.java:359)
	at com.alibaba.cloud.nacos.discovery.NacosWatch.nacosServicesWatch(NacosWatch.java:120)
	at org.springframework.scheduling.support.DelegatingErrorHandlingRunnable.run(DelegatingErrorHandlingRunnable.java:54)
	at java.util.concurrent.Executors$RunnableAdapter.call(Executors.java:511)
	at java.util.concurrent.FutureTask.runAndReset$$$capture(FutureTask.java:308)
	at java.util.concurrent.FutureTask.runAndReset(FutureTask.java)
	at java.util.concurrent.ScheduledThreadPoolExecutor$ScheduledFutureTask.access$301(ScheduledThreadPoolExecutor.java:180)
	at java.util.concurrent.ScheduledThreadPoolExecutor$ScheduledFutureTask.run(ScheduledThreadPoolExecutor.java:294)
	at java.util.concurrent.ThreadPoolExecutor.runWorker(ThreadPoolExecutor.java:1142)
	at java.util.concurrent.ThreadPoolExecutor$Worker.run(ThreadPoolExecutor.java:617)
	at java.lang.Thread.run(Thread.java:748)
2022-06-23 10:49:29.265 [ThreadPoolTaskScheduler-1] ERROR c.a.cloud.nacos.discovery.NacosDiscoveryClient - get service name from nacos server fail,
java.lang.IllegalStateException: failed to req API:/nacos/v1/ns/service/list after all servers([172.16.10.204:8848]) tried: failed to req API:172.16.10.204:8848/nacos/v1/ns/service/list. code:500 msg: java.net.SocketTimeoutException: connect timed out
	at com.alibaba.nacos.client.naming.net.NamingProxy.reqAPI(NamingProxy.java:464)
	at com.alibaba.nacos.client.naming.net.NamingProxy.reqAPI(NamingProxy.java:430)
	at com.alibaba.nacos.client.naming.net.NamingProxy.reqAPI(NamingProxy.java:376)
	at com.alibaba.nacos.client.naming.net.NamingProxy.getServiceList(NamingProxy.java:358)
	at com.alibaba.nacos.client.naming.net.NamingProxy.getServiceList(NamingProxy.java:334)
	at com.alibaba.nacos.client.naming.NacosNamingService.getServicesOfServer(NacosNamingService.java:440)
	at com.alibaba.cloud.nacos.discovery.NacosDiscoveryClient.getServices(NacosDiscoveryClient.java:108)
	at org.springframework.cloud.client.discovery.composite.CompositeDiscoveryClient.getServices(CompositeDiscoveryClient.java:67)
	at org.springframework.cloud.gateway.discovery.DiscoveryClientRouteDefinitionLocator.getRouteDefinitions(DiscoveryClientRouteDefinitionLocator.java:96)
	at reactor.core.publisher.FluxFlatMap$FlatMapMain.onNext(FluxFlatMap.java:350)
	at reactor.core.publisher.FluxIterable$IterableSubscription.slowPath(FluxIterable.java:243)
	at reactor.core.publisher.FluxIterable$IterableSubscription.request(FluxIterable.java:201)
	at reactor.core.publisher.FluxFlatMap$FlatMapMain.onSubscribe(FluxFlatMap.java:335)
	at reactor.core.publisher.FluxIterable.subscribe(FluxIterable.java:139)
	at reactor.core.publisher.FluxIterable.subscribe(FluxIterable.java:63)
	at reactor.core.publisher.FluxFlatMap.subscribe(FluxFlatMap.java:97)
	at reactor.core.publisher.FluxOnAssembly.subscribe(FluxOnAssembly.java:122)
	at reactor.core.publisher.FluxMapFuseable.subscribe(FluxMapFuseable.java:63)
	at reactor.core.publisher.FluxOnAssembly.subscribe(FluxOnAssembly.java:122)
	at reactor.core.publisher.FluxMapFuseable.subscribe(FluxMapFuseable.java:63)
	at reactor.core.publisher.FluxOnAssembly.subscribe(FluxOnAssembly.java:122)
	at reactor.core.publisher.Flux.subscribe(Flux.java:7921)
	at reactor.core.publisher.FluxFlatMap$FlatMapMain.onNext(FluxFlatMap.java:389)
	at reactor.core.publisher.FluxIterable$IterableSubscription.slowPath(FluxIterable.java:243)
	at reactor.core.publisher.FluxIterable$IterableSubscription.request(FluxIterable.java:201)
	at reactor.core.publisher.FluxFlatMap$FlatMapMain.onSubscribe(FluxFlatMap.java:335)
	at reactor.core.publisher.FluxIterable.subscribe(FluxIterable.java:139)
	at reactor.core.publisher.FluxIterable.subscribe(FluxIterable.java:63)
	at reactor.core.publisher.FluxFlatMap.subscribe(FluxFlatMap.java:97)
	at reactor.core.publisher.FluxOnAssembly.subscribe(FluxOnAssembly.java:122)
	at reactor.core.publisher.MonoCollectList.subscribe(MonoCollectList.java:40)
	at reactor.core.publisher.MonoOnAssembly.subscribe(MonoOnAssembly.java:61)
	at reactor.core.publisher.MonoMapFuseable.subscribe(MonoMapFuseable.java:59)
	at reactor.core.publisher.MonoOnAssembly.subscribe(MonoOnAssembly.java:61)
	at reactor.core.publisher.MonoFlattenIterable.subscribe(MonoFlattenIterable.java:101)
	at reactor.core.publisher.FluxOnAssembly.subscribe(FluxOnAssembly.java:122)
	at reactor.core.publisher.FluxMaterialize.subscribe(FluxMaterialize.java:40)
	at reactor.core.publisher.FluxOnAssembly.subscribe(FluxOnAssembly.java:122)
	at reactor.core.publisher.MonoCollectList.subscribe(MonoCollectList.java:40)
	at reactor.core.publisher.MonoOnAssembly.subscribe(MonoOnAssembly.java:61)
	at reactor.core.publisher.MonoPeekFuseable.subscribe(MonoPeekFuseable.java:74)
	at reactor.core.publisher.MonoOnAssembly.subscribe(MonoOnAssembly.java:61)
	at reactor.core.publisher.MonoFlattenIterable.subscribe(MonoFlattenIterable.java:101)
	at reactor.core.publisher.FluxOnAssembly.subscribe(FluxOnAssembly.java:122)
	at reactor.core.publisher.FluxDematerialize.subscribe(FluxDematerialize.java:39)
	at reactor.core.publisher.FluxOnAssembly.subscribe(FluxOnAssembly.java:122)
	at reactor.core.publisher.FluxDefer.subscribe(FluxDefer.java:54)
	at reactor.core.publisher.Flux.subscribe(Flux.java:7921)
	at reactor.core.publisher.Flux.subscribeWith(Flux.java:8085)
	at reactor.core.publisher.Flux.subscribe(Flux.java:7914)
	at reactor.core.publisher.Flux.subscribe(Flux.java:7878)
	at reactor.core.publisher.Flux.subscribe(Flux.java:7796)
	at org.springframework.cloud.gateway.filter.WeightCalculatorWebFilter.lambda$onApplicationEvent$0(WeightCalculatorWebFilter.java:133)
	at org.springframework.beans.factory.ObjectProvider.ifAvailable(ObjectProvider.java:93)
	at org.springframework.cloud.gateway.filter.WeightCalculatorWebFilter.onApplicationEvent(WeightCalculatorWebFilter.java:133)
	at org.springframework.context.event.SimpleApplicationEventMulticaster.doInvokeListener(SimpleApplicationEventMulticaster.java:172)
	at org.springframework.context.event.SimpleApplicationEventMulticaster.invokeListener(SimpleApplicationEventMulticaster.java:165)
	at org.springframework.context.event.SimpleApplicationEventMulticaster.multicastEvent(SimpleApplicationEventMulticaster.java:139)
	at org.springframework.context.support.AbstractApplicationContext.publishEvent(AbstractApplicationContext.java:402)
	at org.springframework.context.support.AbstractApplicationContext.publishEvent(AbstractApplicationContext.java:359)
	at org.springframework.cloud.gateway.route.RouteRefreshListener.reset(RouteRefreshListener.java:68)
	at org.springframework.cloud.gateway.route.RouteRefreshListener.resetIfNeeded(RouteRefreshListener.java:63)
	at org.springframework.cloud.gateway.route.RouteRefreshListener.onApplicationEvent(RouteRefreshListener.java:57)
	at org.springframework.context.event.SimpleApplicationEventMulticaster.doInvokeListener(SimpleApplicationEventMulticaster.java:172)
	at org.springframework.context.event.SimpleApplicationEventMulticaster.invokeListener(SimpleApplicationEventMulticaster.java:165)
	at org.springframework.context.event.SimpleApplicationEventMulticaster.multicastEvent(SimpleApplicationEventMulticaster.java:139)
	at org.springframework.context.support.AbstractApplicationContext.publishEvent(AbstractApplicationContext.java:402)
	at org.springframework.context.support.AbstractApplicationContext.publishEvent(AbstractApplicationContext.java:359)
	at com.alibaba.cloud.nacos.discovery.NacosWatch.nacosServicesWatch(NacosWatch.java:120)
	at org.springframework.scheduling.support.DelegatingErrorHandlingRunnable.run(DelegatingErrorHandlingRunnable.java:54)
	at java.util.concurrent.Executors$RunnableAdapter.call(Executors.java:511)
	at java.util.concurrent.FutureTask.runAndReset$$$capture(FutureTask.java:308)
	at java.util.concurrent.FutureTask.runAndReset(FutureTask.java)
	at java.util.concurrent.ScheduledThreadPoolExecutor$ScheduledFutureTask.access$301(ScheduledThreadPoolExecutor.java:180)
	at java.util.concurrent.ScheduledThreadPoolExecutor$ScheduledFutureTask.run(ScheduledThreadPoolExecutor.java:294)
	at java.util.concurrent.ThreadPoolExecutor.runWorker(ThreadPoolExecutor.java:1142)
	at java.util.concurrent.ThreadPoolExecutor$Worker.run(ThreadPoolExecutor.java:617)
	at java.lang.Thread.run(Thread.java:748)
2022-06-23 10:50:02.309 [ThreadPoolTaskScheduler-1] ERROR c.a.cloud.nacos.discovery.NacosDiscoveryClient - get service name from nacos server fail,
java.lang.IllegalStateException: failed to req API:/nacos/v1/ns/service/list after all servers([172.16.10.204:8848]) tried: failed to req API:172.16.10.204:8848/nacos/v1/ns/service/list. code:500 msg: java.net.SocketTimeoutException: connect timed out
	at com.alibaba.nacos.client.naming.net.NamingProxy.reqAPI(NamingProxy.java:464)
	at com.alibaba.nacos.client.naming.net.NamingProxy.reqAPI(NamingProxy.java:430)
	at com.alibaba.nacos.client.naming.net.NamingProxy.reqAPI(NamingProxy.java:376)
	at com.alibaba.nacos.client.naming.net.NamingProxy.getServiceList(NamingProxy.java:358)
	at com.alibaba.nacos.client.naming.net.NamingProxy.getServiceList(NamingProxy.java:334)
	at com.alibaba.nacos.client.naming.NacosNamingService.getServicesOfServer(NacosNamingService.java:440)
	at com.alibaba.cloud.nacos.discovery.NacosDiscoveryClient.getServices(NacosDiscoveryClient.java:108)
	at org.springframework.cloud.client.discovery.composite.CompositeDiscoveryClient.getServices(CompositeDiscoveryClient.java:67)
	at org.springframework.cloud.gateway.discovery.DiscoveryClientRouteDefinitionLocator.getRouteDefinitions(DiscoveryClientRouteDefinitionLocator.java:96)
	at reactor.core.publisher.FluxFlatMap$FlatMapMain.onNext(FluxFlatMap.java:350)
	at reactor.core.publisher.FluxIterable$IterableSubscription.slowPath(FluxIterable.java:243)
	at reactor.core.publisher.FluxIterable$IterableSubscription.request(FluxIterable.java:201)
	at reactor.core.publisher.FluxFlatMap$FlatMapMain.onSubscribe(FluxFlatMap.java:335)
	at reactor.core.publisher.FluxIterable.subscribe(FluxIterable.java:139)
	at reactor.core.publisher.FluxIterable.subscribe(FluxIterable.java:63)
	at reactor.core.publisher.FluxFlatMap.subscribe(FluxFlatMap.java:97)
	at reactor.core.publisher.FluxOnAssembly.subscribe(FluxOnAssembly.java:122)
	at reactor.core.publisher.FluxMapFuseable.subscribe(FluxMapFuseable.java:63)
	at reactor.core.publisher.FluxOnAssembly.subscribe(FluxOnAssembly.java:122)
	at reactor.core.publisher.FluxMapFuseable.subscribe(FluxMapFuseable.java:63)
	at reactor.core.publisher.FluxOnAssembly.subscribe(FluxOnAssembly.java:122)
	at reactor.core.publisher.Flux.subscribe(Flux.java:7921)
	at reactor.core.publisher.FluxFlatMap$FlatMapMain.onNext(FluxFlatMap.java:389)
	at reactor.core.publisher.FluxIterable$IterableSubscription.slowPath(FluxIterable.java:243)
	at reactor.core.publisher.FluxIterable$IterableSubscription.request(FluxIterable.java:201)
	at reactor.core.publisher.FluxFlatMap$FlatMapMain.onSubscribe(FluxFlatMap.java:335)
	at reactor.core.publisher.FluxIterable.subscribe(FluxIterable.java:139)
	at reactor.core.publisher.FluxIterable.subscribe(FluxIterable.java:63)
	at reactor.core.publisher.FluxFlatMap.subscribe(FluxFlatMap.java:97)
	at reactor.core.publisher.FluxOnAssembly.subscribe(FluxOnAssembly.java:122)
	at reactor.core.publisher.MonoCollectList.subscribe(MonoCollectList.java:40)
	at reactor.core.publisher.MonoOnAssembly.subscribe(MonoOnAssembly.java:61)
	at reactor.core.publisher.MonoMapFuseable.subscribe(MonoMapFuseable.java:59)
	at reactor.core.publisher.MonoOnAssembly.subscribe(MonoOnAssembly.java:61)
	at reactor.core.publisher.MonoFlattenIterable.subscribe(MonoFlattenIterable.java:101)
	at reactor.core.publisher.FluxOnAssembly.subscribe(FluxOnAssembly.java:122)
	at reactor.core.publisher.FluxMaterialize.subscribe(FluxMaterialize.java:40)
	at reactor.core.publisher.FluxOnAssembly.subscribe(FluxOnAssembly.java:122)
	at reactor.core.publisher.MonoCollectList.subscribe(MonoCollectList.java:40)
	at reactor.core.publisher.MonoOnAssembly.subscribe(MonoOnAssembly.java:61)
	at reactor.core.publisher.MonoPeekFuseable.subscribe(MonoPeekFuseable.java:74)
	at reactor.core.publisher.MonoOnAssembly.subscribe(MonoOnAssembly.java:61)
	at reactor.core.publisher.MonoFlattenIterable.subscribe(MonoFlattenIterable.java:101)
	at reactor.core.publisher.FluxOnAssembly.subscribe(FluxOnAssembly.java:122)
	at reactor.core.publisher.FluxDematerialize.subscribe(FluxDematerialize.java:39)
	at reactor.core.publisher.FluxOnAssembly.subscribe(FluxOnAssembly.java:122)
	at reactor.core.publisher.FluxDefer.subscribe(FluxDefer.java:54)
	at reactor.core.publisher.Flux.subscribe(Flux.java:7921)
	at reactor.core.publisher.Flux.subscribeWith(Flux.java:8085)
	at reactor.core.publisher.Flux.subscribe(Flux.java:7914)
	at reactor.core.publisher.Flux.subscribe(Flux.java:7878)
	at reactor.core.publisher.Flux.subscribe(Flux.java:7796)
	at org.springframework.cloud.gateway.filter.WeightCalculatorWebFilter.lambda$onApplicationEvent$0(WeightCalculatorWebFilter.java:133)
	at org.springframework.beans.factory.ObjectProvider.ifAvailable(ObjectProvider.java:93)
	at org.springframework.cloud.gateway.filter.WeightCalculatorWebFilter.onApplicationEvent(WeightCalculatorWebFilter.java:133)
	at org.springframework.context.event.SimpleApplicationEventMulticaster.doInvokeListener(SimpleApplicationEventMulticaster.java:172)
	at org.springframework.context.event.SimpleApplicationEventMulticaster.invokeListener(SimpleApplicationEventMulticaster.java:165)
	at org.springframework.context.event.SimpleApplicationEventMulticaster.multicastEvent(SimpleApplicationEventMulticaster.java:139)
	at org.springframework.context.support.AbstractApplicationContext.publishEvent(AbstractApplicationContext.java:402)
	at org.springframework.context.support.AbstractApplicationContext.publishEvent(AbstractApplicationContext.java:359)
	at org.springframework.cloud.gateway.route.RouteRefreshListener.reset(RouteRefreshListener.java:68)
	at org.springframework.cloud.gateway.route.RouteRefreshListener.resetIfNeeded(RouteRefreshListener.java:63)
	at org.springframework.cloud.gateway.route.RouteRefreshListener.onApplicationEvent(RouteRefreshListener.java:57)
	at org.springframework.context.event.SimpleApplicationEventMulticaster.doInvokeListener(SimpleApplicationEventMulticaster.java:172)
	at org.springframework.context.event.SimpleApplicationEventMulticaster.invokeListener(SimpleApplicationEventMulticaster.java:165)
	at org.springframework.context.event.SimpleApplicationEventMulticaster.multicastEvent(SimpleApplicationEventMulticaster.java:139)
	at org.springframework.context.support.AbstractApplicationContext.publishEvent(AbstractApplicationContext.java:402)
	at org.springframework.context.support.AbstractApplicationContext.publishEvent(AbstractApplicationContext.java:359)
	at com.alibaba.cloud.nacos.discovery.NacosWatch.nacosServicesWatch(NacosWatch.java:120)
	at org.springframework.scheduling.support.DelegatingErrorHandlingRunnable.run(DelegatingErrorHandlingRunnable.java:54)
	at java.util.concurrent.Executors$RunnableAdapter.call(Executors.java:511)
	at java.util.concurrent.FutureTask.runAndReset$$$capture(FutureTask.java:308)
	at java.util.concurrent.FutureTask.runAndReset(FutureTask.java)
	at java.util.concurrent.ScheduledThreadPoolExecutor$ScheduledFutureTask.access$301(ScheduledThreadPoolExecutor.java:180)
	at java.util.concurrent.ScheduledThreadPoolExecutor$ScheduledFutureTask.run(ScheduledThreadPoolExecutor.java:294)
	at java.util.concurrent.ThreadPoolExecutor.runWorker(ThreadPoolExecutor.java:1142)
	at java.util.concurrent.ThreadPoolExecutor$Worker.run(ThreadPoolExecutor.java:617)
	at java.lang.Thread.run(Thread.java:748)
2022-06-23 11:07:50.451 [ThreadPoolTaskScheduler-1] ERROR c.a.cloud.nacos.discovery.NacosDiscoveryClient - get service name from nacos server fail,
java.lang.IllegalStateException: failed to req API:/nacos/v1/ns/service/list after all servers([172.16.10.204:8848]) tried: failed to req API:172.16.10.204:8848/nacos/v1/ns/service/list. code:500 msg: java.net.SocketTimeoutException: connect timed out
	at com.alibaba.nacos.client.naming.net.NamingProxy.reqAPI(NamingProxy.java:464)
	at com.alibaba.nacos.client.naming.net.NamingProxy.reqAPI(NamingProxy.java:430)
	at com.alibaba.nacos.client.naming.net.NamingProxy.reqAPI(NamingProxy.java:376)
	at com.alibaba.nacos.client.naming.net.NamingProxy.getServiceList(NamingProxy.java:358)
	at com.alibaba.nacos.client.naming.net.NamingProxy.getServiceList(NamingProxy.java:334)
	at com.alibaba.nacos.client.naming.NacosNamingService.getServicesOfServer(NacosNamingService.java:440)
	at com.alibaba.cloud.nacos.discovery.NacosDiscoveryClient.getServices(NacosDiscoveryClient.java:108)
	at org.springframework.cloud.client.discovery.composite.CompositeDiscoveryClient.getServices(CompositeDiscoveryClient.java:67)
	at org.springframework.cloud.gateway.discovery.DiscoveryClientRouteDefinitionLocator.getRouteDefinitions(DiscoveryClientRouteDefinitionLocator.java:96)
	at reactor.core.publisher.FluxFlatMap$FlatMapMain.onNext(FluxFlatMap.java:350)
	at reactor.core.publisher.FluxIterable$IterableSubscription.slowPath(FluxIterable.java:243)
	at reactor.core.publisher.FluxIterable$IterableSubscription.request(FluxIterable.java:201)
	at reactor.core.publisher.FluxFlatMap$FlatMapMain.onSubscribe(FluxFlatMap.java:335)
	at reactor.core.publisher.FluxIterable.subscribe(FluxIterable.java:139)
	at reactor.core.publisher.FluxIterable.subscribe(FluxIterable.java:63)
	at reactor.core.publisher.FluxFlatMap.subscribe(FluxFlatMap.java:97)
	at reactor.core.publisher.FluxOnAssembly.subscribe(FluxOnAssembly.java:122)
	at reactor.core.publisher.FluxMapFuseable.subscribe(FluxMapFuseable.java:63)
	at reactor.core.publisher.FluxOnAssembly.subscribe(FluxOnAssembly.java:122)
	at reactor.core.publisher.FluxMapFuseable.subscribe(FluxMapFuseable.java:63)
	at reactor.core.publisher.FluxOnAssembly.subscribe(FluxOnAssembly.java:122)
	at reactor.core.publisher.Flux.subscribe(Flux.java:7921)
	at reactor.core.publisher.FluxFlatMap$FlatMapMain.onNext(FluxFlatMap.java:389)
	at reactor.core.publisher.FluxIterable$IterableSubscription.slowPath(FluxIterable.java:243)
	at reactor.core.publisher.FluxIterable$IterableSubscription.request(FluxIterable.java:201)
	at reactor.core.publisher.FluxFlatMap$FlatMapMain.onSubscribe(FluxFlatMap.java:335)
	at reactor.core.publisher.FluxIterable.subscribe(FluxIterable.java:139)
	at reactor.core.publisher.FluxIterable.subscribe(FluxIterable.java:63)
	at reactor.core.publisher.FluxFlatMap.subscribe(FluxFlatMap.java:97)
	at reactor.core.publisher.FluxOnAssembly.subscribe(FluxOnAssembly.java:122)
	at reactor.core.publisher.MonoCollectList.subscribe(MonoCollectList.java:40)
	at reactor.core.publisher.MonoOnAssembly.subscribe(MonoOnAssembly.java:61)
	at reactor.core.publisher.MonoMapFuseable.subscribe(MonoMapFuseable.java:59)
	at reactor.core.publisher.MonoOnAssembly.subscribe(MonoOnAssembly.java:61)
	at reactor.core.publisher.MonoFlattenIterable.subscribe(MonoFlattenIterable.java:101)
	at reactor.core.publisher.FluxOnAssembly.subscribe(FluxOnAssembly.java:122)
	at reactor.core.publisher.FluxMaterialize.subscribe(FluxMaterialize.java:40)
	at reactor.core.publisher.FluxOnAssembly.subscribe(FluxOnAssembly.java:122)
	at reactor.core.publisher.MonoCollectList.subscribe(MonoCollectList.java:40)
	at reactor.core.publisher.MonoOnAssembly.subscribe(MonoOnAssembly.java:61)
	at reactor.core.publisher.MonoPeekFuseable.subscribe(MonoPeekFuseable.java:74)
	at reactor.core.publisher.MonoOnAssembly.subscribe(MonoOnAssembly.java:61)
	at reactor.core.publisher.MonoFlattenIterable.subscribe(MonoFlattenIterable.java:101)
	at reactor.core.publisher.FluxOnAssembly.subscribe(FluxOnAssembly.java:122)
	at reactor.core.publisher.FluxDematerialize.subscribe(FluxDematerialize.java:39)
	at reactor.core.publisher.FluxOnAssembly.subscribe(FluxOnAssembly.java:122)
	at reactor.core.publisher.FluxDefer.subscribe(FluxDefer.java:54)
	at reactor.core.publisher.Flux.subscribe(Flux.java:7921)
	at reactor.core.publisher.Flux.subscribeWith(Flux.java:8085)
	at reactor.core.publisher.Flux.subscribe(Flux.java:7914)
	at reactor.core.publisher.Flux.subscribe(Flux.java:7878)
	at reactor.core.publisher.Flux.subscribe(Flux.java:7796)
	at org.springframework.cloud.gateway.filter.WeightCalculatorWebFilter.lambda$onApplicationEvent$0(WeightCalculatorWebFilter.java:133)
	at org.springframework.beans.factory.ObjectProvider.ifAvailable(ObjectProvider.java:93)
	at org.springframework.cloud.gateway.filter.WeightCalculatorWebFilter.onApplicationEvent(WeightCalculatorWebFilter.java:133)
	at org.springframework.context.event.SimpleApplicationEventMulticaster.doInvokeListener(SimpleApplicationEventMulticaster.java:172)
	at org.springframework.context.event.SimpleApplicationEventMulticaster.invokeListener(SimpleApplicationEventMulticaster.java:165)
	at org.springframework.context.event.SimpleApplicationEventMulticaster.multicastEvent(SimpleApplicationEventMulticaster.java:139)
	at org.springframework.context.support.AbstractApplicationContext.publishEvent(AbstractApplicationContext.java:402)
	at org.springframework.context.support.AbstractApplicationContext.publishEvent(AbstractApplicationContext.java:359)
	at org.springframework.cloud.gateway.route.RouteRefreshListener.reset(RouteRefreshListener.java:68)
	at org.springframework.cloud.gateway.route.RouteRefreshListener.resetIfNeeded(RouteRefreshListener.java:63)
	at org.springframework.cloud.gateway.route.RouteRefreshListener.onApplicationEvent(RouteRefreshListener.java:57)
	at org.springframework.context.event.SimpleApplicationEventMulticaster.doInvokeListener(SimpleApplicationEventMulticaster.java:172)
	at org.springframework.context.event.SimpleApplicationEventMulticaster.invokeListener(SimpleApplicationEventMulticaster.java:165)
	at org.springframework.context.event.SimpleApplicationEventMulticaster.multicastEvent(SimpleApplicationEventMulticaster.java:139)
	at org.springframework.context.support.AbstractApplicationContext.publishEvent(AbstractApplicationContext.java:402)
	at org.springframework.context.support.AbstractApplicationContext.publishEvent(AbstractApplicationContext.java:359)
	at com.alibaba.cloud.nacos.discovery.NacosWatch.nacosServicesWatch(NacosWatch.java:120)
	at org.springframework.scheduling.support.DelegatingErrorHandlingRunnable.run(DelegatingErrorHandlingRunnable.java:54)
	at java.util.concurrent.Executors$RunnableAdapter.call(Executors.java:511)
	at java.util.concurrent.FutureTask.runAndReset$$$capture(FutureTask.java:308)
	at java.util.concurrent.FutureTask.runAndReset(FutureTask.java)
	at java.util.concurrent.ScheduledThreadPoolExecutor$ScheduledFutureTask.access$301(ScheduledThreadPoolExecutor.java:180)
	at java.util.concurrent.ScheduledThreadPoolExecutor$ScheduledFutureTask.run(ScheduledThreadPoolExecutor.java:294)
	at java.util.concurrent.ThreadPoolExecutor.runWorker(ThreadPoolExecutor.java:1142)
	at java.util.concurrent.ThreadPoolExecutor$Worker.run(ThreadPoolExecutor.java:617)
	at java.lang.Thread.run(Thread.java:748)
2022-06-23 11:09:58.724 [ThreadPoolTaskScheduler-1] ERROR c.a.cloud.nacos.discovery.NacosDiscoveryClient - get service name from nacos server fail,
java.lang.IllegalStateException: failed to req API:/nacos/v1/ns/service/list after all servers([172.16.10.204:8848]) tried: failed to req API:172.16.10.204:8848/nacos/v1/ns/service/list. code:500 msg: java.net.SocketTimeoutException: connect timed out
	at com.alibaba.nacos.client.naming.net.NamingProxy.reqAPI(NamingProxy.java:464)
	at com.alibaba.nacos.client.naming.net.NamingProxy.reqAPI(NamingProxy.java:430)
	at com.alibaba.nacos.client.naming.net.NamingProxy.reqAPI(NamingProxy.java:376)
	at com.alibaba.nacos.client.naming.net.NamingProxy.getServiceList(NamingProxy.java:358)
	at com.alibaba.nacos.client.naming.net.NamingProxy.getServiceList(NamingProxy.java:334)
	at com.alibaba.nacos.client.naming.NacosNamingService.getServicesOfServer(NacosNamingService.java:440)
	at com.alibaba.cloud.nacos.discovery.NacosDiscoveryClient.getServices(NacosDiscoveryClient.java:108)
	at org.springframework.cloud.client.discovery.composite.CompositeDiscoveryClient.getServices(CompositeDiscoveryClient.java:67)
	at org.springframework.cloud.gateway.discovery.DiscoveryClientRouteDefinitionLocator.getRouteDefinitions(DiscoveryClientRouteDefinitionLocator.java:96)
	at reactor.core.publisher.FluxFlatMap$FlatMapMain.onNext(FluxFlatMap.java:350)
	at reactor.core.publisher.FluxIterable$IterableSubscription.slowPath(FluxIterable.java:243)
	at reactor.core.publisher.FluxIterable$IterableSubscription.request(FluxIterable.java:201)
	at reactor.core.publisher.FluxFlatMap$FlatMapMain.onSubscribe(FluxFlatMap.java:335)
	at reactor.core.publisher.FluxIterable.subscribe(FluxIterable.java:139)
	at reactor.core.publisher.FluxIterable.subscribe(FluxIterable.java:63)
	at reactor.core.publisher.FluxFlatMap.subscribe(FluxFlatMap.java:97)
	at reactor.core.publisher.FluxOnAssembly.subscribe(FluxOnAssembly.java:122)
	at reactor.core.publisher.FluxMapFuseable.subscribe(FluxMapFuseable.java:63)
	at reactor.core.publisher.FluxOnAssembly.subscribe(FluxOnAssembly.java:122)
	at reactor.core.publisher.FluxMapFuseable.subscribe(FluxMapFuseable.java:63)
	at reactor.core.publisher.FluxOnAssembly.subscribe(FluxOnAssembly.java:122)
	at reactor.core.publisher.Flux.subscribe(Flux.java:7921)
	at reactor.core.publisher.FluxFlatMap$FlatMapMain.onNext(FluxFlatMap.java:389)
	at reactor.core.publisher.FluxIterable$IterableSubscription.slowPath(FluxIterable.java:243)
	at reactor.core.publisher.FluxIterable$IterableSubscription.request(FluxIterable.java:201)
	at reactor.core.publisher.FluxFlatMap$FlatMapMain.onSubscribe(FluxFlatMap.java:335)
	at reactor.core.publisher.FluxIterable.subscribe(FluxIterable.java:139)
	at reactor.core.publisher.FluxIterable.subscribe(FluxIterable.java:63)
	at reactor.core.publisher.FluxFlatMap.subscribe(FluxFlatMap.java:97)
	at reactor.core.publisher.FluxOnAssembly.subscribe(FluxOnAssembly.java:122)
	at reactor.core.publisher.MonoCollectList.subscribe(MonoCollectList.java:40)
	at reactor.core.publisher.MonoOnAssembly.subscribe(MonoOnAssembly.java:61)
	at reactor.core.publisher.MonoMapFuseable.subscribe(MonoMapFuseable.java:59)
	at reactor.core.publisher.MonoOnAssembly.subscribe(MonoOnAssembly.java:61)
	at reactor.core.publisher.MonoFlattenIterable.subscribe(MonoFlattenIterable.java:101)
	at reactor.core.publisher.FluxOnAssembly.subscribe(FluxOnAssembly.java:122)
	at reactor.core.publisher.FluxMaterialize.subscribe(FluxMaterialize.java:40)
	at reactor.core.publisher.FluxOnAssembly.subscribe(FluxOnAssembly.java:122)
	at reactor.core.publisher.MonoCollectList.subscribe(MonoCollectList.java:40)
	at reactor.core.publisher.MonoOnAssembly.subscribe(MonoOnAssembly.java:61)
	at reactor.core.publisher.MonoPeekFuseable.subscribe(MonoPeekFuseable.java:74)
	at reactor.core.publisher.MonoOnAssembly.subscribe(MonoOnAssembly.java:61)
	at reactor.core.publisher.MonoFlattenIterable.subscribe(MonoFlattenIterable.java:101)
	at reactor.core.publisher.FluxOnAssembly.subscribe(FluxOnAssembly.java:122)
	at reactor.core.publisher.FluxDematerialize.subscribe(FluxDematerialize.java:39)
	at reactor.core.publisher.FluxOnAssembly.subscribe(FluxOnAssembly.java:122)
	at reactor.core.publisher.FluxDefer.subscribe(FluxDefer.java:54)
	at reactor.core.publisher.Flux.subscribe(Flux.java:7921)
	at reactor.core.publisher.Flux.subscribeWith(Flux.java:8085)
	at reactor.core.publisher.Flux.subscribe(Flux.java:7914)
	at reactor.core.publisher.Flux.subscribe(Flux.java:7878)
	at reactor.core.publisher.Flux.subscribe(Flux.java:7796)
	at org.springframework.cloud.gateway.filter.WeightCalculatorWebFilter.lambda$onApplicationEvent$0(WeightCalculatorWebFilter.java:133)
	at org.springframework.beans.factory.ObjectProvider.ifAvailable(ObjectProvider.java:93)
	at org.springframework.cloud.gateway.filter.WeightCalculatorWebFilter.onApplicationEvent(WeightCalculatorWebFilter.java:133)
	at org.springframework.context.event.SimpleApplicationEventMulticaster.doInvokeListener(SimpleApplicationEventMulticaster.java:172)
	at org.springframework.context.event.SimpleApplicationEventMulticaster.invokeListener(SimpleApplicationEventMulticaster.java:165)
	at org.springframework.context.event.SimpleApplicationEventMulticaster.multicastEvent(SimpleApplicationEventMulticaster.java:139)
	at org.springframework.context.support.AbstractApplicationContext.publishEvent(AbstractApplicationContext.java:402)
	at org.springframework.context.support.AbstractApplicationContext.publishEvent(AbstractApplicationContext.java:359)
	at org.springframework.cloud.gateway.route.RouteRefreshListener.reset(RouteRefreshListener.java:68)
	at org.springframework.cloud.gateway.route.RouteRefreshListener.resetIfNeeded(RouteRefreshListener.java:63)
	at org.springframework.cloud.gateway.route.RouteRefreshListener.onApplicationEvent(RouteRefreshListener.java:57)
	at org.springframework.context.event.SimpleApplicationEventMulticaster.doInvokeListener(SimpleApplicationEventMulticaster.java:172)
	at org.springframework.context.event.SimpleApplicationEventMulticaster.invokeListener(SimpleApplicationEventMulticaster.java:165)
	at org.springframework.context.event.SimpleApplicationEventMulticaster.multicastEvent(SimpleApplicationEventMulticaster.java:139)
	at org.springframework.context.support.AbstractApplicationContext.publishEvent(AbstractApplicationContext.java:402)
	at org.springframework.context.support.AbstractApplicationContext.publishEvent(AbstractApplicationContext.java:359)
	at com.alibaba.cloud.nacos.discovery.NacosWatch.nacosServicesWatch(NacosWatch.java:120)
	at org.springframework.scheduling.support.DelegatingErrorHandlingRunnable.run(DelegatingErrorHandlingRunnable.java:54)
	at java.util.concurrent.Executors$RunnableAdapter.call(Executors.java:511)
	at java.util.concurrent.FutureTask.runAndReset$$$capture(FutureTask.java:308)
	at java.util.concurrent.FutureTask.runAndReset(FutureTask.java)
	at java.util.concurrent.ScheduledThreadPoolExecutor$ScheduledFutureTask.access$301(ScheduledThreadPoolExecutor.java:180)
	at java.util.concurrent.ScheduledThreadPoolExecutor$ScheduledFutureTask.run(ScheduledThreadPoolExecutor.java:294)
	at java.util.concurrent.ThreadPoolExecutor.runWorker(ThreadPoolExecutor.java:1142)
	at java.util.concurrent.ThreadPoolExecutor$Worker.run(ThreadPoolExecutor.java:617)
	at java.lang.Thread.run(Thread.java:748)
2022-06-23 11:17:01.360 [ThreadPoolTaskScheduler-1] ERROR c.a.cloud.nacos.discovery.NacosDiscoveryClient - get service name from nacos server fail,
java.lang.IllegalStateException: failed to req API:/nacos/v1/ns/service/list after all servers([172.16.10.204:8848]) tried: failed to req API:172.16.10.204:8848/nacos/v1/ns/service/list. code:500 msg: java.net.SocketTimeoutException: connect timed out
	at com.alibaba.nacos.client.naming.net.NamingProxy.reqAPI(NamingProxy.java:464)
	at com.alibaba.nacos.client.naming.net.NamingProxy.reqAPI(NamingProxy.java:430)
	at com.alibaba.nacos.client.naming.net.NamingProxy.reqAPI(NamingProxy.java:376)
	at com.alibaba.nacos.client.naming.net.NamingProxy.getServiceList(NamingProxy.java:358)
	at com.alibaba.nacos.client.naming.net.NamingProxy.getServiceList(NamingProxy.java:334)
	at com.alibaba.nacos.client.naming.NacosNamingService.getServicesOfServer(NacosNamingService.java:440)
	at com.alibaba.cloud.nacos.discovery.NacosDiscoveryClient.getServices(NacosDiscoveryClient.java:108)
	at org.springframework.cloud.client.discovery.composite.CompositeDiscoveryClient.getServices(CompositeDiscoveryClient.java:67)
	at org.springframework.cloud.gateway.discovery.DiscoveryClientRouteDefinitionLocator.getRouteDefinitions(DiscoveryClientRouteDefinitionLocator.java:96)
	at reactor.core.publisher.FluxFlatMap$FlatMapMain.onNext(FluxFlatMap.java:350)
	at reactor.core.publisher.FluxIterable$IterableSubscription.slowPath(FluxIterable.java:243)
	at reactor.core.publisher.FluxIterable$IterableSubscription.request(FluxIterable.java:201)
	at reactor.core.publisher.FluxFlatMap$FlatMapMain.onSubscribe(FluxFlatMap.java:335)
	at reactor.core.publisher.FluxIterable.subscribe(FluxIterable.java:139)
	at reactor.core.publisher.FluxIterable.subscribe(FluxIterable.java:63)
	at reactor.core.publisher.FluxFlatMap.subscribe(FluxFlatMap.java:97)
	at reactor.core.publisher.FluxOnAssembly.subscribe(FluxOnAssembly.java:122)
	at reactor.core.publisher.FluxMapFuseable.subscribe(FluxMapFuseable.java:63)
	at reactor.core.publisher.FluxOnAssembly.subscribe(FluxOnAssembly.java:122)
	at reactor.core.publisher.FluxMapFuseable.subscribe(FluxMapFuseable.java:63)
	at reactor.core.publisher.FluxOnAssembly.subscribe(FluxOnAssembly.java:122)
	at reactor.core.publisher.Flux.subscribe(Flux.java:7921)
	at reactor.core.publisher.FluxFlatMap$FlatMapMain.onNext(FluxFlatMap.java:389)
	at reactor.core.publisher.FluxIterable$IterableSubscription.slowPath(FluxIterable.java:243)
	at reactor.core.publisher.FluxIterable$IterableSubscription.request(FluxIterable.java:201)
	at reactor.core.publisher.FluxFlatMap$FlatMapMain.onSubscribe(FluxFlatMap.java:335)
	at reactor.core.publisher.FluxIterable.subscribe(FluxIterable.java:139)
	at reactor.core.publisher.FluxIterable.subscribe(FluxIterable.java:63)
	at reactor.core.publisher.FluxFlatMap.subscribe(FluxFlatMap.java:97)
	at reactor.core.publisher.FluxOnAssembly.subscribe(FluxOnAssembly.java:122)
	at reactor.core.publisher.MonoCollectList.subscribe(MonoCollectList.java:40)
	at reactor.core.publisher.MonoOnAssembly.subscribe(MonoOnAssembly.java:61)
	at reactor.core.publisher.MonoMapFuseable.subscribe(MonoMapFuseable.java:59)
	at reactor.core.publisher.MonoOnAssembly.subscribe(MonoOnAssembly.java:61)
	at reactor.core.publisher.MonoFlattenIterable.subscribe(MonoFlattenIterable.java:101)
	at reactor.core.publisher.FluxOnAssembly.subscribe(FluxOnAssembly.java:122)
	at reactor.core.publisher.FluxMaterialize.subscribe(FluxMaterialize.java:40)
	at reactor.core.publisher.FluxOnAssembly.subscribe(FluxOnAssembly.java:122)
	at reactor.core.publisher.MonoCollectList.subscribe(MonoCollectList.java:40)
	at reactor.core.publisher.MonoOnAssembly.subscribe(MonoOnAssembly.java:61)
	at reactor.core.publisher.MonoPeekFuseable.subscribe(MonoPeekFuseable.java:74)
	at reactor.core.publisher.MonoOnAssembly.subscribe(MonoOnAssembly.java:61)
	at reactor.core.publisher.MonoFlattenIterable.subscribe(MonoFlattenIterable.java:101)
	at reactor.core.publisher.FluxOnAssembly.subscribe(FluxOnAssembly.java:122)
	at reactor.core.publisher.FluxDematerialize.subscribe(FluxDematerialize.java:39)
	at reactor.core.publisher.FluxOnAssembly.subscribe(FluxOnAssembly.java:122)
	at reactor.core.publisher.FluxDefer.subscribe(FluxDefer.java:54)
	at reactor.core.publisher.Flux.subscribe(Flux.java:7921)
	at reactor.core.publisher.Flux.subscribeWith(Flux.java:8085)
	at reactor.core.publisher.Flux.subscribe(Flux.java:7914)
	at reactor.core.publisher.Flux.subscribe(Flux.java:7878)
	at reactor.core.publisher.Flux.subscribe(Flux.java:7796)
	at org.springframework.cloud.gateway.filter.WeightCalculatorWebFilter.lambda$onApplicationEvent$0(WeightCalculatorWebFilter.java:133)
	at org.springframework.beans.factory.ObjectProvider.ifAvailable(ObjectProvider.java:93)
	at org.springframework.cloud.gateway.filter.WeightCalculatorWebFilter.onApplicationEvent(WeightCalculatorWebFilter.java:133)
	at org.springframework.context.event.SimpleApplicationEventMulticaster.doInvokeListener(SimpleApplicationEventMulticaster.java:172)
	at org.springframework.context.event.SimpleApplicationEventMulticaster.invokeListener(SimpleApplicationEventMulticaster.java:165)
	at org.springframework.context.event.SimpleApplicationEventMulticaster.multicastEvent(SimpleApplicationEventMulticaster.java:139)
	at org.springframework.context.support.AbstractApplicationContext.publishEvent(AbstractApplicationContext.java:402)
	at org.springframework.context.support.AbstractApplicationContext.publishEvent(AbstractApplicationContext.java:359)
	at org.springframework.cloud.gateway.route.RouteRefreshListener.reset(RouteRefreshListener.java:68)
	at org.springframework.cloud.gateway.route.RouteRefreshListener.resetIfNeeded(RouteRefreshListener.java:63)
	at org.springframework.cloud.gateway.route.RouteRefreshListener.onApplicationEvent(RouteRefreshListener.java:57)
	at org.springframework.context.event.SimpleApplicationEventMulticaster.doInvokeListener(SimpleApplicationEventMulticaster.java:172)
	at org.springframework.context.event.SimpleApplicationEventMulticaster.invokeListener(SimpleApplicationEventMulticaster.java:165)
	at org.springframework.context.event.SimpleApplicationEventMulticaster.multicastEvent(SimpleApplicationEventMulticaster.java:139)
	at org.springframework.context.support.AbstractApplicationContext.publishEvent(AbstractApplicationContext.java:402)
	at org.springframework.context.support.AbstractApplicationContext.publishEvent(AbstractApplicationContext.java:359)
	at com.alibaba.cloud.nacos.discovery.NacosWatch.nacosServicesWatch(NacosWatch.java:120)
	at org.springframework.scheduling.support.DelegatingErrorHandlingRunnable.run(DelegatingErrorHandlingRunnable.java:54)
	at java.util.concurrent.Executors$RunnableAdapter.call(Executors.java:511)
	at java.util.concurrent.FutureTask.runAndReset$$$capture(FutureTask.java:308)
	at java.util.concurrent.FutureTask.runAndReset(FutureTask.java)
	at java.util.concurrent.ScheduledThreadPoolExecutor$ScheduledFutureTask.access$301(ScheduledThreadPoolExecutor.java:180)
	at java.util.concurrent.ScheduledThreadPoolExecutor$ScheduledFutureTask.run(ScheduledThreadPoolExecutor.java:294)
	at java.util.concurrent.ThreadPoolExecutor.runWorker(ThreadPoolExecutor.java:1142)
	at java.util.concurrent.ThreadPoolExecutor$Worker.run(ThreadPoolExecutor.java:617)
	at java.lang.Thread.run(Thread.java:748)
2022-06-23 11:25:44.939 [ThreadPoolTaskScheduler-1] ERROR c.a.cloud.nacos.discovery.NacosDiscoveryClient - get service name from nacos server fail,
java.lang.IllegalStateException: failed to req API:/nacos/v1/ns/service/list after all servers([172.16.10.204:8848]) tried: failed to req API:172.16.10.204:8848/nacos/v1/ns/service/list. code:500 msg: java.net.SocketTimeoutException: connect timed out
	at com.alibaba.nacos.client.naming.net.NamingProxy.reqAPI(NamingProxy.java:464)
	at com.alibaba.nacos.client.naming.net.NamingProxy.reqAPI(NamingProxy.java:430)
	at com.alibaba.nacos.client.naming.net.NamingProxy.reqAPI(NamingProxy.java:376)
	at com.alibaba.nacos.client.naming.net.NamingProxy.getServiceList(NamingProxy.java:358)
	at com.alibaba.nacos.client.naming.net.NamingProxy.getServiceList(NamingProxy.java:334)
	at com.alibaba.nacos.client.naming.NacosNamingService.getServicesOfServer(NacosNamingService.java:440)
	at com.alibaba.cloud.nacos.discovery.NacosDiscoveryClient.getServices(NacosDiscoveryClient.java:108)
	at org.springframework.cloud.client.discovery.composite.CompositeDiscoveryClient.getServices(CompositeDiscoveryClient.java:67)
	at org.springframework.cloud.gateway.discovery.DiscoveryClientRouteDefinitionLocator.getRouteDefinitions(DiscoveryClientRouteDefinitionLocator.java:96)
	at reactor.core.publisher.FluxFlatMap$FlatMapMain.onNext(FluxFlatMap.java:350)
	at reactor.core.publisher.FluxIterable$IterableSubscription.slowPath(FluxIterable.java:243)
	at reactor.core.publisher.FluxIterable$IterableSubscription.request(FluxIterable.java:201)
	at reactor.core.publisher.FluxFlatMap$FlatMapMain.onSubscribe(FluxFlatMap.java:335)
	at reactor.core.publisher.FluxIterable.subscribe(FluxIterable.java:139)
	at reactor.core.publisher.FluxIterable.subscribe(FluxIterable.java:63)
	at reactor.core.publisher.FluxFlatMap.subscribe(FluxFlatMap.java:97)
	at reactor.core.publisher.FluxOnAssembly.subscribe(FluxOnAssembly.java:122)
	at reactor.core.publisher.FluxMapFuseable.subscribe(FluxMapFuseable.java:63)
	at reactor.core.publisher.FluxOnAssembly.subscribe(FluxOnAssembly.java:122)
	at reactor.core.publisher.FluxMapFuseable.subscribe(FluxMapFuseable.java:63)
	at reactor.core.publisher.FluxOnAssembly.subscribe(FluxOnAssembly.java:122)
	at reactor.core.publisher.Flux.subscribe(Flux.java:7921)
	at reactor.core.publisher.FluxFlatMap$FlatMapMain.onNext(FluxFlatMap.java:389)
	at reactor.core.publisher.FluxIterable$IterableSubscription.slowPath(FluxIterable.java:243)
	at reactor.core.publisher.FluxIterable$IterableSubscription.request(FluxIterable.java:201)
	at reactor.core.publisher.FluxFlatMap$FlatMapMain.onSubscribe(FluxFlatMap.java:335)
	at reactor.core.publisher.FluxIterable.subscribe(FluxIterable.java:139)
	at reactor.core.publisher.FluxIterable.subscribe(FluxIterable.java:63)
	at reactor.core.publisher.FluxFlatMap.subscribe(FluxFlatMap.java:97)
	at reactor.core.publisher.FluxOnAssembly.subscribe(FluxOnAssembly.java:122)
	at reactor.core.publisher.MonoCollectList.subscribe(MonoCollectList.java:40)
	at reactor.core.publisher.MonoOnAssembly.subscribe(MonoOnAssembly.java:61)
	at reactor.core.publisher.MonoMapFuseable.subscribe(MonoMapFuseable.java:59)
	at reactor.core.publisher.MonoOnAssembly.subscribe(MonoOnAssembly.java:61)
	at reactor.core.publisher.MonoFlattenIterable.subscribe(MonoFlattenIterable.java:101)
	at reactor.core.publisher.FluxOnAssembly.subscribe(FluxOnAssembly.java:122)
	at reactor.core.publisher.FluxMaterialize.subscribe(FluxMaterialize.java:40)
	at reactor.core.publisher.FluxOnAssembly.subscribe(FluxOnAssembly.java:122)
	at reactor.core.publisher.MonoCollectList.subscribe(MonoCollectList.java:40)
	at reactor.core.publisher.MonoOnAssembly.subscribe(MonoOnAssembly.java:61)
	at reactor.core.publisher.MonoPeekFuseable.subscribe(MonoPeekFuseable.java:74)
	at reactor.core.publisher.MonoOnAssembly.subscribe(MonoOnAssembly.java:61)
	at reactor.core.publisher.MonoFlattenIterable.subscribe(MonoFlattenIterable.java:101)
	at reactor.core.publisher.FluxOnAssembly.subscribe(FluxOnAssembly.java:122)
	at reactor.core.publisher.FluxDematerialize.subscribe(FluxDematerialize.java:39)
	at reactor.core.publisher.FluxOnAssembly.subscribe(FluxOnAssembly.java:122)
	at reactor.core.publisher.FluxDefer.subscribe(FluxDefer.java:54)
	at reactor.core.publisher.Flux.subscribe(Flux.java:7921)
	at reactor.core.publisher.Flux.subscribeWith(Flux.java:8085)
	at reactor.core.publisher.Flux.subscribe(Flux.java:7914)
	at reactor.core.publisher.Flux.subscribe(Flux.java:7878)
	at reactor.core.publisher.Flux.subscribe(Flux.java:7796)
	at org.springframework.cloud.gateway.filter.WeightCalculatorWebFilter.lambda$onApplicationEvent$0(WeightCalculatorWebFilter.java:133)
	at org.springframework.beans.factory.ObjectProvider.ifAvailable(ObjectProvider.java:93)
	at org.springframework.cloud.gateway.filter.WeightCalculatorWebFilter.onApplicationEvent(WeightCalculatorWebFilter.java:133)
	at org.springframework.context.event.SimpleApplicationEventMulticaster.doInvokeListener(SimpleApplicationEventMulticaster.java:172)
	at org.springframework.context.event.SimpleApplicationEventMulticaster.invokeListener(SimpleApplicationEventMulticaster.java:165)
	at org.springframework.context.event.SimpleApplicationEventMulticaster.multicastEvent(SimpleApplicationEventMulticaster.java:139)
	at org.springframework.context.support.AbstractApplicationContext.publishEvent(AbstractApplicationContext.java:402)
	at org.springframework.context.support.AbstractApplicationContext.publishEvent(AbstractApplicationContext.java:359)
	at org.springframework.cloud.gateway.route.RouteRefreshListener.reset(RouteRefreshListener.java:68)
	at org.springframework.cloud.gateway.route.RouteRefreshListener.resetIfNeeded(RouteRefreshListener.java:63)
	at org.springframework.cloud.gateway.route.RouteRefreshListener.onApplicationEvent(RouteRefreshListener.java:57)
	at org.springframework.context.event.SimpleApplicationEventMulticaster.doInvokeListener(SimpleApplicationEventMulticaster.java:172)
	at org.springframework.context.event.SimpleApplicationEventMulticaster.invokeListener(SimpleApplicationEventMulticaster.java:165)
	at org.springframework.context.event.SimpleApplicationEventMulticaster.multicastEvent(SimpleApplicationEventMulticaster.java:139)
	at org.springframework.context.support.AbstractApplicationContext.publishEvent(AbstractApplicationContext.java:402)
	at org.springframework.context.support.AbstractApplicationContext.publishEvent(AbstractApplicationContext.java:359)
	at com.alibaba.cloud.nacos.discovery.NacosWatch.nacosServicesWatch(NacosWatch.java:120)
	at org.springframework.scheduling.support.DelegatingErrorHandlingRunnable.run(DelegatingErrorHandlingRunnable.java:54)
	at java.util.concurrent.Executors$RunnableAdapter.call(Executors.java:511)
	at java.util.concurrent.FutureTask.runAndReset$$$capture(FutureTask.java:308)
	at java.util.concurrent.FutureTask.runAndReset(FutureTask.java)
	at java.util.concurrent.ScheduledThreadPoolExecutor$ScheduledFutureTask.access$301(ScheduledThreadPoolExecutor.java:180)
	at java.util.concurrent.ScheduledThreadPoolExecutor$ScheduledFutureTask.run(ScheduledThreadPoolExecutor.java:294)
	at java.util.concurrent.ThreadPoolExecutor.runWorker(ThreadPoolExecutor.java:1142)
	at java.util.concurrent.ThreadPoolExecutor$Worker.run(ThreadPoolExecutor.java:617)
	at java.lang.Thread.run(Thread.java:748)
