2022-04-28 09:28:26.431 [restartedMain] INFO  o.s.b.d.env.DevToolsPropertyDefaultsPostProcessor - Devtools property defaults active! Set 'spring.devtools.add-properties' to 'false' to disable
2022-04-28 09:28:26.431 [restartedMain] INFO  o.s.b.d.env.DevToolsPropertyDefaultsPostProcessor - Devtools property defaults active! Set 'spring.devtools.add-properties' to 'false' to disable
2022-04-28 09:28:26.628 [restartedMain] INFO  o.s.c.s.PostProcessorRegistrationDelegate$BeanPostProcessorChecker - Bean 'org.springframework.cloud.autoconfigure.ConfigurationPropertiesRebinderAutoConfiguration' of type [org.springframework.cloud.autoconfigure.ConfigurationPropertiesRebinderAutoConfiguration$$EnhancerBySpringCGLIB$$4671bf93] is not eligible for getting processed by all BeanPostProcessors (for example: not eligible for auto-proxying)
2022-04-28 09:28:26.628 [restartedMain] INFO  o.s.c.s.PostProcessorRegistrationDelegate$BeanPostProcessorChecker - Bean 'org.springframework.cloud.autoconfigure.ConfigurationPropertiesRebinderAutoConfiguration' of type [org.springframework.cloud.autoconfigure.ConfigurationPropertiesRebinderAutoConfiguration$$EnhancerBySpringCGLIB$$4671bf93] is not eligible for getting processed by all BeanPostProcessors (for example: not eligible for auto-proxying)
2022-04-28 09:28:26.857 [restartedMain] INFO  c.a.cloud.nacos.client.NacosPropertySourceBuilder - Loading nacos data, dataId: 'hc-openway-ms.yaml', group: 'DEFAULT_GROUP'
2022-04-28 09:28:26.857 [restartedMain] INFO  c.a.cloud.nacos.client.NacosPropertySourceBuilder - Loading nacos data, dataId: 'hc-openway-ms.yaml', group: 'DEFAULT_GROUP'
2022-04-28 09:28:26.872 [restartedMain] INFO  o.s.c.b.c.PropertySourceBootstrapConfiguration - Located property source: CompositePropertySource {name='NACOS', propertySources=[NacosPropertySource {name='hc-openway-ms-dev.yaml'}, NacosPropertySource {name='hc-openway-ms.yaml'}]}
2022-04-28 09:28:26.872 [restartedMain] INFO  o.s.c.b.c.PropertySourceBootstrapConfiguration - Located property source: CompositePropertySource {name='NACOS', propertySources=[NacosPropertySource {name='hc-openway-ms-dev.yaml'}, NacosPropertySource {name='hc-openway-ms.yaml'}]}
2022-04-28 09:28:26.874 [restartedMain] INFO  com.hc.OpenwayMsApplication - The following profiles are active: dev
2022-04-28 09:28:27.478 [restartedMain] WARN  o.springframework.boot.actuate.endpoint.EndpointId - Endpoint ID 'nacos-config' contains invalid characters, please migrate to a valid format.
2022-04-28 09:28:27.478 [restartedMain] WARN  o.springframework.boot.actuate.endpoint.EndpointId - Endpoint ID 'nacos-config' contains invalid characters, please migrate to a valid format.
2022-04-28 09:28:27.481 [restartedMain] WARN  o.springframework.boot.actuate.endpoint.EndpointId - Endpoint ID 'nacos-discovery' contains invalid characters, please migrate to a valid format.
2022-04-28 09:28:27.481 [restartedMain] WARN  o.springframework.boot.actuate.endpoint.EndpointId - Endpoint ID 'nacos-discovery' contains invalid characters, please migrate to a valid format.
2022-04-28 09:28:27.657 [restartedMain] WARN  o.springframework.boot.actuate.endpoint.EndpointId - Endpoint ID 'service-registry' contains invalid characters, please migrate to a valid format.
2022-04-28 09:28:27.657 [restartedMain] WARN  o.springframework.boot.actuate.endpoint.EndpointId - Endpoint ID 'service-registry' contains invalid characters, please migrate to a valid format.
2022-04-28 09:28:27.772 [restartedMain] INFO  o.springframework.cloud.context.scope.GenericScope - BeanFactory id=4b82b837-ca28-3b6d-8d6f-cd80c4d7825f
2022-04-28 09:28:27.772 [restartedMain] INFO  o.springframework.cloud.context.scope.GenericScope - BeanFactory id=4b82b837-ca28-3b6d-8d6f-cd80c4d7825f
2022-04-28 09:28:27.851 [restartedMain] INFO  o.s.c.s.PostProcessorRegistrationDelegate$BeanPostProcessorChecker - Bean 'org.springframework.cloud.autoconfigure.ConfigurationPropertiesRebinderAutoConfiguration' of type [org.springframework.cloud.autoconfigure.ConfigurationPropertiesRebinderAutoConfiguration$$EnhancerBySpringCGLIB$$4671bf93] is not eligible for getting processed by all BeanPostProcessors (for example: not eligible for auto-proxying)
2022-04-28 09:28:27.851 [restartedMain] INFO  o.s.c.s.PostProcessorRegistrationDelegate$BeanPostProcessorChecker - Bean 'org.springframework.cloud.autoconfigure.ConfigurationPropertiesRebinderAutoConfiguration' of type [org.springframework.cloud.autoconfigure.ConfigurationPropertiesRebinderAutoConfiguration$$EnhancerBySpringCGLIB$$4671bf93] is not eligible for getting processed by all BeanPostProcessors (for example: not eligible for auto-proxying)
2022-04-28 09:28:28.257 [restartedMain] WARN  com.netflix.config.sources.URLConfigurationSource - No URLs will be polled as dynamic configuration sources.
2022-04-28 09:28:28.257 [restartedMain] WARN  com.netflix.config.sources.URLConfigurationSource - No URLs will be polled as dynamic configuration sources.
2022-04-28 09:28:28.257 [restartedMain] INFO  com.netflix.config.sources.URLConfigurationSource - To enable URLs as dynamic configuration sources, define System property archaius.configurationSource.additionalUrls or make config.properties available on classpath.
2022-04-28 09:28:28.257 [restartedMain] INFO  com.netflix.config.sources.URLConfigurationSource - To enable URLs as dynamic configuration sources, define System property archaius.configurationSource.additionalUrls or make config.properties available on classpath.
2022-04-28 09:28:28.273 [restartedMain] WARN  com.netflix.config.sources.URLConfigurationSource - No URLs will be polled as dynamic configuration sources.
2022-04-28 09:28:28.273 [restartedMain] WARN  com.netflix.config.sources.URLConfigurationSource - No URLs will be polled as dynamic configuration sources.
2022-04-28 09:28:28.273 [restartedMain] INFO  com.netflix.config.sources.URLConfigurationSource - To enable URLs as dynamic configuration sources, define System property archaius.configurationSource.additionalUrls or make config.properties available on classpath.
2022-04-28 09:28:28.273 [restartedMain] INFO  com.netflix.config.sources.URLConfigurationSource - To enable URLs as dynamic configuration sources, define System property archaius.configurationSource.additionalUrls or make config.properties available on classpath.
2022-04-28 09:28:29.298 [restartedMain] INFO  o.s.c.gateway.route.RouteDefinitionRouteLocator - Loaded RoutePredicateFactory [After]
2022-04-28 09:28:29.298 [restartedMain] INFO  o.s.c.gateway.route.RouteDefinitionRouteLocator - Loaded RoutePredicateFactory [After]
2022-04-28 09:28:29.299 [restartedMain] INFO  o.s.c.gateway.route.RouteDefinitionRouteLocator - Loaded RoutePredicateFactory [Before]
2022-04-28 09:28:29.299 [restartedMain] INFO  o.s.c.gateway.route.RouteDefinitionRouteLocator - Loaded RoutePredicateFactory [Between]
2022-04-28 09:28:29.299 [restartedMain] INFO  o.s.c.gateway.route.RouteDefinitionRouteLocator - Loaded RoutePredicateFactory [Before]
2022-04-28 09:28:29.299 [restartedMain] INFO  o.s.c.gateway.route.RouteDefinitionRouteLocator - Loaded RoutePredicateFactory [Between]
2022-04-28 09:28:29.300 [restartedMain] INFO  o.s.c.gateway.route.RouteDefinitionRouteLocator - Loaded RoutePredicateFactory [Cookie]
2022-04-28 09:28:29.300 [restartedMain] INFO  o.s.c.gateway.route.RouteDefinitionRouteLocator - Loaded RoutePredicateFactory [Cookie]
2022-04-28 09:28:29.300 [restartedMain] INFO  o.s.c.gateway.route.RouteDefinitionRouteLocator - Loaded RoutePredicateFactory [Header]
2022-04-28 09:28:29.300 [restartedMain] INFO  o.s.c.gateway.route.RouteDefinitionRouteLocator - Loaded RoutePredicateFactory [Header]
2022-04-28 09:28:29.301 [restartedMain] INFO  o.s.c.gateway.route.RouteDefinitionRouteLocator - Loaded RoutePredicateFactory [Host]
2022-04-28 09:28:29.301 [restartedMain] INFO  o.s.c.gateway.route.RouteDefinitionRouteLocator - Loaded RoutePredicateFactory [Method]
2022-04-28 09:28:29.301 [restartedMain] INFO  o.s.c.gateway.route.RouteDefinitionRouteLocator - Loaded RoutePredicateFactory [Path]
2022-04-28 09:28:29.301 [restartedMain] INFO  o.s.c.gateway.route.RouteDefinitionRouteLocator - Loaded RoutePredicateFactory [Query]
2022-04-28 09:28:29.301 [restartedMain] INFO  o.s.c.gateway.route.RouteDefinitionRouteLocator - Loaded RoutePredicateFactory [ReadBodyPredicateFactory]
2022-04-28 09:28:29.301 [restartedMain] INFO  o.s.c.gateway.route.RouteDefinitionRouteLocator - Loaded RoutePredicateFactory [RemoteAddr]
2022-04-28 09:28:29.301 [restartedMain] INFO  o.s.c.gateway.route.RouteDefinitionRouteLocator - Loaded RoutePredicateFactory [Host]
2022-04-28 09:28:29.301 [restartedMain] INFO  o.s.c.gateway.route.RouteDefinitionRouteLocator - Loaded RoutePredicateFactory [Method]
2022-04-28 09:28:29.301 [restartedMain] INFO  o.s.c.gateway.route.RouteDefinitionRouteLocator - Loaded RoutePredicateFactory [Path]
2022-04-28 09:28:29.301 [restartedMain] INFO  o.s.c.gateway.route.RouteDefinitionRouteLocator - Loaded RoutePredicateFactory [Query]
2022-04-28 09:28:29.301 [restartedMain] INFO  o.s.c.gateway.route.RouteDefinitionRouteLocator - Loaded RoutePredicateFactory [ReadBodyPredicateFactory]
2022-04-28 09:28:29.301 [restartedMain] INFO  o.s.c.gateway.route.RouteDefinitionRouteLocator - Loaded RoutePredicateFactory [RemoteAddr]
2022-04-28 09:28:29.302 [restartedMain] INFO  o.s.c.gateway.route.RouteDefinitionRouteLocator - Loaded RoutePredicateFactory [Weight]
2022-04-28 09:28:29.302 [restartedMain] INFO  o.s.c.gateway.route.RouteDefinitionRouteLocator - Loaded RoutePredicateFactory [Weight]
2022-04-28 09:28:29.302 [restartedMain] INFO  o.s.c.gateway.route.RouteDefinitionRouteLocator - Loaded RoutePredicateFactory [CloudFoundryRouteService]
2022-04-28 09:28:29.302 [restartedMain] INFO  o.s.c.gateway.route.RouteDefinitionRouteLocator - Loaded RoutePredicateFactory [CloudFoundryRouteService]
2022-04-28 09:28:30.007 [restartedMain] INFO  o.s.b.actuate.endpoint.web.EndpointLinksResolver - Exposing 22 endpoint(s) beneath base path '/actuator'
2022-04-28 09:28:30.007 [restartedMain] INFO  o.s.b.actuate.endpoint.web.EndpointLinksResolver - Exposing 22 endpoint(s) beneath base path '/actuator'
2022-04-28 09:28:30.234 [restartedMain] INFO  o.s.scheduling.concurrent.ThreadPoolTaskScheduler - Initializing ExecutorService
2022-04-28 09:28:30.234 [restartedMain] INFO  o.s.scheduling.concurrent.ThreadPoolTaskScheduler - Initializing ExecutorService
2022-04-28 09:28:30.413 [restartedMain] INFO  o.s.b.d.autoconfigure.OptionalLiveReloadServer - LiveReload server is running on port 35729
2022-04-28 09:28:30.413 [restartedMain] INFO  o.s.b.d.autoconfigure.OptionalLiveReloadServer - LiveReload server is running on port 35729
2022-04-28 09:28:31.060 [restartedMain] INFO  o.s.boot.web.embedded.netty.NettyWebServer - Netty started on port(s): 10612
2022-04-28 09:28:31.060 [restartedMain] INFO  o.s.boot.web.embedded.netty.NettyWebServer - Netty started on port(s): 10612
2022-04-28 09:28:31.358 [restartedMain] INFO  c.a.cloud.nacos.registry.NacosServiceRegistry - nacos registry, openway 172.16.10.39:10612 register finished
2022-04-28 09:28:31.358 [restartedMain] INFO  c.a.cloud.nacos.registry.NacosServiceRegistry - nacos registry, openway 172.16.10.39:10612 register finished
2022-04-28 09:28:31.683 [restartedMain] INFO  com.hc.OpenwayMsApplication - Started OpenwayMsApplication in 5.805 seconds (JVM running for 7.088)
2022-04-28 09:28:49.031 [reactor-http-nio-3] INFO  com.netflix.config.ChainedDynamicProperty - Flipping property: HC-LABMANAGEMENT-ms.ribbon.ActiveConnectionsLimit to use NEXT property: niws.loadbalancer.availabilityFilteringRule.activeConnectionsLimit = 2147483647
2022-04-28 09:28:49.031 [reactor-http-nio-3] INFO  com.netflix.config.ChainedDynamicProperty - Flipping property: HC-LABMANAGEMENT-ms.ribbon.ActiveConnectionsLimit to use NEXT property: niws.loadbalancer.availabilityFilteringRule.activeConnectionsLimit = 2147483647
2022-04-28 09:28:49.044 [reactor-http-nio-3] INFO  com.netflix.loadbalancer.BaseLoadBalancer - Client: HC-LABMANAGEMENT-ms instantiated a LoadBalancer: DynamicServerListLoadBalancer:{NFLoadBalancer:name=HC-LABMANAGEMENT-ms,current list of Servers=[],Load balancer stats=Zone stats: {},Server stats: []}ServerList:null
2022-04-28 09:28:49.044 [reactor-http-nio-3] INFO  com.netflix.loadbalancer.BaseLoadBalancer - Client: HC-LABMANAGEMENT-ms instantiated a LoadBalancer: DynamicServerListLoadBalancer:{NFLoadBalancer:name=HC-LABMANAGEMENT-ms,current list of Servers=[],Load balancer stats=Zone stats: {},Server stats: []}ServerList:null
2022-04-28 09:28:49.048 [reactor-http-nio-3] INFO  c.n.loadbalancer.DynamicServerListLoadBalancer - Using serverListUpdater PollingServerListUpdater
2022-04-28 09:28:49.048 [reactor-http-nio-3] INFO  c.n.loadbalancer.DynamicServerListLoadBalancer - Using serverListUpdater PollingServerListUpdater
2022-04-28 09:28:49.057 [reactor-http-nio-3] INFO  com.netflix.config.ChainedDynamicProperty - Flipping property: HC-LABMANAGEMENT-ms.ribbon.ActiveConnectionsLimit to use NEXT property: niws.loadbalancer.availabilityFilteringRule.activeConnectionsLimit = 2147483647
2022-04-28 09:28:49.057 [reactor-http-nio-3] INFO  com.netflix.config.ChainedDynamicProperty - Flipping property: HC-LABMANAGEMENT-ms.ribbon.ActiveConnectionsLimit to use NEXT property: niws.loadbalancer.availabilityFilteringRule.activeConnectionsLimit = 2147483647
2022-04-28 09:28:49.058 [reactor-http-nio-3] INFO  c.n.loadbalancer.DynamicServerListLoadBalancer - DynamicServerListLoadBalancer for client HC-LABMANAGEMENT-ms initialized: DynamicServerListLoadBalancer:{NFLoadBalancer:name=HC-LABMANAGEMENT-ms,current list of Servers=[172.16.10.39:10613],Load balancer stats=Zone stats: {unknown=[Zone:unknown;	Instance count:1;	Active connections count: 0;	Circuit breaker tripped count: 0;	Active connections per server: 0.0;]
},Server stats: [[Server:172.16.10.39:10613;	Zone:UNKNOWN;	Total Requests:0;	Successive connection failure:0;	Total blackout seconds:0;	Last connection made:Thu Jan 01 08:00:00 CST 1970;	First connection made: Thu Jan 01 08:00:00 CST 1970;	Active Connections:0;	total failure count in last (1000) msecs:0;	average resp time:0.0;	90 percentile resp time:0.0;	95 percentile resp time:0.0;	min resp time:0.0;	max resp time:0.0;	stddev resp time:0.0]
]}ServerList:com.alibaba.cloud.nacos.ribbon.NacosServerList@778da74a
2022-04-28 09:28:49.058 [reactor-http-nio-3] INFO  c.n.loadbalancer.DynamicServerListLoadBalancer - DynamicServerListLoadBalancer for client HC-LABMANAGEMENT-ms initialized: DynamicServerListLoadBalancer:{NFLoadBalancer:name=HC-LABMANAGEMENT-ms,current list of Servers=[172.16.10.39:10613],Load balancer stats=Zone stats: {unknown=[Zone:unknown;	Instance count:1;	Active connections count: 0;	Circuit breaker tripped count: 0;	Active connections per server: 0.0;]
},Server stats: [[Server:172.16.10.39:10613;	Zone:UNKNOWN;	Total Requests:0;	Successive connection failure:0;	Total blackout seconds:0;	Last connection made:Thu Jan 01 08:00:00 CST 1970;	First connection made: Thu Jan 01 08:00:00 CST 1970;	Active Connections:0;	total failure count in last (1000) msecs:0;	average resp time:0.0;	90 percentile resp time:0.0;	95 percentile resp time:0.0;	min resp time:0.0;	max resp time:0.0;	stddev resp time:0.0]
]}ServerList:com.alibaba.cloud.nacos.ribbon.NacosServerList@778da74a
2022-04-28 09:28:49.841 [reactor-http-nio-9] INFO  com.netflix.config.ChainedDynamicProperty - Flipping property: HC-USERPROFILE-ms.ribbon.ActiveConnectionsLimit to use NEXT property: niws.loadbalancer.availabilityFilteringRule.activeConnectionsLimit = 2147483647
2022-04-28 09:28:49.841 [reactor-http-nio-9] INFO  com.netflix.config.ChainedDynamicProperty - Flipping property: HC-USERPROFILE-ms.ribbon.ActiveConnectionsLimit to use NEXT property: niws.loadbalancer.availabilityFilteringRule.activeConnectionsLimit = 2147483647
2022-04-28 09:28:49.842 [reactor-http-nio-9] INFO  com.netflix.loadbalancer.BaseLoadBalancer - Client: HC-USERPROFILE-ms instantiated a LoadBalancer: DynamicServerListLoadBalancer:{NFLoadBalancer:name=HC-USERPROFILE-ms,current list of Servers=[],Load balancer stats=Zone stats: {},Server stats: []}ServerList:null
2022-04-28 09:28:49.842 [reactor-http-nio-9] INFO  com.netflix.loadbalancer.BaseLoadBalancer - Client: HC-USERPROFILE-ms instantiated a LoadBalancer: DynamicServerListLoadBalancer:{NFLoadBalancer:name=HC-USERPROFILE-ms,current list of Servers=[],Load balancer stats=Zone stats: {},Server stats: []}ServerList:null
2022-04-28 09:28:49.842 [reactor-http-nio-9] INFO  c.n.loadbalancer.DynamicServerListLoadBalancer - Using serverListUpdater PollingServerListUpdater
2022-04-28 09:28:49.842 [reactor-http-nio-9] INFO  c.n.loadbalancer.DynamicServerListLoadBalancer - Using serverListUpdater PollingServerListUpdater
2022-04-28 09:28:49.843 [reactor-http-nio-9] INFO  com.netflix.config.ChainedDynamicProperty - Flipping property: HC-USERPROFILE-ms.ribbon.ActiveConnectionsLimit to use NEXT property: niws.loadbalancer.availabilityFilteringRule.activeConnectionsLimit = 2147483647
2022-04-28 09:28:49.843 [reactor-http-nio-9] INFO  com.netflix.config.ChainedDynamicProperty - Flipping property: HC-USERPROFILE-ms.ribbon.ActiveConnectionsLimit to use NEXT property: niws.loadbalancer.availabilityFilteringRule.activeConnectionsLimit = 2147483647
2022-04-28 09:28:49.844 [reactor-http-nio-9] INFO  c.n.loadbalancer.DynamicServerListLoadBalancer - DynamicServerListLoadBalancer for client HC-USERPROFILE-ms initialized: DynamicServerListLoadBalancer:{NFLoadBalancer:name=HC-USERPROFILE-ms,current list of Servers=[172.16.10.39:10614],Load balancer stats=Zone stats: {unknown=[Zone:unknown;	Instance count:1;	Active connections count: 0;	Circuit breaker tripped count: 0;	Active connections per server: 0.0;]
},Server stats: [[Server:172.16.10.39:10614;	Zone:UNKNOWN;	Total Requests:0;	Successive connection failure:0;	Total blackout seconds:0;	Last connection made:Thu Jan 01 08:00:00 CST 1970;	First connection made: Thu Jan 01 08:00:00 CST 1970;	Active Connections:0;	total failure count in last (1000) msecs:0;	average resp time:0.0;	90 percentile resp time:0.0;	95 percentile resp time:0.0;	min resp time:0.0;	max resp time:0.0;	stddev resp time:0.0]
]}ServerList:com.alibaba.cloud.nacos.ribbon.NacosServerList@5f66875
2022-04-28 09:28:49.844 [reactor-http-nio-9] INFO  c.n.loadbalancer.DynamicServerListLoadBalancer - DynamicServerListLoadBalancer for client HC-USERPROFILE-ms initialized: DynamicServerListLoadBalancer:{NFLoadBalancer:name=HC-USERPROFILE-ms,current list of Servers=[172.16.10.39:10614],Load balancer stats=Zone stats: {unknown=[Zone:unknown;	Instance count:1;	Active connections count: 0;	Circuit breaker tripped count: 0;	Active connections per server: 0.0;]
},Server stats: [[Server:172.16.10.39:10614;	Zone:UNKNOWN;	Total Requests:0;	Successive connection failure:0;	Total blackout seconds:0;	Last connection made:Thu Jan 01 08:00:00 CST 1970;	First connection made: Thu Jan 01 08:00:00 CST 1970;	Active Connections:0;	total failure count in last (1000) msecs:0;	average resp time:0.0;	90 percentile resp time:0.0;	95 percentile resp time:0.0;	min resp time:0.0;	max resp time:0.0;	stddev resp time:0.0]
]}ServerList:com.alibaba.cloud.nacos.ribbon.NacosServerList@5f66875
2022-04-28 09:28:50.062 [PollingServerListUpdater-0] INFO  com.netflix.config.ChainedDynamicProperty - Flipping property: HC-LABMANAGEMENT-ms.ribbon.ActiveConnectionsLimit to use NEXT property: niws.loadbalancer.availabilityFilteringRule.activeConnectionsLimit = 2147483647
2022-04-28 09:28:50.062 [PollingServerListUpdater-0] INFO  com.netflix.config.ChainedDynamicProperty - Flipping property: HC-LABMANAGEMENT-ms.ribbon.ActiveConnectionsLimit to use NEXT property: niws.loadbalancer.availabilityFilteringRule.activeConnectionsLimit = 2147483647
2022-04-28 09:28:50.852 [PollingServerListUpdater-1] INFO  com.netflix.config.ChainedDynamicProperty - Flipping property: HC-USERPROFILE-ms.ribbon.ActiveConnectionsLimit to use NEXT property: niws.loadbalancer.availabilityFilteringRule.activeConnectionsLimit = 2147483647
2022-04-28 09:28:50.852 [PollingServerListUpdater-1] INFO  com.netflix.config.ChainedDynamicProperty - Flipping property: HC-USERPROFILE-ms.ribbon.ActiveConnectionsLimit to use NEXT property: niws.loadbalancer.availabilityFilteringRule.activeConnectionsLimit = 2147483647
2022-04-28 13:37:10.346 [restartedMain] INFO  o.s.b.d.env.DevToolsPropertyDefaultsPostProcessor - Devtools property defaults active! Set 'spring.devtools.add-properties' to 'false' to disable
2022-04-28 13:37:10.346 [restartedMain] INFO  o.s.b.d.env.DevToolsPropertyDefaultsPostProcessor - Devtools property defaults active! Set 'spring.devtools.add-properties' to 'false' to disable
2022-04-28 13:37:10.512 [restartedMain] INFO  o.s.c.s.PostProcessorRegistrationDelegate$BeanPostProcessorChecker - Bean 'org.springframework.cloud.autoconfigure.ConfigurationPropertiesRebinderAutoConfiguration' of type [org.springframework.cloud.autoconfigure.ConfigurationPropertiesRebinderAutoConfiguration$$EnhancerBySpringCGLIB$$a7e5466d] is not eligible for getting processed by all BeanPostProcessors (for example: not eligible for auto-proxying)
2022-04-28 13:37:10.512 [restartedMain] INFO  o.s.c.s.PostProcessorRegistrationDelegate$BeanPostProcessorChecker - Bean 'org.springframework.cloud.autoconfigure.ConfigurationPropertiesRebinderAutoConfiguration' of type [org.springframework.cloud.autoconfigure.ConfigurationPropertiesRebinderAutoConfiguration$$EnhancerBySpringCGLIB$$a7e5466d] is not eligible for getting processed by all BeanPostProcessors (for example: not eligible for auto-proxying)
2022-04-28 13:37:10.681 [restartedMain] INFO  c.a.cloud.nacos.client.NacosPropertySourceBuilder - Loading nacos data, dataId: 'hc-openway-ms.yaml', group: 'DEFAULT_GROUP'
2022-04-28 13:37:10.681 [restartedMain] INFO  c.a.cloud.nacos.client.NacosPropertySourceBuilder - Loading nacos data, dataId: 'hc-openway-ms.yaml', group: 'DEFAULT_GROUP'
2022-04-28 13:37:10.689 [restartedMain] INFO  o.s.c.b.c.PropertySourceBootstrapConfiguration - Located property source: CompositePropertySource {name='NACOS', propertySources=[NacosPropertySource {name='hc-openway-ms-dev.yaml'}, NacosPropertySource {name='hc-openway-ms.yaml'}]}
2022-04-28 13:37:10.689 [restartedMain] INFO  o.s.c.b.c.PropertySourceBootstrapConfiguration - Located property source: CompositePropertySource {name='NACOS', propertySources=[NacosPropertySource {name='hc-openway-ms-dev.yaml'}, NacosPropertySource {name='hc-openway-ms.yaml'}]}
2022-04-28 13:37:10.691 [restartedMain] INFO  com.hc.OpenwayMsApplication - The following profiles are active: dev
2022-04-28 13:37:11.167 [restartedMain] WARN  o.springframework.boot.actuate.endpoint.EndpointId - Endpoint ID 'nacos-config' contains invalid characters, please migrate to a valid format.
2022-04-28 13:37:11.167 [restartedMain] WARN  o.springframework.boot.actuate.endpoint.EndpointId - Endpoint ID 'nacos-config' contains invalid characters, please migrate to a valid format.
2022-04-28 13:37:11.169 [restartedMain] WARN  o.springframework.boot.actuate.endpoint.EndpointId - Endpoint ID 'nacos-discovery' contains invalid characters, please migrate to a valid format.
2022-04-28 13:37:11.169 [restartedMain] WARN  o.springframework.boot.actuate.endpoint.EndpointId - Endpoint ID 'nacos-discovery' contains invalid characters, please migrate to a valid format.
2022-04-28 13:37:11.279 [restartedMain] WARN  o.springframework.boot.actuate.endpoint.EndpointId - Endpoint ID 'service-registry' contains invalid characters, please migrate to a valid format.
2022-04-28 13:37:11.279 [restartedMain] WARN  o.springframework.boot.actuate.endpoint.EndpointId - Endpoint ID 'service-registry' contains invalid characters, please migrate to a valid format.
2022-04-28 13:37:11.379 [restartedMain] INFO  o.springframework.cloud.context.scope.GenericScope - BeanFactory id=4b82b837-ca28-3b6d-8d6f-cd80c4d7825f
2022-04-28 13:37:11.379 [restartedMain] INFO  o.springframework.cloud.context.scope.GenericScope - BeanFactory id=4b82b837-ca28-3b6d-8d6f-cd80c4d7825f
2022-04-28 13:37:11.436 [restartedMain] INFO  o.s.c.s.PostProcessorRegistrationDelegate$BeanPostProcessorChecker - Bean 'org.springframework.cloud.autoconfigure.ConfigurationPropertiesRebinderAutoConfiguration' of type [org.springframework.cloud.autoconfigure.ConfigurationPropertiesRebinderAutoConfiguration$$EnhancerBySpringCGLIB$$a7e5466d] is not eligible for getting processed by all BeanPostProcessors (for example: not eligible for auto-proxying)
2022-04-28 13:37:11.436 [restartedMain] INFO  o.s.c.s.PostProcessorRegistrationDelegate$BeanPostProcessorChecker - Bean 'org.springframework.cloud.autoconfigure.ConfigurationPropertiesRebinderAutoConfiguration' of type [org.springframework.cloud.autoconfigure.ConfigurationPropertiesRebinderAutoConfiguration$$EnhancerBySpringCGLIB$$a7e5466d] is not eligible for getting processed by all BeanPostProcessors (for example: not eligible for auto-proxying)
2022-04-28 13:37:11.739 [restartedMain] WARN  com.netflix.config.sources.URLConfigurationSource - No URLs will be polled as dynamic configuration sources.
2022-04-28 13:37:11.739 [restartedMain] WARN  com.netflix.config.sources.URLConfigurationSource - No URLs will be polled as dynamic configuration sources.
2022-04-28 13:37:11.740 [restartedMain] INFO  com.netflix.config.sources.URLConfigurationSource - To enable URLs as dynamic configuration sources, define System property archaius.configurationSource.additionalUrls or make config.properties available on classpath.
2022-04-28 13:37:11.740 [restartedMain] INFO  com.netflix.config.sources.URLConfigurationSource - To enable URLs as dynamic configuration sources, define System property archaius.configurationSource.additionalUrls or make config.properties available on classpath.
2022-04-28 13:37:11.743 [restartedMain] WARN  com.netflix.config.sources.URLConfigurationSource - No URLs will be polled as dynamic configuration sources.
2022-04-28 13:37:11.743 [restartedMain] WARN  com.netflix.config.sources.URLConfigurationSource - No URLs will be polled as dynamic configuration sources.
2022-04-28 13:37:11.743 [restartedMain] INFO  com.netflix.config.sources.URLConfigurationSource - To enable URLs as dynamic configuration sources, define System property archaius.configurationSource.additionalUrls or make config.properties available on classpath.
2022-04-28 13:37:11.743 [restartedMain] INFO  com.netflix.config.sources.URLConfigurationSource - To enable URLs as dynamic configuration sources, define System property archaius.configurationSource.additionalUrls or make config.properties available on classpath.
2022-04-28 13:37:12.118 [restartedMain] INFO  o.s.c.gateway.route.RouteDefinitionRouteLocator - Loaded RoutePredicateFactory [After]
2022-04-28 13:37:12.118 [restartedMain] INFO  o.s.c.gateway.route.RouteDefinitionRouteLocator - Loaded RoutePredicateFactory [After]
2022-04-28 13:37:12.118 [restartedMain] INFO  o.s.c.gateway.route.RouteDefinitionRouteLocator - Loaded RoutePredicateFactory [Before]
2022-04-28 13:37:12.118 [restartedMain] INFO  o.s.c.gateway.route.RouteDefinitionRouteLocator - Loaded RoutePredicateFactory [Before]
2022-04-28 13:37:12.118 [restartedMain] INFO  o.s.c.gateway.route.RouteDefinitionRouteLocator - Loaded RoutePredicateFactory [Between]
2022-04-28 13:37:12.118 [restartedMain] INFO  o.s.c.gateway.route.RouteDefinitionRouteLocator - Loaded RoutePredicateFactory [Between]
2022-04-28 13:37:12.118 [restartedMain] INFO  o.s.c.gateway.route.RouteDefinitionRouteLocator - Loaded RoutePredicateFactory [Cookie]
2022-04-28 13:37:12.118 [restartedMain] INFO  o.s.c.gateway.route.RouteDefinitionRouteLocator - Loaded RoutePredicateFactory [Cookie]
2022-04-28 13:37:12.118 [restartedMain] INFO  o.s.c.gateway.route.RouteDefinitionRouteLocator - Loaded RoutePredicateFactory [Header]
2022-04-28 13:37:12.118 [restartedMain] INFO  o.s.c.gateway.route.RouteDefinitionRouteLocator - Loaded RoutePredicateFactory [Header]
2022-04-28 13:37:12.118 [restartedMain] INFO  o.s.c.gateway.route.RouteDefinitionRouteLocator - Loaded RoutePredicateFactory [Host]
2022-04-28 13:37:12.118 [restartedMain] INFO  o.s.c.gateway.route.RouteDefinitionRouteLocator - Loaded RoutePredicateFactory [Host]
2022-04-28 13:37:12.118 [restartedMain] INFO  o.s.c.gateway.route.RouteDefinitionRouteLocator - Loaded RoutePredicateFactory [Method]
2022-04-28 13:37:12.118 [restartedMain] INFO  o.s.c.gateway.route.RouteDefinitionRouteLocator - Loaded RoutePredicateFactory [Method]
2022-04-28 13:37:12.118 [restartedMain] INFO  o.s.c.gateway.route.RouteDefinitionRouteLocator - Loaded RoutePredicateFactory [Path]
2022-04-28 13:37:12.118 [restartedMain] INFO  o.s.c.gateway.route.RouteDefinitionRouteLocator - Loaded RoutePredicateFactory [Path]
2022-04-28 13:37:12.118 [restartedMain] INFO  o.s.c.gateway.route.RouteDefinitionRouteLocator - Loaded RoutePredicateFactory [Query]
2022-04-28 13:37:12.118 [restartedMain] INFO  o.s.c.gateway.route.RouteDefinitionRouteLocator - Loaded RoutePredicateFactory [Query]
2022-04-28 13:37:12.118 [restartedMain] INFO  o.s.c.gateway.route.RouteDefinitionRouteLocator - Loaded RoutePredicateFactory [ReadBodyPredicateFactory]
2022-04-28 13:37:12.118 [restartedMain] INFO  o.s.c.gateway.route.RouteDefinitionRouteLocator - Loaded RoutePredicateFactory [ReadBodyPredicateFactory]
2022-04-28 13:37:12.118 [restartedMain] INFO  o.s.c.gateway.route.RouteDefinitionRouteLocator - Loaded RoutePredicateFactory [RemoteAddr]
2022-04-28 13:37:12.118 [restartedMain] INFO  o.s.c.gateway.route.RouteDefinitionRouteLocator - Loaded RoutePredicateFactory [RemoteAddr]
2022-04-28 13:37:12.118 [restartedMain] INFO  o.s.c.gateway.route.RouteDefinitionRouteLocator - Loaded RoutePredicateFactory [Weight]
2022-04-28 13:37:12.118 [restartedMain] INFO  o.s.c.gateway.route.RouteDefinitionRouteLocator - Loaded RoutePredicateFactory [Weight]
2022-04-28 13:37:12.118 [restartedMain] INFO  o.s.c.gateway.route.RouteDefinitionRouteLocator - Loaded RoutePredicateFactory [CloudFoundryRouteService]
2022-04-28 13:37:12.118 [restartedMain] INFO  o.s.c.gateway.route.RouteDefinitionRouteLocator - Loaded RoutePredicateFactory [CloudFoundryRouteService]
2022-04-28 13:37:12.308 [restartedMain] INFO  o.s.b.actuate.endpoint.web.EndpointLinksResolver - Exposing 22 endpoint(s) beneath base path '/actuator'
2022-04-28 13:37:12.308 [restartedMain] INFO  o.s.b.actuate.endpoint.web.EndpointLinksResolver - Exposing 22 endpoint(s) beneath base path '/actuator'
2022-04-28 13:37:12.384 [restartedMain] INFO  o.s.scheduling.concurrent.ThreadPoolTaskScheduler - Initializing ExecutorService
2022-04-28 13:37:12.384 [restartedMain] INFO  o.s.scheduling.concurrent.ThreadPoolTaskScheduler - Initializing ExecutorService
2022-04-28 13:37:12.500 [restartedMain] INFO  o.s.b.d.autoconfigure.OptionalLiveReloadServer - LiveReload server is running on port 35729
2022-04-28 13:37:12.500 [restartedMain] INFO  o.s.b.d.autoconfigure.OptionalLiveReloadServer - LiveReload server is running on port 35729
2022-04-28 13:37:12.934 [restartedMain] INFO  o.s.boot.web.embedded.netty.NettyWebServer - Netty started on port(s): 10612
2022-04-28 13:37:12.934 [restartedMain] INFO  o.s.boot.web.embedded.netty.NettyWebServer - Netty started on port(s): 10612
2022-04-28 13:37:12.998 [restartedMain] INFO  c.a.cloud.nacos.registry.NacosServiceRegistry - nacos registry, openway 172.16.10.39:10612 register finished
2022-04-28 13:37:12.998 [restartedMain] INFO  c.a.cloud.nacos.registry.NacosServiceRegistry - nacos registry, openway 172.16.10.39:10612 register finished
2022-04-28 13:37:13.006 [restartedMain] INFO  com.hc.OpenwayMsApplication - Started OpenwayMsApplication in 3.144 seconds (JVM running for 3.682)
2022-04-28 13:37:14.009 [reactor-http-nio-3] INFO  com.netflix.config.ChainedDynamicProperty - Flipping property: HC-USERPROFILE-ms.ribbon.ActiveConnectionsLimit to use NEXT property: niws.loadbalancer.availabilityFilteringRule.activeConnectionsLimit = 2147483647
2022-04-28 13:37:14.009 [reactor-http-nio-3] INFO  com.netflix.config.ChainedDynamicProperty - Flipping property: HC-USERPROFILE-ms.ribbon.ActiveConnectionsLimit to use NEXT property: niws.loadbalancer.availabilityFilteringRule.activeConnectionsLimit = 2147483647
2022-04-28 13:37:14.022 [reactor-http-nio-3] INFO  com.netflix.loadbalancer.BaseLoadBalancer - Client: HC-USERPROFILE-ms instantiated a LoadBalancer: DynamicServerListLoadBalancer:{NFLoadBalancer:name=HC-USERPROFILE-ms,current list of Servers=[],Load balancer stats=Zone stats: {},Server stats: []}ServerList:null
2022-04-28 13:37:14.022 [reactor-http-nio-3] INFO  com.netflix.loadbalancer.BaseLoadBalancer - Client: HC-USERPROFILE-ms instantiated a LoadBalancer: DynamicServerListLoadBalancer:{NFLoadBalancer:name=HC-USERPROFILE-ms,current list of Servers=[],Load balancer stats=Zone stats: {},Server stats: []}ServerList:null
2022-04-28 13:37:14.027 [reactor-http-nio-3] INFO  c.n.loadbalancer.DynamicServerListLoadBalancer - Using serverListUpdater PollingServerListUpdater
2022-04-28 13:37:14.027 [reactor-http-nio-3] INFO  c.n.loadbalancer.DynamicServerListLoadBalancer - Using serverListUpdater PollingServerListUpdater
2022-04-28 13:37:14.030 [reactor-http-nio-3] INFO  c.n.loadbalancer.DynamicServerListLoadBalancer - DynamicServerListLoadBalancer for client HC-USERPROFILE-ms initialized: DynamicServerListLoadBalancer:{NFLoadBalancer:name=HC-USERPROFILE-ms,current list of Servers=[],Load balancer stats=Zone stats: {},Server stats: []}ServerList:com.alibaba.cloud.nacos.ribbon.NacosServerList@74fd433f
2022-04-28 13:37:14.030 [reactor-http-nio-3] INFO  c.n.loadbalancer.DynamicServerListLoadBalancer - DynamicServerListLoadBalancer for client HC-USERPROFILE-ms initialized: DynamicServerListLoadBalancer:{NFLoadBalancer:name=HC-USERPROFILE-ms,current list of Servers=[],Load balancer stats=Zone stats: {},Server stats: []}ServerList:com.alibaba.cloud.nacos.ribbon.NacosServerList@74fd433f
2022-04-28 13:37:14.090 [reactor-http-nio-5] INFO  com.netflix.config.ChainedDynamicProperty - Flipping property: HC-LABMANAGEMENT-ms.ribbon.ActiveConnectionsLimit to use NEXT property: niws.loadbalancer.availabilityFilteringRule.activeConnectionsLimit = 2147483647
2022-04-28 13:37:14.090 [reactor-http-nio-5] INFO  com.netflix.config.ChainedDynamicProperty - Flipping property: HC-LABMANAGEMENT-ms.ribbon.ActiveConnectionsLimit to use NEXT property: niws.loadbalancer.availabilityFilteringRule.activeConnectionsLimit = 2147483647
2022-04-28 13:37:14.091 [reactor-http-nio-5] INFO  com.netflix.loadbalancer.BaseLoadBalancer - Client: HC-LABMANAGEMENT-ms instantiated a LoadBalancer: DynamicServerListLoadBalancer:{NFLoadBalancer:name=HC-LABMANAGEMENT-ms,current list of Servers=[],Load balancer stats=Zone stats: {},Server stats: []}ServerList:null
2022-04-28 13:37:14.091 [reactor-http-nio-5] INFO  com.netflix.loadbalancer.BaseLoadBalancer - Client: HC-LABMANAGEMENT-ms instantiated a LoadBalancer: DynamicServerListLoadBalancer:{NFLoadBalancer:name=HC-LABMANAGEMENT-ms,current list of Servers=[],Load balancer stats=Zone stats: {},Server stats: []}ServerList:null
2022-04-28 13:37:14.092 [reactor-http-nio-5] INFO  c.n.loadbalancer.DynamicServerListLoadBalancer - Using serverListUpdater PollingServerListUpdater
2022-04-28 13:37:14.092 [reactor-http-nio-5] INFO  c.n.loadbalancer.DynamicServerListLoadBalancer - Using serverListUpdater PollingServerListUpdater
2022-04-28 13:37:14.092 [reactor-http-nio-5] INFO  c.n.loadbalancer.DynamicServerListLoadBalancer - DynamicServerListLoadBalancer for client HC-LABMANAGEMENT-ms initialized: DynamicServerListLoadBalancer:{NFLoadBalancer:name=HC-LABMANAGEMENT-ms,current list of Servers=[],Load balancer stats=Zone stats: {},Server stats: []}ServerList:com.alibaba.cloud.nacos.ribbon.NacosServerList@5726db87
2022-04-28 13:37:14.092 [reactor-http-nio-5] INFO  c.n.loadbalancer.DynamicServerListLoadBalancer - DynamicServerListLoadBalancer for client HC-LABMANAGEMENT-ms initialized: DynamicServerListLoadBalancer:{NFLoadBalancer:name=HC-LABMANAGEMENT-ms,current list of Servers=[],Load balancer stats=Zone stats: {},Server stats: []}ServerList:com.alibaba.cloud.nacos.ribbon.NacosServerList@5726db87
2022-04-28 13:37:45.063 [PollingServerListUpdater-0] INFO  com.netflix.config.ChainedDynamicProperty - Flipping property: HC-USERPROFILE-ms.ribbon.ActiveConnectionsLimit to use NEXT property: niws.loadbalancer.availabilityFilteringRule.activeConnectionsLimit = 2147483647
2022-04-28 13:37:45.063 [PollingServerListUpdater-0] INFO  com.netflix.config.ChainedDynamicProperty - Flipping property: HC-USERPROFILE-ms.ribbon.ActiveConnectionsLimit to use NEXT property: niws.loadbalancer.availabilityFilteringRule.activeConnectionsLimit = 2147483647
2022-04-28 13:37:45.106 [PollingServerListUpdater-1] INFO  com.netflix.config.ChainedDynamicProperty - Flipping property: HC-LABMANAGEMENT-ms.ribbon.ActiveConnectionsLimit to use NEXT property: niws.loadbalancer.availabilityFilteringRule.activeConnectionsLimit = 2147483647
2022-04-28 13:37:45.106 [PollingServerListUpdater-1] INFO  com.netflix.config.ChainedDynamicProperty - Flipping property: HC-LABMANAGEMENT-ms.ribbon.ActiveConnectionsLimit to use NEXT property: niws.loadbalancer.availabilityFilteringRule.activeConnectionsLimit = 2147483647
2022-04-28 14:36:01.934 [reactor-http-nio-7] ERROR o.s.web.server.adapter.HttpWebHandlerAdapter - [8648b715] Error [java.io.IOException: 你的主机中的软件中止了一个已建立的连接。] for HTTP POST "/labmanagement/instrumentparamconfig/selectInstrumentparamconfig", but ServerHttpResponse already committed (200 OK)
2022-04-28 14:36:01.934 [reactor-http-nio-7] ERROR o.s.web.server.adapter.HttpWebHandlerAdapter - [8648b715] Error [java.io.IOException: 你的主机中的软件中止了一个已建立的连接。] for HTTP POST "/labmanagement/instrumentparamconfig/selectInstrumentparamconfig", but ServerHttpResponse already committed (200 OK)
2022-04-28 15:14:26.531 [restartedMain] INFO  o.s.b.d.env.DevToolsPropertyDefaultsPostProcessor - Devtools property defaults active! Set 'spring.devtools.add-properties' to 'false' to disable
2022-04-28 15:14:26.531 [restartedMain] INFO  o.s.b.d.env.DevToolsPropertyDefaultsPostProcessor - Devtools property defaults active! Set 'spring.devtools.add-properties' to 'false' to disable
2022-04-28 15:14:26.692 [restartedMain] INFO  o.s.c.s.PostProcessorRegistrationDelegate$BeanPostProcessorChecker - Bean 'org.springframework.cloud.autoconfigure.ConfigurationPropertiesRebinderAutoConfiguration' of type [org.springframework.cloud.autoconfigure.ConfigurationPropertiesRebinderAutoConfiguration$$EnhancerBySpringCGLIB$$c9c58849] is not eligible for getting processed by all BeanPostProcessors (for example: not eligible for auto-proxying)
2022-04-28 15:14:26.692 [restartedMain] INFO  o.s.c.s.PostProcessorRegistrationDelegate$BeanPostProcessorChecker - Bean 'org.springframework.cloud.autoconfigure.ConfigurationPropertiesRebinderAutoConfiguration' of type [org.springframework.cloud.autoconfigure.ConfigurationPropertiesRebinderAutoConfiguration$$EnhancerBySpringCGLIB$$c9c58849] is not eligible for getting processed by all BeanPostProcessors (for example: not eligible for auto-proxying)
2022-04-28 15:14:26.857 [restartedMain] INFO  c.a.cloud.nacos.client.NacosPropertySourceBuilder - Loading nacos data, dataId: 'hc-openway-ms.yaml', group: 'DEFAULT_GROUP'
2022-04-28 15:14:26.857 [restartedMain] INFO  c.a.cloud.nacos.client.NacosPropertySourceBuilder - Loading nacos data, dataId: 'hc-openway-ms.yaml', group: 'DEFAULT_GROUP'
2022-04-28 15:14:27.000 [restartedMain] INFO  o.s.c.b.c.PropertySourceBootstrapConfiguration - Located property source: CompositePropertySource {name='NACOS', propertySources=[NacosPropertySource {name='hc-openway-ms-dev.yaml'}, NacosPropertySource {name='hc-openway-ms.yaml'}]}
2022-04-28 15:14:27.000 [restartedMain] INFO  o.s.c.b.c.PropertySourceBootstrapConfiguration - Located property source: CompositePropertySource {name='NACOS', propertySources=[NacosPropertySource {name='hc-openway-ms-dev.yaml'}, NacosPropertySource {name='hc-openway-ms.yaml'}]}
2022-04-28 15:14:27.006 [restartedMain] INFO  com.hc.OpenwayMsApplication - The following profiles are active: dev
2022-04-28 15:14:27.558 [restartedMain] WARN  o.springframework.boot.actuate.endpoint.EndpointId - Endpoint ID 'nacos-config' contains invalid characters, please migrate to a valid format.
2022-04-28 15:14:27.558 [restartedMain] WARN  o.springframework.boot.actuate.endpoint.EndpointId - Endpoint ID 'nacos-config' contains invalid characters, please migrate to a valid format.
2022-04-28 15:14:27.560 [restartedMain] WARN  o.springframework.boot.actuate.endpoint.EndpointId - Endpoint ID 'nacos-discovery' contains invalid characters, please migrate to a valid format.
2022-04-28 15:14:27.560 [restartedMain] WARN  o.springframework.boot.actuate.endpoint.EndpointId - Endpoint ID 'nacos-discovery' contains invalid characters, please migrate to a valid format.
2022-04-28 15:14:27.686 [restartedMain] WARN  o.springframework.boot.actuate.endpoint.EndpointId - Endpoint ID 'service-registry' contains invalid characters, please migrate to a valid format.
2022-04-28 15:14:27.686 [restartedMain] WARN  o.springframework.boot.actuate.endpoint.EndpointId - Endpoint ID 'service-registry' contains invalid characters, please migrate to a valid format.
2022-04-28 15:14:27.791 [restartedMain] INFO  o.springframework.cloud.context.scope.GenericScope - BeanFactory id=4b82b837-ca28-3b6d-8d6f-cd80c4d7825f
2022-04-28 15:14:27.791 [restartedMain] INFO  o.springframework.cloud.context.scope.GenericScope - BeanFactory id=4b82b837-ca28-3b6d-8d6f-cd80c4d7825f
2022-04-28 15:14:27.851 [restartedMain] INFO  o.s.c.s.PostProcessorRegistrationDelegate$BeanPostProcessorChecker - Bean 'org.springframework.cloud.autoconfigure.ConfigurationPropertiesRebinderAutoConfiguration' of type [org.springframework.cloud.autoconfigure.ConfigurationPropertiesRebinderAutoConfiguration$$EnhancerBySpringCGLIB$$c9c58849] is not eligible for getting processed by all BeanPostProcessors (for example: not eligible for auto-proxying)
2022-04-28 15:14:27.851 [restartedMain] INFO  o.s.c.s.PostProcessorRegistrationDelegate$BeanPostProcessorChecker - Bean 'org.springframework.cloud.autoconfigure.ConfigurationPropertiesRebinderAutoConfiguration' of type [org.springframework.cloud.autoconfigure.ConfigurationPropertiesRebinderAutoConfiguration$$EnhancerBySpringCGLIB$$c9c58849] is not eligible for getting processed by all BeanPostProcessors (for example: not eligible for auto-proxying)
2022-04-28 15:14:28.215 [restartedMain] WARN  com.netflix.config.sources.URLConfigurationSource - No URLs will be polled as dynamic configuration sources.
2022-04-28 15:14:28.215 [restartedMain] WARN  com.netflix.config.sources.URLConfigurationSource - No URLs will be polled as dynamic configuration sources.
2022-04-28 15:14:28.215 [restartedMain] INFO  com.netflix.config.sources.URLConfigurationSource - To enable URLs as dynamic configuration sources, define System property archaius.configurationSource.additionalUrls or make config.properties available on classpath.
2022-04-28 15:14:28.215 [restartedMain] INFO  com.netflix.config.sources.URLConfigurationSource - To enable URLs as dynamic configuration sources, define System property archaius.configurationSource.additionalUrls or make config.properties available on classpath.
2022-04-28 15:14:28.218 [restartedMain] WARN  com.netflix.config.sources.URLConfigurationSource - No URLs will be polled as dynamic configuration sources.
2022-04-28 15:14:28.218 [restartedMain] INFO  com.netflix.config.sources.URLConfigurationSource - To enable URLs as dynamic configuration sources, define System property archaius.configurationSource.additionalUrls or make config.properties available on classpath.
2022-04-28 15:14:28.218 [restartedMain] WARN  com.netflix.config.sources.URLConfigurationSource - No URLs will be polled as dynamic configuration sources.
2022-04-28 15:14:28.218 [restartedMain] INFO  com.netflix.config.sources.URLConfigurationSource - To enable URLs as dynamic configuration sources, define System property archaius.configurationSource.additionalUrls or make config.properties available on classpath.
2022-04-28 15:14:28.700 [restartedMain] INFO  o.s.c.gateway.route.RouteDefinitionRouteLocator - Loaded RoutePredicateFactory [After]
2022-04-28 15:14:28.700 [restartedMain] INFO  o.s.c.gateway.route.RouteDefinitionRouteLocator - Loaded RoutePredicateFactory [After]
2022-04-28 15:14:28.700 [restartedMain] INFO  o.s.c.gateway.route.RouteDefinitionRouteLocator - Loaded RoutePredicateFactory [Before]
2022-04-28 15:14:28.700 [restartedMain] INFO  o.s.c.gateway.route.RouteDefinitionRouteLocator - Loaded RoutePredicateFactory [Before]
2022-04-28 15:14:28.701 [restartedMain] INFO  o.s.c.gateway.route.RouteDefinitionRouteLocator - Loaded RoutePredicateFactory [Between]
2022-04-28 15:14:28.701 [restartedMain] INFO  o.s.c.gateway.route.RouteDefinitionRouteLocator - Loaded RoutePredicateFactory [Between]
2022-04-28 15:14:28.701 [restartedMain] INFO  o.s.c.gateway.route.RouteDefinitionRouteLocator - Loaded RoutePredicateFactory [Cookie]
2022-04-28 15:14:28.701 [restartedMain] INFO  o.s.c.gateway.route.RouteDefinitionRouteLocator - Loaded RoutePredicateFactory [Cookie]
2022-04-28 15:14:28.701 [restartedMain] INFO  o.s.c.gateway.route.RouteDefinitionRouteLocator - Loaded RoutePredicateFactory [Header]
2022-04-28 15:14:28.701 [restartedMain] INFO  o.s.c.gateway.route.RouteDefinitionRouteLocator - Loaded RoutePredicateFactory [Header]
2022-04-28 15:14:28.701 [restartedMain] INFO  o.s.c.gateway.route.RouteDefinitionRouteLocator - Loaded RoutePredicateFactory [Host]
2022-04-28 15:14:28.701 [restartedMain] INFO  o.s.c.gateway.route.RouteDefinitionRouteLocator - Loaded RoutePredicateFactory [Host]
2022-04-28 15:14:28.701 [restartedMain] INFO  o.s.c.gateway.route.RouteDefinitionRouteLocator - Loaded RoutePredicateFactory [Method]
2022-04-28 15:14:28.701 [restartedMain] INFO  o.s.c.gateway.route.RouteDefinitionRouteLocator - Loaded RoutePredicateFactory [Method]
2022-04-28 15:14:28.701 [restartedMain] INFO  o.s.c.gateway.route.RouteDefinitionRouteLocator - Loaded RoutePredicateFactory [Path]
2022-04-28 15:14:28.701 [restartedMain] INFO  o.s.c.gateway.route.RouteDefinitionRouteLocator - Loaded RoutePredicateFactory [Path]
2022-04-28 15:14:28.701 [restartedMain] INFO  o.s.c.gateway.route.RouteDefinitionRouteLocator - Loaded RoutePredicateFactory [Query]
2022-04-28 15:14:28.701 [restartedMain] INFO  o.s.c.gateway.route.RouteDefinitionRouteLocator - Loaded RoutePredicateFactory [Query]
2022-04-28 15:14:28.701 [restartedMain] INFO  o.s.c.gateway.route.RouteDefinitionRouteLocator - Loaded RoutePredicateFactory [ReadBodyPredicateFactory]
2022-04-28 15:14:28.701 [restartedMain] INFO  o.s.c.gateway.route.RouteDefinitionRouteLocator - Loaded RoutePredicateFactory [ReadBodyPredicateFactory]
2022-04-28 15:14:28.701 [restartedMain] INFO  o.s.c.gateway.route.RouteDefinitionRouteLocator - Loaded RoutePredicateFactory [RemoteAddr]
2022-04-28 15:14:28.701 [restartedMain] INFO  o.s.c.gateway.route.RouteDefinitionRouteLocator - Loaded RoutePredicateFactory [RemoteAddr]
2022-04-28 15:14:28.701 [restartedMain] INFO  o.s.c.gateway.route.RouteDefinitionRouteLocator - Loaded RoutePredicateFactory [Weight]
2022-04-28 15:14:28.701 [restartedMain] INFO  o.s.c.gateway.route.RouteDefinitionRouteLocator - Loaded RoutePredicateFactory [Weight]
2022-04-28 15:14:28.701 [restartedMain] INFO  o.s.c.gateway.route.RouteDefinitionRouteLocator - Loaded RoutePredicateFactory [CloudFoundryRouteService]
2022-04-28 15:14:28.701 [restartedMain] INFO  o.s.c.gateway.route.RouteDefinitionRouteLocator - Loaded RoutePredicateFactory [CloudFoundryRouteService]
2022-04-28 15:14:29.068 [restartedMain] INFO  o.s.b.actuate.endpoint.web.EndpointLinksResolver - Exposing 22 endpoint(s) beneath base path '/actuator'
2022-04-28 15:14:29.068 [restartedMain] INFO  o.s.b.actuate.endpoint.web.EndpointLinksResolver - Exposing 22 endpoint(s) beneath base path '/actuator'
2022-04-28 15:14:29.224 [restartedMain] INFO  o.s.scheduling.concurrent.ThreadPoolTaskScheduler - Initializing ExecutorService
2022-04-28 15:14:29.224 [restartedMain] INFO  o.s.scheduling.concurrent.ThreadPoolTaskScheduler - Initializing ExecutorService
2022-04-28 15:14:29.372 [restartedMain] WARN  o.s.b.d.autoconfigure.OptionalLiveReloadServer - Unable to start LiveReload server
2022-04-28 15:14:29.372 [restartedMain] WARN  o.s.b.d.autoconfigure.OptionalLiveReloadServer - Unable to start LiveReload server
2022-04-28 15:14:29.969 [restartedMain] INFO  o.s.boot.web.embedded.netty.NettyWebServer - Netty started on port(s): 10612
2022-04-28 15:14:29.969 [restartedMain] INFO  o.s.boot.web.embedded.netty.NettyWebServer - Netty started on port(s): 10612
2022-04-28 15:14:30.011 [restartedMain] INFO  c.a.cloud.nacos.registry.NacosServiceRegistry - nacos registry, openway 172.16.10.39:10612 register finished
2022-04-28 15:14:30.011 [restartedMain] INFO  c.a.cloud.nacos.registry.NacosServiceRegistry - nacos registry, openway 172.16.10.39:10612 register finished
2022-04-28 15:14:30.026 [restartedMain] INFO  com.hc.OpenwayMsApplication - Started OpenwayMsApplication in 3.967 seconds (JVM running for 4.746)
2022-04-28 15:14:34.088 [reactor-http-nio-3] INFO  com.netflix.config.ChainedDynamicProperty - Flipping property: HC-USERPROFILE-ms.ribbon.ActiveConnectionsLimit to use NEXT property: niws.loadbalancer.availabilityFilteringRule.activeConnectionsLimit = 2147483647
2022-04-28 15:14:34.088 [reactor-http-nio-3] INFO  com.netflix.config.ChainedDynamicProperty - Flipping property: HC-USERPROFILE-ms.ribbon.ActiveConnectionsLimit to use NEXT property: niws.loadbalancer.availabilityFilteringRule.activeConnectionsLimit = 2147483647
2022-04-28 15:14:34.101 [reactor-http-nio-3] INFO  com.netflix.loadbalancer.BaseLoadBalancer - Client: HC-USERPROFILE-ms instantiated a LoadBalancer: DynamicServerListLoadBalancer:{NFLoadBalancer:name=HC-USERPROFILE-ms,current list of Servers=[],Load balancer stats=Zone stats: {},Server stats: []}ServerList:null
2022-04-28 15:14:34.101 [reactor-http-nio-3] INFO  com.netflix.loadbalancer.BaseLoadBalancer - Client: HC-USERPROFILE-ms instantiated a LoadBalancer: DynamicServerListLoadBalancer:{NFLoadBalancer:name=HC-USERPROFILE-ms,current list of Servers=[],Load balancer stats=Zone stats: {},Server stats: []}ServerList:null
2022-04-28 15:14:34.106 [reactor-http-nio-3] INFO  c.n.loadbalancer.DynamicServerListLoadBalancer - Using serverListUpdater PollingServerListUpdater
2022-04-28 15:14:34.106 [reactor-http-nio-3] INFO  c.n.loadbalancer.DynamicServerListLoadBalancer - Using serverListUpdater PollingServerListUpdater
2022-04-28 15:14:34.109 [reactor-http-nio-3] INFO  c.n.loadbalancer.DynamicServerListLoadBalancer - DynamicServerListLoadBalancer for client HC-USERPROFILE-ms initialized: DynamicServerListLoadBalancer:{NFLoadBalancer:name=HC-USERPROFILE-ms,current list of Servers=[],Load balancer stats=Zone stats: {},Server stats: []}ServerList:com.alibaba.cloud.nacos.ribbon.NacosServerList@c9392a8
2022-04-28 15:14:34.109 [reactor-http-nio-3] INFO  c.n.loadbalancer.DynamicServerListLoadBalancer - DynamicServerListLoadBalancer for client HC-USERPROFILE-ms initialized: DynamicServerListLoadBalancer:{NFLoadBalancer:name=HC-USERPROFILE-ms,current list of Servers=[],Load balancer stats=Zone stats: {},Server stats: []}ServerList:com.alibaba.cloud.nacos.ribbon.NacosServerList@c9392a8
2022-04-28 15:14:34.158 [reactor-http-nio-4] INFO  com.netflix.config.ChainedDynamicProperty - Flipping property: HC-LABMANAGEMENT-ms.ribbon.ActiveConnectionsLimit to use NEXT property: niws.loadbalancer.availabilityFilteringRule.activeConnectionsLimit = 2147483647
2022-04-28 15:14:34.158 [reactor-http-nio-4] INFO  com.netflix.config.ChainedDynamicProperty - Flipping property: HC-LABMANAGEMENT-ms.ribbon.ActiveConnectionsLimit to use NEXT property: niws.loadbalancer.availabilityFilteringRule.activeConnectionsLimit = 2147483647
2022-04-28 15:14:34.159 [reactor-http-nio-4] INFO  com.netflix.loadbalancer.BaseLoadBalancer - Client: HC-LABMANAGEMENT-ms instantiated a LoadBalancer: DynamicServerListLoadBalancer:{NFLoadBalancer:name=HC-LABMANAGEMENT-ms,current list of Servers=[],Load balancer stats=Zone stats: {},Server stats: []}ServerList:null
2022-04-28 15:14:34.159 [reactor-http-nio-4] INFO  com.netflix.loadbalancer.BaseLoadBalancer - Client: HC-LABMANAGEMENT-ms instantiated a LoadBalancer: DynamicServerListLoadBalancer:{NFLoadBalancer:name=HC-LABMANAGEMENT-ms,current list of Servers=[],Load balancer stats=Zone stats: {},Server stats: []}ServerList:null
2022-04-28 15:14:34.160 [reactor-http-nio-4] INFO  c.n.loadbalancer.DynamicServerListLoadBalancer - Using serverListUpdater PollingServerListUpdater
2022-04-28 15:14:34.160 [reactor-http-nio-4] INFO  c.n.loadbalancer.DynamicServerListLoadBalancer - Using serverListUpdater PollingServerListUpdater
2022-04-28 15:14:34.167 [reactor-http-nio-4] INFO  com.netflix.config.ChainedDynamicProperty - Flipping property: HC-LABMANAGEMENT-ms.ribbon.ActiveConnectionsLimit to use NEXT property: niws.loadbalancer.availabilityFilteringRule.activeConnectionsLimit = 2147483647
2022-04-28 15:14:34.167 [reactor-http-nio-4] INFO  com.netflix.config.ChainedDynamicProperty - Flipping property: HC-LABMANAGEMENT-ms.ribbon.ActiveConnectionsLimit to use NEXT property: niws.loadbalancer.availabilityFilteringRule.activeConnectionsLimit = 2147483647
2022-04-28 15:14:34.168 [reactor-http-nio-4] INFO  c.n.loadbalancer.DynamicServerListLoadBalancer - DynamicServerListLoadBalancer for client HC-LABMANAGEMENT-ms initialized: DynamicServerListLoadBalancer:{NFLoadBalancer:name=HC-LABMANAGEMENT-ms,current list of Servers=[172.16.10.39:10613],Load balancer stats=Zone stats: {unknown=[Zone:unknown;	Instance count:1;	Active connections count: 0;	Circuit breaker tripped count: 0;	Active connections per server: 0.0;]
},Server stats: [[Server:172.16.10.39:10613;	Zone:UNKNOWN;	Total Requests:0;	Successive connection failure:0;	Total blackout seconds:0;	Last connection made:Thu Jan 01 08:00:00 CST 1970;	First connection made: Thu Jan 01 08:00:00 CST 1970;	Active Connections:0;	total failure count in last (1000) msecs:0;	average resp time:0.0;	90 percentile resp time:0.0;	95 percentile resp time:0.0;	min resp time:0.0;	max resp time:0.0;	stddev resp time:0.0]
]}ServerList:com.alibaba.cloud.nacos.ribbon.NacosServerList@190364c
2022-04-28 15:14:34.168 [reactor-http-nio-4] INFO  c.n.loadbalancer.DynamicServerListLoadBalancer - DynamicServerListLoadBalancer for client HC-LABMANAGEMENT-ms initialized: DynamicServerListLoadBalancer:{NFLoadBalancer:name=HC-LABMANAGEMENT-ms,current list of Servers=[172.16.10.39:10613],Load balancer stats=Zone stats: {unknown=[Zone:unknown;	Instance count:1;	Active connections count: 0;	Circuit breaker tripped count: 0;	Active connections per server: 0.0;]
},Server stats: [[Server:172.16.10.39:10613;	Zone:UNKNOWN;	Total Requests:0;	Successive connection failure:0;	Total blackout seconds:0;	Last connection made:Thu Jan 01 08:00:00 CST 1970;	First connection made: Thu Jan 01 08:00:00 CST 1970;	Active Connections:0;	total failure count in last (1000) msecs:0;	average resp time:0.0;	90 percentile resp time:0.0;	95 percentile resp time:0.0;	min resp time:0.0;	max resp time:0.0;	stddev resp time:0.0]
]}ServerList:com.alibaba.cloud.nacos.ribbon.NacosServerList@190364c
2022-04-28 15:14:35.117 [PollingServerListUpdater-0] INFO  com.netflix.config.ChainedDynamicProperty - Flipping property: HC-USERPROFILE-ms.ribbon.ActiveConnectionsLimit to use NEXT property: niws.loadbalancer.availabilityFilteringRule.activeConnectionsLimit = 2147483647
2022-04-28 15:14:35.117 [PollingServerListUpdater-0] INFO  com.netflix.config.ChainedDynamicProperty - Flipping property: HC-USERPROFILE-ms.ribbon.ActiveConnectionsLimit to use NEXT property: niws.loadbalancer.availabilityFilteringRule.activeConnectionsLimit = 2147483647
2022-04-28 15:14:35.161 [PollingServerListUpdater-1] INFO  com.netflix.config.ChainedDynamicProperty - Flipping property: HC-LABMANAGEMENT-ms.ribbon.ActiveConnectionsLimit to use NEXT property: niws.loadbalancer.availabilityFilteringRule.activeConnectionsLimit = 2147483647
2022-04-28 15:14:35.161 [PollingServerListUpdater-1] INFO  com.netflix.config.ChainedDynamicProperty - Flipping property: HC-LABMANAGEMENT-ms.ribbon.ActiveConnectionsLimit to use NEXT property: niws.loadbalancer.availabilityFilteringRule.activeConnectionsLimit = 2147483647
2022-04-28 18:14:17.618 [reactor-http-nio-12] WARN  reactor.netty.http.client.HttpClientConnect - [id: 0x46518bf5, L:0.0.0.0/0.0.0.0:54677 ! R:/172.16.10.39:10613] The connection observed an error
reactor.netty.http.client.PrematureCloseException: Connection prematurely closed BEFORE response
2022-04-28 18:14:17.618 [reactor-http-nio-12] WARN  reactor.netty.http.client.HttpClientConnect - [id: 0x46518bf5, L:0.0.0.0/0.0.0.0:54677 ! R:/172.16.10.39:10613] The connection observed an error
reactor.netty.http.client.PrematureCloseException: Connection prematurely closed BEFORE response
2022-04-28 18:14:17.632 [reactor-http-nio-12] ERROR o.s.b.a.w.r.error.AbstractErrorWebExceptionHandler - [f05e9723] 500 Server Error for HTTP GET "/labmanagement/monitorequipmenttype/getAllmonitorequipmentType"
reactor.netty.http.client.PrematureCloseException: Connection prematurely closed BEFORE response
	Suppressed: reactor.core.publisher.FluxOnAssembly$OnAssemblyException: 
Assembly trace from producer [reactor.core.publisher.MonoCreate] :
	reactor.core.publisher.Mono.create(Mono.java:183)
	reactor.netty.http.client.HttpClientConnect$MonoHttpConnect.subscribe(HttpClientConnect.java:296)
Error has been observed by the following operator(s):
	|_	Mono.create ⇢ reactor.netty.http.client.HttpClientConnect$MonoHttpConnect.subscribe(HttpClientConnect.java:296)
	|_	Mono.retry ⇢ reactor.netty.http.client.HttpClientConnect$MonoHttpConnect.subscribe(HttpClientConnect.java:333)
	|_	Mono.flatMapMany ⇢ reactor.netty.http.client.HttpClientFinalizer.responseConnection(HttpClientFinalizer.java:85)
	|_	Flux.then ⇢ org.springframework.cloud.gateway.filter.NettyRoutingFilter.filter(NettyRoutingFilter.java:202)
	|_	Mono.defer ⇢ org.springframework.cloud.gateway.handler.FilteringWebHandler$DefaultGatewayFilterChain.filter(FilteringWebHandler.java:113)
	|_	Mono.defer ⇢ org.springframework.cloud.gateway.handler.FilteringWebHandler$DefaultGatewayFilterChain.filter(FilteringWebHandler.java:113)
	|_	Mono.defer ⇢ org.springframework.cloud.gateway.handler.FilteringWebHandler$DefaultGatewayFilterChain.filter(FilteringWebHandler.java:113)
	|_	Mono.defer ⇢ org.springframework.cloud.gateway.handler.FilteringWebHandler$DefaultGatewayFilterChain.filter(FilteringWebHandler.java:113)
	|_	Mono.defer ⇢ org.springframework.cloud.gateway.handler.FilteringWebHandler$DefaultGatewayFilterChain.filter(FilteringWebHandler.java:113)
	|_	Mono.defer ⇢ org.springframework.cloud.gateway.handler.FilteringWebHandler$DefaultGatewayFilterChain.filter(FilteringWebHandler.java:113)
	|_	Mono.then ⇢ org.springframework.cloud.gateway.filter.NettyWriteResponseFilter.filter(NettyWriteResponseFilter.java:64)
	|_	Mono.defer ⇢ org.springframework.cloud.gateway.handler.FilteringWebHandler$DefaultGatewayFilterChain.filter(FilteringWebHandler.java:113)
	|_	Mono.doOnSuccessOrError ⇢ org.springframework.cloud.gateway.filter.GatewayMetricsFilter.filter(GatewayMetricsFilter.java:57)
	|_	Mono.defer ⇢ org.springframework.cloud.gateway.handler.FilteringWebHandler$DefaultGatewayFilterChain.filter(FilteringWebHandler.java:113)
	|_	Mono.defer ⇢ org.springframework.cloud.gateway.handler.FilteringWebHandler$DefaultGatewayFilterChain.filter(FilteringWebHandler.java:113)
	|_	Mono.then ⇢ org.springframework.web.reactive.result.SimpleHandlerAdapter.handle(SimpleHandlerAdapter.java:46)
	|_	Mono.flatMap ⇢ org.springframework.web.reactive.DispatcherHandler.handle(DispatcherHandler.java:151)
	|_	Mono.flatMap ⇢ org.springframework.web.reactive.DispatcherHandler.handle(DispatcherHandler.java:152)
	|_	Mono.defer ⇢ org.springframework.web.server.handler.DefaultWebFilterChain.filter(DefaultWebFilterChain.java:119)
	|_	Mono.defer ⇢ org.springframework.web.server.handler.DefaultWebFilterChain.filter(DefaultWebFilterChain.java:119)
	|_	Mono.flatMap ⇢ org.springframework.boot.actuate.web.trace.reactive.HttpTraceWebFilter.filter(HttpTraceWebFilter.java:74)
	|_	Mono.defer ⇢ org.springframework.web.server.handler.DefaultWebFilterChain.filter(DefaultWebFilterChain.java:119)
	|_	Mono.defer ⇢ org.springframework.web.server.handler.DefaultWebFilterChain.filter(DefaultWebFilterChain.java:119)
	|_	Mono.doOnSuccess ⇢ org.springframework.boot.actuate.metrics.web.reactive.server.MetricsWebFilter.filter(MetricsWebFilter.java:83)
	|_	Mono.doOnError ⇢ org.springframework.boot.actuate.metrics.web.reactive.server.MetricsWebFilter.filter(MetricsWebFilter.java:83)
	|_	Mono.compose ⇢ org.springframework.boot.actuate.metrics.web.reactive.server.MetricsWebFilter.filter(MetricsWebFilter.java:75)
	|_	Mono.defer ⇢ org.springframework.web.server.handler.DefaultWebFilterChain.filter(DefaultWebFilterChain.java:119)

2022-04-28 18:14:17.632 [reactor-http-nio-12] ERROR o.s.b.a.w.r.error.AbstractErrorWebExceptionHandler - [f05e9723] 500 Server Error for HTTP GET "/labmanagement/monitorequipmenttype/getAllmonitorequipmentType"
reactor.netty.http.client.PrematureCloseException: Connection prematurely closed BEFORE response
	Suppressed: reactor.core.publisher.FluxOnAssembly$OnAssemblyException: 
Assembly trace from producer [reactor.core.publisher.MonoCreate] :
	reactor.core.publisher.Mono.create(Mono.java:183)
	reactor.netty.http.client.HttpClientConnect$MonoHttpConnect.subscribe(HttpClientConnect.java:296)
Error has been observed by the following operator(s):
	|_	Mono.create ⇢ reactor.netty.http.client.HttpClientConnect$MonoHttpConnect.subscribe(HttpClientConnect.java:296)
	|_	Mono.retry ⇢ reactor.netty.http.client.HttpClientConnect$MonoHttpConnect.subscribe(HttpClientConnect.java:333)
	|_	Mono.flatMapMany ⇢ reactor.netty.http.client.HttpClientFinalizer.responseConnection(HttpClientFinalizer.java:85)
	|_	Flux.then ⇢ org.springframework.cloud.gateway.filter.NettyRoutingFilter.filter(NettyRoutingFilter.java:202)
	|_	Mono.defer ⇢ org.springframework.cloud.gateway.handler.FilteringWebHandler$DefaultGatewayFilterChain.filter(FilteringWebHandler.java:113)
	|_	Mono.defer ⇢ org.springframework.cloud.gateway.handler.FilteringWebHandler$DefaultGatewayFilterChain.filter(FilteringWebHandler.java:113)
	|_	Mono.defer ⇢ org.springframework.cloud.gateway.handler.FilteringWebHandler$DefaultGatewayFilterChain.filter(FilteringWebHandler.java:113)
	|_	Mono.defer ⇢ org.springframework.cloud.gateway.handler.FilteringWebHandler$DefaultGatewayFilterChain.filter(FilteringWebHandler.java:113)
	|_	Mono.defer ⇢ org.springframework.cloud.gateway.handler.FilteringWebHandler$DefaultGatewayFilterChain.filter(FilteringWebHandler.java:113)
	|_	Mono.defer ⇢ org.springframework.cloud.gateway.handler.FilteringWebHandler$DefaultGatewayFilterChain.filter(FilteringWebHandler.java:113)
	|_	Mono.then ⇢ org.springframework.cloud.gateway.filter.NettyWriteResponseFilter.filter(NettyWriteResponseFilter.java:64)
	|_	Mono.defer ⇢ org.springframework.cloud.gateway.handler.FilteringWebHandler$DefaultGatewayFilterChain.filter(FilteringWebHandler.java:113)
	|_	Mono.doOnSuccessOrError ⇢ org.springframework.cloud.gateway.filter.GatewayMetricsFilter.filter(GatewayMetricsFilter.java:57)
	|_	Mono.defer ⇢ org.springframework.cloud.gateway.handler.FilteringWebHandler$DefaultGatewayFilterChain.filter(FilteringWebHandler.java:113)
	|_	Mono.defer ⇢ org.springframework.cloud.gateway.handler.FilteringWebHandler$DefaultGatewayFilterChain.filter(FilteringWebHandler.java:113)
	|_	Mono.then ⇢ org.springframework.web.reactive.result.SimpleHandlerAdapter.handle(SimpleHandlerAdapter.java:46)
	|_	Mono.flatMap ⇢ org.springframework.web.reactive.DispatcherHandler.handle(DispatcherHandler.java:151)
	|_	Mono.flatMap ⇢ org.springframework.web.reactive.DispatcherHandler.handle(DispatcherHandler.java:152)
	|_	Mono.defer ⇢ org.springframework.web.server.handler.DefaultWebFilterChain.filter(DefaultWebFilterChain.java:119)
	|_	Mono.defer ⇢ org.springframework.web.server.handler.DefaultWebFilterChain.filter(DefaultWebFilterChain.java:119)
	|_	Mono.flatMap ⇢ org.springframework.boot.actuate.web.trace.reactive.HttpTraceWebFilter.filter(HttpTraceWebFilter.java:74)
	|_	Mono.defer ⇢ org.springframework.web.server.handler.DefaultWebFilterChain.filter(DefaultWebFilterChain.java:119)
	|_	Mono.defer ⇢ org.springframework.web.server.handler.DefaultWebFilterChain.filter(DefaultWebFilterChain.java:119)
	|_	Mono.doOnSuccess ⇢ org.springframework.boot.actuate.metrics.web.reactive.server.MetricsWebFilter.filter(MetricsWebFilter.java:83)
	|_	Mono.doOnError ⇢ org.springframework.boot.actuate.metrics.web.reactive.server.MetricsWebFilter.filter(MetricsWebFilter.java:83)
	|_	Mono.compose ⇢ org.springframework.boot.actuate.metrics.web.reactive.server.MetricsWebFilter.filter(MetricsWebFilter.java:75)
	|_	Mono.defer ⇢ org.springframework.web.server.handler.DefaultWebFilterChain.filter(DefaultWebFilterChain.java:119)

