2022-07-26 10:17:48.888 [reactor-http-nio-3] INFO  com.netflix.config.ChainedDynamicProperty - Flipping property: HC-LABMANAGEMENT-ms.ribbon.ActiveConnectionsLimit to use NEXT property: niws.loadbalancer.availabilityFilteringRule.activeConnectionsLimit = 2147483647
2022-07-26 10:17:48.906 [reactor-http-nio-3] INFO  com.netflix.loadbalancer.BaseLoadBalancer - Client: HC-LABMANAGEMENT-ms instantiated a LoadBalancer: DynamicServerListLoadBalancer:{NFLoadBalancer:name=HC-LABMANAGEMENT-ms,current list of Servers=[],Load balancer stats=Zone stats: {},Server stats: []}ServerList:null
2022-07-26 10:17:48.912 [reactor-http-nio-3] INFO  c.n.loadbalancer.DynamicServerListLoadBalancer - Using serverListUpdater PollingServerListUpdater
2022-07-26 10:17:48.919 [reactor-http-nio-3] INFO  c.n.loadbalancer.DynamicServerListLoadBalancer - DynamicServerListLoadBalancer for client HC-LABMANAGEMENT-ms initialized: DynamicServerListLoadBalancer:{NFLoadBalancer:name=HC-LABMANAGEMENT-ms,current list of Servers=[],Load balancer stats=Zone stats: {},Server stats: []}ServerList:com.alibaba.cloud.nacos.ribbon.NacosServerList@58ef0463
2022-07-26 10:18:19.961 [PollingServerListUpdater-0] INFO  com.netflix.config.ChainedDynamicProperty - Flipping property: HC-LABMANAGEMENT-ms.ribbon.ActiveConnectionsLimit to use NEXT property: niws.loadbalancer.availabilityFilteringRule.activeConnectionsLimit = 2147483647
2022-07-26 13:56:13.469 [Thread-61] INFO  com.netflix.loadbalancer.PollingServerListUpdater - Shutting down the Executor Pool for PollingServerListUpdater
2022-07-26 13:56:13.500 [Thread-28] INFO  c.a.cloud.nacos.registry.NacosServiceRegistry - De-registering from Nacos Server now...
2022-07-26 13:56:13.505 [Thread-28] INFO  c.a.cloud.nacos.registry.NacosServiceRegistry - De-registration finished.
2022-07-26 13:56:31.737 [restartedMain] INFO  o.s.b.d.env.DevToolsPropertyDefaultsPostProcessor - Devtools property defaults active! Set 'spring.devtools.add-properties' to 'false' to disable
2022-07-26 13:56:32.050 [restartedMain] INFO  o.s.c.s.PostProcessorRegistrationDelegate$BeanPostProcessorChecker - Bean 'org.springframework.cloud.autoconfigure.ConfigurationPropertiesRebinderAutoConfiguration' of type [org.springframework.cloud.autoconfigure.ConfigurationPropertiesRebinderAutoConfiguration$$EnhancerBySpringCGLIB$$521d5eeb] is not eligible for getting processed by all BeanPostProcessors (for example: not eligible for auto-proxying)
2022-07-26 13:56:32.376 [restartedMain] INFO  c.a.cloud.nacos.client.NacosPropertySourceBuilder - Loading nacos data, dataId: 'hc-openway-ms.yaml', group: 'DEFAULT_GROUP'
2022-07-26 13:56:32.395 [restartedMain] INFO  o.s.c.b.c.PropertySourceBootstrapConfiguration - Located property source: CompositePropertySource {name='NACOS', propertySources=[NacosPropertySource {name='hc-openway-ms-dev.yaml'}, NacosPropertySource {name='hc-openway-ms.yaml'}]}
2022-07-26 13:56:33.220 [restartedMain] WARN  o.springframework.boot.actuate.endpoint.EndpointId - Endpoint ID 'nacos-config' contains invalid characters, please migrate to a valid format.
2022-07-26 13:56:33.225 [restartedMain] WARN  o.springframework.boot.actuate.endpoint.EndpointId - Endpoint ID 'nacos-discovery' contains invalid characters, please migrate to a valid format.
2022-07-26 13:56:33.466 [restartedMain] WARN  o.springframework.boot.actuate.endpoint.EndpointId - Endpoint ID 'service-registry' contains invalid characters, please migrate to a valid format.
2022-07-26 13:56:33.650 [restartedMain] INFO  o.springframework.cloud.context.scope.GenericScope - BeanFactory id=4b82b837-ca28-3b6d-8d6f-cd80c4d7825f
2022-07-26 13:56:33.826 [restartedMain] INFO  o.s.c.s.PostProcessorRegistrationDelegate$BeanPostProcessorChecker - Bean 'org.springframework.cloud.autoconfigure.ConfigurationPropertiesRebinderAutoConfiguration' of type [org.springframework.cloud.autoconfigure.ConfigurationPropertiesRebinderAutoConfiguration$$EnhancerBySpringCGLIB$$521d5eeb] is not eligible for getting processed by all BeanPostProcessors (for example: not eligible for auto-proxying)
2022-07-26 13:56:34.813 [restartedMain] WARN  com.netflix.config.sources.URLConfigurationSource - No URLs will be polled as dynamic configuration sources.
2022-07-26 13:56:34.813 [restartedMain] INFO  com.netflix.config.sources.URLConfigurationSource - To enable URLs as dynamic configuration sources, define System property archaius.configurationSource.additionalUrls or make config.properties available on classpath.
2022-07-26 13:56:34.822 [restartedMain] WARN  com.netflix.config.sources.URLConfigurationSource - No URLs will be polled as dynamic configuration sources.
2022-07-26 13:56:34.822 [restartedMain] INFO  com.netflix.config.sources.URLConfigurationSource - To enable URLs as dynamic configuration sources, define System property archaius.configurationSource.additionalUrls or make config.properties available on classpath.
2022-07-26 13:56:35.873 [restartedMain] INFO  o.s.c.gateway.route.RouteDefinitionRouteLocator - Loaded RoutePredicateFactory [After]
2022-07-26 13:56:35.873 [restartedMain] INFO  o.s.c.gateway.route.RouteDefinitionRouteLocator - Loaded RoutePredicateFactory [Before]
2022-07-26 13:56:35.873 [restartedMain] INFO  o.s.c.gateway.route.RouteDefinitionRouteLocator - Loaded RoutePredicateFactory [Between]
2022-07-26 13:56:35.874 [restartedMain] INFO  o.s.c.gateway.route.RouteDefinitionRouteLocator - Loaded RoutePredicateFactory [Cookie]
2022-07-26 13:56:35.874 [restartedMain] INFO  o.s.c.gateway.route.RouteDefinitionRouteLocator - Loaded RoutePredicateFactory [Header]
2022-07-26 13:56:35.874 [restartedMain] INFO  o.s.c.gateway.route.RouteDefinitionRouteLocator - Loaded RoutePredicateFactory [Host]
2022-07-26 13:56:35.874 [restartedMain] INFO  o.s.c.gateway.route.RouteDefinitionRouteLocator - Loaded RoutePredicateFactory [Method]
2022-07-26 13:56:35.874 [restartedMain] INFO  o.s.c.gateway.route.RouteDefinitionRouteLocator - Loaded RoutePredicateFactory [Path]
2022-07-26 13:56:35.874 [restartedMain] INFO  o.s.c.gateway.route.RouteDefinitionRouteLocator - Loaded RoutePredicateFactory [Query]
2022-07-26 13:56:35.874 [restartedMain] INFO  o.s.c.gateway.route.RouteDefinitionRouteLocator - Loaded RoutePredicateFactory [ReadBodyPredicateFactory]
2022-07-26 13:56:35.874 [restartedMain] INFO  o.s.c.gateway.route.RouteDefinitionRouteLocator - Loaded RoutePredicateFactory [RemoteAddr]
2022-07-26 13:56:35.874 [restartedMain] INFO  o.s.c.gateway.route.RouteDefinitionRouteLocator - Loaded RoutePredicateFactory [Weight]
2022-07-26 13:56:35.874 [restartedMain] INFO  o.s.c.gateway.route.RouteDefinitionRouteLocator - Loaded RoutePredicateFactory [CloudFoundryRouteService]
2022-07-26 13:56:36.238 [restartedMain] INFO  o.s.b.actuate.endpoint.web.EndpointLinksResolver - Exposing 22 endpoint(s) beneath base path '/actuator'
2022-07-26 13:56:36.333 [restartedMain] INFO  o.s.scheduling.concurrent.ThreadPoolTaskScheduler - Initializing ExecutorService
2022-07-26 13:56:36.487 [restartedMain] WARN  o.s.b.d.autoconfigure.OptionalLiveReloadServer - Unable to start LiveReload server
2022-07-26 13:56:36.926 [restartedMain] INFO  o.s.boot.web.embedded.netty.NettyWebServer - Netty started on port(s): 10612
2022-07-26 13:56:36.976 [restartedMain] INFO  c.a.cloud.nacos.registry.NacosServiceRegistry - nacos registry, HC-OPENWAY-ms 172.16.4.2:10612 register finished
2022-07-26 13:56:39.438 [reactor-http-nio-3] INFO  com.netflix.config.ChainedDynamicProperty - Flipping property: HC-LABMANAGEMENT-ms.ribbon.ActiveConnectionsLimit to use NEXT property: niws.loadbalancer.availabilityFilteringRule.activeConnectionsLimit = 2147483647
2022-07-26 13:56:39.462 [reactor-http-nio-3] INFO  com.netflix.loadbalancer.BaseLoadBalancer - Client: HC-LABMANAGEMENT-ms instantiated a LoadBalancer: DynamicServerListLoadBalancer:{NFLoadBalancer:name=HC-LABMANAGEMENT-ms,current list of Servers=[],Load balancer stats=Zone stats: {},Server stats: []}ServerList:null
2022-07-26 13:56:39.470 [reactor-http-nio-3] INFO  c.n.loadbalancer.DynamicServerListLoadBalancer - Using serverListUpdater PollingServerListUpdater
2022-07-26 13:56:39.473 [reactor-http-nio-3] INFO  c.n.loadbalancer.DynamicServerListLoadBalancer - DynamicServerListLoadBalancer for client HC-LABMANAGEMENT-ms initialized: DynamicServerListLoadBalancer:{NFLoadBalancer:name=HC-LABMANAGEMENT-ms,current list of Servers=[],Load balancer stats=Zone stats: {},Server stats: []}ServerList:com.alibaba.cloud.nacos.ribbon.NacosServerList@563a4cb5
2022-07-26 13:56:39.532 [reactor-http-nio-2] INFO  com.netflix.config.ChainedDynamicProperty - Flipping property: HC-USERPROFILE-ms.ribbon.ActiveConnectionsLimit to use NEXT property: niws.loadbalancer.availabilityFilteringRule.activeConnectionsLimit = 2147483647
2022-07-26 13:56:39.534 [reactor-http-nio-2] INFO  com.netflix.loadbalancer.BaseLoadBalancer - Client: HC-USERPROFILE-ms instantiated a LoadBalancer: DynamicServerListLoadBalancer:{NFLoadBalancer:name=HC-USERPROFILE-ms,current list of Servers=[],Load balancer stats=Zone stats: {},Server stats: []}ServerList:null
2022-07-26 13:56:39.534 [reactor-http-nio-2] INFO  c.n.loadbalancer.DynamicServerListLoadBalancer - Using serverListUpdater PollingServerListUpdater
2022-07-26 13:56:39.535 [reactor-http-nio-2] INFO  c.n.loadbalancer.DynamicServerListLoadBalancer - DynamicServerListLoadBalancer for client HC-USERPROFILE-ms initialized: DynamicServerListLoadBalancer:{NFLoadBalancer:name=HC-USERPROFILE-ms,current list of Servers=[],Load balancer stats=Zone stats: {},Server stats: []}ServerList:com.alibaba.cloud.nacos.ribbon.NacosServerList@5b16d2c1
2022-07-26 13:57:10.500 [PollingServerListUpdater-0] INFO  com.netflix.config.ChainedDynamicProperty - Flipping property: HC-LABMANAGEMENT-ms.ribbon.ActiveConnectionsLimit to use NEXT property: niws.loadbalancer.availabilityFilteringRule.activeConnectionsLimit = 2147483647
2022-07-26 13:57:10.559 [PollingServerListUpdater-1] INFO  com.netflix.config.ChainedDynamicProperty - Flipping property: HC-USERPROFILE-ms.ribbon.ActiveConnectionsLimit to use NEXT property: niws.loadbalancer.availabilityFilteringRule.activeConnectionsLimit = 2147483647
2022-07-26 16:26:00.068 [ThreadPoolTaskScheduler-1] ERROR c.a.cloud.nacos.discovery.NacosDiscoveryClient - get service name from nacos server fail,
java.lang.IllegalStateException: failed to req API:/nacos/v1/ns/service/list after all servers([172.16.10.204:8848]) tried: failed to req API:172.16.10.204:8848/nacos/v1/ns/service/list. code:500 msg: java.net.SocketTimeoutException: connect timed out
	at com.alibaba.nacos.client.naming.net.NamingProxy.reqAPI(NamingProxy.java:464)
	at com.alibaba.nacos.client.naming.net.NamingProxy.reqAPI(NamingProxy.java:430)
	at com.alibaba.nacos.client.naming.net.NamingProxy.reqAPI(NamingProxy.java:376)
	at com.alibaba.nacos.client.naming.net.NamingProxy.getServiceList(NamingProxy.java:358)
	at com.alibaba.nacos.client.naming.net.NamingProxy.getServiceList(NamingProxy.java:334)
	at com.alibaba.nacos.client.naming.NacosNamingService.getServicesOfServer(NacosNamingService.java:440)
	at com.alibaba.cloud.nacos.discovery.NacosDiscoveryClient.getServices(NacosDiscoveryClient.java:108)
	at org.springframework.cloud.client.discovery.composite.CompositeDiscoveryClient.getServices(CompositeDiscoveryClient.java:67)
	at org.springframework.cloud.gateway.discovery.DiscoveryClientRouteDefinitionLocator.getRouteDefinitions(DiscoveryClientRouteDefinitionLocator.java:96)
	at reactor.core.publisher.FluxFlatMap$FlatMapMain.onNext(FluxFlatMap.java:350)
	at reactor.core.publisher.FluxIterable$IterableSubscription.slowPath(FluxIterable.java:243)
	at reactor.core.publisher.FluxIterable$IterableSubscription.request(FluxIterable.java:201)
	at reactor.core.publisher.FluxFlatMap$FlatMapMain.onSubscribe(FluxFlatMap.java:335)
	at reactor.core.publisher.FluxIterable.subscribe(FluxIterable.java:139)
	at reactor.core.publisher.FluxIterable.subscribe(FluxIterable.java:63)
	at reactor.core.publisher.FluxFlatMap.subscribe(FluxFlatMap.java:97)
	at reactor.core.publisher.FluxOnAssembly.subscribe(FluxOnAssembly.java:122)
	at reactor.core.publisher.FluxMapFuseable.subscribe(FluxMapFuseable.java:63)
	at reactor.core.publisher.FluxOnAssembly.subscribe(FluxOnAssembly.java:122)
	at reactor.core.publisher.FluxMapFuseable.subscribe(FluxMapFuseable.java:63)
	at reactor.core.publisher.FluxOnAssembly.subscribe(FluxOnAssembly.java:122)
	at reactor.core.publisher.Flux.subscribe(Flux.java:7921)
	at reactor.core.publisher.FluxFlatMap$FlatMapMain.onNext(FluxFlatMap.java:389)
	at reactor.core.publisher.FluxIterable$IterableSubscription.slowPath(FluxIterable.java:243)
	at reactor.core.publisher.FluxIterable$IterableSubscription.request(FluxIterable.java:201)
	at reactor.core.publisher.FluxFlatMap$FlatMapMain.onSubscribe(FluxFlatMap.java:335)
	at reactor.core.publisher.FluxIterable.subscribe(FluxIterable.java:139)
	at reactor.core.publisher.FluxIterable.subscribe(FluxIterable.java:63)
	at reactor.core.publisher.FluxFlatMap.subscribe(FluxFlatMap.java:97)
	at reactor.core.publisher.FluxOnAssembly.subscribe(FluxOnAssembly.java:122)
	at reactor.core.publisher.MonoCollectList.subscribe(MonoCollectList.java:40)
	at reactor.core.publisher.MonoOnAssembly.subscribe(MonoOnAssembly.java:61)
	at reactor.core.publisher.MonoMapFuseable.subscribe(MonoMapFuseable.java:59)
	at reactor.core.publisher.MonoOnAssembly.subscribe(MonoOnAssembly.java:61)
	at reactor.core.publisher.MonoFlattenIterable.subscribe(MonoFlattenIterable.java:101)
	at reactor.core.publisher.FluxOnAssembly.subscribe(FluxOnAssembly.java:122)
	at reactor.core.publisher.FluxMaterialize.subscribe(FluxMaterialize.java:40)
	at reactor.core.publisher.FluxOnAssembly.subscribe(FluxOnAssembly.java:122)
	at reactor.core.publisher.MonoCollectList.subscribe(MonoCollectList.java:40)
	at reactor.core.publisher.MonoOnAssembly.subscribe(MonoOnAssembly.java:61)
	at reactor.core.publisher.MonoPeekFuseable.subscribe(MonoPeekFuseable.java:74)
	at reactor.core.publisher.MonoOnAssembly.subscribe(MonoOnAssembly.java:61)
	at reactor.core.publisher.MonoFlattenIterable.subscribe(MonoFlattenIterable.java:101)
	at reactor.core.publisher.FluxOnAssembly.subscribe(FluxOnAssembly.java:122)
	at reactor.core.publisher.FluxDematerialize.subscribe(FluxDematerialize.java:39)
	at reactor.core.publisher.FluxOnAssembly.subscribe(FluxOnAssembly.java:122)
	at reactor.core.publisher.FluxDefer.subscribe(FluxDefer.java:54)
	at reactor.core.publisher.Flux.subscribe(Flux.java:7921)
	at reactor.core.publisher.Flux.subscribeWith(Flux.java:8085)
	at reactor.core.publisher.Flux.subscribe(Flux.java:7914)
	at reactor.core.publisher.Flux.subscribe(Flux.java:7878)
	at reactor.core.publisher.Flux.subscribe(Flux.java:7796)
	at org.springframework.cloud.gateway.filter.WeightCalculatorWebFilter.lambda$onApplicationEvent$0(WeightCalculatorWebFilter.java:133)
	at org.springframework.beans.factory.ObjectProvider.ifAvailable(ObjectProvider.java:93)
	at org.springframework.cloud.gateway.filter.WeightCalculatorWebFilter.onApplicationEvent(WeightCalculatorWebFilter.java:133)
	at org.springframework.context.event.SimpleApplicationEventMulticaster.doInvokeListener(SimpleApplicationEventMulticaster.java:172)
	at org.springframework.context.event.SimpleApplicationEventMulticaster.invokeListener(SimpleApplicationEventMulticaster.java:165)
	at org.springframework.context.event.SimpleApplicationEventMulticaster.multicastEvent(SimpleApplicationEventMulticaster.java:139)
	at org.springframework.context.support.AbstractApplicationContext.publishEvent(AbstractApplicationContext.java:402)
	at org.springframework.context.support.AbstractApplicationContext.publishEvent(AbstractApplicationContext.java:359)
	at org.springframework.cloud.gateway.route.RouteRefreshListener.reset(RouteRefreshListener.java:68)
	at org.springframework.cloud.gateway.route.RouteRefreshListener.resetIfNeeded(RouteRefreshListener.java:63)
	at org.springframework.cloud.gateway.route.RouteRefreshListener.onApplicationEvent(RouteRefreshListener.java:57)
	at org.springframework.context.event.SimpleApplicationEventMulticaster.doInvokeListener(SimpleApplicationEventMulticaster.java:172)
	at org.springframework.context.event.SimpleApplicationEventMulticaster.invokeListener(SimpleApplicationEventMulticaster.java:165)
	at org.springframework.context.event.SimpleApplicationEventMulticaster.multicastEvent(SimpleApplicationEventMulticaster.java:139)
	at org.springframework.context.support.AbstractApplicationContext.publishEvent(AbstractApplicationContext.java:402)
	at org.springframework.context.support.AbstractApplicationContext.publishEvent(AbstractApplicationContext.java:359)
	at com.alibaba.cloud.nacos.discovery.NacosWatch.nacosServicesWatch(NacosWatch.java:120)
	at org.springframework.scheduling.support.DelegatingErrorHandlingRunnable.run(DelegatingErrorHandlingRunnable.java:54)
	at java.util.concurrent.Executors$RunnableAdapter.call(Executors.java:511)
	at java.util.concurrent.FutureTask.runAndReset$$$capture(FutureTask.java:308)
	at java.util.concurrent.FutureTask.runAndReset(FutureTask.java)
	at java.util.concurrent.ScheduledThreadPoolExecutor$ScheduledFutureTask.access$301(ScheduledThreadPoolExecutor.java:180)
	at java.util.concurrent.ScheduledThreadPoolExecutor$ScheduledFutureTask.run(ScheduledThreadPoolExecutor.java:294)
	at java.util.concurrent.ThreadPoolExecutor.runWorker(ThreadPoolExecutor.java:1142)
	at java.util.concurrent.ThreadPoolExecutor$Worker.run(ThreadPoolExecutor.java:617)
	at java.lang.Thread.run(Thread.java:748)
2022-07-26 16:31:06.118 [ThreadPoolTaskScheduler-1] ERROR c.a.cloud.nacos.discovery.NacosDiscoveryClient - get service name from nacos server fail,
java.lang.IllegalStateException: failed to req API:/nacos/v1/ns/service/list after all servers([172.16.10.204:8848]) tried: failed to req API:172.16.10.204:8848/nacos/v1/ns/service/list. code:500 msg: java.net.SocketTimeoutException: connect timed out
	at com.alibaba.nacos.client.naming.net.NamingProxy.reqAPI(NamingProxy.java:464)
	at com.alibaba.nacos.client.naming.net.NamingProxy.reqAPI(NamingProxy.java:430)
	at com.alibaba.nacos.client.naming.net.NamingProxy.reqAPI(NamingProxy.java:376)
	at com.alibaba.nacos.client.naming.net.NamingProxy.getServiceList(NamingProxy.java:358)
	at com.alibaba.nacos.client.naming.net.NamingProxy.getServiceList(NamingProxy.java:334)
	at com.alibaba.nacos.client.naming.NacosNamingService.getServicesOfServer(NacosNamingService.java:440)
	at com.alibaba.cloud.nacos.discovery.NacosDiscoveryClient.getServices(NacosDiscoveryClient.java:108)
	at org.springframework.cloud.client.discovery.composite.CompositeDiscoveryClient.getServices(CompositeDiscoveryClient.java:67)
	at org.springframework.cloud.gateway.discovery.DiscoveryClientRouteDefinitionLocator.getRouteDefinitions(DiscoveryClientRouteDefinitionLocator.java:96)
	at reactor.core.publisher.FluxFlatMap$FlatMapMain.onNext(FluxFlatMap.java:350)
	at reactor.core.publisher.FluxIterable$IterableSubscription.slowPath(FluxIterable.java:243)
	at reactor.core.publisher.FluxIterable$IterableSubscription.request(FluxIterable.java:201)
	at reactor.core.publisher.FluxFlatMap$FlatMapMain.onSubscribe(FluxFlatMap.java:335)
	at reactor.core.publisher.FluxIterable.subscribe(FluxIterable.java:139)
	at reactor.core.publisher.FluxIterable.subscribe(FluxIterable.java:63)
	at reactor.core.publisher.FluxFlatMap.subscribe(FluxFlatMap.java:97)
	at reactor.core.publisher.FluxOnAssembly.subscribe(FluxOnAssembly.java:122)
	at reactor.core.publisher.FluxMapFuseable.subscribe(FluxMapFuseable.java:63)
	at reactor.core.publisher.FluxOnAssembly.subscribe(FluxOnAssembly.java:122)
	at reactor.core.publisher.FluxMapFuseable.subscribe(FluxMapFuseable.java:63)
	at reactor.core.publisher.FluxOnAssembly.subscribe(FluxOnAssembly.java:122)
	at reactor.core.publisher.Flux.subscribe(Flux.java:7921)
	at reactor.core.publisher.FluxFlatMap$FlatMapMain.onNext(FluxFlatMap.java:389)
	at reactor.core.publisher.FluxIterable$IterableSubscription.slowPath(FluxIterable.java:243)
	at reactor.core.publisher.FluxIterable$IterableSubscription.request(FluxIterable.java:201)
	at reactor.core.publisher.FluxFlatMap$FlatMapMain.onSubscribe(FluxFlatMap.java:335)
	at reactor.core.publisher.FluxIterable.subscribe(FluxIterable.java:139)
	at reactor.core.publisher.FluxIterable.subscribe(FluxIterable.java:63)
	at reactor.core.publisher.FluxFlatMap.subscribe(FluxFlatMap.java:97)
	at reactor.core.publisher.FluxOnAssembly.subscribe(FluxOnAssembly.java:122)
	at reactor.core.publisher.MonoCollectList.subscribe(MonoCollectList.java:40)
	at reactor.core.publisher.MonoOnAssembly.subscribe(MonoOnAssembly.java:61)
	at reactor.core.publisher.MonoMapFuseable.subscribe(MonoMapFuseable.java:59)
	at reactor.core.publisher.MonoOnAssembly.subscribe(MonoOnAssembly.java:61)
	at reactor.core.publisher.MonoFlattenIterable.subscribe(MonoFlattenIterable.java:101)
	at reactor.core.publisher.FluxOnAssembly.subscribe(FluxOnAssembly.java:122)
	at reactor.core.publisher.FluxMaterialize.subscribe(FluxMaterialize.java:40)
	at reactor.core.publisher.FluxOnAssembly.subscribe(FluxOnAssembly.java:122)
	at reactor.core.publisher.MonoCollectList.subscribe(MonoCollectList.java:40)
	at reactor.core.publisher.MonoOnAssembly.subscribe(MonoOnAssembly.java:61)
	at reactor.core.publisher.MonoPeekFuseable.subscribe(MonoPeekFuseable.java:74)
	at reactor.core.publisher.MonoOnAssembly.subscribe(MonoOnAssembly.java:61)
	at reactor.core.publisher.MonoFlattenIterable.subscribe(MonoFlattenIterable.java:101)
	at reactor.core.publisher.FluxOnAssembly.subscribe(FluxOnAssembly.java:122)
	at reactor.core.publisher.FluxDematerialize.subscribe(FluxDematerialize.java:39)
	at reactor.core.publisher.FluxOnAssembly.subscribe(FluxOnAssembly.java:122)
	at reactor.core.publisher.FluxDefer.subscribe(FluxDefer.java:54)
	at reactor.core.publisher.Flux.subscribe(Flux.java:7921)
	at reactor.core.publisher.Flux.subscribeWith(Flux.java:8085)
	at reactor.core.publisher.Flux.subscribe(Flux.java:7914)
	at reactor.core.publisher.Flux.subscribe(Flux.java:7878)
	at reactor.core.publisher.Flux.subscribe(Flux.java:7796)
	at org.springframework.cloud.gateway.filter.WeightCalculatorWebFilter.lambda$onApplicationEvent$0(WeightCalculatorWebFilter.java:133)
	at org.springframework.beans.factory.ObjectProvider.ifAvailable(ObjectProvider.java:93)
	at org.springframework.cloud.gateway.filter.WeightCalculatorWebFilter.onApplicationEvent(WeightCalculatorWebFilter.java:133)
	at org.springframework.context.event.SimpleApplicationEventMulticaster.doInvokeListener(SimpleApplicationEventMulticaster.java:172)
	at org.springframework.context.event.SimpleApplicationEventMulticaster.invokeListener(SimpleApplicationEventMulticaster.java:165)
	at org.springframework.context.event.SimpleApplicationEventMulticaster.multicastEvent(SimpleApplicationEventMulticaster.java:139)
	at org.springframework.context.support.AbstractApplicationContext.publishEvent(AbstractApplicationContext.java:402)
	at org.springframework.context.support.AbstractApplicationContext.publishEvent(AbstractApplicationContext.java:359)
	at org.springframework.cloud.gateway.route.RouteRefreshListener.reset(RouteRefreshListener.java:68)
	at org.springframework.cloud.gateway.route.RouteRefreshListener.resetIfNeeded(RouteRefreshListener.java:63)
	at org.springframework.cloud.gateway.route.RouteRefreshListener.onApplicationEvent(RouteRefreshListener.java:57)
	at org.springframework.context.event.SimpleApplicationEventMulticaster.doInvokeListener(SimpleApplicationEventMulticaster.java:172)
	at org.springframework.context.event.SimpleApplicationEventMulticaster.invokeListener(SimpleApplicationEventMulticaster.java:165)
	at org.springframework.context.event.SimpleApplicationEventMulticaster.multicastEvent(SimpleApplicationEventMulticaster.java:139)
	at org.springframework.context.support.AbstractApplicationContext.publishEvent(AbstractApplicationContext.java:402)
	at org.springframework.context.support.AbstractApplicationContext.publishEvent(AbstractApplicationContext.java:359)
	at com.alibaba.cloud.nacos.discovery.NacosWatch.nacosServicesWatch(NacosWatch.java:120)
	at org.springframework.scheduling.support.DelegatingErrorHandlingRunnable.run(DelegatingErrorHandlingRunnable.java:54)
	at java.util.concurrent.Executors$RunnableAdapter.call(Executors.java:511)
	at java.util.concurrent.FutureTask.runAndReset$$$capture(FutureTask.java:308)
	at java.util.concurrent.FutureTask.runAndReset(FutureTask.java)
	at java.util.concurrent.ScheduledThreadPoolExecutor$ScheduledFutureTask.access$301(ScheduledThreadPoolExecutor.java:180)
	at java.util.concurrent.ScheduledThreadPoolExecutor$ScheduledFutureTask.run(ScheduledThreadPoolExecutor.java:294)
	at java.util.concurrent.ThreadPoolExecutor.runWorker(ThreadPoolExecutor.java:1142)
	at java.util.concurrent.ThreadPoolExecutor$Worker.run(ThreadPoolExecutor.java:617)
	at java.lang.Thread.run(Thread.java:748)
2022-07-26 18:42:14.052 [ThreadPoolTaskScheduler-1] ERROR c.a.cloud.nacos.discovery.NacosDiscoveryClient - get service name from nacos server fail,
java.lang.IllegalStateException: failed to req API:/nacos/v1/ns/service/list after all servers([172.16.10.204:8848]) tried: failed to req API:172.16.10.204:8848/nacos/v1/ns/service/list. code:500 msg: java.net.NoRouteToHostException: No route to host: connect
	at com.alibaba.nacos.client.naming.net.NamingProxy.reqAPI(NamingProxy.java:464)
	at com.alibaba.nacos.client.naming.net.NamingProxy.reqAPI(NamingProxy.java:430)
	at com.alibaba.nacos.client.naming.net.NamingProxy.reqAPI(NamingProxy.java:376)
	at com.alibaba.nacos.client.naming.net.NamingProxy.getServiceList(NamingProxy.java:358)
	at com.alibaba.nacos.client.naming.net.NamingProxy.getServiceList(NamingProxy.java:334)
	at com.alibaba.nacos.client.naming.NacosNamingService.getServicesOfServer(NacosNamingService.java:440)
	at com.alibaba.cloud.nacos.discovery.NacosDiscoveryClient.getServices(NacosDiscoveryClient.java:108)
	at org.springframework.cloud.client.discovery.composite.CompositeDiscoveryClient.getServices(CompositeDiscoveryClient.java:67)
	at org.springframework.cloud.gateway.discovery.DiscoveryClientRouteDefinitionLocator.getRouteDefinitions(DiscoveryClientRouteDefinitionLocator.java:96)
	at reactor.core.publisher.FluxFlatMap$FlatMapMain.onNext(FluxFlatMap.java:350)
	at reactor.core.publisher.FluxIterable$IterableSubscription.slowPath(FluxIterable.java:243)
	at reactor.core.publisher.FluxIterable$IterableSubscription.request(FluxIterable.java:201)
	at reactor.core.publisher.FluxFlatMap$FlatMapMain.onSubscribe(FluxFlatMap.java:335)
	at reactor.core.publisher.FluxIterable.subscribe(FluxIterable.java:139)
	at reactor.core.publisher.FluxIterable.subscribe(FluxIterable.java:63)
	at reactor.core.publisher.FluxFlatMap.subscribe(FluxFlatMap.java:97)
	at reactor.core.publisher.FluxOnAssembly.subscribe(FluxOnAssembly.java:122)
	at reactor.core.publisher.FluxMapFuseable.subscribe(FluxMapFuseable.java:63)
	at reactor.core.publisher.FluxOnAssembly.subscribe(FluxOnAssembly.java:122)
	at reactor.core.publisher.FluxMapFuseable.subscribe(FluxMapFuseable.java:63)
	at reactor.core.publisher.FluxOnAssembly.subscribe(FluxOnAssembly.java:122)
	at reactor.core.publisher.Flux.subscribe(Flux.java:7921)
	at reactor.core.publisher.FluxFlatMap$FlatMapMain.onNext(FluxFlatMap.java:389)
	at reactor.core.publisher.FluxIterable$IterableSubscription.slowPath(FluxIterable.java:243)
	at reactor.core.publisher.FluxIterable$IterableSubscription.request(FluxIterable.java:201)
	at reactor.core.publisher.FluxFlatMap$FlatMapMain.onSubscribe(FluxFlatMap.java:335)
	at reactor.core.publisher.FluxIterable.subscribe(FluxIterable.java:139)
	at reactor.core.publisher.FluxIterable.subscribe(FluxIterable.java:63)
	at reactor.core.publisher.FluxFlatMap.subscribe(FluxFlatMap.java:97)
	at reactor.core.publisher.FluxOnAssembly.subscribe(FluxOnAssembly.java:122)
	at reactor.core.publisher.MonoCollectList.subscribe(MonoCollectList.java:40)
	at reactor.core.publisher.MonoOnAssembly.subscribe(MonoOnAssembly.java:61)
	at reactor.core.publisher.MonoMapFuseable.subscribe(MonoMapFuseable.java:59)
	at reactor.core.publisher.MonoOnAssembly.subscribe(MonoOnAssembly.java:61)
	at reactor.core.publisher.MonoFlattenIterable.subscribe(MonoFlattenIterable.java:101)
	at reactor.core.publisher.FluxOnAssembly.subscribe(FluxOnAssembly.java:122)
	at reactor.core.publisher.FluxMaterialize.subscribe(FluxMaterialize.java:40)
	at reactor.core.publisher.FluxOnAssembly.subscribe(FluxOnAssembly.java:122)
	at reactor.core.publisher.MonoCollectList.subscribe(MonoCollectList.java:40)
	at reactor.core.publisher.MonoOnAssembly.subscribe(MonoOnAssembly.java:61)
	at reactor.core.publisher.MonoPeekFuseable.subscribe(MonoPeekFuseable.java:74)
	at reactor.core.publisher.MonoOnAssembly.subscribe(MonoOnAssembly.java:61)
	at reactor.core.publisher.MonoFlattenIterable.subscribe(MonoFlattenIterable.java:101)
	at reactor.core.publisher.FluxOnAssembly.subscribe(FluxOnAssembly.java:122)
	at reactor.core.publisher.FluxDematerialize.subscribe(FluxDematerialize.java:39)
	at reactor.core.publisher.FluxOnAssembly.subscribe(FluxOnAssembly.java:122)
	at reactor.core.publisher.FluxDefer.subscribe(FluxDefer.java:54)
	at reactor.core.publisher.Flux.subscribe(Flux.java:7921)
	at reactor.core.publisher.Flux.subscribeWith(Flux.java:8085)
	at reactor.core.publisher.Flux.subscribe(Flux.java:7914)
	at reactor.core.publisher.Flux.subscribe(Flux.java:7878)
	at reactor.core.publisher.Flux.subscribe(Flux.java:7796)
	at org.springframework.cloud.gateway.filter.WeightCalculatorWebFilter.lambda$onApplicationEvent$0(WeightCalculatorWebFilter.java:133)
	at org.springframework.beans.factory.ObjectProvider.ifAvailable(ObjectProvider.java:93)
	at org.springframework.cloud.gateway.filter.WeightCalculatorWebFilter.onApplicationEvent(WeightCalculatorWebFilter.java:133)
	at org.springframework.context.event.SimpleApplicationEventMulticaster.doInvokeListener(SimpleApplicationEventMulticaster.java:172)
	at org.springframework.context.event.SimpleApplicationEventMulticaster.invokeListener(SimpleApplicationEventMulticaster.java:165)
	at org.springframework.context.event.SimpleApplicationEventMulticaster.multicastEvent(SimpleApplicationEventMulticaster.java:139)
	at org.springframework.context.support.AbstractApplicationContext.publishEvent(AbstractApplicationContext.java:402)
	at org.springframework.context.support.AbstractApplicationContext.publishEvent(AbstractApplicationContext.java:359)
	at org.springframework.cloud.gateway.route.RouteRefreshListener.reset(RouteRefreshListener.java:68)
	at org.springframework.cloud.gateway.route.RouteRefreshListener.resetIfNeeded(RouteRefreshListener.java:63)
	at org.springframework.cloud.gateway.route.RouteRefreshListener.onApplicationEvent(RouteRefreshListener.java:57)
	at org.springframework.context.event.SimpleApplicationEventMulticaster.doInvokeListener(SimpleApplicationEventMulticaster.java:172)
	at org.springframework.context.event.SimpleApplicationEventMulticaster.invokeListener(SimpleApplicationEventMulticaster.java:165)
	at org.springframework.context.event.SimpleApplicationEventMulticaster.multicastEvent(SimpleApplicationEventMulticaster.java:139)
	at org.springframework.context.support.AbstractApplicationContext.publishEvent(AbstractApplicationContext.java:402)
	at org.springframework.context.support.AbstractApplicationContext.publishEvent(AbstractApplicationContext.java:359)
	at com.alibaba.cloud.nacos.discovery.NacosWatch.nacosServicesWatch(NacosWatch.java:120)
	at org.springframework.scheduling.support.DelegatingErrorHandlingRunnable.run(DelegatingErrorHandlingRunnable.java:54)
	at java.util.concurrent.Executors$RunnableAdapter.call(Executors.java:511)
	at java.util.concurrent.FutureTask.runAndReset$$$capture(FutureTask.java:308)
	at java.util.concurrent.FutureTask.runAndReset(FutureTask.java)
	at java.util.concurrent.ScheduledThreadPoolExecutor$ScheduledFutureTask.access$301(ScheduledThreadPoolExecutor.java:180)
	at java.util.concurrent.ScheduledThreadPoolExecutor$ScheduledFutureTask.run(ScheduledThreadPoolExecutor.java:294)
	at java.util.concurrent.ThreadPoolExecutor.runWorker(ThreadPoolExecutor.java:1142)
	at java.util.concurrent.ThreadPoolExecutor$Worker.run(ThreadPoolExecutor.java:617)
	at java.lang.Thread.run(Thread.java:748)
2022-07-26 19:11:19.906 [ThreadPoolTaskScheduler-1] ERROR c.a.cloud.nacos.discovery.NacosDiscoveryClient - get service name from nacos server fail,
java.lang.IllegalStateException: failed to req API:/nacos/v1/ns/service/list after all servers([172.16.10.204:8848]) tried: failed to req API:172.16.10.204:8848/nacos/v1/ns/service/list. code:500 msg: java.net.SocketTimeoutException: connect timed out
	at com.alibaba.nacos.client.naming.net.NamingProxy.reqAPI(NamingProxy.java:464)
	at com.alibaba.nacos.client.naming.net.NamingProxy.reqAPI(NamingProxy.java:430)
	at com.alibaba.nacos.client.naming.net.NamingProxy.reqAPI(NamingProxy.java:376)
	at com.alibaba.nacos.client.naming.net.NamingProxy.getServiceList(NamingProxy.java:358)
	at com.alibaba.nacos.client.naming.net.NamingProxy.getServiceList(NamingProxy.java:334)
	at com.alibaba.nacos.client.naming.NacosNamingService.getServicesOfServer(NacosNamingService.java:440)
	at com.alibaba.cloud.nacos.discovery.NacosDiscoveryClient.getServices(NacosDiscoveryClient.java:108)
	at org.springframework.cloud.client.discovery.composite.CompositeDiscoveryClient.getServices(CompositeDiscoveryClient.java:67)
	at org.springframework.cloud.gateway.discovery.DiscoveryClientRouteDefinitionLocator.getRouteDefinitions(DiscoveryClientRouteDefinitionLocator.java:96)
	at reactor.core.publisher.FluxFlatMap$FlatMapMain.onNext(FluxFlatMap.java:350)
	at reactor.core.publisher.FluxIterable$IterableSubscription.slowPath(FluxIterable.java:243)
	at reactor.core.publisher.FluxIterable$IterableSubscription.request(FluxIterable.java:201)
	at reactor.core.publisher.FluxFlatMap$FlatMapMain.onSubscribe(FluxFlatMap.java:335)
	at reactor.core.publisher.FluxIterable.subscribe(FluxIterable.java:139)
	at reactor.core.publisher.FluxIterable.subscribe(FluxIterable.java:63)
	at reactor.core.publisher.FluxFlatMap.subscribe(FluxFlatMap.java:97)
	at reactor.core.publisher.FluxOnAssembly.subscribe(FluxOnAssembly.java:122)
	at reactor.core.publisher.FluxMapFuseable.subscribe(FluxMapFuseable.java:63)
	at reactor.core.publisher.FluxOnAssembly.subscribe(FluxOnAssembly.java:122)
	at reactor.core.publisher.FluxMapFuseable.subscribe(FluxMapFuseable.java:63)
	at reactor.core.publisher.FluxOnAssembly.subscribe(FluxOnAssembly.java:122)
	at reactor.core.publisher.Flux.subscribe(Flux.java:7921)
	at reactor.core.publisher.FluxFlatMap$FlatMapMain.onNext(FluxFlatMap.java:389)
	at reactor.core.publisher.FluxIterable$IterableSubscription.slowPath(FluxIterable.java:243)
	at reactor.core.publisher.FluxIterable$IterableSubscription.request(FluxIterable.java:201)
	at reactor.core.publisher.FluxFlatMap$FlatMapMain.onSubscribe(FluxFlatMap.java:335)
	at reactor.core.publisher.FluxIterable.subscribe(FluxIterable.java:139)
	at reactor.core.publisher.FluxIterable.subscribe(FluxIterable.java:63)
	at reactor.core.publisher.FluxFlatMap.subscribe(FluxFlatMap.java:97)
	at reactor.core.publisher.FluxOnAssembly.subscribe(FluxOnAssembly.java:122)
	at reactor.core.publisher.MonoCollectList.subscribe(MonoCollectList.java:40)
	at reactor.core.publisher.MonoOnAssembly.subscribe(MonoOnAssembly.java:61)
	at reactor.core.publisher.MonoMapFuseable.subscribe(MonoMapFuseable.java:59)
	at reactor.core.publisher.MonoOnAssembly.subscribe(MonoOnAssembly.java:61)
	at reactor.core.publisher.MonoFlattenIterable.subscribe(MonoFlattenIterable.java:101)
	at reactor.core.publisher.FluxOnAssembly.subscribe(FluxOnAssembly.java:122)
	at reactor.core.publisher.FluxMaterialize.subscribe(FluxMaterialize.java:40)
	at reactor.core.publisher.FluxOnAssembly.subscribe(FluxOnAssembly.java:122)
	at reactor.core.publisher.MonoCollectList.subscribe(MonoCollectList.java:40)
	at reactor.core.publisher.MonoOnAssembly.subscribe(MonoOnAssembly.java:61)
	at reactor.core.publisher.MonoPeekFuseable.subscribe(MonoPeekFuseable.java:74)
	at reactor.core.publisher.MonoOnAssembly.subscribe(MonoOnAssembly.java:61)
	at reactor.core.publisher.MonoFlattenIterable.subscribe(MonoFlattenIterable.java:101)
	at reactor.core.publisher.FluxOnAssembly.subscribe(FluxOnAssembly.java:122)
	at reactor.core.publisher.FluxDematerialize.subscribe(FluxDematerialize.java:39)
	at reactor.core.publisher.FluxOnAssembly.subscribe(FluxOnAssembly.java:122)
	at reactor.core.publisher.FluxDefer.subscribe(FluxDefer.java:54)
	at reactor.core.publisher.Flux.subscribe(Flux.java:7921)
	at reactor.core.publisher.Flux.subscribeWith(Flux.java:8085)
	at reactor.core.publisher.Flux.subscribe(Flux.java:7914)
	at reactor.core.publisher.Flux.subscribe(Flux.java:7878)
	at reactor.core.publisher.Flux.subscribe(Flux.java:7796)
	at org.springframework.cloud.gateway.filter.WeightCalculatorWebFilter.lambda$onApplicationEvent$0(WeightCalculatorWebFilter.java:133)
	at org.springframework.beans.factory.ObjectProvider.ifAvailable(ObjectProvider.java:93)
	at org.springframework.cloud.gateway.filter.WeightCalculatorWebFilter.onApplicationEvent(WeightCalculatorWebFilter.java:133)
	at org.springframework.context.event.SimpleApplicationEventMulticaster.doInvokeListener(SimpleApplicationEventMulticaster.java:172)
	at org.springframework.context.event.SimpleApplicationEventMulticaster.invokeListener(SimpleApplicationEventMulticaster.java:165)
	at org.springframework.context.event.SimpleApplicationEventMulticaster.multicastEvent(SimpleApplicationEventMulticaster.java:139)
	at org.springframework.context.support.AbstractApplicationContext.publishEvent(AbstractApplicationContext.java:402)
	at org.springframework.context.support.AbstractApplicationContext.publishEvent(AbstractApplicationContext.java:359)
	at org.springframework.cloud.gateway.route.RouteRefreshListener.reset(RouteRefreshListener.java:68)
	at org.springframework.cloud.gateway.route.RouteRefreshListener.resetIfNeeded(RouteRefreshListener.java:63)
	at org.springframework.cloud.gateway.route.RouteRefreshListener.onApplicationEvent(RouteRefreshListener.java:57)
	at org.springframework.context.event.SimpleApplicationEventMulticaster.doInvokeListener(SimpleApplicationEventMulticaster.java:172)
	at org.springframework.context.event.SimpleApplicationEventMulticaster.invokeListener(SimpleApplicationEventMulticaster.java:165)
	at org.springframework.context.event.SimpleApplicationEventMulticaster.multicastEvent(SimpleApplicationEventMulticaster.java:139)
	at org.springframework.context.support.AbstractApplicationContext.publishEvent(AbstractApplicationContext.java:402)
	at org.springframework.context.support.AbstractApplicationContext.publishEvent(AbstractApplicationContext.java:359)
	at com.alibaba.cloud.nacos.discovery.NacosWatch.nacosServicesWatch(NacosWatch.java:120)
	at org.springframework.scheduling.support.DelegatingErrorHandlingRunnable.run(DelegatingErrorHandlingRunnable.java:54)
	at java.util.concurrent.Executors$RunnableAdapter.call(Executors.java:511)
	at java.util.concurrent.FutureTask.runAndReset$$$capture(FutureTask.java:308)
	at java.util.concurrent.FutureTask.runAndReset(FutureTask.java)
	at java.util.concurrent.ScheduledThreadPoolExecutor$ScheduledFutureTask.access$301(ScheduledThreadPoolExecutor.java:180)
	at java.util.concurrent.ScheduledThreadPoolExecutor$ScheduledFutureTask.run(ScheduledThreadPoolExecutor.java:294)
	at java.util.concurrent.ThreadPoolExecutor.runWorker(ThreadPoolExecutor.java:1142)
	at java.util.concurrent.ThreadPoolExecutor$Worker.run(ThreadPoolExecutor.java:617)
	at java.lang.Thread.run(Thread.java:748)
2022-07-26 20:19:10.762 [Thread-50] INFO  com.netflix.loadbalancer.PollingServerListUpdater - Shutting down the Executor Pool for PollingServerListUpdater
2022-07-26 20:19:10.803 [Thread-34] INFO  c.a.cloud.nacos.registry.NacosServiceRegistry - De-registering from Nacos Server now...
2022-07-26 20:19:11.054 [Thread-34] INFO  c.a.cloud.nacos.registry.NacosServiceRegistry - De-registration finished.
2022-07-26 20:19:38.664 [restartedMain] INFO  o.s.b.d.env.DevToolsPropertyDefaultsPostProcessor - Devtools property defaults active! Set 'spring.devtools.add-properties' to 'false' to disable
2022-07-26 20:19:38.928 [restartedMain] INFO  o.s.c.s.PostProcessorRegistrationDelegate$BeanPostProcessorChecker - Bean 'org.springframework.cloud.autoconfigure.ConfigurationPropertiesRebinderAutoConfiguration' of type [org.springframework.cloud.autoconfigure.ConfigurationPropertiesRebinderAutoConfiguration$$EnhancerBySpringCGLIB$$d9c50978] is not eligible for getting processed by all BeanPostProcessors (for example: not eligible for auto-proxying)
2022-07-26 20:19:39.211 [restartedMain] INFO  c.a.cloud.nacos.client.NacosPropertySourceBuilder - Loading nacos data, dataId: 'hc-openway-ms.yaml', group: 'DEFAULT_GROUP'
2022-07-26 20:19:39.225 [restartedMain] INFO  o.s.c.b.c.PropertySourceBootstrapConfiguration - Located property source: CompositePropertySource {name='NACOS', propertySources=[NacosPropertySource {name='hc-openway-ms-dev.yaml'}, NacosPropertySource {name='hc-openway-ms.yaml'}]}
2022-07-26 20:19:39.935 [restartedMain] WARN  o.springframework.boot.actuate.endpoint.EndpointId - Endpoint ID 'nacos-config' contains invalid characters, please migrate to a valid format.
2022-07-26 20:19:39.939 [restartedMain] WARN  o.springframework.boot.actuate.endpoint.EndpointId - Endpoint ID 'nacos-discovery' contains invalid characters, please migrate to a valid format.
2022-07-26 20:19:40.150 [restartedMain] WARN  o.springframework.boot.actuate.endpoint.EndpointId - Endpoint ID 'service-registry' contains invalid characters, please migrate to a valid format.
2022-07-26 20:19:40.352 [restartedMain] INFO  o.springframework.cloud.context.scope.GenericScope - BeanFactory id=4b82b837-ca28-3b6d-8d6f-cd80c4d7825f
2022-07-26 20:19:40.443 [restartedMain] INFO  o.s.c.s.PostProcessorRegistrationDelegate$BeanPostProcessorChecker - Bean 'org.springframework.cloud.autoconfigure.ConfigurationPropertiesRebinderAutoConfiguration' of type [org.springframework.cloud.autoconfigure.ConfigurationPropertiesRebinderAutoConfiguration$$EnhancerBySpringCGLIB$$d9c50978] is not eligible for getting processed by all BeanPostProcessors (for example: not eligible for auto-proxying)
2022-07-26 20:19:41.037 [restartedMain] WARN  com.netflix.config.sources.URLConfigurationSource - No URLs will be polled as dynamic configuration sources.
2022-07-26 20:19:41.037 [restartedMain] INFO  com.netflix.config.sources.URLConfigurationSource - To enable URLs as dynamic configuration sources, define System property archaius.configurationSource.additionalUrls or make config.properties available on classpath.
2022-07-26 20:19:41.043 [restartedMain] WARN  com.netflix.config.sources.URLConfigurationSource - No URLs will be polled as dynamic configuration sources.
2022-07-26 20:19:41.044 [restartedMain] INFO  com.netflix.config.sources.URLConfigurationSource - To enable URLs as dynamic configuration sources, define System property archaius.configurationSource.additionalUrls or make config.properties available on classpath.
2022-07-26 20:19:41.797 [restartedMain] INFO  o.s.c.gateway.route.RouteDefinitionRouteLocator - Loaded RoutePredicateFactory [After]
2022-07-26 20:19:41.797 [restartedMain] INFO  o.s.c.gateway.route.RouteDefinitionRouteLocator - Loaded RoutePredicateFactory [Before]
2022-07-26 20:19:41.797 [restartedMain] INFO  o.s.c.gateway.route.RouteDefinitionRouteLocator - Loaded RoutePredicateFactory [Between]
2022-07-26 20:19:41.797 [restartedMain] INFO  o.s.c.gateway.route.RouteDefinitionRouteLocator - Loaded RoutePredicateFactory [Cookie]
2022-07-26 20:19:41.797 [restartedMain] INFO  o.s.c.gateway.route.RouteDefinitionRouteLocator - Loaded RoutePredicateFactory [Header]
2022-07-26 20:19:41.797 [restartedMain] INFO  o.s.c.gateway.route.RouteDefinitionRouteLocator - Loaded RoutePredicateFactory [Host]
2022-07-26 20:19:41.797 [restartedMain] INFO  o.s.c.gateway.route.RouteDefinitionRouteLocator - Loaded RoutePredicateFactory [Method]
2022-07-26 20:19:41.797 [restartedMain] INFO  o.s.c.gateway.route.RouteDefinitionRouteLocator - Loaded RoutePredicateFactory [Path]
2022-07-26 20:19:41.797 [restartedMain] INFO  o.s.c.gateway.route.RouteDefinitionRouteLocator - Loaded RoutePredicateFactory [Query]
2022-07-26 20:19:41.797 [restartedMain] INFO  o.s.c.gateway.route.RouteDefinitionRouteLocator - Loaded RoutePredicateFactory [ReadBodyPredicateFactory]
2022-07-26 20:19:41.798 [restartedMain] INFO  o.s.c.gateway.route.RouteDefinitionRouteLocator - Loaded RoutePredicateFactory [RemoteAddr]
2022-07-26 20:19:41.798 [restartedMain] INFO  o.s.c.gateway.route.RouteDefinitionRouteLocator - Loaded RoutePredicateFactory [Weight]
2022-07-26 20:19:41.798 [restartedMain] INFO  o.s.c.gateway.route.RouteDefinitionRouteLocator - Loaded RoutePredicateFactory [CloudFoundryRouteService]
2022-07-26 20:19:42.230 [restartedMain] INFO  o.s.b.actuate.endpoint.web.EndpointLinksResolver - Exposing 22 endpoint(s) beneath base path '/actuator'
2022-07-26 20:19:42.394 [restartedMain] INFO  o.s.scheduling.concurrent.ThreadPoolTaskScheduler - Initializing ExecutorService
2022-07-26 20:19:42.658 [restartedMain] WARN  o.s.b.d.autoconfigure.OptionalLiveReloadServer - Unable to start LiveReload server
2022-07-26 20:19:43.328 [restartedMain] INFO  o.s.boot.web.embedded.netty.NettyWebServer - Netty started on port(s): 10612
2022-07-26 20:19:43.379 [restartedMain] INFO  c.a.cloud.nacos.registry.NacosServiceRegistry - nacos registry, HC-OPENWAY-ms 172.16.4.2:10612 register finished
