2022-11-07 10:29:38.632 [restartedMain] INFO  o.s.b.d.env.DevToolsPropertyDefaultsPostProcessor - Devtools property defaults active! Set 'spring.devtools.add-properties' to 'false' to disable
2022-11-07 10:29:38.788 [restartedMain] INFO  o.s.c.s.PostProcessorRegistrationDelegate$BeanPostProcessorChecker - Bean 'org.springframework.cloud.autoconfigure.ConfigurationPropertiesRebinderAutoConfiguration' of type [org.springframework.cloud.autoconfigure.ConfigurationPropertiesRebinderAutoConfiguration$$EnhancerBySpringCGLIB$$abed0fb8] is not eligible for getting processed by all BeanPostProcessors (for example: not eligible for auto-proxying)
2022-11-07 10:29:40.135 [restartedMain] INFO  c.a.cloud.nacos.client.NacosPropertySourceBuilder - Loading nacos data, dataId: 'hc-openway-ms.yaml', group: 'DEFAULT_GROUP'
2022-11-07 10:29:40.150 [restartedMain] INFO  o.s.c.b.c.PropertySourceBootstrapConfiguration - Located property source: CompositePropertySource {name='NACOS', propertySources=[NacosPropertySource {name='hc-openway-ms-dev.yaml'}, NacosPropertySource {name='hc-openway-ms.yaml'}]}
2022-11-07 10:29:40.803 [restartedMain] WARN  o.springframework.boot.actuate.endpoint.EndpointId - Endpoint ID 'nacos-config' contains invalid characters, please migrate to a valid format.
2022-11-07 10:29:40.805 [restartedMain] WARN  o.springframework.boot.actuate.endpoint.EndpointId - Endpoint ID 'nacos-discovery' contains invalid characters, please migrate to a valid format.
2022-11-07 10:29:40.934 [restartedMain] WARN  o.springframework.boot.actuate.endpoint.EndpointId - Endpoint ID 'service-registry' contains invalid characters, please migrate to a valid format.
2022-11-07 10:29:41.047 [restartedMain] INFO  o.springframework.cloud.context.scope.GenericScope - BeanFactory id=bab1e518-2a4c-3112-95cf-626eb91e8e39
2022-11-07 10:29:41.111 [restartedMain] INFO  o.s.c.s.PostProcessorRegistrationDelegate$BeanPostProcessorChecker - Bean 'org.springframework.cloud.autoconfigure.ConfigurationPropertiesRebinderAutoConfiguration' of type [org.springframework.cloud.autoconfigure.ConfigurationPropertiesRebinderAutoConfiguration$$EnhancerBySpringCGLIB$$abed0fb8] is not eligible for getting processed by all BeanPostProcessors (for example: not eligible for auto-proxying)
2022-11-07 10:29:42.400 [restartedMain] INFO  org.springframework.cloud.commons.util.InetUtils - Cannot determine local hostname
2022-11-07 10:29:43.544 [restartedMain] INFO  org.springframework.cloud.commons.util.InetUtils - Cannot determine local hostname
2022-11-07 10:29:43.670 [restartedMain] WARN  com.netflix.config.sources.URLConfigurationSource - No URLs will be polled as dynamic configuration sources.
2022-11-07 10:29:43.671 [restartedMain] INFO  com.netflix.config.sources.URLConfigurationSource - To enable URLs as dynamic configuration sources, define System property archaius.configurationSource.additionalUrls or make config.properties available on classpath.
2022-11-07 10:29:43.673 [restartedMain] WARN  com.netflix.config.sources.URLConfigurationSource - No URLs will be polled as dynamic configuration sources.
2022-11-07 10:29:43.673 [restartedMain] INFO  com.netflix.config.sources.URLConfigurationSource - To enable URLs as dynamic configuration sources, define System property archaius.configurationSource.additionalUrls or make config.properties available on classpath.
2022-11-07 10:29:44.120 [restartedMain] INFO  o.s.c.gateway.route.RouteDefinitionRouteLocator - Loaded RoutePredicateFactory [After]
2022-11-07 10:29:44.120 [restartedMain] INFO  o.s.c.gateway.route.RouteDefinitionRouteLocator - Loaded RoutePredicateFactory [Before]
2022-11-07 10:29:44.120 [restartedMain] INFO  o.s.c.gateway.route.RouteDefinitionRouteLocator - Loaded RoutePredicateFactory [Between]
2022-11-07 10:29:44.120 [restartedMain] INFO  o.s.c.gateway.route.RouteDefinitionRouteLocator - Loaded RoutePredicateFactory [Cookie]
2022-11-07 10:29:44.120 [restartedMain] INFO  o.s.c.gateway.route.RouteDefinitionRouteLocator - Loaded RoutePredicateFactory [Header]
2022-11-07 10:29:44.120 [restartedMain] INFO  o.s.c.gateway.route.RouteDefinitionRouteLocator - Loaded RoutePredicateFactory [Host]
2022-11-07 10:29:44.121 [restartedMain] INFO  o.s.c.gateway.route.RouteDefinitionRouteLocator - Loaded RoutePredicateFactory [Method]
2022-11-07 10:29:44.121 [restartedMain] INFO  o.s.c.gateway.route.RouteDefinitionRouteLocator - Loaded RoutePredicateFactory [Path]
2022-11-07 10:29:44.121 [restartedMain] INFO  o.s.c.gateway.route.RouteDefinitionRouteLocator - Loaded RoutePredicateFactory [Query]
2022-11-07 10:29:44.121 [restartedMain] INFO  o.s.c.gateway.route.RouteDefinitionRouteLocator - Loaded RoutePredicateFactory [ReadBodyPredicateFactory]
2022-11-07 10:29:44.121 [restartedMain] INFO  o.s.c.gateway.route.RouteDefinitionRouteLocator - Loaded RoutePredicateFactory [RemoteAddr]
2022-11-07 10:29:44.121 [restartedMain] INFO  o.s.c.gateway.route.RouteDefinitionRouteLocator - Loaded RoutePredicateFactory [Weight]
2022-11-07 10:29:44.121 [restartedMain] INFO  o.s.c.gateway.route.RouteDefinitionRouteLocator - Loaded RoutePredicateFactory [CloudFoundryRouteService]
2022-11-07 10:29:44.333 [restartedMain] INFO  o.s.b.actuate.endpoint.web.EndpointLinksResolver - Exposing 22 endpoint(s) beneath base path '/actuator'
2022-11-07 10:29:44.420 [restartedMain] INFO  o.s.scheduling.concurrent.ThreadPoolTaskScheduler - Initializing ExecutorService
2022-11-07 10:29:44.544 [restartedMain] WARN  o.s.b.d.autoconfigure.OptionalLiveReloadServer - Unable to start LiveReload server
2022-11-07 10:29:44.924 [restartedMain] INFO  o.s.boot.web.embedded.netty.NettyWebServer - Netty started on port(s): 10612
2022-11-07 10:29:46.026 [restartedMain] INFO  org.springframework.cloud.commons.util.InetUtils - Cannot determine local hostname
2022-11-07 10:29:46.042 [restartedMain] INFO  c.a.cloud.nacos.registry.NacosServiceRegistry - nacos registry, HC-OPENWAY-ms 192.168.35.1:10612 register finished
2022-11-07 10:31:09.482 [reactor-http-nio-2] INFO  com.netflix.config.ChainedDynamicProperty - Flipping property: HC-LABMON-ms.ribbon.ActiveConnectionsLimit to use NEXT property: niws.loadbalancer.availabilityFilteringRule.activeConnectionsLimit = 2147483647
2022-11-07 10:31:09.494 [reactor-http-nio-2] INFO  com.netflix.loadbalancer.BaseLoadBalancer - Client: HC-LABMON-ms instantiated a LoadBalancer: DynamicServerListLoadBalancer:{NFLoadBalancer:name=HC-LABMON-ms,current list of Servers=[],Load balancer stats=Zone stats: {},Server stats: []}ServerList:null
2022-11-07 10:31:09.498 [reactor-http-nio-2] INFO  c.n.loadbalancer.DynamicServerListLoadBalancer - Using serverListUpdater PollingServerListUpdater
2022-11-07 10:31:09.507 [reactor-http-nio-2] INFO  com.netflix.config.ChainedDynamicProperty - Flipping property: HC-LABMON-ms.ribbon.ActiveConnectionsLimit to use NEXT property: niws.loadbalancer.availabilityFilteringRule.activeConnectionsLimit = 2147483647
2022-11-07 10:31:09.508 [reactor-http-nio-2] INFO  c.n.loadbalancer.DynamicServerListLoadBalancer - DynamicServerListLoadBalancer for client HC-LABMON-ms initialized: DynamicServerListLoadBalancer:{NFLoadBalancer:name=HC-LABMON-ms,current list of Servers=[192.168.35.1:10620],Load balancer stats=Zone stats: {unknown=[Zone:unknown;	Instance count:1;	Active connections count: 0;	Circuit breaker tripped count: 0;	Active connections per server: 0.0;]
},Server stats: [[Server:192.168.35.1:10620;	Zone:UNKNOWN;	Total Requests:0;	Successive connection failure:0;	Total blackout seconds:0;	Last connection made:Thu Jan 01 08:00:00 CST 1970;	First connection made: Thu Jan 01 08:00:00 CST 1970;	Active Connections:0;	total failure count in last (1000) msecs:0;	average resp time:0.0;	90 percentile resp time:0.0;	95 percentile resp time:0.0;	min resp time:0.0;	max resp time:0.0;	stddev resp time:0.0]
]}ServerList:com.alibaba.cloud.nacos.ribbon.NacosServerList@5b42fe20
2022-11-07 10:31:10.502 [PollingServerListUpdater-0] INFO  com.netflix.config.ChainedDynamicProperty - Flipping property: HC-LABMON-ms.ribbon.ActiveConnectionsLimit to use NEXT property: niws.loadbalancer.availabilityFilteringRule.activeConnectionsLimit = 2147483647
2022-11-07 10:31:25.377 [reactor-http-nio-2] INFO  com.netflix.config.ChainedDynamicProperty - Flipping property: HC-USERPROFILE-ms.ribbon.ActiveConnectionsLimit to use NEXT property: niws.loadbalancer.availabilityFilteringRule.activeConnectionsLimit = 2147483647
2022-11-07 10:31:25.378 [reactor-http-nio-2] INFO  com.netflix.loadbalancer.BaseLoadBalancer - Client: HC-USERPROFILE-ms instantiated a LoadBalancer: DynamicServerListLoadBalancer:{NFLoadBalancer:name=HC-USERPROFILE-ms,current list of Servers=[],Load balancer stats=Zone stats: {},Server stats: []}ServerList:null
2022-11-07 10:31:25.380 [reactor-http-nio-2] INFO  c.n.loadbalancer.DynamicServerListLoadBalancer - Using serverListUpdater PollingServerListUpdater
2022-11-07 10:31:25.381 [reactor-http-nio-2] INFO  com.netflix.config.ChainedDynamicProperty - Flipping property: HC-USERPROFILE-ms.ribbon.ActiveConnectionsLimit to use NEXT property: niws.loadbalancer.availabilityFilteringRule.activeConnectionsLimit = 2147483647
2022-11-07 10:31:25.381 [reactor-http-nio-2] INFO  c.n.loadbalancer.DynamicServerListLoadBalancer - DynamicServerListLoadBalancer for client HC-USERPROFILE-ms initialized: DynamicServerListLoadBalancer:{NFLoadBalancer:name=HC-USERPROFILE-ms,current list of Servers=[192.168.35.1:10614],Load balancer stats=Zone stats: {unknown=[Zone:unknown;	Instance count:1;	Active connections count: 0;	Circuit breaker tripped count: 0;	Active connections per server: 0.0;]
},Server stats: [[Server:192.168.35.1:10614;	Zone:UNKNOWN;	Total Requests:0;	Successive connection failure:0;	Total blackout seconds:0;	Last connection made:Thu Jan 01 08:00:00 CST 1970;	First connection made: Thu Jan 01 08:00:00 CST 1970;	Active Connections:0;	total failure count in last (1000) msecs:0;	average resp time:0.0;	90 percentile resp time:0.0;	95 percentile resp time:0.0;	min resp time:0.0;	max resp time:0.0;	stddev resp time:0.0]
]}ServerList:com.alibaba.cloud.nacos.ribbon.NacosServerList@580aa4ab
2022-11-07 10:31:26.387 [PollingServerListUpdater-0] INFO  com.netflix.config.ChainedDynamicProperty - Flipping property: HC-USERPROFILE-ms.ribbon.ActiveConnectionsLimit to use NEXT property: niws.loadbalancer.availabilityFilteringRule.activeConnectionsLimit = 2147483647
2022-11-07 10:31:35.353 [reactor-http-nio-2] ERROR o.s.web.server.adapter.HttpWebHandlerAdapter - [c329b5fb] Error [java.io.IOException: 你的主机中的软件中止了一个已建立的连接。] for HTTP GET "/labmon/app/getEquipmentNum?hospitalCode=H0006", but ServerHttpResponse already committed (200 OK)
2022-11-07 10:31:35.353 [reactor-http-nio-1] ERROR o.s.web.server.adapter.HttpWebHandlerAdapter - [23057554] Error [java.io.IOException: 你的主机中的软件中止了一个已建立的连接。] for HTTP GET "/labmon/app/getEquipmentNum?hospitalCode=H0006", but ServerHttpResponse already committed (200 OK)
2022-11-07 10:31:35.353 [reactor-http-nio-12] ERROR o.s.web.server.adapter.HttpWebHandlerAdapter - [b9df9960] Error [java.io.IOException: 你的主机中的软件中止了一个已建立的连接。] for HTTP GET "/labmon/app/getEquipmentNum?hospitalCode=H0006", but ServerHttpResponse already committed (200 OK)
2022-11-07 10:31:35.406 [reactor-http-nio-3] ERROR o.s.web.server.adapter.HttpWebHandlerAdapter - [f1f738b2] Error [java.io.IOException: 你的主机中的软件中止了一个已建立的连接。] for HTTP GET "/labmon/equipmentInfo/findHospitalInfo?hospitalCode=H0006", but ServerHttpResponse already committed (200 OK)
2022-11-07 15:09:44.632 [Thread-64] INFO  com.netflix.loadbalancer.PollingServerListUpdater - Shutting down the Executor Pool for PollingServerListUpdater
2022-11-07 15:09:44.715 [Thread-43] INFO  c.a.cloud.nacos.registry.NacosServiceRegistry - De-registering from Nacos Server now...
2022-11-07 15:09:44.719 [Thread-43] INFO  c.a.cloud.nacos.registry.NacosServiceRegistry - De-registration finished.
