2022-11-09 16:36:26.318 [restartedMain] INFO  o.s.b.d.env.DevToolsPropertyDefaultsPostProcessor - Devtools property defaults active! Set 'spring.devtools.add-properties' to 'false' to disable
2022-11-09 16:36:26.605 [restartedMain] INFO  o.s.c.s.PostProcessorRegistrationDelegate$BeanPostProcessorChecker - Bean 'org.springframework.cloud.autoconfigure.ConfigurationPropertiesRebinderAutoConfiguration' of type [org.springframework.cloud.autoconfigure.ConfigurationPropertiesRebinderAutoConfiguration$$EnhancerBySpringCGLIB$$ff05ce85] is not eligible for getting processed by all BeanPostProcessors (for example: not eligible for auto-proxying)
2022-11-09 16:36:27.984 [restartedMain] INFO  c.a.cloud.nacos.client.NacosPropertySourceBuilder - Loading nacos data, dataId: 'hc-openway-ms.yaml', group: 'DEFAULT_GROUP'
2022-11-09 16:36:27.993 [restartedMain] INFO  o.s.c.b.c.PropertySourceBootstrapConfiguration - Located property source: CompositePropertySource {name='NACOS', propertySources=[NacosPropertySource {name='hc-openway-ms-dev.yaml'}, NacosPropertySource {name='hc-openway-ms.yaml'}]}
2022-11-09 16:36:28.794 [restartedMain] WARN  o.springframework.boot.actuate.endpoint.EndpointId - Endpoint ID 'nacos-config' contains invalid characters, please migrate to a valid format.
2022-11-09 16:36:28.799 [restartedMain] WARN  o.springframework.boot.actuate.endpoint.EndpointId - Endpoint ID 'nacos-discovery' contains invalid characters, please migrate to a valid format.
2022-11-09 16:36:29.035 [restartedMain] WARN  o.springframework.boot.actuate.endpoint.EndpointId - Endpoint ID 'service-registry' contains invalid characters, please migrate to a valid format.
2022-11-09 16:36:29.245 [restartedMain] INFO  o.springframework.cloud.context.scope.GenericScope - BeanFactory id=bab1e518-2a4c-3112-95cf-626eb91e8e39
2022-11-09 16:36:29.337 [restartedMain] INFO  o.s.c.s.PostProcessorRegistrationDelegate$BeanPostProcessorChecker - Bean 'org.springframework.cloud.autoconfigure.ConfigurationPropertiesRebinderAutoConfiguration' of type [org.springframework.cloud.autoconfigure.ConfigurationPropertiesRebinderAutoConfiguration$$EnhancerBySpringCGLIB$$ff05ce85] is not eligible for getting processed by all BeanPostProcessors (for example: not eligible for auto-proxying)
2022-11-09 16:36:30.723 [restartedMain] INFO  org.springframework.cloud.commons.util.InetUtils - Cannot determine local hostname
2022-11-09 16:36:31.877 [restartedMain] INFO  org.springframework.cloud.commons.util.InetUtils - Cannot determine local hostname
2022-11-09 16:36:32.043 [restartedMain] WARN  com.netflix.config.sources.URLConfigurationSource - No URLs will be polled as dynamic configuration sources.
2022-11-09 16:36:32.043 [restartedMain] INFO  com.netflix.config.sources.URLConfigurationSource - To enable URLs as dynamic configuration sources, define System property archaius.configurationSource.additionalUrls or make config.properties available on classpath.
2022-11-09 16:36:32.047 [restartedMain] WARN  com.netflix.config.sources.URLConfigurationSource - No URLs will be polled as dynamic configuration sources.
2022-11-09 16:36:32.047 [restartedMain] INFO  com.netflix.config.sources.URLConfigurationSource - To enable URLs as dynamic configuration sources, define System property archaius.configurationSource.additionalUrls or make config.properties available on classpath.
2022-11-09 16:36:32.768 [restartedMain] INFO  o.s.c.gateway.route.RouteDefinitionRouteLocator - Loaded RoutePredicateFactory [After]
2022-11-09 16:36:32.768 [restartedMain] INFO  o.s.c.gateway.route.RouteDefinitionRouteLocator - Loaded RoutePredicateFactory [Before]
2022-11-09 16:36:32.768 [restartedMain] INFO  o.s.c.gateway.route.RouteDefinitionRouteLocator - Loaded RoutePredicateFactory [Between]
2022-11-09 16:36:32.768 [restartedMain] INFO  o.s.c.gateway.route.RouteDefinitionRouteLocator - Loaded RoutePredicateFactory [Cookie]
2022-11-09 16:36:32.768 [restartedMain] INFO  o.s.c.gateway.route.RouteDefinitionRouteLocator - Loaded RoutePredicateFactory [Header]
2022-11-09 16:36:32.768 [restartedMain] INFO  o.s.c.gateway.route.RouteDefinitionRouteLocator - Loaded RoutePredicateFactory [Host]
2022-11-09 16:36:32.768 [restartedMain] INFO  o.s.c.gateway.route.RouteDefinitionRouteLocator - Loaded RoutePredicateFactory [Method]
2022-11-09 16:36:32.768 [restartedMain] INFO  o.s.c.gateway.route.RouteDefinitionRouteLocator - Loaded RoutePredicateFactory [Path]
2022-11-09 16:36:32.768 [restartedMain] INFO  o.s.c.gateway.route.RouteDefinitionRouteLocator - Loaded RoutePredicateFactory [Query]
2022-11-09 16:36:32.768 [restartedMain] INFO  o.s.c.gateway.route.RouteDefinitionRouteLocator - Loaded RoutePredicateFactory [ReadBodyPredicateFactory]
2022-11-09 16:36:32.768 [restartedMain] INFO  o.s.c.gateway.route.RouteDefinitionRouteLocator - Loaded RoutePredicateFactory [RemoteAddr]
2022-11-09 16:36:32.768 [restartedMain] INFO  o.s.c.gateway.route.RouteDefinitionRouteLocator - Loaded RoutePredicateFactory [Weight]
2022-11-09 16:36:32.768 [restartedMain] INFO  o.s.c.gateway.route.RouteDefinitionRouteLocator - Loaded RoutePredicateFactory [CloudFoundryRouteService]
2022-11-09 16:36:33.142 [restartedMain] INFO  o.s.b.actuate.endpoint.web.EndpointLinksResolver - Exposing 22 endpoint(s) beneath base path '/actuator'
2022-11-09 16:36:33.241 [restartedMain] INFO  o.s.scheduling.concurrent.ThreadPoolTaskScheduler - Initializing ExecutorService
2022-11-09 16:36:33.375 [restartedMain] WARN  o.s.b.d.autoconfigure.OptionalLiveReloadServer - Unable to start LiveReload server
2022-11-09 16:36:33.901 [restartedMain] INFO  o.s.boot.web.embedded.netty.NettyWebServer - Netty started on port(s): 10612
2022-11-09 16:36:35.029 [restartedMain] INFO  org.springframework.cloud.commons.util.InetUtils - Cannot determine local hostname
2022-11-09 16:36:35.036 [restartedMain] INFO  c.a.cloud.nacos.registry.NacosServiceRegistry - nacos registry, HC-OPENWAY-ms 192.168.35.1:10612 register finished
2022-11-09 16:42:27.963 [Thread-44] INFO  c.a.cloud.nacos.registry.NacosServiceRegistry - De-registering from Nacos Server now...
2022-11-09 16:42:27.965 [Thread-44] INFO  c.a.cloud.nacos.registry.NacosServiceRegistry - De-registration finished.
