2022-06-10 09:03:14.402 [restartedMain] INFO  o.s.b.d.env.DevToolsPropertyDefaultsPostProcessor - Devtools property defaults active! Set 'spring.devtools.add-properties' to 'false' to disable
2022-06-10 09:03:14.654 [restartedMain] INFO  o.s.c.s.PostProcessorRegistrationDelegate$BeanPostProcessorChecker - Bean 'org.springframework.cloud.autoconfigure.ConfigurationPropertiesRebinderAutoConfiguration' of type [org.springframework.cloud.autoconfigure.ConfigurationPropertiesRebinderAutoConfiguration$$EnhancerBySpringCGLIB$$ae381327] is not eligible for getting processed by all BeanPostProcessors (for example: not eligible for auto-proxying)
2022-06-10 09:03:14.900 [restartedMain] INFO  c.a.cloud.nacos.client.NacosPropertySourceBuilder - Loading nacos data, dataId: 'hc-openway-ms.yaml', group: 'DEFAULT_GROUP'
2022-06-10 09:03:14.914 [restartedMain] INFO  o.s.c.b.c.PropertySourceBootstrapConfiguration - Located property source: CompositePropertySource {name='NACOS', propertySources=[NacosPropertySource {name='hc-openway-ms-dev.yaml'}, NacosPropertySource {name='hc-openway-ms.yaml'}]}
2022-06-10 09:03:15.637 [restartedMain] WARN  o.springframework.boot.actuate.endpoint.EndpointId - Endpoint ID 'nacos-config' contains invalid characters, please migrate to a valid format.
2022-06-10 09:03:15.640 [restartedMain] WARN  o.springframework.boot.actuate.endpoint.EndpointId - Endpoint ID 'nacos-discovery' contains invalid characters, please migrate to a valid format.
2022-06-10 09:03:15.819 [restartedMain] WARN  o.springframework.boot.actuate.endpoint.EndpointId - Endpoint ID 'service-registry' contains invalid characters, please migrate to a valid format.
2022-06-10 09:03:15.950 [restartedMain] INFO  o.springframework.cloud.context.scope.GenericScope - BeanFactory id=4b82b837-ca28-3b6d-8d6f-cd80c4d7825f
2022-06-10 09:03:16.034 [restartedMain] INFO  o.s.c.s.PostProcessorRegistrationDelegate$BeanPostProcessorChecker - Bean 'org.springframework.cloud.autoconfigure.ConfigurationPropertiesRebinderAutoConfiguration' of type [org.springframework.cloud.autoconfigure.ConfigurationPropertiesRebinderAutoConfiguration$$EnhancerBySpringCGLIB$$ae381327] is not eligible for getting processed by all BeanPostProcessors (for example: not eligible for auto-proxying)
2022-06-10 09:03:16.553 [restartedMain] WARN  com.netflix.config.sources.URLConfigurationSource - No URLs will be polled as dynamic configuration sources.
2022-06-10 09:03:16.553 [restartedMain] INFO  com.netflix.config.sources.URLConfigurationSource - To enable URLs as dynamic configuration sources, define System property archaius.configurationSource.additionalUrls or make config.properties available on classpath.
2022-06-10 09:03:16.557 [restartedMain] WARN  com.netflix.config.sources.URLConfigurationSource - No URLs will be polled as dynamic configuration sources.
2022-06-10 09:03:16.557 [restartedMain] INFO  com.netflix.config.sources.URLConfigurationSource - To enable URLs as dynamic configuration sources, define System property archaius.configurationSource.additionalUrls or make config.properties available on classpath.
2022-06-10 09:03:17.179 [restartedMain] INFO  o.s.c.gateway.route.RouteDefinitionRouteLocator - Loaded RoutePredicateFactory [After]
2022-06-10 09:03:17.179 [restartedMain] INFO  o.s.c.gateway.route.RouteDefinitionRouteLocator - Loaded RoutePredicateFactory [Before]
2022-06-10 09:03:17.179 [restartedMain] INFO  o.s.c.gateway.route.RouteDefinitionRouteLocator - Loaded RoutePredicateFactory [Between]
2022-06-10 09:03:17.179 [restartedMain] INFO  o.s.c.gateway.route.RouteDefinitionRouteLocator - Loaded RoutePredicateFactory [Cookie]
2022-06-10 09:03:17.179 [restartedMain] INFO  o.s.c.gateway.route.RouteDefinitionRouteLocator - Loaded RoutePredicateFactory [Header]
2022-06-10 09:03:17.179 [restartedMain] INFO  o.s.c.gateway.route.RouteDefinitionRouteLocator - Loaded RoutePredicateFactory [Host]
2022-06-10 09:03:17.179 [restartedMain] INFO  o.s.c.gateway.route.RouteDefinitionRouteLocator - Loaded RoutePredicateFactory [Method]
2022-06-10 09:03:17.179 [restartedMain] INFO  o.s.c.gateway.route.RouteDefinitionRouteLocator - Loaded RoutePredicateFactory [Path]
2022-06-10 09:03:17.179 [restartedMain] INFO  o.s.c.gateway.route.RouteDefinitionRouteLocator - Loaded RoutePredicateFactory [Query]
2022-06-10 09:03:17.179 [restartedMain] INFO  o.s.c.gateway.route.RouteDefinitionRouteLocator - Loaded RoutePredicateFactory [ReadBodyPredicateFactory]
2022-06-10 09:03:17.179 [restartedMain] INFO  o.s.c.gateway.route.RouteDefinitionRouteLocator - Loaded RoutePredicateFactory [RemoteAddr]
2022-06-10 09:03:17.179 [restartedMain] INFO  o.s.c.gateway.route.RouteDefinitionRouteLocator - Loaded RoutePredicateFactory [Weight]
2022-06-10 09:03:17.179 [restartedMain] INFO  o.s.c.gateway.route.RouteDefinitionRouteLocator - Loaded RoutePredicateFactory [CloudFoundryRouteService]
2022-06-10 09:03:17.638 [restartedMain] INFO  o.s.b.actuate.endpoint.web.EndpointLinksResolver - Exposing 22 endpoint(s) beneath base path '/actuator'
2022-06-10 09:03:17.795 [restartedMain] INFO  o.s.scheduling.concurrent.ThreadPoolTaskScheduler - Initializing ExecutorService
2022-06-10 09:03:18.082 [restartedMain] WARN  o.s.b.d.autoconfigure.OptionalLiveReloadServer - Unable to start LiveReload server
2022-06-10 09:03:18.818 [restartedMain] INFO  o.s.boot.web.embedded.netty.NettyWebServer - Netty started on port(s): 10612
2022-06-10 09:03:18.884 [restartedMain] INFO  c.a.cloud.nacos.registry.NacosServiceRegistry - nacos registry, HC-OPENWAY-ms 172.16.4.2:10612 register finished
2022-06-10 09:54:54.105 [Thread-30] INFO  c.a.cloud.nacos.registry.NacosServiceRegistry - De-registering from Nacos Server now...
2022-06-10 09:54:54.110 [Thread-30] INFO  c.a.cloud.nacos.registry.NacosServiceRegistry - De-registration finished.
2022-06-10 09:55:08.772 [restartedMain] INFO  o.s.b.d.env.DevToolsPropertyDefaultsPostProcessor - Devtools property defaults active! Set 'spring.devtools.add-properties' to 'false' to disable
2022-06-10 09:55:08.952 [restartedMain] INFO  o.s.c.s.PostProcessorRegistrationDelegate$BeanPostProcessorChecker - Bean 'org.springframework.cloud.autoconfigure.ConfigurationPropertiesRebinderAutoConfiguration' of type [org.springframework.cloud.autoconfigure.ConfigurationPropertiesRebinderAutoConfiguration$$EnhancerBySpringCGLIB$$852329a6] is not eligible for getting processed by all BeanPostProcessors (for example: not eligible for auto-proxying)
2022-06-10 09:55:09.126 [restartedMain] INFO  c.a.cloud.nacos.client.NacosPropertySourceBuilder - Loading nacos data, dataId: 'hc-openway-ms.yaml', group: 'DEFAULT_GROUP'
2022-06-10 09:55:09.135 [restartedMain] INFO  o.s.c.b.c.PropertySourceBootstrapConfiguration - Located property source: CompositePropertySource {name='NACOS', propertySources=[NacosPropertySource {name='hc-openway-ms-dev.yaml'}, NacosPropertySource {name='hc-openway-ms.yaml'}]}
2022-06-10 09:55:09.611 [restartedMain] WARN  o.springframework.boot.actuate.endpoint.EndpointId - Endpoint ID 'nacos-config' contains invalid characters, please migrate to a valid format.
2022-06-10 09:55:09.613 [restartedMain] WARN  o.springframework.boot.actuate.endpoint.EndpointId - Endpoint ID 'nacos-discovery' contains invalid characters, please migrate to a valid format.
2022-06-10 09:55:09.747 [restartedMain] WARN  o.springframework.boot.actuate.endpoint.EndpointId - Endpoint ID 'service-registry' contains invalid characters, please migrate to a valid format.
2022-06-10 09:55:09.866 [restartedMain] INFO  o.springframework.cloud.context.scope.GenericScope - BeanFactory id=4b82b837-ca28-3b6d-8d6f-cd80c4d7825f
2022-06-10 09:55:09.925 [restartedMain] INFO  o.s.c.s.PostProcessorRegistrationDelegate$BeanPostProcessorChecker - Bean 'org.springframework.cloud.autoconfigure.ConfigurationPropertiesRebinderAutoConfiguration' of type [org.springframework.cloud.autoconfigure.ConfigurationPropertiesRebinderAutoConfiguration$$EnhancerBySpringCGLIB$$852329a6] is not eligible for getting processed by all BeanPostProcessors (for example: not eligible for auto-proxying)
2022-06-10 09:55:10.242 [restartedMain] WARN  com.netflix.config.sources.URLConfigurationSource - No URLs will be polled as dynamic configuration sources.
2022-06-10 09:55:10.242 [restartedMain] INFO  com.netflix.config.sources.URLConfigurationSource - To enable URLs as dynamic configuration sources, define System property archaius.configurationSource.additionalUrls or make config.properties available on classpath.
2022-06-10 09:55:10.246 [restartedMain] WARN  com.netflix.config.sources.URLConfigurationSource - No URLs will be polled as dynamic configuration sources.
2022-06-10 09:55:10.246 [restartedMain] INFO  com.netflix.config.sources.URLConfigurationSource - To enable URLs as dynamic configuration sources, define System property archaius.configurationSource.additionalUrls or make config.properties available on classpath.
2022-06-10 09:55:10.658 [restartedMain] INFO  o.s.c.gateway.route.RouteDefinitionRouteLocator - Loaded RoutePredicateFactory [After]
2022-06-10 09:55:10.658 [restartedMain] INFO  o.s.c.gateway.route.RouteDefinitionRouteLocator - Loaded RoutePredicateFactory [Before]
2022-06-10 09:55:10.658 [restartedMain] INFO  o.s.c.gateway.route.RouteDefinitionRouteLocator - Loaded RoutePredicateFactory [Between]
2022-06-10 09:55:10.658 [restartedMain] INFO  o.s.c.gateway.route.RouteDefinitionRouteLocator - Loaded RoutePredicateFactory [Cookie]
2022-06-10 09:55:10.658 [restartedMain] INFO  o.s.c.gateway.route.RouteDefinitionRouteLocator - Loaded RoutePredicateFactory [Header]
2022-06-10 09:55:10.658 [restartedMain] INFO  o.s.c.gateway.route.RouteDefinitionRouteLocator - Loaded RoutePredicateFactory [Host]
2022-06-10 09:55:10.659 [restartedMain] INFO  o.s.c.gateway.route.RouteDefinitionRouteLocator - Loaded RoutePredicateFactory [Method]
2022-06-10 09:55:10.659 [restartedMain] INFO  o.s.c.gateway.route.RouteDefinitionRouteLocator - Loaded RoutePredicateFactory [Path]
2022-06-10 09:55:10.659 [restartedMain] INFO  o.s.c.gateway.route.RouteDefinitionRouteLocator - Loaded RoutePredicateFactory [Query]
2022-06-10 09:55:10.659 [restartedMain] INFO  o.s.c.gateway.route.RouteDefinitionRouteLocator - Loaded RoutePredicateFactory [ReadBodyPredicateFactory]
2022-06-10 09:55:10.659 [restartedMain] INFO  o.s.c.gateway.route.RouteDefinitionRouteLocator - Loaded RoutePredicateFactory [RemoteAddr]
2022-06-10 09:55:10.659 [restartedMain] INFO  o.s.c.gateway.route.RouteDefinitionRouteLocator - Loaded RoutePredicateFactory [Weight]
2022-06-10 09:55:10.659 [restartedMain] INFO  o.s.c.gateway.route.RouteDefinitionRouteLocator - Loaded RoutePredicateFactory [CloudFoundryRouteService]
2022-06-10 09:55:10.889 [restartedMain] INFO  o.s.b.actuate.endpoint.web.EndpointLinksResolver - Exposing 22 endpoint(s) beneath base path '/actuator'
2022-06-10 09:55:10.973 [restartedMain] INFO  o.s.scheduling.concurrent.ThreadPoolTaskScheduler - Initializing ExecutorService
2022-06-10 09:55:11.097 [restartedMain] WARN  o.s.b.d.autoconfigure.OptionalLiveReloadServer - Unable to start LiveReload server
2022-06-10 09:55:11.432 [restartedMain] INFO  o.s.boot.web.embedded.netty.NettyWebServer - Netty started on port(s): 10612
2022-06-10 09:55:11.471 [restartedMain] INFO  c.a.cloud.nacos.registry.NacosServiceRegistry - nacos registry, HC-OPENWAY-ms 172.16.4.2:10612 register finished
2022-06-10 12:46:55.114 [ThreadPoolTaskScheduler-1] ERROR c.a.cloud.nacos.discovery.NacosDiscoveryClient - get service name from nacos server fail,
java.lang.IllegalStateException: failed to req API:/nacos/v1/ns/service/list after all servers([172.16.10.204:8848]) tried: failed to req API:172.16.10.204:8848/nacos/v1/ns/service/list. code:500 msg: java.net.NoRouteToHostException: No route to host: connect
	at com.alibaba.nacos.client.naming.net.NamingProxy.reqAPI(NamingProxy.java:464)
	at com.alibaba.nacos.client.naming.net.NamingProxy.reqAPI(NamingProxy.java:430)
	at com.alibaba.nacos.client.naming.net.NamingProxy.reqAPI(NamingProxy.java:376)
	at com.alibaba.nacos.client.naming.net.NamingProxy.getServiceList(NamingProxy.java:358)
	at com.alibaba.nacos.client.naming.net.NamingProxy.getServiceList(NamingProxy.java:334)
	at com.alibaba.nacos.client.naming.NacosNamingService.getServicesOfServer(NacosNamingService.java:440)
	at com.alibaba.cloud.nacos.discovery.NacosDiscoveryClient.getServices(NacosDiscoveryClient.java:108)
	at org.springframework.cloud.client.discovery.composite.CompositeDiscoveryClient.getServices(CompositeDiscoveryClient.java:67)
	at org.springframework.cloud.gateway.discovery.DiscoveryClientRouteDefinitionLocator.getRouteDefinitions(DiscoveryClientRouteDefinitionLocator.java:96)
	at reactor.core.publisher.FluxFlatMap$FlatMapMain.onNext(FluxFlatMap.java:350)
	at reactor.core.publisher.FluxIterable$IterableSubscription.slowPath(FluxIterable.java:243)
	at reactor.core.publisher.FluxIterable$IterableSubscription.request(FluxIterable.java:201)
	at reactor.core.publisher.FluxFlatMap$FlatMapMain.onSubscribe(FluxFlatMap.java:335)
	at reactor.core.publisher.FluxIterable.subscribe(FluxIterable.java:139)
	at reactor.core.publisher.FluxIterable.subscribe(FluxIterable.java:63)
	at reactor.core.publisher.FluxFlatMap.subscribe(FluxFlatMap.java:97)
	at reactor.core.publisher.FluxOnAssembly.subscribe(FluxOnAssembly.java:122)
	at reactor.core.publisher.FluxMapFuseable.subscribe(FluxMapFuseable.java:63)
	at reactor.core.publisher.FluxOnAssembly.subscribe(FluxOnAssembly.java:122)
	at reactor.core.publisher.FluxMapFuseable.subscribe(FluxMapFuseable.java:63)
	at reactor.core.publisher.FluxOnAssembly.subscribe(FluxOnAssembly.java:122)
	at reactor.core.publisher.Flux.subscribe(Flux.java:7921)
	at reactor.core.publisher.FluxFlatMap$FlatMapMain.onNext(FluxFlatMap.java:389)
	at reactor.core.publisher.FluxIterable$IterableSubscription.slowPath(FluxIterable.java:243)
	at reactor.core.publisher.FluxIterable$IterableSubscription.request(FluxIterable.java:201)
	at reactor.core.publisher.FluxFlatMap$FlatMapMain.onSubscribe(FluxFlatMap.java:335)
	at reactor.core.publisher.FluxIterable.subscribe(FluxIterable.java:139)
	at reactor.core.publisher.FluxIterable.subscribe(FluxIterable.java:63)
	at reactor.core.publisher.FluxFlatMap.subscribe(FluxFlatMap.java:97)
	at reactor.core.publisher.FluxOnAssembly.subscribe(FluxOnAssembly.java:122)
	at reactor.core.publisher.MonoCollectList.subscribe(MonoCollectList.java:40)
	at reactor.core.publisher.MonoOnAssembly.subscribe(MonoOnAssembly.java:61)
	at reactor.core.publisher.MonoMapFuseable.subscribe(MonoMapFuseable.java:59)
	at reactor.core.publisher.MonoOnAssembly.subscribe(MonoOnAssembly.java:61)
	at reactor.core.publisher.MonoFlattenIterable.subscribe(MonoFlattenIterable.java:101)
	at reactor.core.publisher.FluxOnAssembly.subscribe(FluxOnAssembly.java:122)
	at reactor.core.publisher.FluxMaterialize.subscribe(FluxMaterialize.java:40)
	at reactor.core.publisher.FluxOnAssembly.subscribe(FluxOnAssembly.java:122)
	at reactor.core.publisher.MonoCollectList.subscribe(MonoCollectList.java:40)
	at reactor.core.publisher.MonoOnAssembly.subscribe(MonoOnAssembly.java:61)
	at reactor.core.publisher.MonoPeekFuseable.subscribe(MonoPeekFuseable.java:74)
	at reactor.core.publisher.MonoOnAssembly.subscribe(MonoOnAssembly.java:61)
	at reactor.core.publisher.MonoFlattenIterable.subscribe(MonoFlattenIterable.java:101)
	at reactor.core.publisher.FluxOnAssembly.subscribe(FluxOnAssembly.java:122)
	at reactor.core.publisher.FluxDematerialize.subscribe(FluxDematerialize.java:39)
	at reactor.core.publisher.FluxOnAssembly.subscribe(FluxOnAssembly.java:122)
	at reactor.core.publisher.FluxDefer.subscribe(FluxDefer.java:54)
	at reactor.core.publisher.Flux.subscribe(Flux.java:7921)
	at reactor.core.publisher.Flux.subscribeWith(Flux.java:8085)
	at reactor.core.publisher.Flux.subscribe(Flux.java:7914)
	at reactor.core.publisher.Flux.subscribe(Flux.java:7878)
	at reactor.core.publisher.Flux.subscribe(Flux.java:7796)
	at org.springframework.cloud.gateway.filter.WeightCalculatorWebFilter.lambda$onApplicationEvent$0(WeightCalculatorWebFilter.java:133)
	at org.springframework.beans.factory.ObjectProvider.ifAvailable(ObjectProvider.java:93)
	at org.springframework.cloud.gateway.filter.WeightCalculatorWebFilter.onApplicationEvent(WeightCalculatorWebFilter.java:133)
	at org.springframework.context.event.SimpleApplicationEventMulticaster.doInvokeListener(SimpleApplicationEventMulticaster.java:172)
	at org.springframework.context.event.SimpleApplicationEventMulticaster.invokeListener(SimpleApplicationEventMulticaster.java:165)
	at org.springframework.context.event.SimpleApplicationEventMulticaster.multicastEvent(SimpleApplicationEventMulticaster.java:139)
	at org.springframework.context.support.AbstractApplicationContext.publishEvent(AbstractApplicationContext.java:402)
	at org.springframework.context.support.AbstractApplicationContext.publishEvent(AbstractApplicationContext.java:359)
	at org.springframework.cloud.gateway.route.RouteRefreshListener.reset(RouteRefreshListener.java:68)
	at org.springframework.cloud.gateway.route.RouteRefreshListener.resetIfNeeded(RouteRefreshListener.java:63)
	at org.springframework.cloud.gateway.route.RouteRefreshListener.onApplicationEvent(RouteRefreshListener.java:57)
	at org.springframework.context.event.SimpleApplicationEventMulticaster.doInvokeListener(SimpleApplicationEventMulticaster.java:172)
	at org.springframework.context.event.SimpleApplicationEventMulticaster.invokeListener(SimpleApplicationEventMulticaster.java:165)
	at org.springframework.context.event.SimpleApplicationEventMulticaster.multicastEvent(SimpleApplicationEventMulticaster.java:139)
	at org.springframework.context.support.AbstractApplicationContext.publishEvent(AbstractApplicationContext.java:402)
	at org.springframework.context.support.AbstractApplicationContext.publishEvent(AbstractApplicationContext.java:359)
	at com.alibaba.cloud.nacos.discovery.NacosWatch.nacosServicesWatch(NacosWatch.java:120)
	at org.springframework.scheduling.support.DelegatingErrorHandlingRunnable.run(DelegatingErrorHandlingRunnable.java:54)
	at java.util.concurrent.Executors$RunnableAdapter.call(Executors.java:511)
	at java.util.concurrent.FutureTask.runAndReset$$$capture(FutureTask.java:308)
	at java.util.concurrent.FutureTask.runAndReset(FutureTask.java)
	at java.util.concurrent.ScheduledThreadPoolExecutor$ScheduledFutureTask.access$301(ScheduledThreadPoolExecutor.java:180)
	at java.util.concurrent.ScheduledThreadPoolExecutor$ScheduledFutureTask.run(ScheduledThreadPoolExecutor.java:294)
	at java.util.concurrent.ThreadPoolExecutor.runWorker(ThreadPoolExecutor.java:1142)
	at java.util.concurrent.ThreadPoolExecutor$Worker.run(ThreadPoolExecutor.java:617)
	at java.lang.Thread.run(Thread.java:748)
2022-06-10 13:36:11.499 [ThreadPoolTaskScheduler-1] ERROR c.a.cloud.nacos.discovery.NacosDiscoveryClient - get service name from nacos server fail,
java.lang.IllegalStateException: failed to req API:/nacos/v1/ns/service/list after all servers([172.16.10.204:8848]) tried: failed to req API:172.16.10.204:8848/nacos/v1/ns/service/list. code:500 msg: java.net.NoRouteToHostException: No route to host: connect
	at com.alibaba.nacos.client.naming.net.NamingProxy.reqAPI(NamingProxy.java:464)
	at com.alibaba.nacos.client.naming.net.NamingProxy.reqAPI(NamingProxy.java:430)
	at com.alibaba.nacos.client.naming.net.NamingProxy.reqAPI(NamingProxy.java:376)
	at com.alibaba.nacos.client.naming.net.NamingProxy.getServiceList(NamingProxy.java:358)
	at com.alibaba.nacos.client.naming.net.NamingProxy.getServiceList(NamingProxy.java:334)
	at com.alibaba.nacos.client.naming.NacosNamingService.getServicesOfServer(NacosNamingService.java:440)
	at com.alibaba.cloud.nacos.discovery.NacosDiscoveryClient.getServices(NacosDiscoveryClient.java:108)
	at org.springframework.cloud.client.discovery.composite.CompositeDiscoveryClient.getServices(CompositeDiscoveryClient.java:67)
	at org.springframework.cloud.gateway.discovery.DiscoveryClientRouteDefinitionLocator.getRouteDefinitions(DiscoveryClientRouteDefinitionLocator.java:96)
	at reactor.core.publisher.FluxFlatMap$FlatMapMain.onNext(FluxFlatMap.java:350)
	at reactor.core.publisher.FluxIterable$IterableSubscription.slowPath(FluxIterable.java:243)
	at reactor.core.publisher.FluxIterable$IterableSubscription.request(FluxIterable.java:201)
	at reactor.core.publisher.FluxFlatMap$FlatMapMain.onSubscribe(FluxFlatMap.java:335)
	at reactor.core.publisher.FluxIterable.subscribe(FluxIterable.java:139)
	at reactor.core.publisher.FluxIterable.subscribe(FluxIterable.java:63)
	at reactor.core.publisher.FluxFlatMap.subscribe(FluxFlatMap.java:97)
	at reactor.core.publisher.FluxOnAssembly.subscribe(FluxOnAssembly.java:122)
	at reactor.core.publisher.FluxMapFuseable.subscribe(FluxMapFuseable.java:63)
	at reactor.core.publisher.FluxOnAssembly.subscribe(FluxOnAssembly.java:122)
	at reactor.core.publisher.FluxMapFuseable.subscribe(FluxMapFuseable.java:63)
	at reactor.core.publisher.FluxOnAssembly.subscribe(FluxOnAssembly.java:122)
	at reactor.core.publisher.Flux.subscribe(Flux.java:7921)
	at reactor.core.publisher.FluxFlatMap$FlatMapMain.onNext(FluxFlatMap.java:389)
	at reactor.core.publisher.FluxIterable$IterableSubscription.slowPath(FluxIterable.java:243)
	at reactor.core.publisher.FluxIterable$IterableSubscription.request(FluxIterable.java:201)
	at reactor.core.publisher.FluxFlatMap$FlatMapMain.onSubscribe(FluxFlatMap.java:335)
	at reactor.core.publisher.FluxIterable.subscribe(FluxIterable.java:139)
	at reactor.core.publisher.FluxIterable.subscribe(FluxIterable.java:63)
	at reactor.core.publisher.FluxFlatMap.subscribe(FluxFlatMap.java:97)
	at reactor.core.publisher.FluxOnAssembly.subscribe(FluxOnAssembly.java:122)
	at reactor.core.publisher.MonoCollectList.subscribe(MonoCollectList.java:40)
	at reactor.core.publisher.MonoOnAssembly.subscribe(MonoOnAssembly.java:61)
	at reactor.core.publisher.MonoMapFuseable.subscribe(MonoMapFuseable.java:59)
	at reactor.core.publisher.MonoOnAssembly.subscribe(MonoOnAssembly.java:61)
	at reactor.core.publisher.MonoFlattenIterable.subscribe(MonoFlattenIterable.java:101)
	at reactor.core.publisher.FluxOnAssembly.subscribe(FluxOnAssembly.java:122)
	at reactor.core.publisher.FluxMaterialize.subscribe(FluxMaterialize.java:40)
	at reactor.core.publisher.FluxOnAssembly.subscribe(FluxOnAssembly.java:122)
	at reactor.core.publisher.MonoCollectList.subscribe(MonoCollectList.java:40)
	at reactor.core.publisher.MonoOnAssembly.subscribe(MonoOnAssembly.java:61)
	at reactor.core.publisher.MonoPeekFuseable.subscribe(MonoPeekFuseable.java:74)
	at reactor.core.publisher.MonoOnAssembly.subscribe(MonoOnAssembly.java:61)
	at reactor.core.publisher.MonoFlattenIterable.subscribe(MonoFlattenIterable.java:101)
	at reactor.core.publisher.FluxOnAssembly.subscribe(FluxOnAssembly.java:122)
	at reactor.core.publisher.FluxDematerialize.subscribe(FluxDematerialize.java:39)
	at reactor.core.publisher.FluxOnAssembly.subscribe(FluxOnAssembly.java:122)
	at reactor.core.publisher.FluxDefer.subscribe(FluxDefer.java:54)
	at reactor.core.publisher.Flux.subscribe(Flux.java:7921)
	at reactor.core.publisher.Flux.subscribeWith(Flux.java:8085)
	at reactor.core.publisher.Flux.subscribe(Flux.java:7914)
	at reactor.core.publisher.Flux.subscribe(Flux.java:7878)
	at reactor.core.publisher.Flux.subscribe(Flux.java:7796)
	at org.springframework.cloud.gateway.filter.WeightCalculatorWebFilter.lambda$onApplicationEvent$0(WeightCalculatorWebFilter.java:133)
	at org.springframework.beans.factory.ObjectProvider.ifAvailable(ObjectProvider.java:93)
	at org.springframework.cloud.gateway.filter.WeightCalculatorWebFilter.onApplicationEvent(WeightCalculatorWebFilter.java:133)
	at org.springframework.context.event.SimpleApplicationEventMulticaster.doInvokeListener(SimpleApplicationEventMulticaster.java:172)
	at org.springframework.context.event.SimpleApplicationEventMulticaster.invokeListener(SimpleApplicationEventMulticaster.java:165)
	at org.springframework.context.event.SimpleApplicationEventMulticaster.multicastEvent(SimpleApplicationEventMulticaster.java:139)
	at org.springframework.context.support.AbstractApplicationContext.publishEvent(AbstractApplicationContext.java:402)
	at org.springframework.context.support.AbstractApplicationContext.publishEvent(AbstractApplicationContext.java:359)
	at org.springframework.cloud.gateway.route.RouteRefreshListener.reset(RouteRefreshListener.java:68)
	at org.springframework.cloud.gateway.route.RouteRefreshListener.resetIfNeeded(RouteRefreshListener.java:63)
	at org.springframework.cloud.gateway.route.RouteRefreshListener.onApplicationEvent(RouteRefreshListener.java:57)
	at org.springframework.context.event.SimpleApplicationEventMulticaster.doInvokeListener(SimpleApplicationEventMulticaster.java:172)
	at org.springframework.context.event.SimpleApplicationEventMulticaster.invokeListener(SimpleApplicationEventMulticaster.java:165)
	at org.springframework.context.event.SimpleApplicationEventMulticaster.multicastEvent(SimpleApplicationEventMulticaster.java:139)
	at org.springframework.context.support.AbstractApplicationContext.publishEvent(AbstractApplicationContext.java:402)
	at org.springframework.context.support.AbstractApplicationContext.publishEvent(AbstractApplicationContext.java:359)
	at com.alibaba.cloud.nacos.discovery.NacosWatch.nacosServicesWatch(NacosWatch.java:120)
	at org.springframework.scheduling.support.DelegatingErrorHandlingRunnable.run(DelegatingErrorHandlingRunnable.java:54)
	at java.util.concurrent.Executors$RunnableAdapter.call(Executors.java:511)
	at java.util.concurrent.FutureTask.runAndReset$$$capture(FutureTask.java:308)
	at java.util.concurrent.FutureTask.runAndReset(FutureTask.java)
	at java.util.concurrent.ScheduledThreadPoolExecutor$ScheduledFutureTask.access$301(ScheduledThreadPoolExecutor.java:180)
	at java.util.concurrent.ScheduledThreadPoolExecutor$ScheduledFutureTask.run(ScheduledThreadPoolExecutor.java:294)
	at java.util.concurrent.ThreadPoolExecutor.runWorker(ThreadPoolExecutor.java:1142)
	at java.util.concurrent.ThreadPoolExecutor$Worker.run(ThreadPoolExecutor.java:617)
	at java.lang.Thread.run(Thread.java:748)
2022-06-10 16:58:03.645 [ThreadPoolTaskScheduler-1] ERROR c.a.cloud.nacos.discovery.NacosDiscoveryClient - get service name from nacos server fail,
java.lang.IllegalStateException: failed to req API:/nacos/v1/ns/service/list after all servers([172.16.10.204:8848]) tried: failed to req API:172.16.10.204:8848/nacos/v1/ns/service/list. code:500 msg: java.net.SocketTimeoutException: connect timed out
	at com.alibaba.nacos.client.naming.net.NamingProxy.reqAPI(NamingProxy.java:464)
	at com.alibaba.nacos.client.naming.net.NamingProxy.reqAPI(NamingProxy.java:430)
	at com.alibaba.nacos.client.naming.net.NamingProxy.reqAPI(NamingProxy.java:376)
	at com.alibaba.nacos.client.naming.net.NamingProxy.getServiceList(NamingProxy.java:358)
	at com.alibaba.nacos.client.naming.net.NamingProxy.getServiceList(NamingProxy.java:334)
	at com.alibaba.nacos.client.naming.NacosNamingService.getServicesOfServer(NacosNamingService.java:440)
	at com.alibaba.cloud.nacos.discovery.NacosDiscoveryClient.getServices(NacosDiscoveryClient.java:108)
	at org.springframework.cloud.client.discovery.composite.CompositeDiscoveryClient.getServices(CompositeDiscoveryClient.java:67)
	at org.springframework.cloud.gateway.discovery.DiscoveryClientRouteDefinitionLocator.getRouteDefinitions(DiscoveryClientRouteDefinitionLocator.java:96)
	at reactor.core.publisher.FluxFlatMap$FlatMapMain.onNext(FluxFlatMap.java:350)
	at reactor.core.publisher.FluxIterable$IterableSubscription.slowPath(FluxIterable.java:243)
	at reactor.core.publisher.FluxIterable$IterableSubscription.request(FluxIterable.java:201)
	at reactor.core.publisher.FluxFlatMap$FlatMapMain.onSubscribe(FluxFlatMap.java:335)
	at reactor.core.publisher.FluxIterable.subscribe(FluxIterable.java:139)
	at reactor.core.publisher.FluxIterable.subscribe(FluxIterable.java:63)
	at reactor.core.publisher.FluxFlatMap.subscribe(FluxFlatMap.java:97)
	at reactor.core.publisher.FluxOnAssembly.subscribe(FluxOnAssembly.java:122)
	at reactor.core.publisher.FluxMapFuseable.subscribe(FluxMapFuseable.java:63)
	at reactor.core.publisher.FluxOnAssembly.subscribe(FluxOnAssembly.java:122)
	at reactor.core.publisher.FluxMapFuseable.subscribe(FluxMapFuseable.java:63)
	at reactor.core.publisher.FluxOnAssembly.subscribe(FluxOnAssembly.java:122)
	at reactor.core.publisher.Flux.subscribe(Flux.java:7921)
	at reactor.core.publisher.FluxFlatMap$FlatMapMain.onNext(FluxFlatMap.java:389)
	at reactor.core.publisher.FluxIterable$IterableSubscription.slowPath(FluxIterable.java:243)
	at reactor.core.publisher.FluxIterable$IterableSubscription.request(FluxIterable.java:201)
	at reactor.core.publisher.FluxFlatMap$FlatMapMain.onSubscribe(FluxFlatMap.java:335)
	at reactor.core.publisher.FluxIterable.subscribe(FluxIterable.java:139)
	at reactor.core.publisher.FluxIterable.subscribe(FluxIterable.java:63)
	at reactor.core.publisher.FluxFlatMap.subscribe(FluxFlatMap.java:97)
	at reactor.core.publisher.FluxOnAssembly.subscribe(FluxOnAssembly.java:122)
	at reactor.core.publisher.MonoCollectList.subscribe(MonoCollectList.java:40)
	at reactor.core.publisher.MonoOnAssembly.subscribe(MonoOnAssembly.java:61)
	at reactor.core.publisher.MonoMapFuseable.subscribe(MonoMapFuseable.java:59)
	at reactor.core.publisher.MonoOnAssembly.subscribe(MonoOnAssembly.java:61)
	at reactor.core.publisher.MonoFlattenIterable.subscribe(MonoFlattenIterable.java:101)
	at reactor.core.publisher.FluxOnAssembly.subscribe(FluxOnAssembly.java:122)
	at reactor.core.publisher.FluxMaterialize.subscribe(FluxMaterialize.java:40)
	at reactor.core.publisher.FluxOnAssembly.subscribe(FluxOnAssembly.java:122)
	at reactor.core.publisher.MonoCollectList.subscribe(MonoCollectList.java:40)
	at reactor.core.publisher.MonoOnAssembly.subscribe(MonoOnAssembly.java:61)
	at reactor.core.publisher.MonoPeekFuseable.subscribe(MonoPeekFuseable.java:74)
	at reactor.core.publisher.MonoOnAssembly.subscribe(MonoOnAssembly.java:61)
	at reactor.core.publisher.MonoFlattenIterable.subscribe(MonoFlattenIterable.java:101)
	at reactor.core.publisher.FluxOnAssembly.subscribe(FluxOnAssembly.java:122)
	at reactor.core.publisher.FluxDematerialize.subscribe(FluxDematerialize.java:39)
	at reactor.core.publisher.FluxOnAssembly.subscribe(FluxOnAssembly.java:122)
	at reactor.core.publisher.FluxDefer.subscribe(FluxDefer.java:54)
	at reactor.core.publisher.Flux.subscribe(Flux.java:7921)
	at reactor.core.publisher.Flux.subscribeWith(Flux.java:8085)
	at reactor.core.publisher.Flux.subscribe(Flux.java:7914)
	at reactor.core.publisher.Flux.subscribe(Flux.java:7878)
	at reactor.core.publisher.Flux.subscribe(Flux.java:7796)
	at org.springframework.cloud.gateway.filter.WeightCalculatorWebFilter.lambda$onApplicationEvent$0(WeightCalculatorWebFilter.java:133)
	at org.springframework.beans.factory.ObjectProvider.ifAvailable(ObjectProvider.java:93)
	at org.springframework.cloud.gateway.filter.WeightCalculatorWebFilter.onApplicationEvent(WeightCalculatorWebFilter.java:133)
	at org.springframework.context.event.SimpleApplicationEventMulticaster.doInvokeListener(SimpleApplicationEventMulticaster.java:172)
	at org.springframework.context.event.SimpleApplicationEventMulticaster.invokeListener(SimpleApplicationEventMulticaster.java:165)
	at org.springframework.context.event.SimpleApplicationEventMulticaster.multicastEvent(SimpleApplicationEventMulticaster.java:139)
	at org.springframework.context.support.AbstractApplicationContext.publishEvent(AbstractApplicationContext.java:402)
	at org.springframework.context.support.AbstractApplicationContext.publishEvent(AbstractApplicationContext.java:359)
	at org.springframework.cloud.gateway.route.RouteRefreshListener.reset(RouteRefreshListener.java:68)
	at org.springframework.cloud.gateway.route.RouteRefreshListener.resetIfNeeded(RouteRefreshListener.java:63)
	at org.springframework.cloud.gateway.route.RouteRefreshListener.onApplicationEvent(RouteRefreshListener.java:57)
	at org.springframework.context.event.SimpleApplicationEventMulticaster.doInvokeListener(SimpleApplicationEventMulticaster.java:172)
	at org.springframework.context.event.SimpleApplicationEventMulticaster.invokeListener(SimpleApplicationEventMulticaster.java:165)
	at org.springframework.context.event.SimpleApplicationEventMulticaster.multicastEvent(SimpleApplicationEventMulticaster.java:139)
	at org.springframework.context.support.AbstractApplicationContext.publishEvent(AbstractApplicationContext.java:402)
	at org.springframework.context.support.AbstractApplicationContext.publishEvent(AbstractApplicationContext.java:359)
	at com.alibaba.cloud.nacos.discovery.NacosWatch.nacosServicesWatch(NacosWatch.java:120)
	at org.springframework.scheduling.support.DelegatingErrorHandlingRunnable.run(DelegatingErrorHandlingRunnable.java:54)
	at java.util.concurrent.Executors$RunnableAdapter.call(Executors.java:511)
	at java.util.concurrent.FutureTask.runAndReset$$$capture(FutureTask.java:308)
	at java.util.concurrent.FutureTask.runAndReset(FutureTask.java)
	at java.util.concurrent.ScheduledThreadPoolExecutor$ScheduledFutureTask.access$301(ScheduledThreadPoolExecutor.java:180)
	at java.util.concurrent.ScheduledThreadPoolExecutor$ScheduledFutureTask.run(ScheduledThreadPoolExecutor.java:294)
	at java.util.concurrent.ThreadPoolExecutor.runWorker(ThreadPoolExecutor.java:1142)
	at java.util.concurrent.ThreadPoolExecutor$Worker.run(ThreadPoolExecutor.java:617)
	at java.lang.Thread.run(Thread.java:748)
2022-06-10 17:18:16.932 [Thread-29] INFO  c.a.cloud.nacos.registry.NacosServiceRegistry - De-registering from Nacos Server now...
2022-06-10 17:18:16.935 [Thread-29] INFO  c.a.cloud.nacos.registry.NacosServiceRegistry - De-registration finished.
